{
  "stats": {
    "suites": 4,
    "tests": 17,
    "passes": 17,
    "pending": 0,
    "failures": 0,
    "start": "2022-11-07T06:35:44.729Z",
    "end": "2022-11-07T06:41:47.135Z",
    "duration": 362406,
    "testsRegistered": 17,
    "passPercent": 100,
    "pendingPercent": 0,
    "other": 0,
    "hasOther": false,
    "skipped": 0,
    "hasSkipped": false
  },
  "results": [
    {
      "uuid": "eb1e5f2b-506f-4e08-85fc-12d7345baf43",
      "title": "",
      "fullFile": "cypress\\e2e\\index.cy.js",
      "file": "cypress\\e2e\\index.cy.js",
      "beforeHooks": [],
      "afterHooks": [],
      "tests": [],
      "suites": [
        {
          "uuid": "21949d31-3daa-40bf-ac6b-9c38e24f3ffa",
          "title": "官網測試",
          "fullFile": "",
          "file": "",
          "beforeHooks": [],
          "afterHooks": [],
          "tests": [],
          "suites": [
            {
              "uuid": "839b2da5-c2e5-4903-96fb-4ebacc60e8e0",
              "title": "Top bar",
              "fullFile": "",
              "file": "",
              "beforeHooks": [],
              "afterHooks": [],
              "tests": [
                {
                  "title": "TM Icon",
                  "fullTitle": "官網測試 Top bar TM Icon",
                  "timedOut": null,
                  "duration": 28852,
                  "state": "passed",
                  "speed": "slow",
                  "pass": true,
                  "fail": false,
                  "pending": false,
                  "context": null,
                  "code": "cy.get(_userControl.default['TM_icon']).click();\ncy.url().should('eq', 'https://www.tm-robot.com/en/');",
                  "err": {},
                  "uuid": "0745d79b-0762-437b-bb18-e225f28c986c",
                  "parentUUID": "839b2da5-c2e5-4903-96fb-4ebacc60e8e0",
                  "isHook": false,
                  "skipped": false
                },
                {
                  "title": "Login",
                  "fullTitle": "官網測試 Top bar Login",
                  "timedOut": null,
                  "duration": 11518,
                  "state": "passed",
                  "speed": "slow",
                  "pass": true,
                  "fail": false,
                  "pending": false,
                  "context": null,
                  "code": "cy.get(_userControl.default['Login']).click();\ncy.url().should('eq', 'https://www.tm-robot.com/en/login/');",
                  "err": {},
                  "uuid": "c9df2f66-581e-4a3f-aca9-fc56b33bb2cf",
                  "parentUUID": "839b2da5-c2e5-4903-96fb-4ebacc60e8e0",
                  "isHook": false,
                  "skipped": false
                }
              ],
              "suites": [],
              "passes": [
                "0745d79b-0762-437b-bb18-e225f28c986c",
                "c9df2f66-581e-4a3f-aca9-fc56b33bb2cf"
              ],
              "failures": [],
              "pending": [],
              "skipped": [],
              "duration": 40370,
              "root": false,
              "rootEmpty": false,
              "_timeout": 2000
            },
            {
              "uuid": "ca1dd9ea-66af-4e36-bb8a-ddef5e0f7527",
              "title": "Menu bar",
              "fullFile": "",
              "file": "",
              "beforeHooks": [],
              "afterHooks": [],
              "tests": [
                {
                  "title": "AI Cobot [TMRobot、TMvision、Accessories & Software]",
                  "fullTitle": "官網測試 Menu bar AI Cobot [TMRobot、TMvision、Accessories & Software]",
                  "timedOut": null,
                  "duration": 78218,
                  "state": "passed",
                  "speed": "slow",
                  "pass": true,
                  "fail": false,
                  "pending": false,
                  "context": null,
                  "code": "cy.get(_userControl.default['AI_cobot']).click();\ncy.get(_userControl.default['700']).click();\ncy.url().should('eq', 'https://www.tm-robot.com/en/tm5-700/');\ncy.get(_userControl.default['AI_cobot']).click();\ncy.get(_userControl.default['900']).click();\ncy.url().should('eq', 'https://www.tm-robot.com/en/tm5-900/');\ncy.get(_userControl.default['AI_cobot']).click();\ncy.get(_userControl.default['12']).click();\ncy.url().should('eq', 'https://www.tm-robot.com/en/tm12/');\ncy.get(_userControl.default['AI_cobot']).click();\ncy.get(_userControl.default['14']).click();\ncy.url().should('eq', 'https://www.tm-robot.com/en/tm14/');\ncy.get(_userControl.default['AI_cobot']).click();\ncy.get(_userControl.default['16']).click();\ncy.url().should('eq', 'https://www.tm-robot.com/en/tm16/');\ncy.get(_userControl.default['AI_cobot']).click();\ncy.get(_userControl.default['20']).click();\ncy.url().should('eq', 'https://www.tm-robot.com/en/tm20/');\ncy.get(_userControl.default['AI_cobot']).click();\ncy.get(_userControl.default['Mobile']).click();\ncy.url().should('eq', 'https://www.tm-robot.com/en/mobile-series/');\ncy.get(_userControl.default['AI_cobot']).click();\ncy.get(_userControl.default['vAOI']).click();\ncy.url().should('eq', 'https://www.tm-robot.com/en/tm-ai-aoi-edge/');\ncy.get(_userControl.default['AI_cobot']).click();\ncy.get(_userControl.default['3D']).click();\ncy.url().should('eq', 'https://www.tm-robot.com/en/tm-3dvision/');\ncy.get(_userControl.default['AI_cobot']).click();\ncy.get(_userControl.default['Add-on']).click();\ncy.url().should('eq', 'https://www.tm-robot.com/en/tm-add-on/');\ncy.get(_userControl.default['AI_cobot']).click();\ncy.get(_userControl.default['Accessories']).click();\ncy.url().should('eq', 'https://www.tm-robot.com/en/accessories-category/accessory-device/');",
                  "err": {},
                  "uuid": "2d8c39af-5695-4701-aefe-94234fc26b29",
                  "parentUUID": "ca1dd9ea-66af-4e36-bb8a-ddef5e0f7527",
                  "isHook": false,
                  "skipped": false
                },
                {
                  "title": "Solution & Services [AI、Integration Service、Partner Service]",
                  "fullTitle": "官網測試 Menu bar Solution & Services [AI、Integration Service、Partner Service]",
                  "timedOut": null,
                  "duration": 21320,
                  "state": "passed",
                  "speed": "slow",
                  "pass": true,
                  "fail": false,
                  "pending": false,
                  "context": null,
                  "code": "cy.get(_userControl.default['Solution-Serices']).click();\ncy.get(_userControl.default['TrainingServer']).click();\ncy.url().should('eq', 'https://www.tm-robot.com/en/tm-ai-training-server/');\ncy.get(_userControl.default['Solution-Serices']).click();\ncy.get(_userControl.default['aAOI']).click();\ncy.url().should('eq', 'https://www.tm-robot.com/en/tm-ai-aoi-edge/');\ncy.get(_userControl.default['Solution-Serices']).click();\ncy.get(_userControl.default['Image']).click();\ncy.url().should('eq', 'https://www.tm-robot.com/en/tm-image-manager/');\ncy.get(_userControl.default['Solution-Serices']).click();\ncy.get(_userControl.default['Palletizing']).click();\ncy.url().should('eq', 'https://www.tm-robot.com/en/tm-palletizing-solutions/');\ncy.get(_userControl.default['Solution-Serices']).click();\ncy.get(_userControl.default['Plug&Play']).click();\ncy.url().should('eq', 'https://www.tm-robot.com/en/tm-plugandplay/');",
                  "err": {},
                  "uuid": "141427ca-b4a8-4243-b004-a1472e992772",
                  "parentUUID": "ca1dd9ea-66af-4e36-bb8a-ddef5e0f7527",
                  "isHook": false,
                  "skipped": false
                },
                {
                  "title": "Case Sharing",
                  "fullTitle": "官網測試 Menu bar Case Sharing",
                  "timedOut": null,
                  "duration": 15796,
                  "state": "passed",
                  "speed": "slow",
                  "pass": true,
                  "fail": false,
                  "pending": false,
                  "context": null,
                  "code": "cy.get(_userControl.default['Case-Sharing']).click();\ncy.get(_userControl.default['Application']).click();\ncy.url().should('eq', 'https://www.tm-robot.com/en/video-application/');\ncy.get(_userControl.default['Case-Sharing']).click();\ncy.get(_userControl.default['Industry']).click();\ncy.url().should('eq', 'https://www.tm-robot.com/en/industry/');\ncy.get(_userControl.default['Case-Sharing']).click();\ncy.get(_userControl.default['Successful']).click();\ncy.url().should('eq', 'https://www.tm-robot.com/en/view-case-study-look/');",
                  "err": {},
                  "uuid": "05bfda99-f678-41c6-b2fe-bdb607bdd534",
                  "parentUUID": "ca1dd9ea-66af-4e36-bb8a-ddef5e0f7527",
                  "isHook": false,
                  "skipped": false
                },
                {
                  "title": "Training & Support",
                  "fullTitle": "官網測試 Menu bar Training & Support",
                  "timedOut": null,
                  "duration": 43300,
                  "state": "passed",
                  "speed": "slow",
                  "pass": true,
                  "fail": false,
                  "pending": false,
                  "context": null,
                  "code": "cy.get(_userControl.default['Training-Support']).click();\ncy.get(_userControl.default['Academic']).click();\ncy.url().should('eq', 'https://www.tm-robot.com/en/tm-academic/');\ncy.get(_userControl.default['Training-Support']).click();\ncy.get(_userControl.default['OnlineTraining']).click();\ncy.url().should('eq', 'https://academic.tm-robot.com/');\ncy.visit('https://www.tm-robot.com/en/');\ncy.get(_userControl.default['Training-Support']).click();\ncy.get(_userControl.default['Contact']).click();\ncy.url().should('eq', 'https://www.tm-robot.com/en/contact-us/');\ncy.get(_userControl.default['Training-Support']).click();\ncy.get(_userControl.default['DownloadCenter']).click();\ncy.url().should('eq', 'https://www.tm-robot.com/en/download-center/');\ncy.get(_userControl.default['Training-Support']).click();\ncy.get(_userControl.default['TechnicalDocument']).click();\ncy.url().should('eq', 'https://www.tm-robot.com/en/docs/');\ncy.get(_userControl.default['Training-Support']).click();\ncy.get(_userControl.default['PartnerArea']).click();\ncy.url().should('eq', 'https://www.tm-robot.com/en/partner-login/');",
                  "err": {},
                  "uuid": "4457f276-0168-4160-acfd-0d9b747466df",
                  "parentUUID": "ca1dd9ea-66af-4e36-bb8a-ddef5e0f7527",
                  "isHook": false,
                  "skipped": false
                },
                {
                  "title": "About Us",
                  "fullTitle": "官網測試 Menu bar About Us",
                  "timedOut": null,
                  "duration": 49084,
                  "state": "passed",
                  "speed": "slow",
                  "pass": true,
                  "fail": false,
                  "pending": false,
                  "context": null,
                  "code": "cy.get(_userControl.default['About-Us']).click();\ncy.get(_userControl.default['AboutUs']).click();\ncy.url().should('eq', 'https://www.tm-robot.com/en/about-us/');\ncy.get(_userControl.default['About-Us']).click();\ncy.get(_userControl.default['CompanyProfile']).click();\ncy.url().should('eq', 'https://www.tm-robot.com/en/company-profile/');\ncy.get(_userControl.default['About-Us']).click();\ncy.get(_userControl.default['SearchForDistributor']).click();\ncy.url().should('eq', 'https://www.tm-robot.com/en/search-for-distributor/');\ncy.get(_userControl.default['About-Us']).click();\ncy.get(_userControl.default['News']).click();\ncy.url().should('eq', 'https://www.tm-robot.com/en/tm-news/');\ncy.get(_userControl.default['About-Us']).click();\ncy.get(_userControl.default['GlobalEvent']).click();\ncy.url().should('eq', 'https://www.tm-robot.com/events-archive/');\ncy.get(_userControl.default['About-Us']).click();\ncy.get(_userControl.default['OmronNetwork']).click();\ncy.url().should('eq', 'https://www.tm-robot.com/en/techman-x-omron/');",
                  "err": {},
                  "uuid": "1fe936e1-e22a-4ba4-9a02-f05f547d4eba",
                  "parentUUID": "ca1dd9ea-66af-4e36-bb8a-ddef5e0f7527",
                  "isHook": false,
                  "skipped": false
                }
              ],
              "suites": [],
              "passes": [
                "2d8c39af-5695-4701-aefe-94234fc26b29",
                "141427ca-b4a8-4243-b004-a1472e992772",
                "05bfda99-f678-41c6-b2fe-bdb607bdd534",
                "4457f276-0168-4160-acfd-0d9b747466df",
                "1fe936e1-e22a-4ba4-9a02-f05f547d4eba"
              ],
              "failures": [],
              "pending": [],
              "skipped": [],
              "duration": 207718,
              "root": false,
              "rootEmpty": false,
              "_timeout": 2000
            },
            {
              "uuid": "7f9e3df4-d374-4904-b965-2ce10d07ac67",
              "title": "Applications 循環圖片",
              "fullFile": "",
              "file": "",
              "beforeHooks": [],
              "afterHooks": [],
              "tests": [
                {
                  "title": "Food Packaging and Palletizing at Cheese Factory",
                  "fullTitle": "官網測試 Applications 循環圖片 Food Packaging and Palletizing at Cheese Factory",
                  "timedOut": null,
                  "duration": 8870,
                  "state": "passed",
                  "speed": "medium",
                  "pass": true,
                  "fail": false,
                  "pending": false,
                  "context": null,
                  "code": "cy.get(_userControl.default['AppTag1']).click();\ncy.url().should('eq', 'https://www.tm-robot.com/en/application-videoapp/food-packaging-and-palletizing-at-cheese-factory/');\nheader = \"Next\";",
                  "err": {},
                  "uuid": "c05e8b7d-d2b7-4431-abe8-1da9e7540376",
                  "parentUUID": "7f9e3df4-d374-4904-b965-2ce10d07ac67",
                  "isHook": false,
                  "skipped": false
                },
                {
                  "title": "TM Robot + AMR Application Example",
                  "fullTitle": "官網測試 Applications 循環圖片 TM Robot + AMR Application Example",
                  "timedOut": null,
                  "duration": 7235,
                  "state": "passed",
                  "speed": "medium",
                  "pass": true,
                  "fail": false,
                  "pending": false,
                  "context": null,
                  "code": "cy.get(_userControl.default['AppTag2']).click();\ncy.url().should('eq', 'https://www.tm-robot.com/en/application-videoapp/tm-robot-amr-application-example/');",
                  "err": {},
                  "uuid": "058c8ba4-acea-4c64-82b3-4aeefa77ab64",
                  "parentUUID": "7f9e3df4-d374-4904-b965-2ce10d07ac67",
                  "isHook": false,
                  "skipped": false
                },
                {
                  "title": "Factory Automation: PCB Assembly",
                  "fullTitle": "官網測試 Applications 循環圖片 Factory Automation: PCB Assembly",
                  "timedOut": null,
                  "duration": 6663,
                  "state": "passed",
                  "speed": "medium",
                  "pass": true,
                  "fail": false,
                  "pending": false,
                  "context": null,
                  "code": "cy.get(_userControl.default['IndexApplications_BNext']).click();\ncy.get(_userControl.default['AppTag2']).click();\ncy.url().should('eq', 'https://www.tm-robot.com/en/application-videoapp/factory-automation-pcb-assembly/');",
                  "err": {},
                  "uuid": "fd0121b3-d2a7-41f1-ac02-4c01b9af8100",
                  "parentUUID": "7f9e3df4-d374-4904-b965-2ce10d07ac67",
                  "isHook": false,
                  "skipped": false
                },
                {
                  "title": "Factory Automation: Automatic Screwing",
                  "fullTitle": "官網測試 Applications 循環圖片 Factory Automation: Automatic Screwing",
                  "timedOut": null,
                  "duration": 6413,
                  "state": "passed",
                  "speed": "medium",
                  "pass": true,
                  "fail": false,
                  "pending": false,
                  "context": null,
                  "code": "cy.get(_userControl.default['IndexApplications_BNext']).dblclick();\ncy.get(_userControl.default['AppTag2']).click();\ncy.url().should('eq', 'https://www.tm-robot.com/en/application-videoapp/factory-automation-automatic-screwing/');",
                  "err": {},
                  "uuid": "de655f4f-6348-46f7-8f96-392b58ad49a5",
                  "parentUUID": "7f9e3df4-d374-4904-b965-2ce10d07ac67",
                  "isHook": false,
                  "skipped": false
                },
                {
                  "title": "Automotive Component Assembly",
                  "fullTitle": "官網測試 Applications 循環圖片 Automotive Component Assembly",
                  "timedOut": null,
                  "duration": 5500,
                  "state": "passed",
                  "speed": "medium",
                  "pass": true,
                  "fail": false,
                  "pending": false,
                  "context": null,
                  "code": "cy.get(_userControl.default['IndexApplications_BNext']).dblclick();\ncy.get(_userControl.default['IndexApplications_BNext']).click();\ncy.get(_userControl.default['AppTag2']).click();\ncy.url().should('eq', 'https://www.tm-robot.com/en/application-videoapp/automotive-component-assembly/');",
                  "err": {},
                  "uuid": "970033b3-ba3a-43b7-879d-3f1d8a7c0001",
                  "parentUUID": "7f9e3df4-d374-4904-b965-2ce10d07ac67",
                  "isHook": false,
                  "skipped": false
                },
                {
                  "title": "TM Robot Frying French Fries",
                  "fullTitle": "官網測試 Applications 循環圖片 TM Robot Frying French Fries",
                  "timedOut": null,
                  "duration": 7600,
                  "state": "passed",
                  "speed": "medium",
                  "pass": true,
                  "fail": false,
                  "pending": false,
                  "context": null,
                  "code": "cy.get(_userControl.default['IndexApplications_BNext']).dblclick();\ncy.get(_userControl.default['IndexApplications_BNext']).dblclick();\ncy.get(_userControl.default['AppTag2']).click();\ncy.url().should('eq', 'https://www.tm-robot.com/en/application-videoapp/tm-robot-frying-french-fries/');",
                  "err": {},
                  "uuid": "99b4977f-6884-4ede-906f-6234d942f620",
                  "parentUUID": "7f9e3df4-d374-4904-b965-2ce10d07ac67",
                  "isHook": false,
                  "skipped": false
                },
                {
                  "title": "Cooking Takoyaki with TM Robot",
                  "fullTitle": "官網測試 Applications 循環圖片 Cooking Takoyaki with TM Robot",
                  "timedOut": null,
                  "duration": 7420,
                  "state": "passed",
                  "speed": "medium",
                  "pass": true,
                  "fail": false,
                  "pending": false,
                  "context": null,
                  "code": "cy.get(_userControl.default['IndexApplications_BNext']).dblclick();\ncy.get(_userControl.default['IndexApplications_BNext']).dblclick();\ncy.get(_userControl.default['IndexApplications_BNext']).click();\ncy.get(_userControl.default['AppTag2']).click();\ncy.url().should('eq', 'https://www.tm-robot.com/en/application-videoapp/cooking-takoyaki-with-tm-robot/');",
                  "err": {},
                  "uuid": "9f9a0f67-bdc8-4edb-b5db-2b43a99c7f84",
                  "parentUUID": "7f9e3df4-d374-4904-b965-2ce10d07ac67",
                  "isHook": false,
                  "skipped": false
                },
                {
                  "title": "Food Service and Restaurant Industry Application with TM Robot",
                  "fullTitle": "官網測試 Applications 循環圖片 Food Service and Restaurant Industry Application with TM Robot",
                  "timedOut": null,
                  "duration": 7617,
                  "state": "passed",
                  "speed": "medium",
                  "pass": true,
                  "fail": false,
                  "pending": false,
                  "context": null,
                  "code": "cy.get(_userControl.default['IndexApplications_BNext']).dblclick();\ncy.get(_userControl.default['IndexApplications_BNext']).dblclick();\ncy.get(_userControl.default['IndexApplications_BNext']).dblclick();\ncy.get(_userControl.default['AppTag2']).click();\ncy.url().should('eq', 'https://www.tm-robot.com/en/application-videoapp/food-service-and-restaurant-industry-application-with-tm-robot/');",
                  "err": {},
                  "uuid": "eb12479d-672e-475e-b182-5963f7d77e31",
                  "parentUUID": "7f9e3df4-d374-4904-b965-2ce10d07ac67",
                  "isHook": false,
                  "skipped": false
                },
                {
                  "title": "Metal Welding",
                  "fullTitle": "官網測試 Applications 循環圖片 Metal Welding",
                  "timedOut": null,
                  "duration": 21557,
                  "state": "passed",
                  "speed": "slow",
                  "pass": true,
                  "fail": false,
                  "pending": false,
                  "context": null,
                  "code": "cy.get(_userControl.default['IndexApplications_BNext']).dblclick();\ncy.get(_userControl.default['IndexApplications_BNext']).dblclick();\ncy.get(_userControl.default['IndexApplications_BNext']).dblclick();\ncy.get(_userControl.default['IndexApplications_BNext']).click();\ncy.get(_userControl.default['AppTag2']).click();\ncy.url().should('eq', 'https://www.tm-robot.com/en/application-videoapp/metal-welding/');",
                  "err": {},
                  "uuid": "56213745-f44e-4d07-a660-c2df528e1484",
                  "parentUUID": "7f9e3df4-d374-4904-b965-2ce10d07ac67",
                  "isHook": false,
                  "skipped": false
                },
                {
                  "title": "Screw Driving with Atlas Copco",
                  "fullTitle": "官網測試 Applications 循環圖片 Screw Driving with Atlas Copco",
                  "timedOut": null,
                  "duration": 31767,
                  "state": "passed",
                  "speed": "slow",
                  "pass": true,
                  "fail": false,
                  "pending": false,
                  "context": null,
                  "code": "cy.get(_userControl.default['IndexApplications_BNext']).dblclick();\ncy.get(_userControl.default['IndexApplications_BNext']).dblclick();\ncy.get(_userControl.default['IndexApplications_BNext']).dblclick();\ncy.get(_userControl.default['IndexApplications_BNext']).dblclick();\ncy.get(_userControl.default['AppTag2']).click();\ncy.url().should('eq', 'https://www.tm-robot.com/en/application-videoapp/screw-driving-with-atlas-copco/');",
                  "err": {},
                  "uuid": "6b0f476e-5168-4dda-a1ca-79fa66eba756",
                  "parentUUID": "7f9e3df4-d374-4904-b965-2ce10d07ac67",
                  "isHook": false,
                  "skipped": false
                }
              ],
              "suites": [],
              "passes": [
                "c05e8b7d-d2b7-4431-abe8-1da9e7540376",
                "058c8ba4-acea-4c64-82b3-4aeefa77ab64",
                "fd0121b3-d2a7-41f1-ac02-4c01b9af8100",
                "de655f4f-6348-46f7-8f96-392b58ad49a5",
                "970033b3-ba3a-43b7-879d-3f1d8a7c0001",
                "99b4977f-6884-4ede-906f-6234d942f620",
                "9f9a0f67-bdc8-4edb-b5db-2b43a99c7f84",
                "eb12479d-672e-475e-b182-5963f7d77e31",
                "56213745-f44e-4d07-a660-c2df528e1484",
                "6b0f476e-5168-4dda-a1ca-79fa66eba756"
              ],
              "failures": [],
              "pending": [],
              "skipped": [],
              "duration": 110642,
              "root": false,
              "rootEmpty": false,
              "_timeout": 2000
            }
          ],
          "passes": [],
          "failures": [],
          "pending": [],
          "skipped": [],
          "duration": 0,
          "root": false,
          "rootEmpty": false,
          "_timeout": 2000
        }
      ],
      "passes": [],
      "failures": [],
      "pending": [],
      "skipped": [],
      "duration": 0,
      "root": true,
      "rootEmpty": true,
      "_timeout": 2000
    }
  ],
  "meta": {
    "mocha": {
      "version": "7.0.1"
    },
    "mochawesome": {
      "options": {
        "quiet": false,
        "reportFilename": "mochawesome",
        "saveHtml": true,
        "saveJson": true,
        "consoleReporter": "spec",
        "useInlineDiffs": false,
        "code": true
      },
      "version": "7.1.3"
    },
    "marge": {
      "options": {
        "reportDir": "cypress/results",
        "overwrite": false,
        "html": true,
        "json": true,
        "xml": true
      },
      "version": "6.2.0"
    }
  }
}