{
  "stats": {
    "suites": 3,
    "tests": 2,
    "passes": 2,
    "pending": 0,
    "failures": 0,
    "start": "2022-11-21T04:08:03.822Z",
    "end": "2022-11-21T04:08:25.521Z",
    "duration": 21699,
    "testsRegistered": 2,
    "passPercent": 100,
    "pendingPercent": 0,
    "other": 0,
    "hasOther": false,
    "skipped": 0,
    "hasSkipped": false
  },
  "results": [
    {
      "uuid": "2d0c92bc-92bf-41cf-a7eb-50b9ad4320fa",
      "title": "",
      "fullFile": "cypress\\e2e\\index_zh.cy.js",
      "file": "cypress\\e2e\\index_zh.cy.js",
      "beforeHooks": [],
      "afterHooks": [],
      "tests": [],
      "suites": [
        {
          "uuid": "dbde6a50-759f-4d52-a4a7-7774a607ee3c",
          "title": "達明機器人官網 <語系:繁中> - 【首頁連結測試】",
          "fullFile": "",
          "file": "",
          "beforeHooks": [],
          "afterHooks": [],
          "tests": [],
          "suites": [
            {
              "uuid": "9fea7df3-9d6b-4d0b-b946-ef621a39e6d1",
              "title": "Footer",
              "fullFile": "",
              "file": "",
              "beforeHooks": [],
              "afterHooks": [],
              "tests": [],
              "suites": [
                {
                  "uuid": "efb795a6-24d5-4480-848c-6022c96d7738",
                  "title": "TM Icon & Privacy & Cookies Policy",
                  "fullFile": "",
                  "file": "",
                  "beforeHooks": [],
                  "afterHooks": [],
                  "tests": [
                    {
                      "title": "TM Icon",
                      "fullTitle": "達明機器人官網 <語系:繁中> - 【首頁連結測試】 Footer TM Icon & Privacy & Cookies Policy TM Icon",
                      "timedOut": null,
                      "duration": 12258,
                      "state": "passed",
                      "speed": "slow",
                      "pass": true,
                      "fail": false,
                      "pending": false,
                      "context": null,
                      "code": "cy.visit('https://www.tm-robot.com/zh-hant/');\ncy.get(_userControl.default['TM_icon_footer']).click({\n  multiple: true\n});\ncy.url().should('eq', 'https://www.tm-robot.com/zh-hant/');",
                      "err": {},
                      "uuid": "0d1c76ac-88be-4ce3-a42e-f0e7a27129ce",
                      "parentUUID": "efb795a6-24d5-4480-848c-6022c96d7738",
                      "isHook": false,
                      "skipped": false
                    },
                    {
                      "title": "Privacy & Cookies Policy",
                      "fullTitle": "達明機器人官網 <語系:繁中> - 【首頁連結測試】 Footer TM Icon & Privacy & Cookies Policy Privacy & Cookies Policy",
                      "timedOut": null,
                      "duration": 7222,
                      "state": "passed",
                      "speed": "medium",
                      "pass": true,
                      "fail": false,
                      "pending": false,
                      "context": null,
                      "code": "cy.visit('https://www.tm-robot.com/zh-hant/');\ncy.get('.elementor-heading-title > a').click();\ncy.url().should('eq', 'https://www.tm-robot.com/zh-hant/privacy-cookie-policy/');",
                      "err": {},
                      "uuid": "9198dbf8-4227-479b-b3d9-9a566c79e5f8",
                      "parentUUID": "efb795a6-24d5-4480-848c-6022c96d7738",
                      "isHook": false,
                      "skipped": false
                    }
                  ],
                  "suites": [],
                  "passes": [
                    "0d1c76ac-88be-4ce3-a42e-f0e7a27129ce",
                    "9198dbf8-4227-479b-b3d9-9a566c79e5f8"
                  ],
                  "failures": [],
                  "pending": [],
                  "skipped": [],
                  "duration": 19480,
                  "root": false,
                  "rootEmpty": false,
                  "_timeout": 2000
                }
              ],
              "passes": [],
              "failures": [],
              "pending": [],
              "skipped": [],
              "duration": 0,
              "root": false,
              "rootEmpty": false,
              "_timeout": 2000
            }
          ],
          "passes": [],
          "failures": [],
          "pending": [],
          "skipped": [],
          "duration": 0,
          "root": false,
          "rootEmpty": false,
          "_timeout": 2000
        }
      ],
      "passes": [],
      "failures": [],
      "pending": [],
      "skipped": [],
      "duration": 0,
      "root": true,
      "rootEmpty": true,
      "_timeout": 2000
    }
  ],
  "meta": {
    "mocha": {
      "version": "7.0.1"
    },
    "mochawesome": {
      "options": {
        "quiet": false,
        "reportFilename": "mochawesome",
        "saveHtml": true,
        "saveJson": true,
        "consoleReporter": "spec",
        "useInlineDiffs": false,
        "code": true
      },
      "version": "7.1.3"
    },
    "marge": {
      "options": {
        "reportDir": "cypress/results",
        "overwrite": false,
        "html": true,
        "json": true,
        "xml": true
      },
      "version": "6.2.0"
    }
  }
}