{
  "stats": {
    "suites": 10,
    "tests": 53,
    "passes": 49,
    "pending": 0,
    "failures": 4,
    "start": "2022-11-18T08:06:26.105Z",
    "end": "2022-11-18T08:13:00.614Z",
    "duration": 394509,
    "testsRegistered": 53,
    "passPercent": 92.45283018867924,
    "pendingPercent": 0,
    "other": 0,
    "hasOther": false,
    "skipped": 0,
    "hasSkipped": false
  },
  "results": [
    {
      "uuid": "b4686dd0-1a54-4f69-aad2-38e866510ae8",
      "title": "",
      "fullFile": "cypress\\e2e\\index_cn.cy.js",
      "file": "cypress\\e2e\\index_cn.cy.js",
      "beforeHooks": [],
      "afterHooks": [],
      "tests": [],
      "suites": [
        {
          "uuid": "294ed2bd-588e-456a-9f52-faee30f98a18",
          "title": "達明機器人官網 <語系:簡中> - 【首頁連結測試】",
          "fullFile": "",
          "file": "",
          "beforeHooks": [],
          "afterHooks": [],
          "tests": [],
          "suites": [
            {
              "uuid": "6b338179-cfed-4674-91e3-02d48b0ac099",
              "title": "Top bar",
              "fullFile": "",
              "file": "",
              "beforeHooks": [],
              "afterHooks": [],
              "tests": [
                {
                  "title": "TM Icon",
                  "fullTitle": "達明機器人官網 <語系:簡中> - 【首頁連結測試】 Top bar TM Icon",
                  "timedOut": null,
                  "duration": 9559,
                  "state": "passed",
                  "speed": "medium",
                  "pass": true,
                  "fail": false,
                  "pending": false,
                  "context": null,
                  "code": "cy.get(_userControl.default['TM_icon_header']).click();\ncy.url().should('eq', 'https://www.tm-robot.com.cn/zh-hans/');",
                  "err": {},
                  "uuid": "f5fb08e8-4d1d-4224-9fd0-e7f49ca67fa1",
                  "parentUUID": "6b338179-cfed-4674-91e3-02d48b0ac099",
                  "isHook": false,
                  "skipped": false
                },
                {
                  "title": "Login",
                  "fullTitle": "達明機器人官網 <語系:簡中> - 【首頁連結測試】 Top bar Login",
                  "timedOut": null,
                  "duration": 5811,
                  "state": "passed",
                  "speed": "medium",
                  "pass": true,
                  "fail": false,
                  "pending": false,
                  "context": null,
                  "code": "cy.get(_userControl.default['Login']).click();\ncy.url().should('eq', 'https://www.tm-robot.com.cn/zh-hans/login/');",
                  "err": {},
                  "uuid": "83d18a1a-9056-4f5c-8363-ec589341a3b1",
                  "parentUUID": "6b338179-cfed-4674-91e3-02d48b0ac099",
                  "isHook": false,
                  "skipped": false
                },
                {
                  "title": "Language changes",
                  "fullTitle": "達明機器人官網 <語系:簡中> - 【首頁連結測試】 Top bar Language changes",
                  "timedOut": null,
                  "duration": 18966,
                  "state": "passed",
                  "speed": "slow",
                  "pass": true,
                  "fail": false,
                  "pending": false,
                  "context": null,
                  "code": "cy.get(_userControl.default['en']).click({\n  force: true\n});\ncy.url().should('eq', 'https://www.tm-robot.com.cn/en/');\ncy.get(_userControl.default['zh_hant']).click({\n  force: true\n});\ncy.url().should('eq', 'https://www.tm-robot.com.cn/zh-hant/');\ncy.get(_userControl.default['de']).click({\n  force: true\n});\ncy.url().should('eq', 'https://www.tm-robot.com.cn/de/');\ncy.get(_userControl.default['ja']).click({\n  force: true\n});\ncy.url().should('eq', 'https://www.tm-robot.com.cn/ja/');\ncy.get(_userControl.default['ko']).click({\n  force: true\n});\ncy.url().should('eq', 'https://www.tm-robot.com.cn/ko/');\ncy.get(_userControl.default['zh_hans']).click({\n  force: true\n});\ncy.url().should('eq', 'https://www.tm-robot.com.cn/zh-hans/');",
                  "err": {},
                  "uuid": "5c7c5c4b-1e64-47b7-950b-dd88b1566253",
                  "parentUUID": "6b338179-cfed-4674-91e3-02d48b0ac099",
                  "isHook": false,
                  "skipped": false
                }
              ],
              "suites": [],
              "passes": [
                "f5fb08e8-4d1d-4224-9fd0-e7f49ca67fa1",
                "83d18a1a-9056-4f5c-8363-ec589341a3b1",
                "5c7c5c4b-1e64-47b7-950b-dd88b1566253"
              ],
              "failures": [],
              "pending": [],
              "skipped": [],
              "duration": 34336,
              "root": false,
              "rootEmpty": false,
              "_timeout": 2000
            },
            {
              "uuid": "a4ec5a07-0554-48ff-a45b-10cce73d2e5b",
              "title": "Menu bar",
              "fullFile": "",
              "file": "",
              "beforeHooks": [],
              "afterHooks": [],
              "tests": [],
              "suites": [
                {
                  "uuid": "1af05cd6-b8f8-4edd-a658-8675c369273a",
                  "title": "AI Cobot [TMRobot、TMvision、配件 & 软体]",
                  "fullFile": "",
                  "file": "",
                  "beforeHooks": [],
                  "afterHooks": [],
                  "tests": [
                    {
                      "title": "TM5-700",
                      "fullTitle": "達明機器人官網 <語系:簡中> - 【首頁連結測試】 Menu bar AI Cobot [TMRobot、TMvision、配件 & 软体] TM5-700",
                      "timedOut": null,
                      "duration": 6283,
                      "state": "passed",
                      "speed": "medium",
                      "pass": true,
                      "fail": false,
                      "pending": false,
                      "context": null,
                      "code": "cy.get(_userControl.default['700_cn']).click();\ncy.url().should('eq', 'https://www.tm-robot.com.cn/zh-hans/tm5-700/');",
                      "err": {},
                      "uuid": "e2a7f7f7-2676-4bdb-9e07-937851240ad6",
                      "parentUUID": "1af05cd6-b8f8-4edd-a658-8675c369273a",
                      "isHook": false,
                      "skipped": false
                    },
                    {
                      "title": "TM5-900",
                      "fullTitle": "達明機器人官網 <語系:簡中> - 【首頁連結測試】 Menu bar AI Cobot [TMRobot、TMvision、配件 & 软体] TM5-900",
                      "timedOut": null,
                      "duration": 7099,
                      "state": "passed",
                      "speed": "medium",
                      "pass": true,
                      "fail": false,
                      "pending": false,
                      "context": null,
                      "code": "cy.get(_userControl.default['900_cn']).click();\ncy.url().should('eq', 'https://www.tm-robot.com.cn/zh-hans/tm5-900/');",
                      "err": {},
                      "uuid": "355a456b-8677-4e36-a30e-0916666f3f3c",
                      "parentUUID": "1af05cd6-b8f8-4edd-a658-8675c369273a",
                      "isHook": false,
                      "skipped": false
                    },
                    {
                      "title": "TM12",
                      "fullTitle": "達明機器人官網 <語系:簡中> - 【首頁連結測試】 Menu bar AI Cobot [TMRobot、TMvision、配件 & 软体] TM12",
                      "timedOut": null,
                      "duration": 7924,
                      "state": "passed",
                      "speed": "medium",
                      "pass": true,
                      "fail": false,
                      "pending": false,
                      "context": null,
                      "code": "cy.get(_userControl.default['12_cn']).click();\ncy.url().should('eq', 'https://www.tm-robot.com.cn/zh-hans/tm12/');",
                      "err": {},
                      "uuid": "69d9249a-44f5-4f01-8891-18b4a0d9419c",
                      "parentUUID": "1af05cd6-b8f8-4edd-a658-8675c369273a",
                      "isHook": false,
                      "skipped": false
                    },
                    {
                      "title": "TM14",
                      "fullTitle": "達明機器人官網 <語系:簡中> - 【首頁連結測試】 Menu bar AI Cobot [TMRobot、TMvision、配件 & 软体] TM14",
                      "timedOut": null,
                      "duration": 7811,
                      "state": "passed",
                      "speed": "medium",
                      "pass": true,
                      "fail": false,
                      "pending": false,
                      "context": null,
                      "code": "cy.get(_userControl.default['14_cn']).click();\ncy.url().should('eq', 'https://www.tm-robot.com.cn/zh-hans/tm14/');",
                      "err": {},
                      "uuid": "babeff30-bad2-48cb-a0c8-ee987adc28e0",
                      "parentUUID": "1af05cd6-b8f8-4edd-a658-8675c369273a",
                      "isHook": false,
                      "skipped": false
                    },
                    {
                      "title": "TM16",
                      "fullTitle": "達明機器人官網 <語系:簡中> - 【首頁連結測試】 Menu bar AI Cobot [TMRobot、TMvision、配件 & 软体] TM16",
                      "timedOut": null,
                      "duration": 9261,
                      "state": "passed",
                      "speed": "medium",
                      "pass": true,
                      "fail": false,
                      "pending": false,
                      "context": null,
                      "code": "cy.get(_userControl.default['16_cn']).click();\ncy.url().should('eq', 'https://www.tm-robot.com.cn/zh-hans/tm16/');",
                      "err": {},
                      "uuid": "391e92ef-09cf-4425-9037-8db4db87e097",
                      "parentUUID": "1af05cd6-b8f8-4edd-a658-8675c369273a",
                      "isHook": false,
                      "skipped": false
                    },
                    {
                      "title": "TM20",
                      "fullTitle": "達明機器人官網 <語系:簡中> - 【首頁連結測試】 Menu bar AI Cobot [TMRobot、TMvision、配件 & 软体] TM20",
                      "timedOut": null,
                      "duration": 7171,
                      "state": "passed",
                      "speed": "medium",
                      "pass": true,
                      "fail": false,
                      "pending": false,
                      "context": null,
                      "code": "cy.get(_userControl.default['20_cn']).click();\ncy.url().should('eq', 'https://www.tm-robot.com.cn/zh-hans/tm20/');",
                      "err": {},
                      "uuid": "f7bd4654-843d-49d1-898c-172d0a1d282f",
                      "parentUUID": "1af05cd6-b8f8-4edd-a658-8675c369273a",
                      "isHook": false,
                      "skipped": false
                    },
                    {
                      "title": "移动式机器人版本",
                      "fullTitle": "達明機器人官網 <語系:簡中> - 【首頁連結測試】 Menu bar AI Cobot [TMRobot、TMvision、配件 & 软体] 移动式机器人版本",
                      "timedOut": null,
                      "duration": 5419,
                      "state": "passed",
                      "speed": "medium",
                      "pass": true,
                      "fail": false,
                      "pending": false,
                      "context": null,
                      "code": "cy.get(_userControl.default['Mobile_cn']).click();\ncy.url().should('eq', 'https://www.tm-robot.com.cn/zh-hans/mobile-series/');",
                      "err": {},
                      "uuid": "4c18e482-21c0-4876-89ed-6d8b0fabd01b",
                      "parentUUID": "1af05cd6-b8f8-4edd-a658-8675c369273a",
                      "isHook": false,
                      "skipped": false
                    },
                    {
                      "title": "达明AI+视觉检测软件",
                      "fullTitle": "達明機器人官網 <語系:簡中> - 【首頁連結測試】 Menu bar AI Cobot [TMRobot、TMvision、配件 & 软体] 达明AI+视觉检测软件",
                      "timedOut": null,
                      "duration": 6285,
                      "state": "passed",
                      "speed": "medium",
                      "pass": true,
                      "fail": false,
                      "pending": false,
                      "context": null,
                      "code": "cy.get(_userControl.default['vAOI_cn']).click();\ncy.url().should('eq', 'https://www.tm-robot.com.cn/zh-hans/tm-ai-aoi-edge/');",
                      "err": {},
                      "uuid": "b32b8703-970f-48bd-962a-c712fe109dba",
                      "parentUUID": "1af05cd6-b8f8-4edd-a658-8675c369273a",
                      "isHook": false,
                      "skipped": false
                    },
                    {
                      "title": "达明3D视觉",
                      "fullTitle": "達明機器人官網 <語系:簡中> - 【首頁連結測試】 Menu bar AI Cobot [TMRobot、TMvision、配件 & 软体] 达明3D视觉",
                      "timedOut": null,
                      "duration": 6558,
                      "state": "passed",
                      "speed": "medium",
                      "pass": true,
                      "fail": false,
                      "pending": false,
                      "context": null,
                      "code": "cy.get(_userControl.default['3D_cn']).click();\ncy.url().should('eq', 'https://www.tm-robot.com.cn/zh-hans/%e8%be%be%e6%98%8e3d%e8%a7%86%e8%a7%89/');",
                      "err": {},
                      "uuid": "768adffb-cf1e-42ca-963c-47faf8a3510c",
                      "parentUUID": "1af05cd6-b8f8-4edd-a658-8675c369273a",
                      "isHook": false,
                      "skipped": false
                    },
                    {
                      "title": "选配软件",
                      "fullTitle": "達明機器人官網 <語系:簡中> - 【首頁連結測試】 Menu bar AI Cobot [TMRobot、TMvision、配件 & 软体] 选配软件",
                      "timedOut": null,
                      "duration": 8295,
                      "state": "passed",
                      "speed": "medium",
                      "pass": true,
                      "fail": false,
                      "pending": false,
                      "context": null,
                      "code": "cy.get(_userControl.default['Add-on_cn']).click();\ncy.url().should('eq', 'https://www.tm-robot.com.cn/zh-hans/tm-add-on/');",
                      "err": {},
                      "uuid": "ef793eb9-7a3c-4151-835d-057af0f252ef",
                      "parentUUID": "1af05cd6-b8f8-4edd-a658-8675c369273a",
                      "isHook": false,
                      "skipped": false
                    },
                    {
                      "title": "扩充配件",
                      "fullTitle": "達明機器人官網 <語系:簡中> - 【首頁連結測試】 Menu bar AI Cobot [TMRobot、TMvision、配件 & 软体] 扩充配件",
                      "timedOut": null,
                      "duration": 6257,
                      "state": "passed",
                      "speed": "medium",
                      "pass": true,
                      "fail": false,
                      "pending": false,
                      "context": null,
                      "code": "cy.get(_userControl.default['Accessories_cn']).click();\ncy.url().should('eq', 'https://www.tm-robot.com.cn/zh-hans/accessories-category/accessory-device-zh-hans/');",
                      "err": {},
                      "uuid": "10bc3217-9ec2-41c5-b970-05cacd8dd1b1",
                      "parentUUID": "1af05cd6-b8f8-4edd-a658-8675c369273a",
                      "isHook": false,
                      "skipped": false
                    }
                  ],
                  "suites": [],
                  "passes": [
                    "e2a7f7f7-2676-4bdb-9e07-937851240ad6",
                    "355a456b-8677-4e36-a30e-0916666f3f3c",
                    "69d9249a-44f5-4f01-8891-18b4a0d9419c",
                    "babeff30-bad2-48cb-a0c8-ee987adc28e0",
                    "391e92ef-09cf-4425-9037-8db4db87e097",
                    "f7bd4654-843d-49d1-898c-172d0a1d282f",
                    "4c18e482-21c0-4876-89ed-6d8b0fabd01b",
                    "b32b8703-970f-48bd-962a-c712fe109dba",
                    "768adffb-cf1e-42ca-963c-47faf8a3510c",
                    "ef793eb9-7a3c-4151-835d-057af0f252ef",
                    "10bc3217-9ec2-41c5-b970-05cacd8dd1b1"
                  ],
                  "failures": [],
                  "pending": [],
                  "skipped": [],
                  "duration": 78363,
                  "root": false,
                  "rootEmpty": false,
                  "_timeout": 2000
                },
                {
                  "uuid": "5a550a4a-4019-43e3-96b5-af8d9d41a3f9",
                  "title": "解决方案与自动化服务 [AI、整合服务、合作伙伴服务]",
                  "fullFile": "",
                  "file": "",
                  "beforeHooks": [],
                  "afterHooks": [],
                  "tests": [
                    {
                      "title": "达明AI+训练服务器",
                      "fullTitle": "達明機器人官網 <語系:簡中> - 【首頁連結測試】 Menu bar 解决方案与自动化服务 [AI、整合服务、合作伙伴服务] 达明AI+训练服务器",
                      "timedOut": null,
                      "duration": 6343,
                      "state": "passed",
                      "speed": "medium",
                      "pass": true,
                      "fail": false,
                      "pending": false,
                      "context": null,
                      "code": "cy.get(_userControl.default['TrainingServer_cn']).click();\ncy.url().should('eq', 'https://www.tm-robot.com.cn/zh-hans/%e8%be%be%e6%98%8eai%e8%ae%ad%e7%bb%83%e6%9c%8d%e5%8a%a1%e5%99%a8/');",
                      "err": {},
                      "uuid": "957702ed-7a83-445d-b1ee-3f0aeb865442",
                      "parentUUID": "5a550a4a-4019-43e3-96b5-af8d9d41a3f9",
                      "isHook": false,
                      "skipped": false
                    },
                    {
                      "title": "达明AI+视觉检测软件",
                      "fullTitle": "達明機器人官網 <語系:簡中> - 【首頁連結測試】 Menu bar 解决方案与自动化服务 [AI、整合服务、合作伙伴服务] 达明AI+视觉检测软件",
                      "timedOut": null,
                      "duration": 5308,
                      "state": "passed",
                      "speed": "medium",
                      "pass": true,
                      "fail": false,
                      "pending": false,
                      "context": null,
                      "code": "cy.get(_userControl.default['aAOI_cn']).click();\ncy.url().should('eq', 'https://www.tm-robot.com.cn/zh-hans/tm-ai-aoi-edge/');",
                      "err": {},
                      "uuid": "6d8cd9c6-5c32-4476-bf06-42922cca2c56",
                      "parentUUID": "5a550a4a-4019-43e3-96b5-af8d9d41a3f9",
                      "isHook": false,
                      "skipped": false
                    },
                    {
                      "title": "达明图片管理系統",
                      "fullTitle": "達明機器人官網 <語系:簡中> - 【首頁連結測試】 Menu bar 解决方案与自动化服务 [AI、整合服务、合作伙伴服务] 达明图片管理系統",
                      "timedOut": null,
                      "duration": 6311,
                      "state": "passed",
                      "speed": "medium",
                      "pass": true,
                      "fail": false,
                      "pending": false,
                      "context": null,
                      "code": "cy.get(_userControl.default['Image_cn']).click();\ncy.url().should('eq', 'https://www.tm-robot.com.cn/zh-hans/%e8%be%be%e6%98%8e%e5%9b%be%e7%89%87%e7%ae%a1%e7%90%86%e7%b3%bb%e7%b5%b1/');",
                      "err": {},
                      "uuid": "eb33ef0e-232d-4747-871e-5a6e71025700",
                      "parentUUID": "5a550a4a-4019-43e3-96b5-af8d9d41a3f9",
                      "isHook": false,
                      "skipped": false
                    },
                    {
                      "title": "达明自动化码垛解决方案",
                      "fullTitle": "達明機器人官網 <語系:簡中> - 【首頁連結測試】 Menu bar 解决方案与自动化服务 [AI、整合服务、合作伙伴服务] 达明自动化码垛解决方案",
                      "timedOut": null,
                      "duration": 8162,
                      "state": "passed",
                      "speed": "medium",
                      "pass": true,
                      "fail": false,
                      "pending": false,
                      "context": null,
                      "code": "cy.get(_userControl.default['Palletizing_cn']).click();\ncy.url().should('eq', 'https://www.tm-robot.com.cn/zh-hans/tm-palletizing-solutions/');",
                      "err": {},
                      "uuid": "61d382c7-669b-4dd5-84ed-26f5311921d2",
                      "parentUUID": "5a550a4a-4019-43e3-96b5-af8d9d41a3f9",
                      "isHook": false,
                      "skipped": false
                    },
                    {
                      "title": "达明自动化服务",
                      "fullTitle": "達明機器人官網 <語系:簡中> - 【首頁連結測試】 Menu bar 解决方案与自动化服务 [AI、整合服务、合作伙伴服务] 达明自动化服务",
                      "timedOut": null,
                      "duration": 5726,
                      "state": "passed",
                      "speed": "medium",
                      "pass": true,
                      "fail": false,
                      "pending": false,
                      "context": null,
                      "code": "cy.get(_userControl.default['Automation_cn']).click();\ncy.url().should('eq', 'https://www.tm-robot.com.cn/zh-hans/tm-automation/');",
                      "err": {},
                      "uuid": "28949945-c7dc-404e-8eb2-13b107298d0c",
                      "parentUUID": "5a550a4a-4019-43e3-96b5-af8d9d41a3f9",
                      "isHook": false,
                      "skipped": false
                    },
                    {
                      "title": "达明即插即用配件",
                      "fullTitle": "達明機器人官網 <語系:簡中> - 【首頁連結測試】 Menu bar 解决方案与自动化服务 [AI、整合服务、合作伙伴服务] 达明即插即用配件",
                      "timedOut": null,
                      "duration": 6118,
                      "state": "passed",
                      "speed": "medium",
                      "pass": true,
                      "fail": false,
                      "pending": false,
                      "context": null,
                      "code": "cy.get(_userControl.default['Plug&Play_cn']).click();\ncy.url().should('eq', 'https://www.tm-robot.com.cn/zh-hans/tm-plugandplay/');",
                      "err": {},
                      "uuid": "c831019b-8b5d-4bae-ae1b-486b9761affd",
                      "parentUUID": "5a550a4a-4019-43e3-96b5-af8d9d41a3f9",
                      "isHook": false,
                      "skipped": false
                    }
                  ],
                  "suites": [],
                  "passes": [
                    "957702ed-7a83-445d-b1ee-3f0aeb865442",
                    "6d8cd9c6-5c32-4476-bf06-42922cca2c56",
                    "eb33ef0e-232d-4747-871e-5a6e71025700",
                    "61d382c7-669b-4dd5-84ed-26f5311921d2",
                    "28949945-c7dc-404e-8eb2-13b107298d0c",
                    "c831019b-8b5d-4bae-ae1b-486b9761affd"
                  ],
                  "failures": [],
                  "pending": [],
                  "skipped": [],
                  "duration": 37968,
                  "root": false,
                  "rootEmpty": false,
                  "_timeout": 2000
                },
                {
                  "uuid": "73767c0c-f01b-4ffd-b6fd-c7c18a9de8a2",
                  "title": "实例应用",
                  "fullFile": "",
                  "file": "",
                  "beforeHooks": [],
                  "afterHooks": [],
                  "tests": [
                    {
                      "title": "应用视频",
                      "fullTitle": "達明機器人官網 <語系:簡中> - 【首頁連結測試】 Menu bar 实例应用 应用视频",
                      "timedOut": null,
                      "duration": 5926,
                      "state": "passed",
                      "speed": "medium",
                      "pass": true,
                      "fail": false,
                      "pending": false,
                      "context": null,
                      "code": "cy.get(_userControl.default['Application_cn']).click();\ncy.url().should('eq', 'https://www.tm-robot.com.cn/zh-hans/video-application/');",
                      "err": {},
                      "uuid": "eabb13a6-49b8-45f0-b53b-bea9c1fc4c51",
                      "parentUUID": "73767c0c-f01b-4ffd-b6fd-c7c18a9de8a2",
                      "isHook": false,
                      "skipped": false
                    },
                    {
                      "title": "产业视频",
                      "fullTitle": "達明機器人官網 <語系:簡中> - 【首頁連結測試】 Menu bar 实例应用 产业视频",
                      "timedOut": null,
                      "duration": 5964,
                      "state": "passed",
                      "speed": "medium",
                      "pass": true,
                      "fail": false,
                      "pending": false,
                      "context": null,
                      "code": "cy.get(_userControl.default['Industry_cn']).click();\ncy.url().should('eq', 'https://www.tm-robot.com.cn/zh-hans/video-industry/');",
                      "err": {},
                      "uuid": "d099f941-1467-4b36-b896-2a210d407b32",
                      "parentUUID": "73767c0c-f01b-4ffd-b6fd-c7c18a9de8a2",
                      "isHook": false,
                      "skipped": false
                    },
                    {
                      "title": "成功案例",
                      "fullTitle": "達明機器人官網 <語系:簡中> - 【首頁連結測試】 Menu bar 实例应用 成功案例",
                      "timedOut": null,
                      "duration": 6179,
                      "state": "passed",
                      "speed": "medium",
                      "pass": true,
                      "fail": false,
                      "pending": false,
                      "context": null,
                      "code": "cy.get(_userControl.default['Successful_cn']).click();\ncy.url().should('eq', 'https://www.tm-robot.com.cn/zh-hans/view-case-study-look/');",
                      "err": {},
                      "uuid": "2c659366-785b-449e-ad06-86cf709c90ad",
                      "parentUUID": "73767c0c-f01b-4ffd-b6fd-c7c18a9de8a2",
                      "isHook": false,
                      "skipped": false
                    }
                  ],
                  "suites": [],
                  "passes": [
                    "eabb13a6-49b8-45f0-b53b-bea9c1fc4c51",
                    "d099f941-1467-4b36-b896-2a210d407b32",
                    "2c659366-785b-449e-ad06-86cf709c90ad"
                  ],
                  "failures": [],
                  "pending": [],
                  "skipped": [],
                  "duration": 18069,
                  "root": false,
                  "rootEmpty": false,
                  "_timeout": 2000
                },
                {
                  "uuid": "0a5812ce-4814-4d31-89f7-79da93866e89",
                  "title": "教学训练与支援 [教育训练、顾客支援]",
                  "fullFile": "",
                  "file": "",
                  "beforeHooks": [],
                  "afterHooks": [],
                  "tests": [
                    {
                      "title": "在線課程",
                      "fullTitle": "達明機器人官網 <語系:簡中> - 【首頁連結測試】 Menu bar 教学训练与支援 [教育训练、顾客支援] 在線課程",
                      "timedOut": null,
                      "duration": 6368,
                      "state": "passed",
                      "speed": "medium",
                      "pass": true,
                      "fail": false,
                      "pending": false,
                      "context": null,
                      "code": "cy.get(_userControl.default['OnlineTraining_cn']).click();\ncy.url().should('eq', 'https://academic.tm-robot.com/');",
                      "err": {},
                      "uuid": "e754403c-b923-4ef9-92da-e50315e09b56",
                      "parentUUID": "0a5812ce-4814-4d31-89f7-79da93866e89",
                      "isHook": false,
                      "skipped": false
                    },
                    {
                      "title": "联系我们",
                      "fullTitle": "達明機器人官網 <語系:簡中> - 【首頁連結測試】 Menu bar 教学训练与支援 [教育训练、顾客支援] 联系我们",
                      "timedOut": null,
                      "duration": 5713,
                      "state": "passed",
                      "speed": "medium",
                      "pass": true,
                      "fail": false,
                      "pending": false,
                      "context": null,
                      "code": "cy.get(_userControl.default['Contact_cn']).click();\ncy.url().should('eq', 'https://www.tm-robot.com.cn/zh-hans/contact-us/');",
                      "err": {},
                      "uuid": "a4fde92f-27dc-4868-802d-86069c4db0bc",
                      "parentUUID": "0a5812ce-4814-4d31-89f7-79da93866e89",
                      "isHook": false,
                      "skipped": false
                    },
                    {
                      "title": "档案下载中心",
                      "fullTitle": "達明機器人官網 <語系:簡中> - 【首頁連結測試】 Menu bar 教学训练与支援 [教育训练、顾客支援] 档案下载中心",
                      "timedOut": null,
                      "duration": 6870,
                      "state": "passed",
                      "speed": "medium",
                      "pass": true,
                      "fail": false,
                      "pending": false,
                      "context": null,
                      "code": "cy.get(_userControl.default['DownloadCenter_cn']).click();\ncy.url().should('eq', 'https://www.tm-robot.com.cn/zh-hans/download-center/');",
                      "err": {},
                      "uuid": "f5676898-2dfd-4946-b65a-4d9360905bb2",
                      "parentUUID": "0a5812ce-4814-4d31-89f7-79da93866e89",
                      "isHook": false,
                      "skipped": false
                    },
                    {
                      "title": "合作伙伴 ＆ 经销商专区",
                      "fullTitle": "達明機器人官網 <語系:簡中> - 【首頁連結測試】 Menu bar 教学训练与支援 [教育训练、顾客支援] 合作伙伴 ＆ 经销商专区",
                      "timedOut": null,
                      "duration": 5851,
                      "state": "passed",
                      "speed": "medium",
                      "pass": true,
                      "fail": false,
                      "pending": false,
                      "context": null,
                      "code": "cy.get(_userControl.default['PartnerArea_cn']).click();\ncy.url().should('eq', 'https://www.tm-robot.com.cn/zh-hans/partner-login/');",
                      "err": {},
                      "uuid": "7303615f-a810-46e2-9829-32af5b5a257d",
                      "parentUUID": "0a5812ce-4814-4d31-89f7-79da93866e89",
                      "isHook": false,
                      "skipped": false
                    }
                  ],
                  "suites": [],
                  "passes": [
                    "e754403c-b923-4ef9-92da-e50315e09b56",
                    "a4fde92f-27dc-4868-802d-86069c4db0bc",
                    "f5676898-2dfd-4946-b65a-4d9360905bb2",
                    "7303615f-a810-46e2-9829-32af5b5a257d"
                  ],
                  "failures": [],
                  "pending": [],
                  "skipped": [],
                  "duration": 24802,
                  "root": false,
                  "rootEmpty": false,
                  "_timeout": 2000
                },
                {
                  "uuid": "ffc23431-2805-4584-9c96-cb0ab519951f",
                  "title": "关于我们",
                  "fullFile": "",
                  "file": "",
                  "beforeHooks": [],
                  "afterHooks": [],
                  "tests": [
                    {
                      "title": "关于我们",
                      "fullTitle": "達明機器人官網 <語系:簡中> - 【首頁連結測試】 Menu bar 关于我们 关于我们",
                      "timedOut": null,
                      "duration": 6441,
                      "state": "passed",
                      "speed": "medium",
                      "pass": true,
                      "fail": false,
                      "pending": false,
                      "context": null,
                      "code": "cy.get(_userControl.default['AboutUs_cn']).click();\ncy.url().should('eq', 'https://www.tm-robot.com.cn/zh-hans/about-us/');",
                      "err": {},
                      "uuid": "66ccbb3c-254c-438c-bdc2-370198078808",
                      "parentUUID": "ffc23431-2805-4584-9c96-cb0ab519951f",
                      "isHook": false,
                      "skipped": false
                    },
                    {
                      "title": "公司简介",
                      "fullTitle": "達明機器人官網 <語系:簡中> - 【首頁連結測試】 Menu bar 关于我们 公司简介",
                      "timedOut": null,
                      "duration": 5426,
                      "state": "passed",
                      "speed": "medium",
                      "pass": true,
                      "fail": false,
                      "pending": false,
                      "context": null,
                      "code": "cy.get(_userControl.default['CompanyProfile_cn']).click();\ncy.url().should('eq', 'https://www.tm-robot.com.cn/zh-hans/company-profile/');",
                      "err": {},
                      "uuid": "6abbb91f-be3b-4272-819c-dcbe6c032e63",
                      "parentUUID": "ffc23431-2805-4584-9c96-cb0ab519951f",
                      "isHook": false,
                      "skipped": false
                    },
                    {
                      "title": "寻找代理商",
                      "fullTitle": "達明機器人官網 <語系:簡中> - 【首頁連結測試】 Menu bar 关于我们 寻找代理商",
                      "timedOut": null,
                      "duration": 5549,
                      "state": "passed",
                      "speed": "medium",
                      "pass": true,
                      "fail": false,
                      "pending": false,
                      "context": null,
                      "code": "cy.get(_userControl.default['SearchForDistributor_cn']).click();\ncy.url().should('eq', 'https://www.tm-robot.com.cn/zh-hans/search-for-distributor/');",
                      "err": {},
                      "uuid": "9fe87b82-2539-42dd-84e3-dcce1b18f1fc",
                      "parentUUID": "ffc23431-2805-4584-9c96-cb0ab519951f",
                      "isHook": false,
                      "skipped": false
                    },
                    {
                      "title": "达明新闻",
                      "fullTitle": "達明機器人官網 <語系:簡中> - 【首頁連結測試】 Menu bar 关于我们 达明新闻",
                      "timedOut": null,
                      "duration": 5591,
                      "state": "passed",
                      "speed": "medium",
                      "pass": true,
                      "fail": false,
                      "pending": false,
                      "context": null,
                      "code": "cy.get(_userControl.default['News_cn']).click();\ncy.url().should('eq', 'https://www.tm-robot.com.cn/zh-hans/tm-news/');",
                      "err": {},
                      "uuid": "b2408881-e809-4090-a287-89ae559ee0e8",
                      "parentUUID": "ffc23431-2805-4584-9c96-cb0ab519951f",
                      "isHook": false,
                      "skipped": false
                    },
                    {
                      "title": "全球活动",
                      "fullTitle": "達明機器人官網 <語系:簡中> - 【首頁連結測試】 Menu bar 关于我们 全球活动",
                      "timedOut": null,
                      "duration": 5874,
                      "state": "passed",
                      "speed": "medium",
                      "pass": true,
                      "fail": false,
                      "pending": false,
                      "context": null,
                      "code": "cy.get(_userControl.default['GlobalEvent_cn']).click();\ncy.url().should('eq', 'https://www.tm-robot.com.cn/zh-hans/events-archive/');",
                      "err": {},
                      "uuid": "d414cdd8-a40e-4d04-b5ab-fa27b0a0c0c0",
                      "parentUUID": "ffc23431-2805-4584-9c96-cb0ab519951f",
                      "isHook": false,
                      "skipped": false
                    },
                    {
                      "title": "欧姆龙合作伙伴",
                      "fullTitle": "達明機器人官網 <語系:簡中> - 【首頁連結測試】 Menu bar 关于我们 欧姆龙合作伙伴",
                      "timedOut": null,
                      "duration": 4741,
                      "state": "passed",
                      "speed": "fast",
                      "pass": true,
                      "fail": false,
                      "pending": false,
                      "context": null,
                      "code": "cy.get(_userControl.default['OmronNetwork_cn']).click();\ncy.url().should('eq', 'https://www.tm-robot.com.cn/zh-hans/techman-x-omron/');",
                      "err": {},
                      "uuid": "955f1354-a187-4494-bd83-3f3369b9d30b",
                      "parentUUID": "ffc23431-2805-4584-9c96-cb0ab519951f",
                      "isHook": false,
                      "skipped": false
                    }
                  ],
                  "suites": [],
                  "passes": [
                    "66ccbb3c-254c-438c-bdc2-370198078808",
                    "6abbb91f-be3b-4272-819c-dcbe6c032e63",
                    "9fe87b82-2539-42dd-84e3-dcce1b18f1fc",
                    "b2408881-e809-4090-a287-89ae559ee0e8",
                    "d414cdd8-a40e-4d04-b5ab-fa27b0a0c0c0",
                    "955f1354-a187-4494-bd83-3f3369b9d30b"
                  ],
                  "failures": [],
                  "pending": [],
                  "skipped": [],
                  "duration": 33622,
                  "root": false,
                  "rootEmpty": false,
                  "_timeout": 2000
                }
              ],
              "passes": [],
              "failures": [],
              "pending": [],
              "skipped": [],
              "duration": 0,
              "root": false,
              "rootEmpty": false,
              "_timeout": 2000
            },
            {
              "uuid": "f5005eab-1efb-4209-ac8b-10fdb5b05b6b",
              "title": "实例应用图片",
              "fullFile": "",
              "file": "",
              "beforeHooks": [],
              "afterHooks": [],
              "tests": [
                {
                  "title": "起司工厂食物包装与堆栈应用范例",
                  "fullTitle": "達明機器人官網 <語系:簡中> - 【首頁連結測試】 实例应用图片 起司工厂食物包装与堆栈应用范例",
                  "timedOut": null,
                  "duration": 6864,
                  "state": "passed",
                  "speed": "medium",
                  "pass": true,
                  "fail": false,
                  "pending": false,
                  "context": null,
                  "code": "cy.get(_userControl.default['AppTag1']).click();\ncy.url().should('eq', 'https://www.tm-robot.com.cn/zh-hans/application-videoapp/%e8%b5%b7%e5%8f%b8%e5%b7%a5%e5%8e%82%e9%a3%9f%e7%89%a9%e5%8c%85%e8%a3%85%e4%b8%8e%e5%a0%86%e6%a0%88%e5%ba%94%e7%94%a8%e8%8c%83%e4%be%8b/');\nheader = \"Next\";",
                  "err": {},
                  "uuid": "e9600697-c16b-44b5-979f-f82852342eb9",
                  "parentUUID": "f5005eab-1efb-4209-ac8b-10fdb5b05b6b",
                  "isHook": false,
                  "skipped": false
                },
                {
                  "title": "TM Robot + AMR 应用范例",
                  "fullTitle": "達明機器人官網 <語系:簡中> - 【首頁連結測試】 实例应用图片 TM Robot + AMR 应用范例",
                  "timedOut": null,
                  "duration": 5384,
                  "state": "passed",
                  "speed": "medium",
                  "pass": true,
                  "fail": false,
                  "pending": false,
                  "context": null,
                  "code": "cy.get(_userControl.default['AppTag2']).click();\ncy.url().should('eq', 'https://www.tm-robot.com.cn/zh-hans/application-videoapp/tm-robot-amr-%e5%ba%94%e7%94%a8%e8%8c%83%e4%be%8b/');",
                  "err": {},
                  "uuid": "d1dd95f6-2e49-4d95-ae95-9ac25054ef19",
                  "parentUUID": "f5005eab-1efb-4209-ac8b-10fdb5b05b6b",
                  "isHook": false,
                  "skipped": false
                },
                {
                  "title": "工厂自动化: PCB组装",
                  "fullTitle": "達明機器人官網 <語系:簡中> - 【首頁連結測試】 实例应用图片 工厂自动化: PCB组装",
                  "timedOut": null,
                  "duration": 10107,
                  "state": "failed",
                  "speed": null,
                  "pass": false,
                  "fail": true,
                  "pending": false,
                  "context": null,
                  "code": "cy.get(_userControl.default['IndexApplications_BNext']).click();\ncy.get(_userControl.default['AppTag2']).click();\ncy.url().should('eq', 'https://www.tm-robot.com.cn/zh-hans/application-videoapp/%e5%b7%a5%e5%8e%82%e8%87%aa%e5%8a%a8%e5%8c%96-pcb%e7%bb%84%e8%a3%85/');",
                  "err": {
                    "message": "AssertionError: Timed out retrying after 4000ms: expected 'https://www.tm-robot.com.cn/zh-hans/application-videoapp/%e5%b7%a5%e5%8e%82%e8%87%aa%e5%8a%a8%e5%8c%96-%e8%9e%ba%e4%b8%9d%e9%94%81%e9%99%84/' to equal 'https://www.tm-robot.com.cn/zh-hans/application-videoapp/%e5%b7%a5%e5%8e%82%e8%87%aa%e5%8a%a8%e5%8c%96-pcb%e7%bb%84%e8%a3%85/'",
                    "estack": "AssertionError: Timed out retrying after 4000ms: expected 'https://www.tm-robot.com.cn/zh-hans/application-videoapp/%e5%b7%a5%e5%8e%82%e8%87%aa%e5%8a%a8%e5%8c%96-%e8%9e%ba%e4%b8%9d%e9%94%81%e9%99%84/' to equal 'https://www.tm-robot.com.cn/zh-hans/application-videoapp/%e5%b7%a5%e5%8e%82%e8%87%aa%e5%8a%a8%e5%8c%96-pcb%e7%bb%84%e8%a3%85/'\n    at Context.eval (webpack:///./cypress/e2e/index_cn.cy.js:230:17)",
                    "diff": "- 'https://www.tm-robot.com.cn/zh-hans/application-videoapp/%e5%b7%a5%e5%8e%82%e8%87%aa%e5%8a%a8%e5%8c%96-%e8%9e%ba%e4%b8%9d%e9%94%81%e9%99%84/'\n+ 'https://www.tm-robot.com.cn/zh-hans/application-videoapp/%e5%b7%a5%e5%8e%82%e8%87%aa%e5%8a%a8%e5%8c%96-pcb%e7%bb%84%e8%a3%85/'\n"
                  },
                  "uuid": "5994f263-c068-4333-b518-2898df732bf0",
                  "parentUUID": "f5005eab-1efb-4209-ac8b-10fdb5b05b6b",
                  "isHook": false,
                  "skipped": false
                },
                {
                  "title": "工厂自动化: 螺丝锁附",
                  "fullTitle": "達明機器人官網 <語系:簡中> - 【首頁連結測試】 实例应用图片 工厂自动化: 螺丝锁附",
                  "timedOut": null,
                  "duration": 8659,
                  "state": "failed",
                  "speed": null,
                  "pass": false,
                  "fail": true,
                  "pending": false,
                  "context": null,
                  "code": "cy.get(_userControl.default['IndexApplications_BNext']).dblclick();\ncy.get(_userControl.default['AppTag2']).click();\ncy.url().should('eq', 'https://www.tm-robot.com.cn/zh-hans/application-videoapp/%e5%b7%a5%e5%8e%82%e8%87%aa%e5%8a%a8%e5%8c%96-%e8%9e%ba%e4%b8%9d%e9%94%81%e9%99%84/');",
                  "err": {
                    "message": "CypressError: Timed out retrying after 4050ms: `cy.click()` failed because the center of this element is hidden from view:\n\n`<span class=\"raven-post-image-overlay\"></span>`\n\nFix this problem, or use `{force: true}` to disable error checking.\n\nhttps://on.cypress.io/element-cannot-be-interacted-with",
                    "estack": "CypressError: Timed out retrying after 4050ms: `cy.click()` failed because the center of this element is hidden from view:\n\n`<span class=\"raven-post-image-overlay\"></span>`\n\nFix this problem, or use `{force: true}` to disable error checking.\n\nhttps://on.cypress.io/element-cannot-be-interacted-with\n    at $Cy.ensureDescendents (https://www.tm-robot.com.cn/__cypress/runner/cypress_runner.js:147626:76)\n    at ensureDescendents (https://www.tm-robot.com.cn/__cypress/runner/cypress_runner.js:133073:8)\n    at ensureDescendentsAndScroll (https://www.tm-robot.com.cn/__cypress/runner/cypress_runner.js:133080:14)\n    at ensureElIsNotCovered (https://www.tm-robot.com.cn/__cypress/runner/cypress_runner.js:133212:5)\n    at runAllChecks (https://www.tm-robot.com.cn/__cypress/runner/cypress_runner.js:133402:52)\n    at retryActionability (https://www.tm-robot.com.cn/__cypress/runner/cypress_runner.js:133426:16)\n    at tryCatcher (https://www.tm-robot.com.cn/__cypress/runner/cypress_runner.js:11318:23)\n    at Promise.attempt.Promise.try (https://www.tm-robot.com.cn/__cypress/runner/cypress_runner.js:8592:29)\n    at whenStable (https://www.tm-robot.com.cn/__cypress/runner/cypress_runner.js:152675:65)\n    at <unknown> (https://www.tm-robot.com.cn/__cypress/runner/cypress_runner.js:152105:14)\n    at tryCatcher (https://www.tm-robot.com.cn/__cypress/runner/cypress_runner.js:11318:23)\n    at Promise._settlePromiseFromHandler (https://www.tm-robot.com.cn/__cypress/runner/cypress_runner.js:9253:31)\n    at Promise._settlePromise (https://www.tm-robot.com.cn/__cypress/runner/cypress_runner.js:9310:18)\n    at Promise._settlePromise0 (https://www.tm-robot.com.cn/__cypress/runner/cypress_runner.js:9355:10)\n    at Promise._settlePromises (https://www.tm-robot.com.cn/__cypress/runner/cypress_runner.js:9435:18)\n    at Promise._fulfill (https://www.tm-robot.com.cn/__cypress/runner/cypress_runner.js:9379:18)\n    at <unknown> (https://www.tm-robot.com.cn/__cypress/runner/cypress_runner.js:10993:46)\nFrom Your Spec Code:\n    at Context.eval (webpack:///./cypress/e2e/index_cn.cy.js:235:35)",
                    "diff": null
                  },
                  "uuid": "33e90323-3d6d-4571-84ab-c748648e7adb",
                  "parentUUID": "f5005eab-1efb-4209-ac8b-10fdb5b05b6b",
                  "isHook": false,
                  "skipped": false
                },
                {
                  "title": "车用零件组装",
                  "fullTitle": "達明機器人官網 <語系:簡中> - 【首頁連結測試】 实例应用图片 车用零件组装",
                  "timedOut": null,
                  "duration": 7652,
                  "state": "passed",
                  "speed": "medium",
                  "pass": true,
                  "fail": false,
                  "pending": false,
                  "context": null,
                  "code": "cy.get(_userControl.default['IndexApplications_BNext']).click();\ncy.get(_userControl.default['IndexApplications_BNext']).dblclick();\ncy.get(_userControl.default['AppTag1']).click();\ncy.url().should('eq', 'https://www.tm-robot.com.cn/zh-hans/application-videoapp/%e8%bd%a6%e7%94%a8%e9%9b%b6%e4%bb%b6%e7%bb%84%e8%a3%85/');",
                  "err": {},
                  "uuid": "64dbb2d6-15d2-4fed-bebb-e9a96d926927",
                  "parentUUID": "f5005eab-1efb-4209-ac8b-10fdb5b05b6b",
                  "isHook": false,
                  "skipped": false
                },
                {
                  "title": "食品处理: 炸土豆条",
                  "fullTitle": "達明機器人官網 <語系:簡中> - 【首頁連結測試】 实例应用图片 食品处理: 炸土豆条",
                  "timedOut": null,
                  "duration": 8510,
                  "state": "passed",
                  "speed": "medium",
                  "pass": true,
                  "fail": false,
                  "pending": false,
                  "context": null,
                  "code": "cy.get(_userControl.default['IndexApplications_BNext']).click();\ncy.get(_userControl.default['IndexApplications_BNext']).dblclick();\ncy.get(_userControl.default['AppTag2']).click();\ncy.url().should('eq', 'https://www.tm-robot.com.cn/zh-hans/application-videoapp/%e9%a3%9f%e5%93%81%e5%a4%84%e7%90%86-%e7%82%b8%e5%9c%9f%e8%b1%86%e6%9d%a1/');",
                  "err": {},
                  "uuid": "bde6f63d-f4c2-4e96-929d-f66173243aaf",
                  "parentUUID": "f5005eab-1efb-4209-ac8b-10fdb5b05b6b",
                  "isHook": false,
                  "skipped": false
                },
                {
                  "title": "用TM Robot制作章鱼烧",
                  "fullTitle": "達明機器人官網 <語系:簡中> - 【首頁連結測試】 实例应用图片 用TM Robot制作章鱼烧",
                  "timedOut": null,
                  "duration": 6195,
                  "state": "passed",
                  "speed": "medium",
                  "pass": true,
                  "fail": false,
                  "pending": false,
                  "context": null,
                  "code": "cy.get(_userControl.default['IndexApplications_BNext']).dblclick();\ncy.get(_userControl.default['IndexApplications_BNext']).click();\ncy.get(_userControl.default['AppTag2']).click();\ncy.url().should('eq', 'https://www.tm-robot.com.cn/zh-hans/application-videoapp/%e7%94%a8tm-robot%e5%88%b6%e4%bd%9c%e7%ab%a0%e9%b1%bc%e7%83%a7/');",
                  "err": {},
                  "uuid": "97395ca5-939a-40e9-8f74-2b9a185e294d",
                  "parentUUID": "f5005eab-1efb-4209-ac8b-10fdb5b05b6b",
                  "isHook": false,
                  "skipped": false
                },
                {
                  "title": "食品餐饮&服务业应用实例",
                  "fullTitle": "達明機器人官網 <語系:簡中> - 【首頁連結測試】 实例应用图片 食品餐饮&服务业应用实例",
                  "timedOut": null,
                  "duration": 8395,
                  "state": "passed",
                  "speed": "medium",
                  "pass": true,
                  "fail": false,
                  "pending": false,
                  "context": null,
                  "code": "cy.get(_userControl.default['IndexApplications_BNext']).dblclick();\ncy.get(_userControl.default['IndexApplications_BNext']).dblclick();\ncy.get(_userControl.default['AppTag2']).click();\ncy.url().should('eq', 'https://www.tm-robot.com.cn/zh-hans/application-videoapp/%e9%a3%9f%e5%93%81%e9%a4%90%e9%a5%ae%e6%9c%8d%e5%8a%a1%e4%b8%9a%e5%ba%94%e7%94%a8%e5%ae%9e%e4%be%8b/');",
                  "err": {},
                  "uuid": "63c9971d-3b26-4775-9e48-27c2dbbfba71",
                  "parentUUID": "f5005eab-1efb-4209-ac8b-10fdb5b05b6b",
                  "isHook": false,
                  "skipped": false
                },
                {
                  "title": "金属焊接应用",
                  "fullTitle": "達明機器人官網 <語系:簡中> - 【首頁連結測試】 实例应用图片 金属焊接应用",
                  "timedOut": null,
                  "duration": 7881,
                  "state": "passed",
                  "speed": "medium",
                  "pass": true,
                  "fail": false,
                  "pending": false,
                  "context": null,
                  "code": "cy.get(_userControl.default['IndexApplications_BNext']).dblclick();\ncy.get(_userControl.default['IndexApplications_BNext']).dblclick();\ncy.get(_userControl.default['IndexApplications_BNext']).click();\ncy.get(_userControl.default['AppTag2']).click();\ncy.url().should('eq', 'https://www.tm-robot.com.cn/zh-hans/application-videoapp/%e9%87%91%e5%b1%9e%e7%84%8a%e6%8e%a5%e5%ba%94%e7%94%a8/');",
                  "err": {},
                  "uuid": "4445f396-79ed-4669-8df9-79e43be6da1c",
                  "parentUUID": "f5005eab-1efb-4209-ac8b-10fdb5b05b6b",
                  "isHook": false,
                  "skipped": false
                },
                {
                  "title": "Atlas螺丝锁固",
                  "fullTitle": "達明機器人官網 <語系:簡中> - 【首頁連結測試】 实例应用图片 Atlas螺丝锁固",
                  "timedOut": null,
                  "duration": 7821,
                  "state": "passed",
                  "speed": "medium",
                  "pass": true,
                  "fail": false,
                  "pending": false,
                  "context": null,
                  "code": "cy.get(_userControl.default['IndexApplications_BNext']).dblclick();\ncy.get(_userControl.default['IndexApplications_BNext']).dblclick();\ncy.get(_userControl.default['IndexApplications_BNext']).dblclick();\ncy.get(_userControl.default['AppTag2']).click();\ncy.url().should('eq', 'https://www.tm-robot.com.cn/zh-hans/application-videoapp/atlas%e8%9e%ba%e4%b8%9d%e9%94%81%e5%9b%ba/');",
                  "err": {},
                  "uuid": "28f32a6b-6aa2-459d-8685-9fb48fdf450d",
                  "parentUUID": "f5005eab-1efb-4209-ac8b-10fdb5b05b6b",
                  "isHook": false,
                  "skipped": false
                }
              ],
              "suites": [],
              "passes": [
                "e9600697-c16b-44b5-979f-f82852342eb9",
                "d1dd95f6-2e49-4d95-ae95-9ac25054ef19",
                "64dbb2d6-15d2-4fed-bebb-e9a96d926927",
                "bde6f63d-f4c2-4e96-929d-f66173243aaf",
                "97395ca5-939a-40e9-8f74-2b9a185e294d",
                "63c9971d-3b26-4775-9e48-27c2dbbfba71",
                "4445f396-79ed-4669-8df9-79e43be6da1c",
                "28f32a6b-6aa2-459d-8685-9fb48fdf450d"
              ],
              "failures": [
                "5994f263-c068-4333-b518-2898df732bf0",
                "33e90323-3d6d-4571-84ab-c748648e7adb"
              ],
              "pending": [],
              "skipped": [],
              "duration": 77468,
              "root": false,
              "rootEmpty": false,
              "_timeout": 2000
            },
            {
              "uuid": "549ac3a7-456a-4ef4-b041-5f66002d2604",
              "title": "实例应用名稱",
              "fullFile": "",
              "file": "",
              "beforeHooks": [],
              "afterHooks": [],
              "tests": [
                {
                  "title": "起司工厂食物包装与堆栈应用范例",
                  "fullTitle": "達明機器人官網 <語系:簡中> - 【首頁連結測試】 实例应用名稱 起司工厂食物包装与堆栈应用范例",
                  "timedOut": null,
                  "duration": 7302,
                  "state": "passed",
                  "speed": "medium",
                  "pass": true,
                  "fail": false,
                  "pending": false,
                  "context": null,
                  "code": "cy.contains('起司工厂食物包装与堆栈应用范例').click();\ncy.url().should('eq', 'https://www.tm-robot.com.cn/zh-hans/application-videoapp/%e8%b5%b7%e5%8f%b8%e5%b7%a5%e5%8e%82%e9%a3%9f%e7%89%a9%e5%8c%85%e8%a3%85%e4%b8%8e%e5%a0%86%e6%a0%88%e5%ba%94%e7%94%a8%e8%8c%83%e4%be%8b/');\nheader = \"Next\";",
                  "err": {},
                  "uuid": "0c506b2c-66c9-4f33-b099-8f45ec590530",
                  "parentUUID": "549ac3a7-456a-4ef4-b041-5f66002d2604",
                  "isHook": false,
                  "skipped": false
                },
                {
                  "title": "TM Robot + AMR 应用范例",
                  "fullTitle": "達明機器人官網 <語系:簡中> - 【首頁連結測試】 实例应用名稱 TM Robot + AMR 应用范例",
                  "timedOut": null,
                  "duration": 8616,
                  "state": "passed",
                  "speed": "medium",
                  "pass": true,
                  "fail": false,
                  "pending": false,
                  "context": null,
                  "code": "cy.contains('TM Robot + AMR 应用范例').click();\ncy.url().should('eq', 'https://www.tm-robot.com.cn/zh-hans/application-videoapp/tm-robot-amr-%e5%ba%94%e7%94%a8%e8%8c%83%e4%be%8b/');",
                  "err": {},
                  "uuid": "2905519b-72ee-4f86-a32e-eb960e1fd43e",
                  "parentUUID": "549ac3a7-456a-4ef4-b041-5f66002d2604",
                  "isHook": false,
                  "skipped": false
                },
                {
                  "title": "工厂自动化: PCB组装",
                  "fullTitle": "達明機器人官網 <語系:簡中> - 【首頁連結測試】 实例应用名稱 工厂自动化: PCB组装",
                  "timedOut": null,
                  "duration": 6997,
                  "state": "passed",
                  "speed": "medium",
                  "pass": true,
                  "fail": false,
                  "pending": false,
                  "context": null,
                  "code": "cy.get(_userControl.default['IndexApplications_BNext']).click();\ncy.contains('工厂自动化: PCB组装').click();\ncy.url().should('eq', 'https://www.tm-robot.com.cn/zh-hans/application-videoapp/%e5%b7%a5%e5%8e%82%e8%87%aa%e5%8a%a8%e5%8c%96-pcb%e7%bb%84%e8%a3%85/');",
                  "err": {},
                  "uuid": "0d8615fd-5f69-4487-9e64-ad148aeb47b8",
                  "parentUUID": "549ac3a7-456a-4ef4-b041-5f66002d2604",
                  "isHook": false,
                  "skipped": false
                },
                {
                  "title": "工厂自动化: 螺丝锁附",
                  "fullTitle": "達明機器人官網 <語系:簡中> - 【首頁連結測試】 实例应用名稱 工厂自动化: 螺丝锁附",
                  "timedOut": null,
                  "duration": 9894,
                  "state": "failed",
                  "speed": null,
                  "pass": false,
                  "fail": true,
                  "pending": false,
                  "context": null,
                  "code": "cy.get(_userControl.default['IndexApplications_BNext']).dblclick();\ncy.contains('工厂自动化: 螺丝锁附').click();\ncy.url().should('eq', 'https://www.tm-robot.com.cn/zh-hans/application-videoapp/%e5%b7%a5%e5%8e%82%e8%87%aa%e5%8a%a8%e5%8c%96-%e8%9e%ba%e4%b8%9d%e9%94%81%e9%99%84/');",
                  "err": {
                    "message": "CypressError: Timed out retrying after 4050ms: `cy.click()` failed because the center of this element is hidden from view:\n\n`<a class=\"raven-post-title-link\" href=\"https://www.tm-robot.com.cn/zh-hans/application-videoapp/%e5%b7%a5%e5%8e%82%e8%87%aa%e5%8a%a8%e5%8c%96-%e8%9e%ba%e4%b8%9d%e9%94%81%e9%99%84/\">工厂自动化: ...</a>`\n\nFix this problem, or use `{force: true}` to disable error checking.\n\nhttps://on.cypress.io/element-cannot-be-interacted-with",
                    "estack": "CypressError: Timed out retrying after 4050ms: `cy.click()` failed because the center of this element is hidden from view:\n\n`<a class=\"raven-post-title-link\" href=\"https://www.tm-robot.com.cn/zh-hans/application-videoapp/%e5%b7%a5%e5%8e%82%e8%87%aa%e5%8a%a8%e5%8c%96-%e8%9e%ba%e4%b8%9d%e9%94%81%e9%99%84/\">工厂自动化: ...</a>`\n\nFix this problem, or use `{force: true}` to disable error checking.\n\nhttps://on.cypress.io/element-cannot-be-interacted-with\n    at $Cy.ensureDescendents (https://www.tm-robot.com.cn/__cypress/runner/cypress_runner.js:147626:76)\n    at ensureDescendents (https://www.tm-robot.com.cn/__cypress/runner/cypress_runner.js:133073:8)\n    at ensureDescendentsAndScroll (https://www.tm-robot.com.cn/__cypress/runner/cypress_runner.js:133080:14)\n    at ensureElIsNotCovered (https://www.tm-robot.com.cn/__cypress/runner/cypress_runner.js:133212:5)\n    at runAllChecks (https://www.tm-robot.com.cn/__cypress/runner/cypress_runner.js:133402:52)\n    at retryActionability (https://www.tm-robot.com.cn/__cypress/runner/cypress_runner.js:133426:16)\n    at tryCatcher (https://www.tm-robot.com.cn/__cypress/runner/cypress_runner.js:11318:23)\n    at Promise.attempt.Promise.try (https://www.tm-robot.com.cn/__cypress/runner/cypress_runner.js:8592:29)\n    at whenStable (https://www.tm-robot.com.cn/__cypress/runner/cypress_runner.js:152675:65)\n    at <unknown> (https://www.tm-robot.com.cn/__cypress/runner/cypress_runner.js:152105:14)\n    at tryCatcher (https://www.tm-robot.com.cn/__cypress/runner/cypress_runner.js:11318:23)\n    at Promise._settlePromiseFromHandler (https://www.tm-robot.com.cn/__cypress/runner/cypress_runner.js:9253:31)\n    at Promise._settlePromise (https://www.tm-robot.com.cn/__cypress/runner/cypress_runner.js:9310:18)\n    at Promise._settlePromise0 (https://www.tm-robot.com.cn/__cypress/runner/cypress_runner.js:9355:10)\n    at Promise._settlePromises (https://www.tm-robot.com.cn/__cypress/runner/cypress_runner.js:9435:18)\n    at Promise._fulfill (https://www.tm-robot.com.cn/__cypress/runner/cypress_runner.js:9379:18)\n    at <unknown> (https://www.tm-robot.com.cn/__cypress/runner/cypress_runner.js:10993:46)\nFrom Your Spec Code:\n    at Context.eval (webpack:///./cypress/e2e/index_cn.cy.js:314:35)",
                    "diff": null
                  },
                  "uuid": "56628427-968f-475e-bca9-e47b28b37e36",
                  "parentUUID": "549ac3a7-456a-4ef4-b041-5f66002d2604",
                  "isHook": false,
                  "skipped": false
                },
                {
                  "title": "车用零件组装",
                  "fullTitle": "達明機器人官網 <語系:簡中> - 【首頁連結測試】 实例应用名稱 车用零件组装",
                  "timedOut": null,
                  "duration": 6672,
                  "state": "passed",
                  "speed": "medium",
                  "pass": true,
                  "fail": false,
                  "pending": false,
                  "context": null,
                  "code": "cy.get(_userControl.default['IndexApplications_BNext']).dblclick();\ncy.get(_userControl.default['IndexApplications_BNext']).click();\ncy.contains('车用零件组装').click({\n  force: true\n});\ncy.url().should('eq', 'https://www.tm-robot.com.cn/zh-hans/application-videoapp/%e8%bd%a6%e7%94%a8%e9%9b%b6%e4%bb%b6%e7%bb%84%e8%a3%85/');",
                  "err": {},
                  "uuid": "0451485f-76da-48ea-9f07-4dde801e1650",
                  "parentUUID": "549ac3a7-456a-4ef4-b041-5f66002d2604",
                  "isHook": false,
                  "skipped": false
                },
                {
                  "title": "食品处理: 炸土豆条",
                  "fullTitle": "達明機器人官網 <語系:簡中> - 【首頁連結測試】 实例应用名稱 食品处理: 炸土豆条",
                  "timedOut": null,
                  "duration": 9539,
                  "state": "passed",
                  "speed": "medium",
                  "pass": true,
                  "fail": false,
                  "pending": false,
                  "context": null,
                  "code": "cy.get(_userControl.default['IndexApplications_BNext']).dblclick();\ncy.get(_userControl.default['IndexApplications_BNext']).dblclick();\ncy.contains('食品处理: 炸土豆条').click({\n  force: true\n});\ncy.url().should('eq', 'https://www.tm-robot.com.cn/zh-hans/application-videoapp/%e9%a3%9f%e5%93%81%e5%a4%84%e7%90%86-%e7%82%b8%e5%9c%9f%e8%b1%86%e6%9d%a1/');",
                  "err": {},
                  "uuid": "0e6fac66-46fa-4052-9538-dd9d00b87462",
                  "parentUUID": "549ac3a7-456a-4ef4-b041-5f66002d2604",
                  "isHook": false,
                  "skipped": false
                },
                {
                  "title": "用TM Robot制作章鱼烧",
                  "fullTitle": "達明機器人官網 <語系:簡中> - 【首頁連結測試】 实例应用名稱 用TM Robot制作章鱼烧",
                  "timedOut": null,
                  "duration": 8757,
                  "state": "passed",
                  "speed": "medium",
                  "pass": true,
                  "fail": false,
                  "pending": false,
                  "context": null,
                  "code": "cy.get(_userControl.default['IndexApplications_BNext']).dblclick();\ncy.get(_userControl.default['IndexApplications_BNext']).dblclick();\ncy.get(_userControl.default['IndexApplications_BNext']).click();\ncy.contains('用TM Robot制作章鱼烧').click({\n  force: true\n});\ncy.url().should('eq', 'https://www.tm-robot.com.cn/zh-hans/application-videoapp/%e7%94%a8tm-robot%e5%88%b6%e4%bd%9c%e7%ab%a0%e9%b1%bc%e7%83%a7/');",
                  "err": {},
                  "uuid": "1214be63-bede-4cee-ab89-bb21298cc888",
                  "parentUUID": "549ac3a7-456a-4ef4-b041-5f66002d2604",
                  "isHook": false,
                  "skipped": false
                },
                {
                  "title": "食品餐饮&服务业应用实例",
                  "fullTitle": "達明機器人官網 <語系:簡中> - 【首頁連結測試】 实例应用名稱 食品餐饮&服务业应用实例",
                  "timedOut": null,
                  "duration": 6473,
                  "state": "passed",
                  "speed": "medium",
                  "pass": true,
                  "fail": false,
                  "pending": false,
                  "context": null,
                  "code": "cy.get(_userControl.default['IndexApplications_BNext']).dblclick();\ncy.get(_userControl.default['IndexApplications_BNext']).dblclick();\ncy.get(_userControl.default['IndexApplications_BNext']).dblclick({\n  force: true\n});\ncy.contains('食品餐饮&服务业应用实例').click({\n  force: true\n});\ncy.url().should('eq', 'https://www.tm-robot.com.cn/zh-hans/application-videoapp/%e9%a3%9f%e5%93%81%e9%a4%90%e9%a5%ae%e6%9c%8d%e5%8a%a1%e4%b8%9a%e5%ba%94%e7%94%a8%e5%ae%9e%e4%be%8b/');",
                  "err": {},
                  "uuid": "0a4a078d-bd82-4693-b613-6d101535d6a8",
                  "parentUUID": "549ac3a7-456a-4ef4-b041-5f66002d2604",
                  "isHook": false,
                  "skipped": false
                },
                {
                  "title": "金属焊接应用",
                  "fullTitle": "達明機器人官網 <語系:簡中> - 【首頁連結測試】 实例应用名稱 金属焊接应用",
                  "timedOut": null,
                  "duration": 7142,
                  "state": "passed",
                  "speed": "medium",
                  "pass": true,
                  "fail": false,
                  "pending": false,
                  "context": null,
                  "code": "cy.get(_userControl.default['IndexApplications_BNext']).dblclick();\ncy.get(_userControl.default['IndexApplications_BNext']).dblclick();\ncy.get(_userControl.default['IndexApplications_BNext']).dblclick({\n  force: true\n});\ncy.get(_userControl.default['IndexApplications_BNext']).click({\n  force: true\n});\ncy.contains('金属焊接应用').click({\n  force: true\n});\ncy.url().should('eq', 'https://www.tm-robot.com.cn/zh-hans/application-videoapp/%e9%87%91%e5%b1%9e%e7%84%8a%e6%8e%a5%e5%ba%94%e7%94%a8/');",
                  "err": {},
                  "uuid": "1adb3436-25f9-4fd8-a837-8779630d6bfc",
                  "parentUUID": "549ac3a7-456a-4ef4-b041-5f66002d2604",
                  "isHook": false,
                  "skipped": false
                },
                {
                  "title": "Atlas螺丝锁固",
                  "fullTitle": "達明機器人官網 <語系:簡中> - 【首頁連結測試】 实例应用名稱 Atlas螺丝锁固",
                  "timedOut": null,
                  "duration": 9611,
                  "state": "failed",
                  "speed": null,
                  "pass": false,
                  "fail": true,
                  "pending": false,
                  "context": null,
                  "code": "cy.get(_userControl.default['IndexApplications_BNext']).dblclick();\ncy.get(_userControl.default['IndexApplications_BNext']).dblclick();\ncy.get(_userControl.default['IndexApplications_BNext']).dblclick();\ncy.get(_userControl.default['IndexApplications_BNext']).dblclick({\n  force: true\n});\ncy.contains('Atlas螺丝锁固').click({\n  force: true\n});\ncy.url().should('eq', 'https://www.tm-robot.com.cn/zh-hans/application-videoapp/atlas%e8%9e%ba%e4%b8%9d%e9%94%81%e5%9b%ba/');",
                  "err": {
                    "message": "CypressError: Timed out retrying after 4050ms: `cy.dblclick()` failed because this element:\n\n`<div class=\"swiper-button-next swiper-button-disabled\" tabindex=\"0\" role=\"button\" aria-label=\"Next slide\" aria-disabled=\"true\"></div>`\n\nhas CSS `pointer-events: none`\n\n`pointer-events: none` prevents user mouse interaction.\n\nFix this problem, or use {force: true} to disable error checking.\n\nhttps://on.cypress.io/element-cannot-be-interacted-with",
                    "estack": "CypressError: Timed out retrying after 4050ms: `cy.dblclick()` failed because this element:\n\n`<div class=\"swiper-button-next swiper-button-disabled\" tabindex=\"0\" role=\"button\" aria-label=\"Next slide\" aria-disabled=\"true\"></div>`\n\nhas CSS `pointer-events: none`\n\n`pointer-events: none` prevents user mouse interaction.\n\nFix this problem, or use {force: true} to disable error checking.\n\nhttps://on.cypress.io/element-cannot-be-interacted-with\n    at $Cy.ensureElDoesNotHaveCSS (https://www.tm-robot.com.cn/__cypress/runner/cypress_runner.js:147583:76)\n    at ensureDescendents (https://www.tm-robot.com.cn/__cypress/runner/cypress_runner.js:133071:8)\n    at ensureDescendentsAndScroll (https://www.tm-robot.com.cn/__cypress/runner/cypress_runner.js:133080:14)\n    at ensureElIsNotCovered (https://www.tm-robot.com.cn/__cypress/runner/cypress_runner.js:133212:5)\n    at runAllChecks (https://www.tm-robot.com.cn/__cypress/runner/cypress_runner.js:133402:52)\n    at retryActionability (https://www.tm-robot.com.cn/__cypress/runner/cypress_runner.js:133426:16)\n    at tryCatcher (https://www.tm-robot.com.cn/__cypress/runner/cypress_runner.js:11318:23)\n    at Promise.attempt.Promise.try (https://www.tm-robot.com.cn/__cypress/runner/cypress_runner.js:8592:29)\n    at whenStable (https://www.tm-robot.com.cn/__cypress/runner/cypress_runner.js:152675:65)\n    at <unknown> (https://www.tm-robot.com.cn/__cypress/runner/cypress_runner.js:152105:14)\n    at tryCatcher (https://www.tm-robot.com.cn/__cypress/runner/cypress_runner.js:11318:23)\n    at Promise._settlePromiseFromHandler (https://www.tm-robot.com.cn/__cypress/runner/cypress_runner.js:9253:31)\n    at Promise._settlePromise (https://www.tm-robot.com.cn/__cypress/runner/cypress_runner.js:9310:18)\n    at Promise._settlePromise0 (https://www.tm-robot.com.cn/__cypress/runner/cypress_runner.js:9355:10)\n    at Promise._settlePromises (https://www.tm-robot.com.cn/__cypress/runner/cypress_runner.js:9435:18)\n    at Promise._fulfill (https://www.tm-robot.com.cn/__cypress/runner/cypress_runner.js:9379:18)\n    at <unknown> (https://www.tm-robot.com.cn/__cypress/runner/cypress_runner.js:10993:46)\nFrom Your Spec Code:\n    at Context.eval (webpack:///./cypress/e2e/index_cn.cy.js:360:51)",
                    "diff": null
                  },
                  "uuid": "b784cffa-9d0d-4fdb-a7c1-0cd1fe3dd918",
                  "parentUUID": "549ac3a7-456a-4ef4-b041-5f66002d2604",
                  "isHook": false,
                  "skipped": false
                }
              ],
              "suites": [],
              "passes": [
                "0c506b2c-66c9-4f33-b099-8f45ec590530",
                "2905519b-72ee-4f86-a32e-eb960e1fd43e",
                "0d8615fd-5f69-4487-9e64-ad148aeb47b8",
                "0451485f-76da-48ea-9f07-4dde801e1650",
                "0e6fac66-46fa-4052-9538-dd9d00b87462",
                "1214be63-bede-4cee-ab89-bb21298cc888",
                "0a4a078d-bd82-4693-b613-6d101535d6a8",
                "1adb3436-25f9-4fd8-a837-8779630d6bfc"
              ],
              "failures": [
                "56628427-968f-475e-bca9-e47b28b37e36",
                "b784cffa-9d0d-4fdb-a7c1-0cd1fe3dd918"
              ],
              "pending": [],
              "skipped": [],
              "duration": 81003,
              "root": false,
              "rootEmpty": false,
              "_timeout": 2000
            }
          ],
          "passes": [],
          "failures": [],
          "pending": [],
          "skipped": [],
          "duration": 0,
          "root": false,
          "rootEmpty": false,
          "_timeout": 2000
        }
      ],
      "passes": [],
      "failures": [],
      "pending": [],
      "skipped": [],
      "duration": 0,
      "root": true,
      "rootEmpty": true,
      "_timeout": 2000
    }
  ],
  "meta": {
    "mocha": {
      "version": "7.0.1"
    },
    "mochawesome": {
      "options": {
        "quiet": false,
        "reportFilename": "mochawesome",
        "saveHtml": true,
        "saveJson": true,
        "consoleReporter": "spec",
        "useInlineDiffs": false,
        "code": true
      },
      "version": "7.1.3"
    },
    "marge": {
      "options": {
        "reportDir": "cypress/results",
        "overwrite": false,
        "html": true,
        "json": true,
        "xml": true
      },
      "version": "6.2.0"
    }
  }
}