{
  "stats": {
    "suites": 6,
    "tests": 26,
    "passes": 26,
    "pending": 0,
    "failures": 0,
    "start": "2022-11-10T06:22:05.387Z",
    "end": "2022-11-10T06:30:34.486Z",
    "duration": 509099,
    "testsRegistered": 26,
    "passPercent": 100,
    "pendingPercent": 0,
    "other": 0,
    "hasOther": false,
    "skipped": 0,
    "hasSkipped": false
  },
  "results": [
    {
      "uuid": "eb2e05b2-7432-4b25-9d3d-d413f6104db0",
      "title": "",
      "fullFile": "cypress\\e2e\\index.cy.js",
      "file": "cypress\\e2e\\index.cy.js",
      "beforeHooks": [],
      "afterHooks": [],
      "tests": [],
      "suites": [
        {
          "uuid": "1dd466bd-d64e-4aa5-9d70-742bcc960c1d",
          "title": "達明機器人官網 <語系:英文> - 【首頁連結測試】",
          "fullFile": "",
          "file": "",
          "beforeHooks": [],
          "afterHooks": [],
          "tests": [],
          "suites": [
            {
              "uuid": "fdf6aed4-4d03-4e8b-b106-96815e9903c4",
              "title": "Header",
              "fullFile": "",
              "file": "",
              "beforeHooks": [],
              "afterHooks": [],
              "tests": [
                {
                  "title": "TM Icon",
                  "fullTitle": "達明機器人官網 <語系:英文> - 【首頁連結測試】 Header TM Icon",
                  "timedOut": null,
                  "duration": 10547,
                  "state": "passed",
                  "speed": "slow",
                  "pass": true,
                  "fail": false,
                  "pending": false,
                  "context": null,
                  "code": "cy.get(_userControl.default['TM_icon_header']).click();\ncy.url().should('eq', 'https://www.tm-robot.com/en/');",
                  "err": {},
                  "uuid": "d0cbaa5b-c103-437d-980d-d8c28f70fd68",
                  "parentUUID": "fdf6aed4-4d03-4e8b-b106-96815e9903c4",
                  "isHook": false,
                  "skipped": false
                },
                {
                  "title": "Login",
                  "fullTitle": "達明機器人官網 <語系:英文> - 【首頁連結測試】 Header Login",
                  "timedOut": null,
                  "duration": 5321,
                  "state": "passed",
                  "speed": "medium",
                  "pass": true,
                  "fail": false,
                  "pending": false,
                  "context": null,
                  "code": "cy.get(_userControl.default['Login']).click();\ncy.url().should('eq', 'https://www.tm-robot.com/en/login/');",
                  "err": {},
                  "uuid": "eef363f4-4160-44f2-a2ec-9c7199404c52",
                  "parentUUID": "fdf6aed4-4d03-4e8b-b106-96815e9903c4",
                  "isHook": false,
                  "skipped": false
                },
                {
                  "title": "Language changes",
                  "fullTitle": "達明機器人官網 <語系:英文> - 【首頁連結測試】 Header Language changes",
                  "timedOut": null,
                  "duration": 17376,
                  "state": "passed",
                  "speed": "slow",
                  "pass": true,
                  "fail": false,
                  "pending": false,
                  "context": null,
                  "code": "// 簡中網址有問題\n// cy.get(Control['zh_hans']).click({force: true})\n// cy.url().should('eq','https://www.tm-robot.com.cn/zh-hans/')\ncy.get(_userControl.default['zh_hant']).click({\n  force: true\n});\ncy.url().should('eq', 'https://www.tm-robot.com/zh-hant/');\ncy.get(_userControl.default['de']).click({\n  force: true\n});\ncy.url().should('eq', 'https://www.tm-robot.com/de/');\ncy.get(_userControl.default['ja']).click({\n  force: true\n});\ncy.url().should('eq', 'https://www.tm-robot.com/ja/');\ncy.get(_userControl.default['ko']).click({\n  force: true\n});\ncy.url().should('eq', 'https://www.tm-robot.com/ko/');\ncy.get(_userControl.default['en']).click({\n  force: true\n});\ncy.url().should('eq', 'https://www.tm-robot.com/en/');",
                  "err": {},
                  "uuid": "ec177b50-8bb4-4c52-b6b0-e4920eda36bb",
                  "parentUUID": "fdf6aed4-4d03-4e8b-b106-96815e9903c4",
                  "isHook": false,
                  "skipped": false
                }
              ],
              "suites": [],
              "passes": [
                "d0cbaa5b-c103-437d-980d-d8c28f70fd68",
                "eef363f4-4160-44f2-a2ec-9c7199404c52",
                "ec177b50-8bb4-4c52-b6b0-e4920eda36bb"
              ],
              "failures": [],
              "pending": [],
              "skipped": [],
              "duration": 33244,
              "root": false,
              "rootEmpty": false,
              "_timeout": 2000
            },
            {
              "uuid": "0a091f16-fb19-4d24-a586-46ae9604b17a",
              "title": "Menu bar",
              "fullFile": "",
              "file": "",
              "beforeHooks": [],
              "afterHooks": [],
              "tests": [
                {
                  "title": "AI Cobot [TMRobot、TMvision、Accessories & Software]",
                  "fullTitle": "達明機器人官網 <語系:英文> - 【首頁連結測試】 Menu bar AI Cobot [TMRobot、TMvision、Accessories & Software]",
                  "timedOut": null,
                  "duration": 63640,
                  "state": "passed",
                  "speed": "slow",
                  "pass": true,
                  "fail": false,
                  "pending": false,
                  "context": null,
                  "code": "cy.get(_userControl.default['AI_cobot']).click();\ncy.get(_userControl.default['700']).click();\ncy.url().should('eq', 'https://www.tm-robot.com/en/tm5-700/');\ncy.get(_userControl.default['AI_cobot']).click();\ncy.get(_userControl.default['900']).click();\ncy.url().should('eq', 'https://www.tm-robot.com/en/tm5-900/');\ncy.get(_userControl.default['AI_cobot']).click();\ncy.get(_userControl.default['12']).click();\ncy.url().should('eq', 'https://www.tm-robot.com/en/tm12/');\ncy.get(_userControl.default['AI_cobot']).click();\ncy.get(_userControl.default['14']).click();\ncy.url().should('eq', 'https://www.tm-robot.com/en/tm14/');\ncy.get(_userControl.default['AI_cobot']).click();\ncy.get(_userControl.default['16']).click();\ncy.url().should('eq', 'https://www.tm-robot.com/en/tm16/');\ncy.get(_userControl.default['AI_cobot']).click();\ncy.get(_userControl.default['20']).click();\ncy.url().should('eq', 'https://www.tm-robot.com/en/tm20/');\ncy.get(_userControl.default['AI_cobot']).click();\ncy.get(_userControl.default['Mobile']).click();\ncy.url().should('eq', 'https://www.tm-robot.com/en/mobile-series/');\ncy.get(_userControl.default['AI_cobot']).click();\ncy.get(_userControl.default['vAOI']).click();\ncy.url().should('eq', 'https://www.tm-robot.com/en/tm-ai-aoi-edge/');\ncy.get(_userControl.default['AI_cobot']).click();\ncy.get(_userControl.default['3D']).click();\ncy.url().should('eq', 'https://www.tm-robot.com/en/tm-3dvision/');\ncy.get(_userControl.default['AI_cobot']).click();\ncy.get(_userControl.default['Add-on']).click();\ncy.url().should('eq', 'https://www.tm-robot.com/en/tm-add-on/');\ncy.get(_userControl.default['AI_cobot']).click();\ncy.get(_userControl.default['Accessories']).click();\ncy.url().should('eq', 'https://www.tm-robot.com/en/accessories-category/accessory-device/');",
                  "err": {},
                  "uuid": "49b55dfc-8c1e-413d-b50c-adbeb5360e27",
                  "parentUUID": "0a091f16-fb19-4d24-a586-46ae9604b17a",
                  "isHook": false,
                  "skipped": false
                },
                {
                  "title": "Solution & Services [AI、Integration Service、Partner Service]",
                  "fullTitle": "達明機器人官網 <語系:英文> - 【首頁連結測試】 Menu bar Solution & Services [AI、Integration Service、Partner Service]",
                  "timedOut": null,
                  "duration": 26963,
                  "state": "passed",
                  "speed": "slow",
                  "pass": true,
                  "fail": false,
                  "pending": false,
                  "context": null,
                  "code": "cy.get(_userControl.default['Solution-Serices']).click();\ncy.get(_userControl.default['TrainingServer']).click();\ncy.url().should('eq', 'https://www.tm-robot.com/en/tm-ai-training-server/');\ncy.get(_userControl.default['Solution-Serices']).click();\ncy.get(_userControl.default['aAOI']).click();\ncy.url().should('eq', 'https://www.tm-robot.com/en/tm-ai-aoi-edge/');\ncy.get(_userControl.default['Solution-Serices']).click();\ncy.get(_userControl.default['Image']).click();\ncy.url().should('eq', 'https://www.tm-robot.com/en/tm-image-manager/');\ncy.get(_userControl.default['Solution-Serices']).click();\ncy.get(_userControl.default['Palletizing']).click();\ncy.url().should('eq', 'https://www.tm-robot.com/en/tm-palletizing-solutions/');\ncy.get(_userControl.default['Solution-Serices']).click();\ncy.get(_userControl.default['Plug&Play']).click();\ncy.url().should('eq', 'https://www.tm-robot.com/en/tm-plugandplay/');",
                  "err": {},
                  "uuid": "ae5a4190-7a38-4a5b-9e38-d5ed6437e5d0",
                  "parentUUID": "0a091f16-fb19-4d24-a586-46ae9604b17a",
                  "isHook": false,
                  "skipped": false
                },
                {
                  "title": "Case Sharing",
                  "fullTitle": "達明機器人官網 <語系:英文> - 【首頁連結測試】 Menu bar Case Sharing",
                  "timedOut": null,
                  "duration": 16128,
                  "state": "passed",
                  "speed": "slow",
                  "pass": true,
                  "fail": false,
                  "pending": false,
                  "context": null,
                  "code": "cy.get(_userControl.default['Case-Sharing']).click();\ncy.get(_userControl.default['Application']).click();\ncy.url().should('eq', 'https://www.tm-robot.com/en/video-application/');\ncy.get(_userControl.default['Case-Sharing']).click();\ncy.get(_userControl.default['Industry']).click();\ncy.url().should('eq', 'https://www.tm-robot.com/en/industry/');\ncy.get(_userControl.default['Case-Sharing']).click();\ncy.get(_userControl.default['Successful']).click();\ncy.url().should('eq', 'https://www.tm-robot.com/en/view-case-study-look/');",
                  "err": {},
                  "uuid": "9db7b5bd-a2a7-49ae-b796-1af3d83f7e2a",
                  "parentUUID": "0a091f16-fb19-4d24-a586-46ae9604b17a",
                  "isHook": false,
                  "skipped": false
                },
                {
                  "title": "Training & Support",
                  "fullTitle": "達明機器人官網 <語系:英文> - 【首頁連結測試】 Menu bar Training & Support",
                  "timedOut": null,
                  "duration": 36576,
                  "state": "passed",
                  "speed": "slow",
                  "pass": true,
                  "fail": false,
                  "pending": false,
                  "context": null,
                  "code": "cy.get(_userControl.default['Training-Support']).click();\ncy.get(_userControl.default['Academic']).click();\ncy.url().should('eq', 'https://www.tm-robot.com/en/tm-academic/');\ncy.get(_userControl.default['Training-Support']).click();\ncy.get(_userControl.default['OnlineTraining']).click();\ncy.url().should('eq', 'https://academic.tm-robot.com/');\ncy.visit('https://www.tm-robot.com/en/');\ncy.get(_userControl.default['Training-Support']).click();\ncy.get(_userControl.default['Contact']).click();\ncy.url().should('eq', 'https://www.tm-robot.com/en/contact-us/');\ncy.get(_userControl.default['Training-Support']).click();\ncy.get(_userControl.default['DownloadCenter']).click();\ncy.url().should('eq', 'https://www.tm-robot.com/en/download-center/');\ncy.get(_userControl.default['Training-Support']).click();\ncy.get(_userControl.default['TechnicalDocument']).click();\ncy.url().should('eq', 'https://www.tm-robot.com/en/docs/');\ncy.get(_userControl.default['Training-Support']).click();\ncy.get(_userControl.default['PartnerArea']).click();\ncy.url().should('eq', 'https://www.tm-robot.com/en/partner-login/');",
                  "err": {},
                  "uuid": "e8ade4a8-a075-4333-8451-d828e4f6fcdc",
                  "parentUUID": "0a091f16-fb19-4d24-a586-46ae9604b17a",
                  "isHook": false,
                  "skipped": false
                },
                {
                  "title": "About Us",
                  "fullTitle": "達明機器人官網 <語系:英文> - 【首頁連結測試】 Menu bar About Us",
                  "timedOut": null,
                  "duration": 31358,
                  "state": "passed",
                  "speed": "slow",
                  "pass": true,
                  "fail": false,
                  "pending": false,
                  "context": null,
                  "code": "cy.get(_userControl.default['About-Us']).click();\ncy.get(_userControl.default['AboutUs']).click();\ncy.url().should('eq', 'https://www.tm-robot.com/en/about-us/');\ncy.get(_userControl.default['About-Us']).click();\ncy.get(_userControl.default['CompanyProfile']).click();\ncy.url().should('eq', 'https://www.tm-robot.com/en/company-profile/');\ncy.get(_userControl.default['About-Us']).click();\ncy.get(_userControl.default['SearchForDistributor']).click();\ncy.url().should('eq', 'https://www.tm-robot.com/en/search-for-distributor/');\ncy.get(_userControl.default['About-Us']).click();\ncy.get(_userControl.default['News']).click();\ncy.url().should('eq', 'https://www.tm-robot.com/en/tm-news/');\ncy.get(_userControl.default['About-Us']).click();\ncy.get(_userControl.default['GlobalEvent']).click();\ncy.url().should('eq', 'https://www.tm-robot.com/events-archive/');\ncy.get(_userControl.default['About-Us']).click();\ncy.get(_userControl.default['OmronNetwork']).click();\ncy.url().should('eq', 'https://www.tm-robot.com/en/techman-x-omron/');",
                  "err": {},
                  "uuid": "72eb0119-79f4-4ff5-822c-667648fb9721",
                  "parentUUID": "0a091f16-fb19-4d24-a586-46ae9604b17a",
                  "isHook": false,
                  "skipped": false
                }
              ],
              "suites": [],
              "passes": [
                "49b55dfc-8c1e-413d-b50c-adbeb5360e27",
                "ae5a4190-7a38-4a5b-9e38-d5ed6437e5d0",
                "9db7b5bd-a2a7-49ae-b796-1af3d83f7e2a",
                "e8ade4a8-a075-4333-8451-d828e4f6fcdc",
                "72eb0119-79f4-4ff5-822c-667648fb9721"
              ],
              "failures": [],
              "pending": [],
              "skipped": [],
              "duration": 174665,
              "root": false,
              "rootEmpty": false,
              "_timeout": 2000
            },
            {
              "uuid": "406969fd-8061-46cc-bcb6-785593347a9b",
              "title": "Applications picture",
              "fullFile": "",
              "file": "",
              "beforeHooks": [],
              "afterHooks": [],
              "tests": [
                {
                  "title": "Food Packaging and Palletizing at Cheese Factory",
                  "fullTitle": "達明機器人官網 <語系:英文> - 【首頁連結測試】 Applications picture Food Packaging and Palletizing at Cheese Factory",
                  "timedOut": null,
                  "duration": 7751,
                  "state": "passed",
                  "speed": "medium",
                  "pass": true,
                  "fail": false,
                  "pending": false,
                  "context": null,
                  "code": "cy.get(_userControl.default['AppTag1']).click();\ncy.url().should('eq', 'https://www.tm-robot.com/en/application-videoapp/food-packaging-and-palletizing-at-cheese-factory/');\nheader = \"Next\";",
                  "err": {},
                  "uuid": "2e00d3ba-a3a0-4226-9e8e-86a4cf268a4d",
                  "parentUUID": "406969fd-8061-46cc-bcb6-785593347a9b",
                  "isHook": false,
                  "skipped": false
                },
                {
                  "title": "TM Robot + AMR Application Example",
                  "fullTitle": "達明機器人官網 <語系:英文> - 【首頁連結測試】 Applications picture TM Robot + AMR Application Example",
                  "timedOut": null,
                  "duration": 8491,
                  "state": "passed",
                  "speed": "medium",
                  "pass": true,
                  "fail": false,
                  "pending": false,
                  "context": null,
                  "code": "cy.get(_userControl.default['AppTag2']).click();\ncy.url().should('eq', 'https://www.tm-robot.com/en/application-videoapp/tm-robot-amr-application-example/');",
                  "err": {},
                  "uuid": "44b58864-3387-45a3-a34b-3ad37f4f1f4c",
                  "parentUUID": "406969fd-8061-46cc-bcb6-785593347a9b",
                  "isHook": false,
                  "skipped": false
                },
                {
                  "title": "Factory Automation: PCB Assembly",
                  "fullTitle": "達明機器人官網 <語系:英文> - 【首頁連結測試】 Applications picture Factory Automation: PCB Assembly",
                  "timedOut": null,
                  "duration": 8163,
                  "state": "passed",
                  "speed": "medium",
                  "pass": true,
                  "fail": false,
                  "pending": false,
                  "context": null,
                  "code": "cy.get(_userControl.default['IndexApplications_BNext']).click();\ncy.get(_userControl.default['AppTag2']).click();\ncy.url().should('eq', 'https://www.tm-robot.com/en/application-videoapp/factory-automation-pcb-assembly/');",
                  "err": {},
                  "uuid": "008ee6fa-93e3-4a73-8b8f-e3e5837f9e4d",
                  "parentUUID": "406969fd-8061-46cc-bcb6-785593347a9b",
                  "isHook": false,
                  "skipped": false
                },
                {
                  "title": "Factory Automation: Automatic Screwing",
                  "fullTitle": "達明機器人官網 <語系:英文> - 【首頁連結測試】 Applications picture Factory Automation: Automatic Screwing",
                  "timedOut": null,
                  "duration": 6933,
                  "state": "passed",
                  "speed": "medium",
                  "pass": true,
                  "fail": false,
                  "pending": false,
                  "context": null,
                  "code": "cy.get(_userControl.default['IndexApplications_BNext']).dblclick();\ncy.get(_userControl.default['AppTag2']).click();\ncy.url().should('eq', 'https://www.tm-robot.com/en/application-videoapp/factory-automation-automatic-screwing/');",
                  "err": {},
                  "uuid": "8a9bd6ad-ff69-4b4a-a864-26d0cc7e8bfe",
                  "parentUUID": "406969fd-8061-46cc-bcb6-785593347a9b",
                  "isHook": false,
                  "skipped": false
                },
                {
                  "title": "Automotive Component Assembly",
                  "fullTitle": "達明機器人官網 <語系:英文> - 【首頁連結測試】 Applications picture Automotive Component Assembly",
                  "timedOut": null,
                  "duration": 8641,
                  "state": "passed",
                  "speed": "medium",
                  "pass": true,
                  "fail": false,
                  "pending": false,
                  "context": null,
                  "code": "cy.get(_userControl.default['IndexApplications_BNext']).dblclick();\ncy.get(_userControl.default['IndexApplications_BNext']).click();\ncy.get(_userControl.default['AppTag2']).click();\ncy.url().should('eq', 'https://www.tm-robot.com/en/application-videoapp/automotive-component-assembly/');",
                  "err": {},
                  "uuid": "1bbd3c26-7bd5-4803-bc7b-c708322ed72e",
                  "parentUUID": "406969fd-8061-46cc-bcb6-785593347a9b",
                  "isHook": false,
                  "skipped": false
                },
                {
                  "title": "TM Robot Frying French Fries",
                  "fullTitle": "達明機器人官網 <語系:英文> - 【首頁連結測試】 Applications picture TM Robot Frying French Fries",
                  "timedOut": null,
                  "duration": 7933,
                  "state": "passed",
                  "speed": "medium",
                  "pass": true,
                  "fail": false,
                  "pending": false,
                  "context": null,
                  "code": "cy.get(_userControl.default['IndexApplications_BNext']).dblclick();\ncy.get(_userControl.default['IndexApplications_BNext']).dblclick();\ncy.get(_userControl.default['AppTag2']).click();\ncy.url().should('eq', 'https://www.tm-robot.com/en/application-videoapp/tm-robot-frying-french-fries/');",
                  "err": {},
                  "uuid": "8a4a8c79-6702-4e85-836c-a116e65ee9b7",
                  "parentUUID": "406969fd-8061-46cc-bcb6-785593347a9b",
                  "isHook": false,
                  "skipped": false
                },
                {
                  "title": "Cooking Takoyaki with TM Robot",
                  "fullTitle": "達明機器人官網 <語系:英文> - 【首頁連結測試】 Applications picture Cooking Takoyaki with TM Robot",
                  "timedOut": null,
                  "duration": 9459,
                  "state": "passed",
                  "speed": "medium",
                  "pass": true,
                  "fail": false,
                  "pending": false,
                  "context": null,
                  "code": "cy.get(_userControl.default['IndexApplications_BNext']).dblclick();\ncy.get(_userControl.default['IndexApplications_BNext']).dblclick();\ncy.get(_userControl.default['IndexApplications_BNext']).click();\ncy.get(_userControl.default['AppTag2']).click();\ncy.url().should('eq', 'https://www.tm-robot.com/en/application-videoapp/cooking-takoyaki-with-tm-robot/');",
                  "err": {},
                  "uuid": "cc90c851-7e8f-4803-b860-23698c1dbd70",
                  "parentUUID": "406969fd-8061-46cc-bcb6-785593347a9b",
                  "isHook": false,
                  "skipped": false
                },
                {
                  "title": "Food Service and Restaurant Industry Application with TM Robot",
                  "fullTitle": "達明機器人官網 <語系:英文> - 【首頁連結測試】 Applications picture Food Service and Restaurant Industry Application with TM Robot",
                  "timedOut": null,
                  "duration": 10381,
                  "state": "passed",
                  "speed": "slow",
                  "pass": true,
                  "fail": false,
                  "pending": false,
                  "context": null,
                  "code": "cy.get(_userControl.default['IndexApplications_BNext']).dblclick();\ncy.get(_userControl.default['IndexApplications_BNext']).dblclick();\ncy.get(_userControl.default['IndexApplications_BNext']).dblclick();\ncy.get(_userControl.default['AppTag2']).click();\ncy.url().should('eq', 'https://www.tm-robot.com/en/application-videoapp/food-service-and-restaurant-industry-application-with-tm-robot/');",
                  "err": {},
                  "uuid": "bbd0d81c-c692-4015-98a3-e0714a7441e3",
                  "parentUUID": "406969fd-8061-46cc-bcb6-785593347a9b",
                  "isHook": false,
                  "skipped": false
                },
                {
                  "title": "Metal Welding",
                  "fullTitle": "達明機器人官網 <語系:英文> - 【首頁連結測試】 Applications picture Metal Welding",
                  "timedOut": null,
                  "duration": 10629,
                  "state": "passed",
                  "speed": "slow",
                  "pass": true,
                  "fail": false,
                  "pending": false,
                  "context": null,
                  "code": "cy.get(_userControl.default['IndexApplications_BNext']).dblclick();\ncy.get(_userControl.default['IndexApplications_BNext']).dblclick();\ncy.get(_userControl.default['IndexApplications_BNext']).dblclick();\ncy.get(_userControl.default['IndexApplications_BNext']).click();\ncy.get(_userControl.default['AppTag2']).click();\ncy.url().should('eq', 'https://www.tm-robot.com/en/application-videoapp/metal-welding/');",
                  "err": {},
                  "uuid": "0ba9a110-fa30-47f5-ade7-0440e5fe1f38",
                  "parentUUID": "406969fd-8061-46cc-bcb6-785593347a9b",
                  "isHook": false,
                  "skipped": false
                },
                {
                  "title": "Screw Driving with Atlas Copco",
                  "fullTitle": "達明機器人官網 <語系:英文> - 【首頁連結測試】 Applications picture Screw Driving with Atlas Copco",
                  "timedOut": null,
                  "duration": 10399,
                  "state": "passed",
                  "speed": "slow",
                  "pass": true,
                  "fail": false,
                  "pending": false,
                  "context": null,
                  "code": "cy.get(_userControl.default['IndexApplications_BNext']).dblclick();\ncy.get(_userControl.default['IndexApplications_BNext']).dblclick();\ncy.get(_userControl.default['IndexApplications_BNext']).dblclick();\ncy.get(_userControl.default['IndexApplications_BNext']).dblclick();\ncy.get(_userControl.default['AppTag2']).click();\ncy.url().should('eq', 'https://www.tm-robot.com/en/application-videoapp/screw-driving-with-atlas-copco/');",
                  "err": {},
                  "uuid": "887467a4-350a-4d34-ac8f-4ed5a639bf80",
                  "parentUUID": "406969fd-8061-46cc-bcb6-785593347a9b",
                  "isHook": false,
                  "skipped": false
                }
              ],
              "suites": [],
              "passes": [
                "2e00d3ba-a3a0-4226-9e8e-86a4cf268a4d",
                "44b58864-3387-45a3-a34b-3ad37f4f1f4c",
                "008ee6fa-93e3-4a73-8b8f-e3e5837f9e4d",
                "8a9bd6ad-ff69-4b4a-a864-26d0cc7e8bfe",
                "1bbd3c26-7bd5-4803-bc7b-c708322ed72e",
                "8a4a8c79-6702-4e85-836c-a116e65ee9b7",
                "cc90c851-7e8f-4803-b860-23698c1dbd70",
                "bbd0d81c-c692-4015-98a3-e0714a7441e3",
                "0ba9a110-fa30-47f5-ade7-0440e5fe1f38",
                "887467a4-350a-4d34-ac8f-4ed5a639bf80"
              ],
              "failures": [],
              "pending": [],
              "skipped": [],
              "duration": 88780,
              "root": false,
              "rootEmpty": false,
              "_timeout": 2000
            },
            {
              "uuid": "949f2dbf-fcac-4b72-933a-cf77b91826c6",
              "title": "AI Cobot Series picture",
              "fullFile": "",
              "file": "",
              "beforeHooks": [],
              "afterHooks": [],
              "tests": [
                {
                  "title": "Models",
                  "fullTitle": "達明機器人官網 <語系:英文> - 【首頁連結測試】 AI Cobot Series picture Models",
                  "timedOut": null,
                  "duration": 44286,
                  "state": "passed",
                  "speed": "slow",
                  "pass": true,
                  "fail": false,
                  "pending": false,
                  "context": null,
                  "code": "cy.visit('https://www.tm-robot.com/en/');\ncy.get('.elementor-element-86c41ae > .elementor-column-wrap > .elementor-widget-wrap > .elementor-element > .elementor-widget-container > .elementor-image > a > .attachment-full').click();\ncy.url().should('eq', 'https://www.tm-robot.com/en/tm5-700/');\ncy.visit('https://www.tm-robot.com/en/');\ncy.get('.elementor-element-5b3c02c > .elementor-column-wrap > .elementor-widget-wrap > .elementor-element > .elementor-widget-container > .elementor-image > a > .attachment-full').click();\ncy.url().should('eq', 'https://www.tm-robot.com/en/tm5-900/');\ncy.visit('https://www.tm-robot.com/en/');\ncy.get('.elementor-element-00ecd04 > .elementor-column-wrap > .elementor-widget-wrap > .elementor-element > .elementor-widget-container > .elementor-image > a > .attachment-full').click();\ncy.url().should('eq', 'https://www.tm-robot.com/en/tm12/');\ncy.visit('https://www.tm-robot.com/en/');\ncy.get('.elementor-element-70d69ed > .elementor-column-wrap > .elementor-widget-wrap > .elementor-element > .elementor-widget-container > .elementor-image > a > .attachment-large').click();\ncy.url().should('eq', 'https://www.tm-robot.com/en/tm14/');\ncy.visit('https://www.tm-robot.com/en/');\ncy.get('.elementor-element-b0cb1b2 > .elementor-column-wrap > .elementor-widget-wrap > .elementor-element > .elementor-widget-container > .elementor-image > a > .attachment-large').click();\ncy.url().should('eq', 'https://www.tm-robot.com/en/tm16/');\ncy.visit('https://www.tm-robot.com/en/');\ncy.get('.elementor-element-dafcbec > .elementor-column-wrap > .elementor-widget-wrap > .elementor-element > .elementor-widget-container > .elementor-image > a > .attachment-large').click();\ncy.url().should('eq', 'https://www.tm-robot.com/en/tm20/');",
                  "err": {},
                  "uuid": "ad95bf93-6507-4011-a018-32fbd67c2da1",
                  "parentUUID": "949f2dbf-fcac-4b72-933a-cf77b91826c6",
                  "isHook": false,
                  "skipped": false
                }
              ],
              "suites": [],
              "passes": [
                "ad95bf93-6507-4011-a018-32fbd67c2da1"
              ],
              "failures": [],
              "pending": [],
              "skipped": [],
              "duration": 44286,
              "root": false,
              "rootEmpty": false,
              "_timeout": 2000
            },
            {
              "uuid": "3cb9f1e7-6ee6-4706-9b3a-e9622dd40202",
              "title": "Footer",
              "fullFile": "",
              "file": "",
              "beforeHooks": [],
              "afterHooks": [],
              "tests": [
                {
                  "title": "AI Cobot [TMRobot、TMvision、Accessories & Software]",
                  "fullTitle": "達明機器人官網 <語系:英文> - 【首頁連結測試】 Footer AI Cobot [TMRobot、TMvision、Accessories & Software]",
                  "timedOut": null,
                  "duration": 42878,
                  "state": "passed",
                  "speed": "slow",
                  "pass": true,
                  "fail": false,
                  "pending": false,
                  "context": null,
                  "code": "cy.visit('https://www.tm-robot.com/en/');\ncy.get('#elementor-tab-title-1731 > .elementor-toggle-icon > .elementor-toggle-icon-closed > .fas').click();\ncy.get('#elementor-tab-content-1731 > ul > :nth-child(1) > a').click();\ncy.url().should('eq', 'https://www.tm-robot.com/en/tm5-700/');\ncy.get('#elementor-tab-title-1731 > .elementor-toggle-icon > .elementor-toggle-icon-closed > .fas').click();\ncy.get('#elementor-tab-content-1731 > ul > :nth-child(2) > a').click();\ncy.url().should('eq', 'https://www.tm-robot.com/en/tm5-900/');\ncy.get('#elementor-tab-title-1731 > .elementor-toggle-icon > .elementor-toggle-icon-closed > .fas').click();\ncy.get('#elementor-tab-content-1731 > ul > :nth-child(3) > a').click();\ncy.url().should('eq', 'https://www.tm-robot.com/en/tm12/');\ncy.get('#elementor-tab-title-1731 > .elementor-toggle-icon > .elementor-toggle-icon-closed > .fas').click();\ncy.get('#elementor-tab-content-1731 > ul > :nth-child(4) > a').click();\ncy.url().should('eq', 'https://www.tm-robot.com/en/tm14/');\ncy.get('#elementor-tab-title-1731 > .elementor-toggle-icon > .elementor-toggle-icon-closed > .fas').click();\ncy.get('#elementor-tab-content-1731 > ul > :nth-child(5) > a').click();\ncy.url().should('eq', 'https://www.tm-robot.com/en/tm16/');\ncy.get('#elementor-tab-title-1731 > .elementor-toggle-icon > .elementor-toggle-icon-closed > .fas').click();\ncy.get('#elementor-tab-content-1731 > ul > :nth-child(6) > a').click();\ncy.url().should('eq', 'https://www.tm-robot.com/en/tm20/');\ncy.get('#elementor-tab-title-1731 > .elementor-toggle-icon > .elementor-toggle-icon-closed > .fas').click();\ncy.get('#elementor-tab-content-1731 > ul > :nth-child(7) > a').click();\ncy.url().should('eq', 'https://www.tm-robot.com/en/mobile-series/');\ncy.get('#elementor-tab-title-1732 > .elementor-toggle-icon > .elementor-toggle-icon-closed > .fas').click();\ncy.get('#elementor-tab-content-1732 > ul > :nth-child(1) > a').click();\ncy.url().should('eq', 'https://www.tm-robot.com/en/tm-ai-aoi-edge/');\ncy.get('#elementor-tab-title-1732 > .elementor-toggle-icon > .elementor-toggle-icon-closed > .fas').click();\ncy.get('#elementor-tab-content-1732 > ul > :nth-child(2) > a').click();\ncy.url().should('eq', 'https://www.tm-robot.com/en/tm-3dvision/');",
                  "err": {},
                  "uuid": "abfb6a6d-9473-42c8-9f06-1f2afd4019dd",
                  "parentUUID": "3cb9f1e7-6ee6-4706-9b3a-e9622dd40202",
                  "isHook": false,
                  "skipped": false
                },
                {
                  "title": "Solution & Services [AI、Integration Service、Partner Service]",
                  "fullTitle": "達明機器人官網 <語系:英文> - 【首頁連結測試】 Footer Solution & Services [AI、Integration Service、Partner Service]",
                  "timedOut": null,
                  "duration": 20861,
                  "state": "passed",
                  "speed": "slow",
                  "pass": true,
                  "fail": false,
                  "pending": false,
                  "context": null,
                  "code": "cy.get('#elementor-tab-title-7271 > .elementor-toggle-icon > .elementor-toggle-icon-closed > .fas').click();\ncy.get('#elementor-tab-content-7271 > ul > :nth-child(1) > a').click();\ncy.url().should('eq', 'https://www.tm-robot.com/en/tm-ai-training-server/');\ncy.get('#elementor-tab-title-7271 > .elementor-toggle-icon > .elementor-toggle-icon-closed > .fas').click();\ncy.get('#elementor-tab-content-7271 > ul > :nth-child(2) > a').click();\ncy.url().should('eq', 'https://www.tm-robot.com/en/tm-ai-aoi-edge/');\ncy.get('#elementor-tab-title-7271 > .elementor-toggle-icon > .elementor-toggle-icon-closed > .fas').click();\ncy.get('#elementor-tab-content-7271 > ul > :nth-child(3) > a').click();\ncy.url().should('eq', 'https://www.tm-robot.com/en/tm-image-manager/');\ncy.get('#elementor-tab-title-7272 > .elementor-toggle-icon > .elementor-toggle-icon-closed > .fas').click();\ncy.get('#elementor-tab-content-7272 > ul > li > a').click();\ncy.url().should('eq', 'https://www.tm-robot.com/en/tm-palletizing-solutions/');\ncy.get('#elementor-tab-title-7273 > .elementor-toggle-icon > .elementor-toggle-icon-closed > .fas').click();\ncy.get('#elementor-tab-content-7273 > ul > li > a').click();\ncy.url().should('eq', 'https://www.tm-robot.com/en/tm-plugandplay/');",
                  "err": {},
                  "uuid": "ec4ed7f3-b389-4bc6-b710-d94db3050b48",
                  "parentUUID": "3cb9f1e7-6ee6-4706-9b3a-e9622dd40202",
                  "isHook": false,
                  "skipped": false
                },
                {
                  "title": "Case Sharing",
                  "fullTitle": "達明機器人官網 <語系:英文> - 【首頁連結測試】 Footer Case Sharing",
                  "timedOut": null,
                  "duration": 12670,
                  "state": "passed",
                  "speed": "slow",
                  "pass": true,
                  "fail": false,
                  "pending": false,
                  "context": null,
                  "code": "// cy.visit('https://www.tm-robot.com/en/')\ncy.get('.elementor-element-23905acc > .elementor-widget-container > .elementor-icon-list-items > :nth-child(1) > a > .elementor-icon-list-text').click();\ncy.url().should('eq', 'https://www.tm-robot.com/en/video-application/');\ncy.get('.elementor-element-23905acc > .elementor-widget-container > .elementor-icon-list-items > :nth-child(2) > a > .elementor-icon-list-text').click();\ncy.url().should('eq', 'https://www.tm-robot.com/en/industry/');\ncy.get('.elementor-element-23905acc > .elementor-widget-container > .elementor-icon-list-items > :nth-child(3) > a > .elementor-icon-list-text').click();\ncy.url().should('eq', 'https://www.tm-robot.com/en/view-case-study-look/');",
                  "err": {},
                  "uuid": "f77b678c-d5cc-47cb-82a0-b0160e428d18",
                  "parentUUID": "3cb9f1e7-6ee6-4706-9b3a-e9622dd40202",
                  "isHook": false,
                  "skipped": false
                },
                {
                  "title": "Traing Support",
                  "fullTitle": "達明機器人官網 <語系:英文> - 【首頁連結測試】 Footer Traing Support",
                  "timedOut": null,
                  "duration": 37227,
                  "state": "passed",
                  "speed": "slow",
                  "pass": true,
                  "fail": false,
                  "pending": false,
                  "context": null,
                  "code": "cy.get('.elementor-element-280e338 > .elementor-widget-container > .elementor-icon-list-items > :nth-child(1) > a > .elementor-icon-list-text').click();\ncy.url().should('eq', 'https://www.tm-robot.com/en/contact-us/');\ncy.get('.elementor-element-280e338 > .elementor-widget-container > .elementor-icon-list-items > :nth-child(2) > a > .elementor-icon-list-text').click();\ncy.url().should('eq', 'https://www.tm-robot.com/en/download-center/');\ncy.get('.elementor-element-280e338 > .elementor-widget-container > .elementor-icon-list-items > :nth-child(3) > a > .elementor-icon-list-text').click();\ncy.url().should('eq', 'https://www.tm-robot.com/en/docs/');\ncy.visit('https://www.tm-robot.com/en/');\ncy.get('.elementor-element-280e338 > .elementor-widget-container > .elementor-icon-list-items > :nth-child(4) > a > .elementor-icon-list-text').click();\ncy.url().should('eq', 'https://academic.tm-robot.com/');\ncy.visit('https://www.tm-robot.com/en/');\ncy.get('.elementor-element-280e338 > .elementor-widget-container > .elementor-icon-list-items > :nth-child(5) > a > .elementor-icon-list-text').click();\ncy.url().should('eq', 'https://www.tm-robot.com/en/tm-academic/');\ncy.get('.elementor-element-280e338 > .elementor-widget-container > .elementor-icon-list-items > :nth-child(6) > a > .elementor-icon-list-text').click();\ncy.url().should('eq', 'https://www.tm-robot.com/en/partner-area/');",
                  "err": {},
                  "uuid": "c464c31c-c0e3-4730-a5b8-58e15ef29b43",
                  "parentUUID": "3cb9f1e7-6ee6-4706-9b3a-e9622dd40202",
                  "isHook": false,
                  "skipped": false
                },
                {
                  "title": "About Us",
                  "fullTitle": "達明機器人官網 <語系:英文> - 【首頁連結測試】 Footer About Us",
                  "timedOut": null,
                  "duration": 33638,
                  "state": "passed",
                  "speed": "slow",
                  "pass": true,
                  "fail": false,
                  "pending": false,
                  "context": null,
                  "code": "cy.visit('https://www.tm-robot.com/en/');\ncy.get('.elementor-element-51bbb9f > .elementor-widget-container > .elementor-icon-list-items > :nth-child(1) > a > .elementor-icon-list-text').click();\ncy.url().should('eq', 'https://www.tm-robot.com/en/about-us/');\ncy.get('.elementor-element-51bbb9f > .elementor-widget-container > .elementor-icon-list-items > :nth-child(2) > a > .elementor-icon-list-text').click();\ncy.url().should('eq', 'https://www.tm-robot.com/en/company-profile/');\ncy.get('.elementor-element-51bbb9f > .elementor-widget-container > .elementor-icon-list-items > :nth-child(3) > a > .elementor-icon-list-text').click();\ncy.url().should('eq', 'https://www.tm-robot.com/en/search-for-distributor/');\ncy.get('.elementor-element-51bbb9f > .elementor-widget-container > .elementor-icon-list-items > :nth-child(4) > a > .elementor-icon-list-text').click();\ncy.url().should('eq', 'https://www.tm-robot.com/en/tm-news/');\ncy.get('.elementor-element-51bbb9f > .elementor-widget-container > .elementor-icon-list-items > :nth-child(5) > a > .elementor-icon-list-text').click();\ncy.url().should('eq', 'https://www.tm-robot.com/events-archive/'); //No en\ncy.get('.elementor-element-51bbb9f > .elementor-widget-container > .elementor-icon-list-items > :nth-child(6) > a > .elementor-icon-list-text').click();\ncy.url().should('eq', 'https://www.tm-robot.com/en/techman-x-omron/');\ncy.get(':nth-child(7) > a > .elementor-icon-list-text').click();\ncy.url().should('eq', 'https://www.tm-robot.com/en/media-library/');",
                  "err": {},
                  "uuid": "1c008efb-f642-4568-bba3-cf4315f69a8d",
                  "parentUUID": "3cb9f1e7-6ee6-4706-9b3a-e9622dd40202",
                  "isHook": false,
                  "skipped": false
                },
                {
                  "title": "TM Icon",
                  "fullTitle": "達明機器人官網 <語系:英文> - 【首頁連結測試】 Footer TM Icon",
                  "timedOut": null,
                  "duration": 5478,
                  "state": "passed",
                  "speed": "medium",
                  "pass": true,
                  "fail": false,
                  "pending": false,
                  "context": null,
                  "code": "cy.visit('https://www.tm-robot.com/en/');\ncy.get(_userControl.default['TM_icon_footer']).click();\ncy.url().should('eq', 'https://www.tm-robot.com/en/');",
                  "err": {},
                  "uuid": "c8ebfa56-b0fe-4d9e-b444-7a6778753a35",
                  "parentUUID": "3cb9f1e7-6ee6-4706-9b3a-e9622dd40202",
                  "isHook": false,
                  "skipped": false
                },
                {
                  "title": "Privacy & Cookies Policy",
                  "fullTitle": "達明機器人官網 <語系:英文> - 【首頁連結測試】 Footer Privacy & Cookies Policy",
                  "timedOut": null,
                  "duration": 10320,
                  "state": "passed",
                  "speed": "slow",
                  "pass": true,
                  "fail": false,
                  "pending": false,
                  "context": null,
                  "code": "cy.visit('https://www.tm-robot.com/en/');\ncy.get(_userControl.default['PrivacyCookiesPolicy']).click();\ncy.url().should('eq', 'https://www.tm-robot.com/en/privacy-cookie-policy/');\ncy.get(_userControl.default['TM_icon_footer']).click();",
                  "err": {},
                  "uuid": "049a84c9-834c-42d4-98b9-49d298f63206",
                  "parentUUID": "3cb9f1e7-6ee6-4706-9b3a-e9622dd40202",
                  "isHook": false,
                  "skipped": false
                }
              ],
              "suites": [],
              "passes": [
                "abfb6a6d-9473-42c8-9f06-1f2afd4019dd",
                "ec4ed7f3-b389-4bc6-b710-d94db3050b48",
                "f77b678c-d5cc-47cb-82a0-b0160e428d18",
                "c464c31c-c0e3-4730-a5b8-58e15ef29b43",
                "1c008efb-f642-4568-bba3-cf4315f69a8d",
                "c8ebfa56-b0fe-4d9e-b444-7a6778753a35",
                "049a84c9-834c-42d4-98b9-49d298f63206"
              ],
              "failures": [],
              "pending": [],
              "skipped": [],
              "duration": 163072,
              "root": false,
              "rootEmpty": false,
              "_timeout": 2000
            }
          ],
          "passes": [],
          "failures": [],
          "pending": [],
          "skipped": [],
          "duration": 0,
          "root": false,
          "rootEmpty": false,
          "_timeout": 2000
        }
      ],
      "passes": [],
      "failures": [],
      "pending": [],
      "skipped": [],
      "duration": 0,
      "root": true,
      "rootEmpty": true,
      "_timeout": 2000
    }
  ],
  "meta": {
    "mocha": {
      "version": "7.0.1"
    },
    "mochawesome": {
      "options": {
        "quiet": false,
        "reportFilename": "mochawesome",
        "saveHtml": true,
        "saveJson": true,
        "consoleReporter": "spec",
        "useInlineDiffs": false,
        "code": true
      },
      "version": "7.1.3"
    },
    "marge": {
      "options": {
        "reportDir": "cypress/results",
        "overwrite": false,
        "html": true,
        "json": true,
        "xml": true
      },
      "version": "6.2.0"
    }
  }
}