{
  "stats": {
    "suites": 18,
    "tests": 79,
    "passes": 65,
    "pending": 0,
    "failures": 14,
    "start": "2022-11-21T02:32:08.531Z",
    "end": "2022-11-21T02:41:45.923Z",
    "duration": 577392,
    "testsRegistered": 79,
    "passPercent": 82.27848101265823,
    "pendingPercent": 0,
    "other": 0,
    "hasOther": false,
    "skipped": 0,
    "hasSkipped": false
  },
  "results": [
    {
      "uuid": "5f2df2fc-979a-4587-907f-50471478d546",
      "title": "",
      "fullFile": "cypress\\e2e\\index_cn.cy.js",
      "file": "cypress\\e2e\\index_cn.cy.js",
      "beforeHooks": [],
      "afterHooks": [],
      "tests": [],
      "suites": [
        {
          "uuid": "12c0da7e-7c88-4ba3-b134-866702b12a81",
          "title": "達明機器人官網 <語系:簡中> - 【首頁連結測試】",
          "fullFile": "",
          "file": "",
          "beforeHooks": [],
          "afterHooks": [],
          "tests": [],
          "suites": [
            {
              "uuid": "7aed1cfb-762c-48ea-9c25-78d2b612034a",
              "title": "Top bar",
              "fullFile": "",
              "file": "",
              "beforeHooks": [],
              "afterHooks": [],
              "tests": [
                {
                  "title": "TM Icon",
                  "fullTitle": "達明機器人官網 <語系:簡中> - 【首頁連結測試】 Top bar TM Icon",
                  "timedOut": null,
                  "duration": 7322,
                  "state": "passed",
                  "speed": "medium",
                  "pass": true,
                  "fail": false,
                  "pending": false,
                  "context": null,
                  "code": "cy.get(_userControl.default['TM_icon_header']).click();\ncy.url().should('eq', 'https://www.tm-robot.com.cn/zh-hans/');",
                  "err": {},
                  "uuid": "b5399da7-f5c4-47e9-9a89-9d35a2095e56",
                  "parentUUID": "7aed1cfb-762c-48ea-9c25-78d2b612034a",
                  "isHook": false,
                  "skipped": false
                },
                {
                  "title": "Login",
                  "fullTitle": "達明機器人官網 <語系:簡中> - 【首頁連結測試】 Top bar Login",
                  "timedOut": null,
                  "duration": 4169,
                  "state": "passed",
                  "speed": "fast",
                  "pass": true,
                  "fail": false,
                  "pending": false,
                  "context": null,
                  "code": "cy.get(_userControl.default['Login']).click();\ncy.url().should('eq', 'https://www.tm-robot.com.cn/zh-hans/login/');",
                  "err": {},
                  "uuid": "e9b5a821-84b5-4fe9-b343-5373b18d2559",
                  "parentUUID": "7aed1cfb-762c-48ea-9c25-78d2b612034a",
                  "isHook": false,
                  "skipped": false
                },
                {
                  "title": "Language changes",
                  "fullTitle": "達明機器人官網 <語系:簡中> - 【首頁連結測試】 Top bar Language changes",
                  "timedOut": null,
                  "duration": 23791,
                  "state": "passed",
                  "speed": "slow",
                  "pass": true,
                  "fail": false,
                  "pending": false,
                  "context": null,
                  "code": "cy.get(_userControl.default['en']).click({\n  force: true\n});\ncy.url().should('eq', 'https://www.tm-robot.com.cn/en/');\ncy.get(_userControl.default['zh_hant']).click({\n  force: true\n});\ncy.url().should('eq', 'https://www.tm-robot.com.cn/zh-hant/');\ncy.get(_userControl.default['de']).click({\n  force: true\n});\ncy.url().should('eq', 'https://www.tm-robot.com.cn/de/');\ncy.get(_userControl.default['ja']).click({\n  force: true\n});\ncy.url().should('eq', 'https://www.tm-robot.com.cn/ja/');\ncy.get(_userControl.default['ko']).click({\n  force: true\n});\ncy.url().should('eq', 'https://www.tm-robot.com.cn/ko/');\ncy.get(_userControl.default['zh_hans']).click({\n  force: true\n});\ncy.url().should('eq', 'https://www.tm-robot.com.cn/zh-hans/');",
                  "err": {},
                  "uuid": "bd302c44-a19e-4754-aa22-0206f798a864",
                  "parentUUID": "7aed1cfb-762c-48ea-9c25-78d2b612034a",
                  "isHook": false,
                  "skipped": false
                }
              ],
              "suites": [],
              "passes": [
                "b5399da7-f5c4-47e9-9a89-9d35a2095e56",
                "e9b5a821-84b5-4fe9-b343-5373b18d2559",
                "bd302c44-a19e-4754-aa22-0206f798a864"
              ],
              "failures": [],
              "pending": [],
              "skipped": [],
              "duration": 35282,
              "root": false,
              "rootEmpty": false,
              "_timeout": 2000
            },
            {
              "uuid": "30b537aa-1868-42f6-b542-d7a4f2c16169",
              "title": "Menu bar",
              "fullFile": "",
              "file": "",
              "beforeHooks": [],
              "afterHooks": [],
              "tests": [],
              "suites": [
                {
                  "uuid": "a98e70d4-8e88-459b-a72b-4965346f4ab2",
                  "title": "AI Cobot [TMRobot、TMvision、配件 & 软体]",
                  "fullFile": "",
                  "file": "",
                  "beforeHooks": [],
                  "afterHooks": [],
                  "tests": [
                    {
                      "title": "TM5-700",
                      "fullTitle": "達明機器人官網 <語系:簡中> - 【首頁連結測試】 Menu bar AI Cobot [TMRobot、TMvision、配件 & 软体] TM5-700",
                      "timedOut": null,
                      "duration": 6526,
                      "state": "passed",
                      "speed": "medium",
                      "pass": true,
                      "fail": false,
                      "pending": false,
                      "context": null,
                      "code": "cy.get(_userControl.default['700_cn']).click();\ncy.url().should('eq', 'https://www.tm-robot.com.cn/zh-hans/tm5-700/');",
                      "err": {},
                      "uuid": "4b310324-e33d-4515-921d-100dd0fb2223",
                      "parentUUID": "a98e70d4-8e88-459b-a72b-4965346f4ab2",
                      "isHook": false,
                      "skipped": false
                    },
                    {
                      "title": "TM5-900",
                      "fullTitle": "達明機器人官網 <語系:簡中> - 【首頁連結測試】 Menu bar AI Cobot [TMRobot、TMvision、配件 & 软体] TM5-900",
                      "timedOut": null,
                      "duration": 6881,
                      "state": "passed",
                      "speed": "medium",
                      "pass": true,
                      "fail": false,
                      "pending": false,
                      "context": null,
                      "code": "cy.get(_userControl.default['900_cn']).click();\ncy.url().should('eq', 'https://www.tm-robot.com.cn/zh-hans/tm5-900/');",
                      "err": {},
                      "uuid": "91655b39-e184-4cec-bdc8-02422212d336",
                      "parentUUID": "a98e70d4-8e88-459b-a72b-4965346f4ab2",
                      "isHook": false,
                      "skipped": false
                    },
                    {
                      "title": "TM12",
                      "fullTitle": "達明機器人官網 <語系:簡中> - 【首頁連結測試】 Menu bar AI Cobot [TMRobot、TMvision、配件 & 软体] TM12",
                      "timedOut": null,
                      "duration": 6395,
                      "state": "passed",
                      "speed": "medium",
                      "pass": true,
                      "fail": false,
                      "pending": false,
                      "context": null,
                      "code": "cy.get(_userControl.default['12_cn']).click();\ncy.url().should('eq', 'https://www.tm-robot.com.cn/zh-hans/tm12/');",
                      "err": {},
                      "uuid": "fa415ce3-9f38-401f-b1aa-153059347b4a",
                      "parentUUID": "a98e70d4-8e88-459b-a72b-4965346f4ab2",
                      "isHook": false,
                      "skipped": false
                    },
                    {
                      "title": "TM14",
                      "fullTitle": "達明機器人官網 <語系:簡中> - 【首頁連結測試】 Menu bar AI Cobot [TMRobot、TMvision、配件 & 软体] TM14",
                      "timedOut": null,
                      "duration": 6878,
                      "state": "passed",
                      "speed": "medium",
                      "pass": true,
                      "fail": false,
                      "pending": false,
                      "context": null,
                      "code": "cy.get(_userControl.default['14_cn']).click();\ncy.url().should('eq', 'https://www.tm-robot.com.cn/zh-hans/tm14/');",
                      "err": {},
                      "uuid": "27cf06e8-71a0-49e0-98e3-4a153f09693c",
                      "parentUUID": "a98e70d4-8e88-459b-a72b-4965346f4ab2",
                      "isHook": false,
                      "skipped": false
                    },
                    {
                      "title": "TM16",
                      "fullTitle": "達明機器人官網 <語系:簡中> - 【首頁連結測試】 Menu bar AI Cobot [TMRobot、TMvision、配件 & 软体] TM16",
                      "timedOut": null,
                      "duration": 6335,
                      "state": "passed",
                      "speed": "medium",
                      "pass": true,
                      "fail": false,
                      "pending": false,
                      "context": null,
                      "code": "cy.get(_userControl.default['16_cn']).click();\ncy.url().should('eq', 'https://www.tm-robot.com.cn/zh-hans/tm16/');",
                      "err": {},
                      "uuid": "b621ec33-2f85-4b59-9bc6-5ad91d3d1158",
                      "parentUUID": "a98e70d4-8e88-459b-a72b-4965346f4ab2",
                      "isHook": false,
                      "skipped": false
                    },
                    {
                      "title": "TM20",
                      "fullTitle": "達明機器人官網 <語系:簡中> - 【首頁連結測試】 Menu bar AI Cobot [TMRobot、TMvision、配件 & 软体] TM20",
                      "timedOut": null,
                      "duration": 6628,
                      "state": "passed",
                      "speed": "medium",
                      "pass": true,
                      "fail": false,
                      "pending": false,
                      "context": null,
                      "code": "cy.get(_userControl.default['20_cn']).click();\ncy.url().should('eq', 'https://www.tm-robot.com.cn/zh-hans/tm20/');",
                      "err": {},
                      "uuid": "388ff96e-9ab9-4bfe-8352-1bc9d8cee98f",
                      "parentUUID": "a98e70d4-8e88-459b-a72b-4965346f4ab2",
                      "isHook": false,
                      "skipped": false
                    },
                    {
                      "title": "移动式机器人版本",
                      "fullTitle": "達明機器人官網 <語系:簡中> - 【首頁連結測試】 Menu bar AI Cobot [TMRobot、TMvision、配件 & 软体] 移动式机器人版本",
                      "timedOut": null,
                      "duration": 6668,
                      "state": "passed",
                      "speed": "medium",
                      "pass": true,
                      "fail": false,
                      "pending": false,
                      "context": null,
                      "code": "cy.get(_userControl.default['Mobile_cn']).click();\ncy.url().should('eq', 'https://www.tm-robot.com.cn/zh-hans/mobile-series/');",
                      "err": {},
                      "uuid": "8cd4df31-409d-43fb-8de1-a893eb48725d",
                      "parentUUID": "a98e70d4-8e88-459b-a72b-4965346f4ab2",
                      "isHook": false,
                      "skipped": false
                    },
                    {
                      "title": "达明AI+视觉检测软件",
                      "fullTitle": "達明機器人官網 <語系:簡中> - 【首頁連結測試】 Menu bar AI Cobot [TMRobot、TMvision、配件 & 软体] 达明AI+视觉检测软件",
                      "timedOut": null,
                      "duration": 5670,
                      "state": "passed",
                      "speed": "medium",
                      "pass": true,
                      "fail": false,
                      "pending": false,
                      "context": null,
                      "code": "cy.get(_userControl.default['vAOI_cn']).click();\ncy.url().should('eq', 'https://www.tm-robot.com.cn/zh-hans/tm-ai-aoi-edge/');",
                      "err": {},
                      "uuid": "95c9d24f-8661-4192-b484-db78bc07bed1",
                      "parentUUID": "a98e70d4-8e88-459b-a72b-4965346f4ab2",
                      "isHook": false,
                      "skipped": false
                    },
                    {
                      "title": "达明3D视觉",
                      "fullTitle": "達明機器人官網 <語系:簡中> - 【首頁連結測試】 Menu bar AI Cobot [TMRobot、TMvision、配件 & 软体] 达明3D视觉",
                      "timedOut": null,
                      "duration": 7105,
                      "state": "passed",
                      "speed": "medium",
                      "pass": true,
                      "fail": false,
                      "pending": false,
                      "context": null,
                      "code": "cy.get(_userControl.default['3D_cn']).click();\ncy.url().should('eq', 'https://www.tm-robot.com.cn/zh-hans/%e8%be%be%e6%98%8e3d%e8%a7%86%e8%a7%89/');",
                      "err": {},
                      "uuid": "861c32c1-c202-46bf-81ef-118fece4ff6d",
                      "parentUUID": "a98e70d4-8e88-459b-a72b-4965346f4ab2",
                      "isHook": false,
                      "skipped": false
                    },
                    {
                      "title": "选配软件",
                      "fullTitle": "達明機器人官網 <語系:簡中> - 【首頁連結測試】 Menu bar AI Cobot [TMRobot、TMvision、配件 & 软体] 选配软件",
                      "timedOut": null,
                      "duration": 8321,
                      "state": "passed",
                      "speed": "medium",
                      "pass": true,
                      "fail": false,
                      "pending": false,
                      "context": null,
                      "code": "cy.get(_userControl.default['Add-on_cn']).click();\ncy.url().should('eq', 'https://www.tm-robot.com.cn/zh-hans/tm-add-on/');",
                      "err": {},
                      "uuid": "20a4f7a1-8fef-4d4c-a603-29b8dcafbc87",
                      "parentUUID": "a98e70d4-8e88-459b-a72b-4965346f4ab2",
                      "isHook": false,
                      "skipped": false
                    },
                    {
                      "title": "扩充配件",
                      "fullTitle": "達明機器人官網 <語系:簡中> - 【首頁連結測試】 Menu bar AI Cobot [TMRobot、TMvision、配件 & 软体] 扩充配件",
                      "timedOut": null,
                      "duration": 7285,
                      "state": "passed",
                      "speed": "medium",
                      "pass": true,
                      "fail": false,
                      "pending": false,
                      "context": null,
                      "code": "cy.get(_userControl.default['Accessories_cn']).click();\ncy.url().should('eq', 'https://www.tm-robot.com.cn/zh-hans/accessories-category/accessory-device-zh-hans/');",
                      "err": {},
                      "uuid": "b2964164-615d-4b90-ba53-29fba5d11eda",
                      "parentUUID": "a98e70d4-8e88-459b-a72b-4965346f4ab2",
                      "isHook": false,
                      "skipped": false
                    }
                  ],
                  "suites": [],
                  "passes": [
                    "4b310324-e33d-4515-921d-100dd0fb2223",
                    "91655b39-e184-4cec-bdc8-02422212d336",
                    "fa415ce3-9f38-401f-b1aa-153059347b4a",
                    "27cf06e8-71a0-49e0-98e3-4a153f09693c",
                    "b621ec33-2f85-4b59-9bc6-5ad91d3d1158",
                    "388ff96e-9ab9-4bfe-8352-1bc9d8cee98f",
                    "8cd4df31-409d-43fb-8de1-a893eb48725d",
                    "95c9d24f-8661-4192-b484-db78bc07bed1",
                    "861c32c1-c202-46bf-81ef-118fece4ff6d",
                    "20a4f7a1-8fef-4d4c-a603-29b8dcafbc87",
                    "b2964164-615d-4b90-ba53-29fba5d11eda"
                  ],
                  "failures": [],
                  "pending": [],
                  "skipped": [],
                  "duration": 74692,
                  "root": false,
                  "rootEmpty": false,
                  "_timeout": 2000
                },
                {
                  "uuid": "ce0dbf54-781d-49f1-83b6-757c43978ca8",
                  "title": "解决方案与自动化服务 [AI、整合服务、合作伙伴服务]",
                  "fullFile": "",
                  "file": "",
                  "beforeHooks": [],
                  "afterHooks": [],
                  "tests": [
                    {
                      "title": "达明AI+训练服务器",
                      "fullTitle": "達明機器人官網 <語系:簡中> - 【首頁連結測試】 Menu bar 解决方案与自动化服务 [AI、整合服务、合作伙伴服务] 达明AI+训练服务器",
                      "timedOut": null,
                      "duration": 7103,
                      "state": "passed",
                      "speed": "medium",
                      "pass": true,
                      "fail": false,
                      "pending": false,
                      "context": null,
                      "code": "cy.get(_userControl.default['TrainingServer_cn']).click();\ncy.url().should('eq', 'https://www.tm-robot.com.cn/zh-hans/%e8%be%be%e6%98%8eai%e8%ae%ad%e7%bb%83%e6%9c%8d%e5%8a%a1%e5%99%a8/');",
                      "err": {},
                      "uuid": "09e4d5cd-8e6d-4678-848b-7da880af48b5",
                      "parentUUID": "ce0dbf54-781d-49f1-83b6-757c43978ca8",
                      "isHook": false,
                      "skipped": false
                    },
                    {
                      "title": "达明AI+视觉检测软件",
                      "fullTitle": "達明機器人官網 <語系:簡中> - 【首頁連結測試】 Menu bar 解决方案与自动化服务 [AI、整合服务、合作伙伴服务] 达明AI+视觉检测软件",
                      "timedOut": null,
                      "duration": 5433,
                      "state": "passed",
                      "speed": "medium",
                      "pass": true,
                      "fail": false,
                      "pending": false,
                      "context": null,
                      "code": "cy.get(_userControl.default['aAOI_cn']).click();\ncy.url().should('eq', 'https://www.tm-robot.com.cn/zh-hans/tm-ai-aoi-edge/');",
                      "err": {},
                      "uuid": "fa5cf15e-4eb4-4dc6-99b5-c984d28e269c",
                      "parentUUID": "ce0dbf54-781d-49f1-83b6-757c43978ca8",
                      "isHook": false,
                      "skipped": false
                    },
                    {
                      "title": "达明图片管理系統",
                      "fullTitle": "達明機器人官網 <語系:簡中> - 【首頁連結測試】 Menu bar 解决方案与自动化服务 [AI、整合服务、合作伙伴服务] 达明图片管理系統",
                      "timedOut": null,
                      "duration": 6351,
                      "state": "passed",
                      "speed": "medium",
                      "pass": true,
                      "fail": false,
                      "pending": false,
                      "context": null,
                      "code": "cy.get(_userControl.default['Image_cn']).click();\ncy.url().should('eq', 'https://www.tm-robot.com.cn/zh-hans/%e8%be%be%e6%98%8e%e5%9b%be%e7%89%87%e7%ae%a1%e7%90%86%e7%b3%bb%e7%b5%b1/');",
                      "err": {},
                      "uuid": "9820882f-e59b-445d-b5f3-73128ea8b909",
                      "parentUUID": "ce0dbf54-781d-49f1-83b6-757c43978ca8",
                      "isHook": false,
                      "skipped": false
                    },
                    {
                      "title": "达明自动化码垛解决方案",
                      "fullTitle": "達明機器人官網 <語系:簡中> - 【首頁連結測試】 Menu bar 解决方案与自动化服务 [AI、整合服务、合作伙伴服务] 达明自动化码垛解决方案",
                      "timedOut": null,
                      "duration": 10075,
                      "state": "passed",
                      "speed": "slow",
                      "pass": true,
                      "fail": false,
                      "pending": false,
                      "context": null,
                      "code": "cy.get(_userControl.default['Palletizing_cn']).click();\ncy.url().should('eq', 'https://www.tm-robot.com.cn/zh-hans/tm-palletizing-solutions/');",
                      "err": {},
                      "uuid": "a1b150b2-b8ea-4d75-8490-6fb51bcb3bc2",
                      "parentUUID": "ce0dbf54-781d-49f1-83b6-757c43978ca8",
                      "isHook": false,
                      "skipped": false
                    },
                    {
                      "title": "达明自动化服务",
                      "fullTitle": "達明機器人官網 <語系:簡中> - 【首頁連結測試】 Menu bar 解决方案与自动化服务 [AI、整合服务、合作伙伴服务] 达明自动化服务",
                      "timedOut": null,
                      "duration": 6666,
                      "state": "passed",
                      "speed": "medium",
                      "pass": true,
                      "fail": false,
                      "pending": false,
                      "context": null,
                      "code": "cy.get(_userControl.default['Automation_cn']).click();\ncy.url().should('eq', 'https://www.tm-robot.com.cn/zh-hans/tm-automation/');",
                      "err": {},
                      "uuid": "a21a97ab-377e-494e-b841-f5bb3dceec72",
                      "parentUUID": "ce0dbf54-781d-49f1-83b6-757c43978ca8",
                      "isHook": false,
                      "skipped": false
                    },
                    {
                      "title": "达明即插即用配件",
                      "fullTitle": "達明機器人官網 <語系:簡中> - 【首頁連結測試】 Menu bar 解决方案与自动化服务 [AI、整合服务、合作伙伴服务] 达明即插即用配件",
                      "timedOut": null,
                      "duration": 6560,
                      "state": "passed",
                      "speed": "medium",
                      "pass": true,
                      "fail": false,
                      "pending": false,
                      "context": null,
                      "code": "cy.get(_userControl.default['Plug&Play_cn']).click();\ncy.url().should('eq', 'https://www.tm-robot.com.cn/zh-hans/tm-plugandplay/');",
                      "err": {},
                      "uuid": "199cbfab-928b-4ab6-b794-8f6e14375d23",
                      "parentUUID": "ce0dbf54-781d-49f1-83b6-757c43978ca8",
                      "isHook": false,
                      "skipped": false
                    }
                  ],
                  "suites": [],
                  "passes": [
                    "09e4d5cd-8e6d-4678-848b-7da880af48b5",
                    "fa5cf15e-4eb4-4dc6-99b5-c984d28e269c",
                    "9820882f-e59b-445d-b5f3-73128ea8b909",
                    "a1b150b2-b8ea-4d75-8490-6fb51bcb3bc2",
                    "a21a97ab-377e-494e-b841-f5bb3dceec72",
                    "199cbfab-928b-4ab6-b794-8f6e14375d23"
                  ],
                  "failures": [],
                  "pending": [],
                  "skipped": [],
                  "duration": 42188,
                  "root": false,
                  "rootEmpty": false,
                  "_timeout": 2000
                },
                {
                  "uuid": "024ccd33-cb43-4af5-b534-39b7a9fc4fdf",
                  "title": "实例应用",
                  "fullFile": "",
                  "file": "",
                  "beforeHooks": [],
                  "afterHooks": [],
                  "tests": [
                    {
                      "title": "应用视频",
                      "fullTitle": "達明機器人官網 <語系:簡中> - 【首頁連結測試】 Menu bar 实例应用 应用视频",
                      "timedOut": null,
                      "duration": 6408,
                      "state": "passed",
                      "speed": "medium",
                      "pass": true,
                      "fail": false,
                      "pending": false,
                      "context": null,
                      "code": "cy.get(_userControl.default['Application_cn']).click();\ncy.url().should('eq', 'https://www.tm-robot.com.cn/zh-hans/video-application/');",
                      "err": {},
                      "uuid": "532805dd-03b6-4211-aaef-a74a7cdde1ee",
                      "parentUUID": "024ccd33-cb43-4af5-b534-39b7a9fc4fdf",
                      "isHook": false,
                      "skipped": false
                    },
                    {
                      "title": "产业视频",
                      "fullTitle": "達明機器人官網 <語系:簡中> - 【首頁連結測試】 Menu bar 实例应用 产业视频",
                      "timedOut": null,
                      "duration": 5928,
                      "state": "passed",
                      "speed": "medium",
                      "pass": true,
                      "fail": false,
                      "pending": false,
                      "context": null,
                      "code": "cy.get(_userControl.default['Industry_cn']).click();\ncy.url().should('eq', 'https://www.tm-robot.com.cn/zh-hans/video-industry/');",
                      "err": {},
                      "uuid": "cf9ccdc0-2a6f-413f-a038-456dd37e0d97",
                      "parentUUID": "024ccd33-cb43-4af5-b534-39b7a9fc4fdf",
                      "isHook": false,
                      "skipped": false
                    },
                    {
                      "title": "成功案例",
                      "fullTitle": "達明機器人官網 <語系:簡中> - 【首頁連結測試】 Menu bar 实例应用 成功案例",
                      "timedOut": null,
                      "duration": 6165,
                      "state": "passed",
                      "speed": "medium",
                      "pass": true,
                      "fail": false,
                      "pending": false,
                      "context": null,
                      "code": "cy.get(_userControl.default['Successful_cn']).click();\ncy.url().should('eq', 'https://www.tm-robot.com.cn/zh-hans/view-case-study-look/');",
                      "err": {},
                      "uuid": "4a0a2561-d14d-4a1e-948b-007e54717aac",
                      "parentUUID": "024ccd33-cb43-4af5-b534-39b7a9fc4fdf",
                      "isHook": false,
                      "skipped": false
                    }
                  ],
                  "suites": [],
                  "passes": [
                    "532805dd-03b6-4211-aaef-a74a7cdde1ee",
                    "cf9ccdc0-2a6f-413f-a038-456dd37e0d97",
                    "4a0a2561-d14d-4a1e-948b-007e54717aac"
                  ],
                  "failures": [],
                  "pending": [],
                  "skipped": [],
                  "duration": 18501,
                  "root": false,
                  "rootEmpty": false,
                  "_timeout": 2000
                },
                {
                  "uuid": "d998d806-5b60-448f-8b20-368a5a0116f0",
                  "title": "教学训练与支援 [教育训练、顾客支援]",
                  "fullFile": "",
                  "file": "",
                  "beforeHooks": [],
                  "afterHooks": [],
                  "tests": [
                    {
                      "title": "在線課程",
                      "fullTitle": "達明機器人官網 <語系:簡中> - 【首頁連結測試】 Menu bar 教学训练与支援 [教育训练、顾客支援] 在線課程",
                      "timedOut": null,
                      "duration": 6564,
                      "state": "passed",
                      "speed": "medium",
                      "pass": true,
                      "fail": false,
                      "pending": false,
                      "context": null,
                      "code": "cy.get(_userControl.default['OnlineTraining_cn']).click();\ncy.url().should('eq', 'https://academic.tm-robot.com/');",
                      "err": {},
                      "uuid": "ba2bdcce-063f-4486-90de-7a6956954c08",
                      "parentUUID": "d998d806-5b60-448f-8b20-368a5a0116f0",
                      "isHook": false,
                      "skipped": false
                    },
                    {
                      "title": "联系我们",
                      "fullTitle": "達明機器人官網 <語系:簡中> - 【首頁連結測試】 Menu bar 教学训练与支援 [教育训练、顾客支援] 联系我们",
                      "timedOut": null,
                      "duration": 6267,
                      "state": "passed",
                      "speed": "medium",
                      "pass": true,
                      "fail": false,
                      "pending": false,
                      "context": null,
                      "code": "cy.get(_userControl.default['Contact_cn']).click();\ncy.url().should('eq', 'https://www.tm-robot.com.cn/zh-hans/contact-us/');",
                      "err": {},
                      "uuid": "74cec1b8-fc25-43d8-aeb6-7d0c181c8139",
                      "parentUUID": "d998d806-5b60-448f-8b20-368a5a0116f0",
                      "isHook": false,
                      "skipped": false
                    },
                    {
                      "title": "档案下载中心",
                      "fullTitle": "達明機器人官網 <語系:簡中> - 【首頁連結測試】 Menu bar 教学训练与支援 [教育训练、顾客支援] 档案下载中心",
                      "timedOut": null,
                      "duration": 7199,
                      "state": "passed",
                      "speed": "medium",
                      "pass": true,
                      "fail": false,
                      "pending": false,
                      "context": null,
                      "code": "cy.get(_userControl.default['DownloadCenter_cn']).click();\ncy.url().should('eq', 'https://www.tm-robot.com.cn/zh-hans/download-center/');",
                      "err": {},
                      "uuid": "87b9c55d-a32b-48d1-930a-e24d7bbd542e",
                      "parentUUID": "d998d806-5b60-448f-8b20-368a5a0116f0",
                      "isHook": false,
                      "skipped": false
                    },
                    {
                      "title": "合作伙伴 ＆ 经销商专区",
                      "fullTitle": "達明機器人官網 <語系:簡中> - 【首頁連結測試】 Menu bar 教学训练与支援 [教育训练、顾客支援] 合作伙伴 ＆ 经销商专区",
                      "timedOut": null,
                      "duration": 7106,
                      "state": "passed",
                      "speed": "medium",
                      "pass": true,
                      "fail": false,
                      "pending": false,
                      "context": null,
                      "code": "cy.get(_userControl.default['PartnerArea_cn']).click();\ncy.url().should('eq', 'https://www.tm-robot.com.cn/zh-hans/partner-login/');",
                      "err": {},
                      "uuid": "09afa62c-7a83-4f97-9e61-8114fedc2613",
                      "parentUUID": "d998d806-5b60-448f-8b20-368a5a0116f0",
                      "isHook": false,
                      "skipped": false
                    }
                  ],
                  "suites": [],
                  "passes": [
                    "ba2bdcce-063f-4486-90de-7a6956954c08",
                    "74cec1b8-fc25-43d8-aeb6-7d0c181c8139",
                    "87b9c55d-a32b-48d1-930a-e24d7bbd542e",
                    "09afa62c-7a83-4f97-9e61-8114fedc2613"
                  ],
                  "failures": [],
                  "pending": [],
                  "skipped": [],
                  "duration": 27136,
                  "root": false,
                  "rootEmpty": false,
                  "_timeout": 2000
                },
                {
                  "uuid": "5205b105-d90b-4358-a02a-b276b600e051",
                  "title": "关于我们",
                  "fullFile": "",
                  "file": "",
                  "beforeHooks": [],
                  "afterHooks": [],
                  "tests": [
                    {
                      "title": "关于我们",
                      "fullTitle": "達明機器人官網 <語系:簡中> - 【首頁連結測試】 Menu bar 关于我们 关于我们",
                      "timedOut": null,
                      "duration": 5435,
                      "state": "passed",
                      "speed": "medium",
                      "pass": true,
                      "fail": false,
                      "pending": false,
                      "context": null,
                      "code": "cy.get(_userControl.default['AboutUs_cn']).click();\ncy.url().should('eq', 'https://www.tm-robot.com.cn/zh-hans/about-us/');",
                      "err": {},
                      "uuid": "4622036c-b4d6-4887-94d2-15ec497faf9c",
                      "parentUUID": "5205b105-d90b-4358-a02a-b276b600e051",
                      "isHook": false,
                      "skipped": false
                    },
                    {
                      "title": "公司简介",
                      "fullTitle": "達明機器人官網 <語系:簡中> - 【首頁連結測試】 Menu bar 关于我们 公司简介",
                      "timedOut": null,
                      "duration": 5909,
                      "state": "passed",
                      "speed": "medium",
                      "pass": true,
                      "fail": false,
                      "pending": false,
                      "context": null,
                      "code": "cy.get(_userControl.default['CompanyProfile_cn']).click();\ncy.url().should('eq', 'https://www.tm-robot.com.cn/zh-hans/company-profile/');",
                      "err": {},
                      "uuid": "a925909d-b982-4d84-aa99-609b3c9e3b01",
                      "parentUUID": "5205b105-d90b-4358-a02a-b276b600e051",
                      "isHook": false,
                      "skipped": false
                    },
                    {
                      "title": "寻找代理商",
                      "fullTitle": "達明機器人官網 <語系:簡中> - 【首頁連結測試】 Menu bar 关于我们 寻找代理商",
                      "timedOut": null,
                      "duration": 6447,
                      "state": "passed",
                      "speed": "medium",
                      "pass": true,
                      "fail": false,
                      "pending": false,
                      "context": null,
                      "code": "cy.get(_userControl.default['SearchForDistributor_cn']).click();\ncy.url().should('eq', 'https://www.tm-robot.com.cn/zh-hans/search-for-distributor/');",
                      "err": {},
                      "uuid": "4ac235ef-37fb-430e-a11b-17fecba8b058",
                      "parentUUID": "5205b105-d90b-4358-a02a-b276b600e051",
                      "isHook": false,
                      "skipped": false
                    },
                    {
                      "title": "达明新闻",
                      "fullTitle": "達明機器人官網 <語系:簡中> - 【首頁連結測試】 Menu bar 关于我们 达明新闻",
                      "timedOut": null,
                      "duration": 7201,
                      "state": "passed",
                      "speed": "medium",
                      "pass": true,
                      "fail": false,
                      "pending": false,
                      "context": null,
                      "code": "cy.get(_userControl.default['News_cn']).click();\ncy.url().should('eq', 'https://www.tm-robot.com.cn/zh-hans/tm-news/');",
                      "err": {},
                      "uuid": "78deeea7-9166-41f7-a263-bae78bae81ea",
                      "parentUUID": "5205b105-d90b-4358-a02a-b276b600e051",
                      "isHook": false,
                      "skipped": false
                    },
                    {
                      "title": "全球活动",
                      "fullTitle": "達明機器人官網 <語系:簡中> - 【首頁連結測試】 Menu bar 关于我们 全球活动",
                      "timedOut": null,
                      "duration": 7468,
                      "state": "passed",
                      "speed": "medium",
                      "pass": true,
                      "fail": false,
                      "pending": false,
                      "context": null,
                      "code": "cy.get(_userControl.default['GlobalEvent_cn']).click();\ncy.url().should('eq', 'https://www.tm-robot.com.cn/zh-hans/events-archive/');",
                      "err": {},
                      "uuid": "00c77b29-7cc1-4b01-b98c-662f0b8330d9",
                      "parentUUID": "5205b105-d90b-4358-a02a-b276b600e051",
                      "isHook": false,
                      "skipped": false
                    },
                    {
                      "title": "欧姆龙合作伙伴",
                      "fullTitle": "達明機器人官網 <語系:簡中> - 【首頁連結測試】 Menu bar 关于我们 欧姆龙合作伙伴",
                      "timedOut": null,
                      "duration": 7405,
                      "state": "passed",
                      "speed": "medium",
                      "pass": true,
                      "fail": false,
                      "pending": false,
                      "context": null,
                      "code": "cy.get(_userControl.default['OmronNetwork_cn']).click();\ncy.url().should('eq', 'https://www.tm-robot.com.cn/zh-hans/techman-x-omron/');",
                      "err": {},
                      "uuid": "e7885d07-4a36-44dc-b584-ee3ba2f0e593",
                      "parentUUID": "5205b105-d90b-4358-a02a-b276b600e051",
                      "isHook": false,
                      "skipped": false
                    }
                  ],
                  "suites": [],
                  "passes": [
                    "4622036c-b4d6-4887-94d2-15ec497faf9c",
                    "a925909d-b982-4d84-aa99-609b3c9e3b01",
                    "4ac235ef-37fb-430e-a11b-17fecba8b058",
                    "78deeea7-9166-41f7-a263-bae78bae81ea",
                    "00c77b29-7cc1-4b01-b98c-662f0b8330d9",
                    "e7885d07-4a36-44dc-b584-ee3ba2f0e593"
                  ],
                  "failures": [],
                  "pending": [],
                  "skipped": [],
                  "duration": 39865,
                  "root": false,
                  "rootEmpty": false,
                  "_timeout": 2000
                }
              ],
              "passes": [],
              "failures": [],
              "pending": [],
              "skipped": [],
              "duration": 0,
              "root": false,
              "rootEmpty": false,
              "_timeout": 2000
            },
            {
              "uuid": "e291e909-5361-472e-86ed-5c61174539fc",
              "title": "实例应用名稱",
              "fullFile": "",
              "file": "",
              "beforeHooks": [],
              "afterHooks": [],
              "tests": [
                {
                  "title": "起司工厂食物包装与堆栈应用范例",
                  "fullTitle": "達明機器人官網 <語系:簡中> - 【首頁連結測試】 实例应用名稱 起司工厂食物包装与堆栈应用范例",
                  "timedOut": null,
                  "duration": 7137,
                  "state": "passed",
                  "speed": "medium",
                  "pass": true,
                  "fail": false,
                  "pending": false,
                  "context": null,
                  "code": "cy.contains('起司工厂食物包装与堆栈应用范例').click();\ncy.url().should('eq', 'https://www.tm-robot.com.cn/zh-hans/application-videoapp/%e8%b5%b7%e5%8f%b8%e5%b7%a5%e5%8e%82%e9%a3%9f%e7%89%a9%e5%8c%85%e8%a3%85%e4%b8%8e%e5%a0%86%e6%a0%88%e5%ba%94%e7%94%a8%e8%8c%83%e4%be%8b/');\nheader = \"Next\";",
                  "err": {},
                  "uuid": "c24bc40c-48b6-43e2-8fe5-e682dfe3932b",
                  "parentUUID": "e291e909-5361-472e-86ed-5c61174539fc",
                  "isHook": false,
                  "skipped": false
                },
                {
                  "title": "TM Robot + AMR 应用范例",
                  "fullTitle": "達明機器人官網 <語系:簡中> - 【首頁連結測試】 实例应用名稱 TM Robot + AMR 应用范例",
                  "timedOut": null,
                  "duration": 8266,
                  "state": "passed",
                  "speed": "medium",
                  "pass": true,
                  "fail": false,
                  "pending": false,
                  "context": null,
                  "code": "cy.contains('TM Robot + AMR 应用范例').click();\ncy.url().should('eq', 'https://www.tm-robot.com.cn/zh-hans/application-videoapp/tm-robot-amr-%e5%ba%94%e7%94%a8%e8%8c%83%e4%be%8b/');",
                  "err": {},
                  "uuid": "70d1e42c-4dbb-4b84-98bb-5e04a1231599",
                  "parentUUID": "e291e909-5361-472e-86ed-5c61174539fc",
                  "isHook": false,
                  "skipped": false
                },
                {
                  "title": "工厂自动化: PCB组装",
                  "fullTitle": "達明機器人官網 <語系:簡中> - 【首頁連結測試】 实例应用名稱 工厂自动化: PCB组装",
                  "timedOut": null,
                  "duration": 6773,
                  "state": "passed",
                  "speed": "medium",
                  "pass": true,
                  "fail": false,
                  "pending": false,
                  "context": null,
                  "code": "cy.get(_userControl.default['IndexApplications_BNext']).click();\ncy.contains('工厂自动化: PCB组装').click();\ncy.url().should('eq', 'https://www.tm-robot.com.cn/zh-hans/application-videoapp/%e5%b7%a5%e5%8e%82%e8%87%aa%e5%8a%a8%e5%8c%96-pcb%e7%bb%84%e8%a3%85/');",
                  "err": {},
                  "uuid": "dcccda44-f618-4805-9d14-d1bd303d19b3",
                  "parentUUID": "e291e909-5361-472e-86ed-5c61174539fc",
                  "isHook": false,
                  "skipped": false
                },
                {
                  "title": "工厂自动化: 螺丝锁附",
                  "fullTitle": "達明機器人官網 <語系:簡中> - 【首頁連結測試】 实例应用名稱 工厂自动化: 螺丝锁附",
                  "timedOut": null,
                  "duration": 5763,
                  "state": "passed",
                  "speed": "medium",
                  "pass": true,
                  "fail": false,
                  "pending": false,
                  "context": null,
                  "code": "cy.get(_userControl.default['IndexApplications_BNext']).dblclick();\ncy.contains('工厂自动化: 螺丝锁附').click({\n  force: true\n});\ncy.url().should('eq', 'https://www.tm-robot.com.cn/zh-hans/application-videoapp/%e5%b7%a5%e5%8e%82%e8%87%aa%e5%8a%a8%e5%8c%96-%e8%9e%ba%e4%b8%9d%e9%94%81%e9%99%84/');",
                  "err": {},
                  "uuid": "02b9f0dd-fc18-4037-85e1-b3a8081acd19",
                  "parentUUID": "e291e909-5361-472e-86ed-5c61174539fc",
                  "isHook": false,
                  "skipped": false
                },
                {
                  "title": "车用零件组装",
                  "fullTitle": "達明機器人官網 <語系:簡中> - 【首頁連結測試】 实例应用名稱 车用零件组装",
                  "timedOut": null,
                  "duration": 5672,
                  "state": "passed",
                  "speed": "medium",
                  "pass": true,
                  "fail": false,
                  "pending": false,
                  "context": null,
                  "code": "cy.get(_userControl.default['IndexApplications_BNext']).dblclick();\ncy.get(_userControl.default['IndexApplications_BNext']).click();\ncy.contains('车用零件组装').click({\n  force: true\n});\ncy.url().should('eq', 'https://www.tm-robot.com.cn/zh-hans/application-videoapp/%e8%bd%a6%e7%94%a8%e9%9b%b6%e4%bb%b6%e7%bb%84%e8%a3%85/');",
                  "err": {},
                  "uuid": "0021368d-d1c2-4dce-a589-36aee2c8b733",
                  "parentUUID": "e291e909-5361-472e-86ed-5c61174539fc",
                  "isHook": false,
                  "skipped": false
                },
                {
                  "title": "食品处理: 炸土豆条",
                  "fullTitle": "達明機器人官網 <語系:簡中> - 【首頁連結測試】 实例应用名稱 食品处理: 炸土豆条",
                  "timedOut": null,
                  "duration": 8246,
                  "state": "passed",
                  "speed": "medium",
                  "pass": true,
                  "fail": false,
                  "pending": false,
                  "context": null,
                  "code": "cy.get(_userControl.default['IndexApplications_BNext']).dblclick();\ncy.get(_userControl.default['IndexApplications_BNext']).dblclick();\ncy.contains('食品处理: 炸土豆条').click({\n  force: true\n});\ncy.url().should('eq', 'https://www.tm-robot.com.cn/zh-hans/application-videoapp/%e9%a3%9f%e5%93%81%e5%a4%84%e7%90%86-%e7%82%b8%e5%9c%9f%e8%b1%86%e6%9d%a1/');",
                  "err": {},
                  "uuid": "de7cb507-50db-4a59-8b05-3d39449cea01",
                  "parentUUID": "e291e909-5361-472e-86ed-5c61174539fc",
                  "isHook": false,
                  "skipped": false
                },
                {
                  "title": "用TM Robot制作章鱼烧",
                  "fullTitle": "達明機器人官網 <語系:簡中> - 【首頁連結測試】 实例应用名稱 用TM Robot制作章鱼烧",
                  "timedOut": null,
                  "duration": 6494,
                  "state": "passed",
                  "speed": "medium",
                  "pass": true,
                  "fail": false,
                  "pending": false,
                  "context": null,
                  "code": "cy.get(_userControl.default['IndexApplications_BNext']).dblclick();\ncy.get(_userControl.default['IndexApplications_BNext']).dblclick();\ncy.get(_userControl.default['IndexApplications_BNext']).click({\n  force: true\n});\ncy.contains('用TM Robot制作章鱼烧').click({\n  force: true\n});\ncy.url().should('eq', 'https://www.tm-robot.com.cn/zh-hans/application-videoapp/%e7%94%a8tm-robot%e5%88%b6%e4%bd%9c%e7%ab%a0%e9%b1%bc%e7%83%a7/');",
                  "err": {},
                  "uuid": "4d34dc6d-a246-4b31-a81a-28a522e88f72",
                  "parentUUID": "e291e909-5361-472e-86ed-5c61174539fc",
                  "isHook": false,
                  "skipped": false
                },
                {
                  "title": "食品餐饮&服务业应用实例",
                  "fullTitle": "達明機器人官網 <語系:簡中> - 【首頁連結測試】 实例应用名稱 食品餐饮&服务业应用实例",
                  "timedOut": null,
                  "duration": 6273,
                  "state": "passed",
                  "speed": "medium",
                  "pass": true,
                  "fail": false,
                  "pending": false,
                  "context": null,
                  "code": "cy.get(_userControl.default['IndexApplications_BNext']).dblclick();\ncy.get(_userControl.default['IndexApplications_BNext']).dblclick();\ncy.get(_userControl.default['IndexApplications_BNext']).dblclick({\n  force: true\n});\ncy.contains('食品餐饮&服务业应用实例').click({\n  force: true\n});\ncy.url().should('eq', 'https://www.tm-robot.com.cn/zh-hans/application-videoapp/%e9%a3%9f%e5%93%81%e9%a4%90%e9%a5%ae%e6%9c%8d%e5%8a%a1%e4%b8%9a%e5%ba%94%e7%94%a8%e5%ae%9e%e4%be%8b/');",
                  "err": {},
                  "uuid": "44bc5911-cff7-4801-8958-76292c465b1c",
                  "parentUUID": "e291e909-5361-472e-86ed-5c61174539fc",
                  "isHook": false,
                  "skipped": false
                },
                {
                  "title": "金属焊接应用",
                  "fullTitle": "達明機器人官網 <語系:簡中> - 【首頁連結測試】 实例应用名稱 金属焊接应用",
                  "timedOut": null,
                  "duration": 6649,
                  "state": "passed",
                  "speed": "medium",
                  "pass": true,
                  "fail": false,
                  "pending": false,
                  "context": null,
                  "code": "cy.get(_userControl.default['IndexApplications_BNext']).dblclick();\ncy.get(_userControl.default['IndexApplications_BNext']).dblclick();\ncy.get(_userControl.default['IndexApplications_BNext']).dblclick({\n  force: true\n});\ncy.get(_userControl.default['IndexApplications_BNext']).click({\n  force: true\n});\ncy.contains('金属焊接应用').click({\n  force: true\n});\ncy.url().should('eq', 'https://www.tm-robot.com.cn/zh-hans/application-videoapp/%e9%87%91%e5%b1%9e%e7%84%8a%e6%8e%a5%e5%ba%94%e7%94%a8/');",
                  "err": {},
                  "uuid": "bd847292-98ad-4e32-99d5-0e4697f5e3b2",
                  "parentUUID": "e291e909-5361-472e-86ed-5c61174539fc",
                  "isHook": false,
                  "skipped": false
                },
                {
                  "title": "Atlas螺丝锁固",
                  "fullTitle": "達明機器人官網 <語系:簡中> - 【首頁連結測試】 实例应用名稱 Atlas螺丝锁固",
                  "timedOut": null,
                  "duration": 6956,
                  "state": "passed",
                  "speed": "medium",
                  "pass": true,
                  "fail": false,
                  "pending": false,
                  "context": null,
                  "code": "cy.get(_userControl.default['IndexApplications_BNext']).dblclick();\ncy.get(_userControl.default['IndexApplications_BNext']).dblclick();\ncy.get(_userControl.default['IndexApplications_BNext']).dblclick({\n  force: true\n});\ncy.get(_userControl.default['IndexApplications_BNext']).dblclick({\n  force: true\n});\ncy.contains('Atlas螺丝锁固').click({\n  force: true\n});\ncy.url().should('eq', 'https://www.tm-robot.com.cn/zh-hans/application-videoapp/atlas%e8%9e%ba%e4%b8%9d%e9%94%81%e5%9b%ba/');",
                  "err": {},
                  "uuid": "a8570060-9b40-40ac-a416-6a7f886375d5",
                  "parentUUID": "e291e909-5361-472e-86ed-5c61174539fc",
                  "isHook": false,
                  "skipped": false
                }
              ],
              "suites": [],
              "passes": [
                "c24bc40c-48b6-43e2-8fe5-e682dfe3932b",
                "70d1e42c-4dbb-4b84-98bb-5e04a1231599",
                "dcccda44-f618-4805-9d14-d1bd303d19b3",
                "02b9f0dd-fc18-4037-85e1-b3a8081acd19",
                "0021368d-d1c2-4dce-a589-36aee2c8b733",
                "de7cb507-50db-4a59-8b05-3d39449cea01",
                "4d34dc6d-a246-4b31-a81a-28a522e88f72",
                "44bc5911-cff7-4801-8958-76292c465b1c",
                "bd847292-98ad-4e32-99d5-0e4697f5e3b2",
                "a8570060-9b40-40ac-a416-6a7f886375d5"
              ],
              "failures": [],
              "pending": [],
              "skipped": [],
              "duration": 68229,
              "root": false,
              "rootEmpty": false,
              "_timeout": 2000
            },
            {
              "uuid": "9b23b772-1705-4316-a022-d5f97a47ce87",
              "title": "AI Cobot Series picture",
              "fullFile": "",
              "file": "",
              "beforeHooks": [],
              "afterHooks": [],
              "tests": [
                {
                  "title": "TM5-700",
                  "fullTitle": "達明機器人官網 <語系:簡中> - 【首頁連結測試】 AI Cobot Series picture TM5-700",
                  "timedOut": null,
                  "duration": 5057,
                  "state": "passed",
                  "speed": "medium",
                  "pass": true,
                  "fail": false,
                  "pending": false,
                  "context": null,
                  "code": "cy.get('.elementor-element-86c41ae > .elementor-column-wrap > .elementor-widget-wrap > .elementor-element > .elementor-widget-container > .elementor-image > a > .attachment-full').click();\ncy.url().should('eq', 'https://www.tm-robot.com.cn/zh-hans/tm5-700/');",
                  "err": {},
                  "uuid": "909c9a87-8542-49ec-9d06-5460e36838d7",
                  "parentUUID": "9b23b772-1705-4316-a022-d5f97a47ce87",
                  "isHook": false,
                  "skipped": false
                },
                {
                  "title": "TM5-900",
                  "fullTitle": "達明機器人官網 <語系:簡中> - 【首頁連結測試】 AI Cobot Series picture TM5-900",
                  "timedOut": null,
                  "duration": 4146,
                  "state": "passed",
                  "speed": "fast",
                  "pass": true,
                  "fail": false,
                  "pending": false,
                  "context": null,
                  "code": "cy.get('.elementor-element-5b3c02c > .elementor-column-wrap > .elementor-widget-wrap > .elementor-element > .elementor-widget-container > .elementor-image > a > .attachment-full').click();\ncy.url().should('eq', 'https://www.tm-robot.com.cn/zh-hans/tm5-900/');",
                  "err": {},
                  "uuid": "df9a54d2-e9d7-4f2c-92be-aa938c6cbb84",
                  "parentUUID": "9b23b772-1705-4316-a022-d5f97a47ce87",
                  "isHook": false,
                  "skipped": false
                },
                {
                  "title": "TM12",
                  "fullTitle": "達明機器人官網 <語系:簡中> - 【首頁連結測試】 AI Cobot Series picture TM12",
                  "timedOut": null,
                  "duration": 4126,
                  "state": "passed",
                  "speed": "fast",
                  "pass": true,
                  "fail": false,
                  "pending": false,
                  "context": null,
                  "code": "cy.get('.elementor-element-00ecd04 > .elementor-column-wrap > .elementor-widget-wrap > .elementor-element > .elementor-widget-container > .elementor-image > a > .attachment-full').click();\ncy.url().should('eq', 'https://www.tm-robot.com.cn/zh-hans/tm12/');",
                  "err": {},
                  "uuid": "d6597bca-11d0-41df-bb70-f433f1e970f7",
                  "parentUUID": "9b23b772-1705-4316-a022-d5f97a47ce87",
                  "isHook": false,
                  "skipped": false
                },
                {
                  "title": "TM14",
                  "fullTitle": "達明機器人官網 <語系:簡中> - 【首頁連結測試】 AI Cobot Series picture TM14",
                  "timedOut": null,
                  "duration": 4243,
                  "state": "passed",
                  "speed": "fast",
                  "pass": true,
                  "fail": false,
                  "pending": false,
                  "context": null,
                  "code": "cy.get('.elementor-element-70d69ed > .elementor-column-wrap > .elementor-widget-wrap > .elementor-element > .elementor-widget-container > .elementor-image > a > .attachment-large').click();\ncy.url().should('eq', 'https://www.tm-robot.com.cn/zh-hans/tm14/');",
                  "err": {},
                  "uuid": "e6ce97eb-0612-436b-bad7-a29f56e10a87",
                  "parentUUID": "9b23b772-1705-4316-a022-d5f97a47ce87",
                  "isHook": false,
                  "skipped": false
                },
                {
                  "title": "TM16",
                  "fullTitle": "達明機器人官網 <語系:簡中> - 【首頁連結測試】 AI Cobot Series picture TM16",
                  "timedOut": null,
                  "duration": 4237,
                  "state": "passed",
                  "speed": "fast",
                  "pass": true,
                  "fail": false,
                  "pending": false,
                  "context": null,
                  "code": "cy.get('.elementor-element-b0cb1b2 > .elementor-column-wrap > .elementor-widget-wrap > .elementor-element > .elementor-widget-container > .elementor-image > a > .attachment-large').click();\ncy.url().should('eq', 'https://www.tm-robot.com.cn/zh-hans/tm16/');",
                  "err": {},
                  "uuid": "69dcfac8-0593-4bf5-a70a-0a78e38cc804",
                  "parentUUID": "9b23b772-1705-4316-a022-d5f97a47ce87",
                  "isHook": false,
                  "skipped": false
                },
                {
                  "title": "TM20",
                  "fullTitle": "達明機器人官網 <語系:簡中> - 【首頁連結測試】 AI Cobot Series picture TM20",
                  "timedOut": null,
                  "duration": 5294,
                  "state": "passed",
                  "speed": "medium",
                  "pass": true,
                  "fail": false,
                  "pending": false,
                  "context": null,
                  "code": "cy.get('.elementor-element-dafcbec > .elementor-column-wrap > .elementor-widget-wrap > .elementor-element > .elementor-widget-container > .elementor-image > a > .attachment-large').click();\ncy.url().should('eq', 'https://www.tm-robot.com.cn/zh-hans/tm20/');",
                  "err": {},
                  "uuid": "37eb81fc-b53a-45bb-8e27-efd3c0b24b12",
                  "parentUUID": "9b23b772-1705-4316-a022-d5f97a47ce87",
                  "isHook": false,
                  "skipped": false
                }
              ],
              "suites": [],
              "passes": [
                "909c9a87-8542-49ec-9d06-5460e36838d7",
                "df9a54d2-e9d7-4f2c-92be-aa938c6cbb84",
                "d6597bca-11d0-41df-bb70-f433f1e970f7",
                "e6ce97eb-0612-436b-bad7-a29f56e10a87",
                "69dcfac8-0593-4bf5-a70a-0a78e38cc804",
                "37eb81fc-b53a-45bb-8e27-efd3c0b24b12"
              ],
              "failures": [],
              "pending": [],
              "skipped": [],
              "duration": 27103,
              "root": false,
              "rootEmpty": false,
              "_timeout": 2000
            },
            {
              "uuid": "2775bc43-d220-4dee-8167-f667ba339ee4",
              "title": "Embrace the Future of Automation",
              "fullFile": "",
              "file": "",
              "beforeHooks": [],
              "afterHooks": [],
              "tests": [
                {
                  "title": "Contact Us",
                  "fullTitle": "達明機器人官網 <語系:簡中> - 【首頁連結測試】 Embrace the Future of Automation Contact Us",
                  "timedOut": null,
                  "duration": 4201,
                  "state": "passed",
                  "speed": "fast",
                  "pass": true,
                  "fail": false,
                  "pending": false,
                  "context": null,
                  "code": "cy.get('.elementor-button-link').click();\ncy.url().should('eq', 'https://www.tm-robot.com.cn/zh-hans/contact-us/');",
                  "err": {},
                  "uuid": "d8478f33-5e95-4f4e-b76a-7f2b709bf5c2",
                  "parentUUID": "2775bc43-d220-4dee-8167-f667ba339ee4",
                  "isHook": false,
                  "skipped": false
                }
              ],
              "suites": [],
              "passes": [
                "d8478f33-5e95-4f4e-b76a-7f2b709bf5c2"
              ],
              "failures": [],
              "pending": [],
              "skipped": [],
              "duration": 4201,
              "root": false,
              "rootEmpty": false,
              "_timeout": 2000
            },
            {
              "uuid": "5c73878a-c454-4ab2-ac54-08c0d3debd56",
              "title": "Footer",
              "fullFile": "",
              "file": "",
              "beforeHooks": [],
              "afterHooks": [],
              "tests": [],
              "suites": [
                {
                  "uuid": "9af27fae-8d25-422f-bd4b-9f66ebab4507",
                  "title": "AI Cobot",
                  "fullFile": "",
                  "file": "",
                  "beforeHooks": [],
                  "afterHooks": [],
                  "tests": [
                    {
                      "title": "TM5-700",
                      "fullTitle": "達明機器人官網 <語系:簡中> - 【首頁連結測試】 Footer AI Cobot TM5-700",
                      "timedOut": null,
                      "duration": 19263,
                      "state": "failed",
                      "speed": null,
                      "pass": false,
                      "fail": true,
                      "pending": false,
                      "context": null,
                      "code": "cy.get('#elementor-tab-title-1451 > .elementor-toggle-icon > .elementor-toggle-icon-closed > .fas').click();\ncy.get('#elementor-tab-content-1451 > ul > :nth-child(1) > a').click();\ncy.url().should('eq', 'https://www.tm-robot.com.cn/zh-hans/tm5-700/');",
                      "err": {
                        "message": "AssertionError: Timed out retrying after 4000ms: expected 'https://www.tm-robot.com/en/tm5-700/' to equal 'https://www.tm-robot.com.cn/zh-hans/tm5-700/'",
                        "estack": "AssertionError: Timed out retrying after 4000ms: expected 'https://www.tm-robot.com/en/tm5-700/' to equal 'https://www.tm-robot.com.cn/zh-hans/tm5-700/'\n    at Context.eval (webpack:///./cypress/e2e/index_cn.cy.js:435:19)",
                        "diff": "- 'https://www.tm-robot.com/en/tm5-700/'\n+ 'https://www.tm-robot.com.cn/zh-hans/tm5-700/'\n"
                      },
                      "uuid": "c36dd5f1-cda0-4b7b-9b49-6365dcc34695",
                      "parentUUID": "9af27fae-8d25-422f-bd4b-9f66ebab4507",
                      "isHook": false,
                      "skipped": false
                    },
                    {
                      "title": "TM5-900",
                      "fullTitle": "達明機器人官網 <語系:簡中> - 【首頁連結測試】 Footer AI Cobot TM5-900",
                      "timedOut": null,
                      "duration": 12307,
                      "state": "failed",
                      "speed": null,
                      "pass": false,
                      "fail": true,
                      "pending": false,
                      "context": null,
                      "code": "cy.get('#elementor-tab-title-1451 > .elementor-toggle-icon > .elementor-toggle-icon-closed > .fas').click();\ncy.get('#elementor-tab-content-1451 > ul > :nth-child(2) > a').click();\ncy.url().should('eq', 'https://www.tm-robot.com.cn/zh-hans/tm5-900/');",
                      "err": {
                        "message": "AssertionError: Timed out retrying after 4000ms: expected 'https://www.tm-robot.com/en/tm5-900/' to equal 'https://www.tm-robot.com.cn/zh-hans/tm5-900/'",
                        "estack": "AssertionError: Timed out retrying after 4000ms: expected 'https://www.tm-robot.com/en/tm5-900/' to equal 'https://www.tm-robot.com.cn/zh-hans/tm5-900/'\n    at Context.eval (webpack:///./cypress/e2e/index_cn.cy.js:441:19)",
                        "diff": "- 'https://www.tm-robot.com/en/tm5-900/'\n+ 'https://www.tm-robot.com.cn/zh-hans/tm5-900/'\n"
                      },
                      "uuid": "026c68d2-7755-41a2-b385-066d1f195caa",
                      "parentUUID": "9af27fae-8d25-422f-bd4b-9f66ebab4507",
                      "isHook": false,
                      "skipped": false
                    },
                    {
                      "title": "TM12",
                      "fullTitle": "達明機器人官網 <語系:簡中> - 【首頁連結測試】 Footer AI Cobot TM12",
                      "timedOut": null,
                      "duration": 13018,
                      "state": "failed",
                      "speed": null,
                      "pass": false,
                      "fail": true,
                      "pending": false,
                      "context": null,
                      "code": "cy.get('#elementor-tab-title-1451 > .elementor-toggle-icon > .elementor-toggle-icon-closed > .fas').click();\ncy.get('#elementor-tab-content-1451 > ul > :nth-child(3) > a').click();\ncy.url().should('eq', 'https://www.tm-robot.com.cn/zh-hans/tm12/');",
                      "err": {
                        "message": "AssertionError: Timed out retrying after 4000ms: expected 'https://www.tm-robot.com/en/tm12/' to equal 'https://www.tm-robot.com.cn/zh-hans/tm12/'",
                        "estack": "AssertionError: Timed out retrying after 4000ms: expected 'https://www.tm-robot.com/en/tm12/' to equal 'https://www.tm-robot.com.cn/zh-hans/tm12/'\n    at Context.eval (webpack:///./cypress/e2e/index_cn.cy.js:447:19)",
                        "diff": "- 'https://www.tm-robot.com/en/tm12/'\n+ 'https://www.tm-robot.com.cn/zh-hans/tm12/'\n"
                      },
                      "uuid": "451b2670-d544-4d26-aee5-9735abde9f1f",
                      "parentUUID": "9af27fae-8d25-422f-bd4b-9f66ebab4507",
                      "isHook": false,
                      "skipped": false
                    },
                    {
                      "title": "TM14",
                      "fullTitle": "達明機器人官網 <語系:簡中> - 【首頁連結測試】 Footer AI Cobot TM14",
                      "timedOut": null,
                      "duration": 11977,
                      "state": "failed",
                      "speed": null,
                      "pass": false,
                      "fail": true,
                      "pending": false,
                      "context": null,
                      "code": "cy.get('#elementor-tab-title-1451 > .elementor-toggle-icon > .elementor-toggle-icon-closed > .fas').click();\ncy.get('#elementor-tab-content-1451 > ul > :nth-child(4) > a').click();\ncy.url().should('eq', 'https://www.tm-robot.com.cn/zh-hans/tm14/');",
                      "err": {
                        "message": "AssertionError: Timed out retrying after 4000ms: expected 'https://www.tm-robot.com/en/tm14/' to equal 'https://www.tm-robot.com.cn/zh-hans/tm14/'",
                        "estack": "AssertionError: Timed out retrying after 4000ms: expected 'https://www.tm-robot.com/en/tm14/' to equal 'https://www.tm-robot.com.cn/zh-hans/tm14/'\n    at Context.eval (webpack:///./cypress/e2e/index_cn.cy.js:453:19)",
                        "diff": "- 'https://www.tm-robot.com/en/tm14/'\n+ 'https://www.tm-robot.com.cn/zh-hans/tm14/'\n"
                      },
                      "uuid": "bc628a4a-4391-4ffe-8ce9-e195b3be8ddc",
                      "parentUUID": "9af27fae-8d25-422f-bd4b-9f66ebab4507",
                      "isHook": false,
                      "skipped": false
                    },
                    {
                      "title": "TM16",
                      "fullTitle": "達明機器人官網 <語系:簡中> - 【首頁連結測試】 Footer AI Cobot TM16",
                      "timedOut": null,
                      "duration": 13317,
                      "state": "failed",
                      "speed": null,
                      "pass": false,
                      "fail": true,
                      "pending": false,
                      "context": null,
                      "code": "cy.get('#elementor-tab-title-1451 > .elementor-toggle-icon > .elementor-toggle-icon-closed > .fas').click();\ncy.get('#elementor-tab-content-1451 > ul > :nth-child(5) > a').click();\ncy.url().should('eq', 'https://www.tm-robot.com.cn/zh-hans/tm16/');",
                      "err": {
                        "message": "AssertionError: Timed out retrying after 4000ms: expected 'https://www.tm-robot.com/en/tm16/' to equal 'https://www.tm-robot.com.cn/zh-hans/tm16/'",
                        "estack": "AssertionError: Timed out retrying after 4000ms: expected 'https://www.tm-robot.com/en/tm16/' to equal 'https://www.tm-robot.com.cn/zh-hans/tm16/'\n    at Context.eval (webpack:///./cypress/e2e/index_cn.cy.js:459:19)",
                        "diff": "- 'https://www.tm-robot.com/en/tm16/'\n+ 'https://www.tm-robot.com.cn/zh-hans/tm16/'\n"
                      },
                      "uuid": "1654434b-fcfe-4063-85c5-2d22db078e9e",
                      "parentUUID": "9af27fae-8d25-422f-bd4b-9f66ebab4507",
                      "isHook": false,
                      "skipped": false
                    },
                    {
                      "title": "TM20",
                      "fullTitle": "達明機器人官網 <語系:簡中> - 【首頁連結測試】 Footer AI Cobot TM20",
                      "timedOut": null,
                      "duration": 13082,
                      "state": "failed",
                      "speed": null,
                      "pass": false,
                      "fail": true,
                      "pending": false,
                      "context": null,
                      "code": "cy.get('#elementor-tab-title-1451 > .elementor-toggle-icon > .elementor-toggle-icon-closed > .fas').click();\ncy.get('#elementor-tab-content-1451 > ul > :nth-child(6) > a').click();\ncy.url().should('eq', 'https://www.tm-robot.com.cn/zh-hans/tm20/');",
                      "err": {
                        "message": "AssertionError: Timed out retrying after 4000ms: expected 'https://www.tm-robot.com/en/tm20/' to equal 'https://www.tm-robot.com.cn/zh-hans/tm20/'",
                        "estack": "AssertionError: Timed out retrying after 4000ms: expected 'https://www.tm-robot.com/en/tm20/' to equal 'https://www.tm-robot.com.cn/zh-hans/tm20/'\n    at Context.eval (webpack:///./cypress/e2e/index_cn.cy.js:465:19)",
                        "diff": "- 'https://www.tm-robot.com/en/tm20/'\n+ 'https://www.tm-robot.com.cn/zh-hans/tm20/'\n"
                      },
                      "uuid": "eb482688-3de4-4e1b-8a51-4ec5daaff6d7",
                      "parentUUID": "9af27fae-8d25-422f-bd4b-9f66ebab4507",
                      "isHook": false,
                      "skipped": false
                    },
                    {
                      "title": "mobile series",
                      "fullTitle": "達明機器人官網 <語系:簡中> - 【首頁連結測試】 Footer AI Cobot mobile series",
                      "timedOut": null,
                      "duration": 12866,
                      "state": "failed",
                      "speed": null,
                      "pass": false,
                      "fail": true,
                      "pending": false,
                      "context": null,
                      "code": "cy.get('#elementor-tab-title-1451 > .elementor-toggle-icon > .elementor-toggle-icon-closed > .fas').click();\ncy.get('#elementor-tab-content-1451 > ul > :nth-child(7) > a').click();\ncy.url().should('eq', 'https://www.tm-robot.com.cn/zh-hans/mobile-series/');",
                      "err": {
                        "message": "AssertionError: Timed out retrying after 4000ms: expected 'https://www.tm-robot.com/en/mobile-series/' to equal 'https://www.tm-robot.com.cn/zh-hans/mobile-series/'",
                        "estack": "AssertionError: Timed out retrying after 4000ms: expected 'https://www.tm-robot.com/en/mobile-series/' to equal 'https://www.tm-robot.com.cn/zh-hans/mobile-series/'\n    at Context.eval (webpack:///./cypress/e2e/index_cn.cy.js:470:19)",
                        "diff": "- 'https://www.tm-robot.com/en/mobile-series/'\n+ 'https://www.tm-robot.com.cn/zh-hans/mobile-series/'\n"
                      },
                      "uuid": "83316cb1-b8c9-45f0-a009-6c14b1491b52",
                      "parentUUID": "9af27fae-8d25-422f-bd4b-9f66ebab4507",
                      "isHook": false,
                      "skipped": false
                    },
                    {
                      "title": "TM AI+ AOI Edge",
                      "fullTitle": "達明機器人官網 <語系:簡中> - 【首頁連結測試】 Footer AI Cobot TM AI+ AOI Edge",
                      "timedOut": null,
                      "duration": 12362,
                      "state": "failed",
                      "speed": null,
                      "pass": false,
                      "fail": true,
                      "pending": false,
                      "context": null,
                      "code": "cy.get('#elementor-tab-title-1452 > .elementor-toggle-icon > .elementor-toggle-icon-closed > .fas').click();\ncy.get('#elementor-tab-content-1452 > ul > :nth-child(1) > a').click();\ncy.url().should('eq', 'https://www.tm-robot.com.cn/zh-hans/tm-ai-aoi-edge/');",
                      "err": {
                        "message": "AssertionError: Timed out retrying after 4000ms: expected 'https://www.tm-robot.com/en/tm-ai-aoi-edge/' to equal 'https://www.tm-robot.com.cn/zh-hans/tm-ai-aoi-edge/'",
                        "estack": "AssertionError: Timed out retrying after 4000ms: expected 'https://www.tm-robot.com/en/tm-ai-aoi-edge/' to equal 'https://www.tm-robot.com.cn/zh-hans/tm-ai-aoi-edge/'\n    at Context.eval (webpack:///./cypress/e2e/index_cn.cy.js:475:19)",
                        "diff": "- 'https://www.tm-robot.com/en/tm-ai-aoi-edge/'\n+ 'https://www.tm-robot.com.cn/zh-hans/tm-ai-aoi-edge/'\n"
                      },
                      "uuid": "fa72c61f-a919-4f76-8a26-9176f8757ef7",
                      "parentUUID": "9af27fae-8d25-422f-bd4b-9f66ebab4507",
                      "isHook": false,
                      "skipped": false
                    },
                    {
                      "title": "TM 3DVision",
                      "fullTitle": "達明機器人官網 <語系:簡中> - 【首頁連結測試】 Footer AI Cobot TM 3DVision",
                      "timedOut": null,
                      "duration": 10992,
                      "state": "failed",
                      "speed": null,
                      "pass": false,
                      "fail": true,
                      "pending": false,
                      "context": null,
                      "code": "cy.get('#elementor-tab-title-1452 > .elementor-toggle-icon > .elementor-toggle-icon-closed > .fas').click();\ncy.get('#elementor-tab-content-1452 > ul > :nth-child(2) > a').click();\ncy.url().should('eq', 'https://www.tm-robot.com.cn/zh-hans/tm-3dvision/');",
                      "err": {
                        "message": "AssertionError: Timed out retrying after 4000ms: expected 'https://tm-robot.oss-cn-hongkong.aliyuncs.com/wp-content/uploads/2020/09/tm-3dvision-scaled.jpg' to equal 'https://www.tm-robot.com.cn/zh-hans/tm-3dvision/'",
                        "estack": "AssertionError: Timed out retrying after 4000ms: expected 'https://tm-robot.oss-cn-hongkong.aliyuncs.com/wp-content/uploads/2020/09/tm-3dvision-scaled.jpg' to equal 'https://www.tm-robot.com.cn/zh-hans/tm-3dvision/'\n    at Context.eval (webpack:///./cypress/e2e/index_cn.cy.js:480:19)",
                        "diff": "- 'https://tm-robot.oss-cn-hongkong.aliyuncs.com/wp-content/uploads/2020/09/tm-3dvision-scaled.jpg'\n+ 'https://www.tm-robot.com.cn/zh-hans/tm-3dvision/'\n"
                      },
                      "uuid": "c12d788b-f3ed-425c-b97d-0e2d41d5b25b",
                      "parentUUID": "9af27fae-8d25-422f-bd4b-9f66ebab4507",
                      "isHook": false,
                      "skipped": false
                    }
                  ],
                  "suites": [],
                  "passes": [],
                  "failures": [
                    "c36dd5f1-cda0-4b7b-9b49-6365dcc34695",
                    "026c68d2-7755-41a2-b385-066d1f195caa",
                    "451b2670-d544-4d26-aee5-9735abde9f1f",
                    "bc628a4a-4391-4ffe-8ce9-e195b3be8ddc",
                    "1654434b-fcfe-4063-85c5-2d22db078e9e",
                    "eb482688-3de4-4e1b-8a51-4ec5daaff6d7",
                    "83316cb1-b8c9-45f0-a009-6c14b1491b52",
                    "fa72c61f-a919-4f76-8a26-9176f8757ef7",
                    "c12d788b-f3ed-425c-b97d-0e2d41d5b25b"
                  ],
                  "pending": [],
                  "skipped": [],
                  "duration": 119184,
                  "root": false,
                  "rootEmpty": false,
                  "_timeout": 2000
                },
                {
                  "uuid": "c059272d-2cc0-429d-ae48-8cabfe035f9a",
                  "title": "Solution & Services",
                  "fullFile": "",
                  "file": "",
                  "beforeHooks": [],
                  "afterHooks": [],
                  "tests": [
                    {
                      "title": "TM AI+ Training Server",
                      "fullTitle": "達明機器人官網 <語系:簡中> - 【首頁連結測試】 Footer Solution & Services TM AI+ Training Server",
                      "timedOut": null,
                      "duration": 4839,
                      "state": "failed",
                      "speed": null,
                      "pass": false,
                      "fail": true,
                      "pending": false,
                      "context": null,
                      "code": "cy.get('#elementor-tab-title-3201 > .elementor-toggle-icon > .elementor-toggle-icon-closed > .fas').click();\ncy.get('#elementor-tab-content-3201 > ul > :nth-child(1) > a').click();\ncy.url().should('eq', 'https://www.tm-robot.com.cn/zh-hans/tm-ai-training-server/');",
                      "err": {
                        "message": "AssertionError: Timed out retrying after 4000ms: Expected to find element: `#elementor-tab-title-3201 > .elementor-toggle-icon > .elementor-toggle-icon-closed > .fas`, but never found it.",
                        "estack": "AssertionError: Timed out retrying after 4000ms: Expected to find element: `#elementor-tab-title-3201 > .elementor-toggle-icon > .elementor-toggle-icon-closed > .fas`, but never found it.\n    at Context.eval (webpack:///./cypress/e2e/index_cn.cy.js:485:13)",
                        "diff": null
                      },
                      "uuid": "f1fe5be6-8e6c-4da5-ba76-d9797a56fdf7",
                      "parentUUID": "c059272d-2cc0-429d-ae48-8cabfe035f9a",
                      "isHook": false,
                      "skipped": false
                    },
                    {
                      "title": "TM AI+ AOI Edge",
                      "fullTitle": "達明機器人官網 <語系:簡中> - 【首頁連結測試】 Footer Solution & Services TM AI+ AOI Edge",
                      "timedOut": null,
                      "duration": 4582,
                      "state": "failed",
                      "speed": null,
                      "pass": false,
                      "fail": true,
                      "pending": false,
                      "context": null,
                      "code": "cy.get('#elementor-tab-title-3201 > .elementor-toggle-icon > .elementor-toggle-icon-closed > .fas').click();\ncy.get('#elementor-tab-content-3201 > ul > :nth-child(2) > a').click();\ncy.url().should('eq', 'https://www.tm-robot.com.cn/zh-hans/tm-ai-aoi-edge/');",
                      "err": {
                        "message": "AssertionError: Timed out retrying after 4000ms: Expected to find element: `#elementor-tab-title-3201 > .elementor-toggle-icon > .elementor-toggle-icon-closed > .fas`, but never found it.",
                        "estack": "AssertionError: Timed out retrying after 4000ms: Expected to find element: `#elementor-tab-title-3201 > .elementor-toggle-icon > .elementor-toggle-icon-closed > .fas`, but never found it.\n    at Context.eval (webpack:///./cypress/e2e/index_cn.cy.js:490:13)",
                        "diff": null
                      },
                      "uuid": "e387307e-08b6-4cbc-ae69-b98c743631e3",
                      "parentUUID": "c059272d-2cc0-429d-ae48-8cabfe035f9a",
                      "isHook": false,
                      "skipped": false
                    },
                    {
                      "title": "TM Image Manger",
                      "fullTitle": "達明機器人官網 <語系:簡中> - 【首頁連結測試】 Footer Solution & Services TM Image Manger",
                      "timedOut": null,
                      "duration": 4602,
                      "state": "failed",
                      "speed": null,
                      "pass": false,
                      "fail": true,
                      "pending": false,
                      "context": null,
                      "code": "cy.get('#elementor-tab-title-3201 > .elementor-toggle-icon > .elementor-toggle-icon-closed > .fas').click();\ncy.get('#elementor-tab-content-3201 > ul > :nth-child(3) > a').click();\ncy.url().should('eq', 'https://www.tm-robot.com.cn/zh-hans/tm-image-manager/');",
                      "err": {
                        "message": "AssertionError: Timed out retrying after 4000ms: Expected to find element: `#elementor-tab-title-3201 > .elementor-toggle-icon > .elementor-toggle-icon-closed > .fas`, but never found it.",
                        "estack": "AssertionError: Timed out retrying after 4000ms: Expected to find element: `#elementor-tab-title-3201 > .elementor-toggle-icon > .elementor-toggle-icon-closed > .fas`, but never found it.\n    at Context.eval (webpack:///./cypress/e2e/index_cn.cy.js:495:13)",
                        "diff": null
                      },
                      "uuid": "036945fe-564d-4819-a960-87b263149556",
                      "parentUUID": "c059272d-2cc0-429d-ae48-8cabfe035f9a",
                      "isHook": false,
                      "skipped": false
                    },
[...]
                  "title": "Case Sharing",
                  "fullFile": "",
                  "file": "",
                  "beforeHooks": [],
                  "afterHooks": [],
                  "tests": [
                    {
                      "title": "Application",
                      "fullTitle": "達明機器人官網 <語系:簡中> - 【首頁連結測試】 Footer Case Sharing Application",
                      "timedOut": null,
                      "duration": 6451,
                      "state": "passed",
                      "speed": "medium",
                      "pass": true,
                      "fail": false,
                      "pending": false,
                      "context": null,
                      "code": "cy.get('.elementor-element-6f26c609 > .elementor-widget-container > .elementor-icon-list-items > :nth-child(1) > a > .elementor-icon-list-text').click();\ncy.url().should('eq', 'https://www.tm-robot.com.cn/zh-hans/video-application/');",
                      "err": {},
                      "uuid": "3bfe3cb8-a029-4e53-9300-ef12c4509796",
                      "parentUUID": "b32273ba-4c4e-4705-ae9b-666c77699f27",
                      "isHook": false,
                      "skipped": false
                    },
                    {
                      "title": "Industy",
                      "fullTitle": "達明機器人官網 <語系:簡中> - 【首頁連結測試】 Footer Case Sharing Industy",
                      "timedOut": null,
                      "duration": 5515,
                      "state": "passed",
                      "speed": "medium",
                      "pass": true,
                      "fail": false,
                      "pending": false,
                      "context": null,
                      "code": "cy.get('.elementor-element-6f26c609 > .elementor-widget-container > .elementor-icon-list-items > :nth-child(2) > a > .elementor-icon-list-text').click();\ncy.url().should('eq', 'https://www.tm-robot.com.cn/zh-hans/video-industry/');",
                      "err": {},
                      "uuid": "35d788af-dde3-4d1c-ace5-bbdfb3083122",
                      "parentUUID": "b32273ba-4c4e-4705-ae9b-666c77699f27",
                      "isHook": false,
                      "skipped": false
                    },
                    {
                      "title": "Successful Stories",
                      "fullTitle": "達明機器人官網 <語系:簡中> - 【首頁連結測試】 Footer Case Sharing Successful Stories",
                      "timedOut": null,
                      "duration": 5020,
                      "state": "passed",
                      "speed": "medium",
                      "pass": true,
                      "fail": false,
                      "pending": false,
                      "context": null,
                      "code": "cy.get('.elementor-element-6f26c609 > .elementor-widget-container > .elementor-icon-list-items > :nth-child(3) > a > .elementor-icon-list-text').click();\ncy.url().should('eq', 'https://www.tm-robot.com.cn/zh-hans/view-case-study-look/');",
                      "err": {},
                      "uuid": "1ee749ab-9932-41ee-a03e-8d45a2406b0e",
                      "parentUUID": "b32273ba-4c4e-4705-ae9b-666c77699f27",
                      "isHook": false,
                      "skipped": false
                    }
                  ],
                  "suites": [],
                  "passes": [
                    "3bfe3cb8-a029-4e53-9300-ef12c4509796",
                    "35d788af-dde3-4d1c-ace5-bbdfb3083122",
                    "1ee749ab-9932-41ee-a03e-8d45a2406b0e"
                  ],
                  "failures": [],
                  "pending": [],
                  "skipped": [],
                  "duration": 16986,
                  "root": false,
                  "rootEmpty": false,
                  "_timeout": 2000
                },
                {
                  "uuid": "45f2025c-ea84-4571-b688-654742deb3f2",
                  "title": "Traing Support",
                  "fullFile": "",
                  "file": "",
                  "beforeHooks": [],
                  "afterHooks": [],
                  "tests": [
                    {
                      "title": "Contant Us",
                      "fullTitle": "達明機器人官網 <語系:簡中> - 【首頁連結測試】 Footer Traing Support Contant Us",
                      "timedOut": null,
                      "duration": 5951,
                      "state": "passed",
                      "speed": "medium",
                      "pass": true,
                      "fail": false,
                      "pending": false,
                      "context": null,
                      "code": "cy.get('.elementor-element-72e3b1ca > .elementor-widget-container > .elementor-icon-list-items > :nth-child(1) > a > .elementor-icon-list-text').click();\ncy.url().should('eq', 'https://www.tm-robot.com.cn/zh-hans/contact-us/');",
                      "err": {},
                      "uuid": "827bf22e-8b79-46bf-8e64-5a657b89f64a",
                      "parentUUID": "45f2025c-ea84-4571-b688-654742deb3f2",
                      "isHook": false,
                      "skipped": false
                    },
                    {
                      "title": "Download Center",
                      "fullTitle": "達明機器人官網 <語系:簡中> - 【首頁連結測試】 Footer Traing Support Download Center",
                      "timedOut": null,
                      "duration": 5815,
                      "state": "passed",
                      "speed": "medium",
                      "pass": true,
                      "fail": false,
                      "pending": false,
                      "context": null,
                      "code": "cy.get('.elementor-element-72e3b1ca > .elementor-widget-container > .elementor-icon-list-items > :nth-child(2) > a > .elementor-icon-list-text').click();\ncy.url().should('eq', 'https://www.tm-robot.com.cn/zh-hans/download-center/');",
                      "err": {},
                      "uuid": "ab7b6750-1dcc-4e08-b099-59a485f1963f",
                      "parentUUID": "45f2025c-ea84-4571-b688-654742deb3f2",
                      "isHook": false,
                      "skipped": false
                    },
                    {
                      "title": "Online Training",
                      "fullTitle": "達明機器人官網 <語系:簡中> - 【首頁連結測試】 Footer Traing Support Online Training",
                      "timedOut": null,
                      "duration": 6179,
                      "state": "passed",
                      "speed": "medium",
                      "pass": true,
                      "fail": false,
                      "pending": false,
                      "context": null,
                      "code": "cy.get('.elementor-element-72e3b1ca > .elementor-widget-container > .elementor-icon-list-items > :nth-child(3) > a > .elementor-icon-list-text').click();\ncy.wait(2000);\ncy.url().should('eq', 'https://academic.tm-robot.com/');",
                      "err": {},
                      "uuid": "37d2dec4-3b4f-4475-8854-9324d63b40b4",
                      "parentUUID": "45f2025c-ea84-4571-b688-654742deb3f2",
                      "isHook": false,
                      "skipped": false
                    },
                    {
                      "title": "Partner Area",
                      "fullTitle": "達明機器人官網 <語系:簡中> - 【首頁連結測試】 Footer Traing Support Partner Area",
                      "timedOut": null,
                      "duration": 5400,
                      "state": "passed",
                      "speed": "medium",
                      "pass": true,
                      "fail": false,
                      "pending": false,
                      "context": null,
                      "code": "cy.get('.elementor-element-72e3b1ca > .elementor-widget-container > .elementor-icon-list-items > :nth-child(4) > a > .elementor-icon-list-text').click();\ncy.url().should('eq', 'https://www.tm-robot.com.cn/zh-hans/recent_news/');",
                      "err": {},
                      "uuid": "a749220b-bd6a-4cf0-aa8e-75d908ebc53d",
                      "parentUUID": "45f2025c-ea84-4571-b688-654742deb3f2",
                      "isHook": false,
                      "skipped": false
                    }
                  ],
                  "suites": [],
                  "passes": [
                    "827bf22e-8b79-46bf-8e64-5a657b89f64a",
                    "ab7b6750-1dcc-4e08-b099-59a485f1963f",
                    "37d2dec4-3b4f-4475-8854-9324d63b40b4",
                    "a749220b-bd6a-4cf0-aa8e-75d908ebc53d"
                  ],
                  "failures": [],
                  "pending": [],
                  "skipped": [],
                  "duration": 23345,
                  "root": false,
                  "rootEmpty": false,
                  "_timeout": 2000
                },
                {
                  "uuid": "50737e8a-a25e-43ce-97b4-d8a4d055cad0",
                  "title": "About Us",
                  "fullFile": "",
                  "file": "",
                  "beforeHooks": [],
                  "afterHooks": [],
                  "tests": [
                    {
                      "title": "About Techmen Robot",
                      "fullTitle": "達明機器人官網 <語系:簡中> - 【首頁連結測試】 Footer About Us About Techmen Robot",
                      "timedOut": null,
                      "duration": 5011,
                      "state": "passed",
                      "speed": "medium",
                      "pass": true,
                      "fail": false,
                      "pending": false,
                      "context": null,
                      "code": "cy.get('.elementor-element-7b4fe270 > .elementor-widget-container > .elementor-icon-list-items > :nth-child(1) > a > .elementor-icon-list-text').click();\ncy.url().should('eq', 'https://www.tm-robot.com.cn/zh-hans/about-us/');",
                      "err": {},
                      "uuid": "90986641-f124-4801-bae8-cc9b60d60995",
                      "parentUUID": "50737e8a-a25e-43ce-97b4-d8a4d055cad0",
                      "isHook": false,
                      "skipped": false
                    },
                    {
                      "title": "Company Proflie",
                      "fullTitle": "達明機器人官網 <語系:簡中> - 【首頁連結測試】 Footer About Us Company Proflie",
                      "timedOut": null,
                      "duration": 6711,
                      "state": "passed",
                      "speed": "medium",
                      "pass": true,
                      "fail": false,
                      "pending": false,
                      "context": null,
                      "code": "cy.get('.elementor-element-7b4fe270 > .elementor-widget-container > .elementor-icon-list-items > :nth-child(2) > a > .elementor-icon-list-text').click();\ncy.url().should('eq', 'https://www.tm-robot.com.cn/zh-hans/company-profile/');",
                      "err": {},
                      "uuid": "b6a1efd6-7a5d-4e27-a39f-45903c4d3e3e",
                      "parentUUID": "50737e8a-a25e-43ce-97b4-d8a4d055cad0",
                      "isHook": false,
                      "skipped": false
                    },
                    {
                      "title": "Search for Distributor",
                      "fullTitle": "達明機器人官網 <語系:簡中> - 【首頁連結測試】 Footer About Us Search for Distributor",
                      "timedOut": null,
                      "duration": 5376,
                      "state": "passed",
                      "speed": "medium",
                      "pass": true,
                      "fail": false,
                      "pending": false,
                      "context": null,
                      "code": "cy.get('.elementor-element-7b4fe270 > .elementor-widget-container > .elementor-icon-list-items > :nth-child(6) > a > .elementor-icon-list-text').click();\ncy.url().should('eq', 'https://www.tm-robot.com.cn/zh-hans/search-for-distributor/');",
                      "err": {},
                      "uuid": "49c4d417-c787-4f5b-b057-4e46ff3d72ff",
                      "parentUUID": "50737e8a-a25e-43ce-97b4-d8a4d055cad0",
                      "isHook": false,
                      "skipped": false
                    },
                    {
                      "title": "TM News",
                      "fullTitle": "達明機器人官網 <語系:簡中> - 【首頁連結測試】 Footer About Us TM News",
                      "timedOut": null,
                      "duration": 5949,
                      "state": "passed",
                      "speed": "medium",
                      "pass": true,
                      "fail": false,
                      "pending": false,
                      "context": null,
                      "code": "cy.get('.elementor-element-7b4fe270 > .elementor-widget-container > .elementor-icon-list-items > :nth-child(4) > a > .elementor-icon-list-text').click();\ncy.url().should('eq', 'https://www.tm-robot.com.cn/zh-hans/tm-news/');",
                      "err": {},
                      "uuid": "e7769cf2-0757-48c5-a04d-1ae78f6d1473",
                      "parentUUID": "50737e8a-a25e-43ce-97b4-d8a4d055cad0",
                      "isHook": false,
                      "skipped": false
                    },
                    {
                      "title": "Global Event",
                      "fullTitle": "達明機器人官網 <語系:簡中> - 【首頁連結測試】 Footer About Us Global Event",
                      "timedOut": null,
                      "duration": 5760,
                      "state": "passed",
                      "speed": "medium",
                      "pass": true,
                      "fail": false,
                      "pending": false,
                      "context": null,
                      "code": "cy.get('.elementor-element-7b4fe270 > .elementor-widget-container > .elementor-icon-list-items > :nth-child(3) > a > .elementor-icon-list-text').click();\ncy.url().should('eq', 'https://www.tm-robot.com.cn/zh-hans/events-archive/');",
                      "err": {},
                      "uuid": "18ae0683-1141-4f3f-a4be-3956e4cabcce",
                      "parentUUID": "50737e8a-a25e-43ce-97b4-d8a4d055cad0",
                      "isHook": false,
                      "skipped": false
                    },
                    {
                      "title": "Omron Network",
                      "fullTitle": "達明機器人官網 <語系:簡中> - 【首頁連結測試】 Footer About Us Omron Network",
                      "timedOut": null,
                      "duration": 5554,
                      "state": "passed",
                      "speed": "medium",
                      "pass": true,
                      "fail": false,
                      "pending": false,
                      "context": null,
                      "code": "cy.get('.elementor-element-7b4fe270 > .elementor-widget-container > .elementor-icon-list-items > :nth-child(5) > a > .elementor-icon-list-text').click();\ncy.url().should('eq', 'https://www.tm-robot.com.cn/zh-hans/techman-x-omron/');",
                      "err": {},
                      "uuid": "79c947d6-c2a8-4820-90a2-fca3f5ae799f",
                      "parentUUID": "50737e8a-a25e-43ce-97b4-d8a4d055cad0",
                      "isHook": false,
                      "skipped": false
                    },
                    {
                      "title": "Media Library",
                      "fullTitle": "達明機器人官網 <語系:簡中> - 【首頁連結測試】 Footer About Us Media Library",
                      "timedOut": null,
                      "duration": 5757,
                      "state": "passed",
                      "speed": "medium",
                      "pass": true,
                      "fail": false,
                      "pending": false,
                      "context": null,
                      "code": "cy.get(':nth-child(7) > a > .elementor-icon-list-text').click();\ncy.url().should('eq', 'https://www.tm-robot.com.cn/zh-hans/media-library/');",
                      "err": {},
                      "uuid": "e751ad95-040f-4997-aedc-3eeffb7de02b",
                      "parentUUID": "50737e8a-a25e-43ce-97b4-d8a4d055cad0",
                      "isHook": false,
                      "skipped": false
                    }
                  ],
                  "suites": [],
                  "passes": [
                    "90986641-f124-4801-bae8-cc9b60d60995",
                    "b6a1efd6-7a5d-4e27-a39f-45903c4d3e3e",
                    "49c4d417-c787-4f5b-b057-4e46ff3d72ff",
                    "e7769cf2-0757-48c5-a04d-1ae78f6d1473",
                    "18ae0683-1141-4f3f-a4be-3956e4cabcce",
                    "79c947d6-c2a8-4820-90a2-fca3f5ae799f",
                    "e751ad95-040f-4997-aedc-3eeffb7de02b"
                  ],
                  "failures": [],
                  "pending": [],
                  "skipped": [],
                  "duration": 40118,
                  "root": false,
                  "rootEmpty": false,
                  "_timeout": 2000
                },
                {
                  "uuid": "431d7db8-2ab9-429a-834c-13ed81fe72ef",
                  "title": "TM Icon",
                  "fullFile": "",
                  "file": "",
                  "beforeHooks": [],
                  "afterHooks": [],
                  "tests": [
                    {
                      "title": "TM Icon",
                      "fullTitle": "達明機器人官網 <語系:簡中> - 【首頁連結測試】 Footer TM Icon TM Icon",
                      "timedOut": null,
                      "duration": 2978,
                      "state": "passed",
                      "speed": "fast",
                      "pass": true,
                      "fail": false,
                      "pending": false,
                      "context": null,
                      "code": "cy.visit('https://www.tm-robot.com.cn/zh-hans/');\ncy.get(_userControl.default['TM_icon_footer_cn']).click();\ncy.url().should('eq', 'https://www.tm-robot.com.cn/zh-hans/');",
                      "err": {},
                      "uuid": "67872d27-06c0-41ed-8729-06b389f7cae3",
                      "parentUUID": "431d7db8-2ab9-429a-834c-13ed81fe72ef",
                      "isHook": false,
                      "skipped": false
                    }
                  ],
                  "suites": [],
                  "passes": [
                    "67872d27-06c0-41ed-8729-06b389f7cae3"
                  ],
                  "failures": [],
                  "pending": [],
                  "skipped": [],
                  "duration": 2978,
                  "root": false,
                  "rootEmpty": false,
                  "_timeout": 2000
                }
              ],
              "passes": [],
              "failures": [],
              "pending": [],
              "skipped": [],
              "duration": 0,
              "root": false,
              "rootEmpty": false,
              "_timeout": 2000
            }
          ],
          "passes": [],
          "failures": [],
          "pending": [],
          "skipped": [],
          "duration": 0,
          "root": false,
          "rootEmpty": false,
          "_timeout": 2000
        }
      ],
      "passes": [],
      "failures": [],
      "pending": [],
      "skipped": [],
      "duration": 0,
      "root": true,
      "rootEmpty": true,
      "_timeout": 2000
    }
  ],
  "meta": {
    "mocha": {
      "version": "7.0.1"
    },
    "mochawesome": {
      "options": {
        "quiet": false,
        "reportFilename": "mochawesome",
        "saveHtml": true,
        "saveJson": true,
        "consoleReporter": "spec",
        "useInlineDiffs": false,
        "code": true
      },
      "version": "7.1.3"
    },
    "marge": {
      "options": {
        "reportDir": "cypress/results",
        "overwrite": false,
        "html": true,
        "json": true,
        "xml": true
      },
      "version": "6.2.0"
    }
  }
}