{
  "stats": {
    "suites": 17,
    "tests": 88,
    "passes": 88,
    "pending": 0,
    "failures": 0,
    "start": "2022-11-21T03:55:36.108Z",
    "end": "2022-11-21T04:05:31.928Z",
    "duration": 595820,
    "testsRegistered": 88,
    "passPercent": 100,
    "pendingPercent": 0,
    "other": 0,
    "hasOther": false,
    "skipped": 0,
    "hasSkipped": false
  },
  "results": [
    {
      "uuid": "9d12ad5f-977a-429f-8b33-4663a8051570",
      "title": "",
      "fullFile": "cypress\\e2e\\index_zh.cy.js",
      "file": "cypress\\e2e\\index_zh.cy.js",
      "beforeHooks": [],
      "afterHooks": [],
      "tests": [],
      "suites": [
        {
          "uuid": "1deb7688-43f6-47b8-999e-a386f9e8e6cb",
          "title": "達明機器人官網 <語系:繁中> - 【首頁連結測試】",
          "fullFile": "",
          "file": "",
          "beforeHooks": [],
          "afterHooks": [],
          "tests": [],
          "suites": [
            {
              "uuid": "fb5b08f3-dfa4-4f0a-b60e-650fbd81f9e2",
              "title": "Top bar",
              "fullFile": "",
              "file": "",
              "beforeHooks": [],
              "afterHooks": [],
              "tests": [
                {
                  "title": "TM Icon",
                  "fullTitle": "達明機器人官網 <語系:繁中> - 【首頁連結測試】 Top bar TM Icon",
                  "timedOut": null,
                  "duration": 9910,
                  "state": "passed",
                  "speed": "medium",
                  "pass": true,
                  "fail": false,
                  "pending": false,
                  "context": null,
                  "code": "cy.get(_userControl.default['TM_icon_header']).click();\ncy.url().should('eq', 'https://www.tm-robot.com/zh-hant/');",
                  "err": {},
                  "uuid": "033292eb-bc09-4534-8aaa-b32993915237",
                  "parentUUID": "fb5b08f3-dfa4-4f0a-b60e-650fbd81f9e2",
                  "isHook": false,
                  "skipped": false
                },
                {
                  "title": "Login",
                  "fullTitle": "達明機器人官網 <語系:繁中> - 【首頁連結測試】 Top bar Login",
                  "timedOut": null,
                  "duration": 5666,
                  "state": "passed",
                  "speed": "medium",
                  "pass": true,
                  "fail": false,
                  "pending": false,
                  "context": null,
                  "code": "cy.get(_userControl.default['Login']).click();\ncy.url().should('eq', 'https://www.tm-robot.com/zh-hant/login2/');",
                  "err": {},
                  "uuid": "dff92336-feb0-4252-9f84-d673caf38a93",
                  "parentUUID": "fb5b08f3-dfa4-4f0a-b60e-650fbd81f9e2",
                  "isHook": false,
                  "skipped": false
                },
                {
                  "title": "Language changes",
                  "fullTitle": "達明機器人官網 <語系:繁中> - 【首頁連結測試】 Top bar Language changes",
                  "timedOut": null,
                  "duration": 20917,
                  "state": "passed",
                  "speed": "slow",
                  "pass": true,
                  "fail": false,
                  "pending": false,
                  "context": null,
                  "code": "cy.get(_userControl.default['en']).click({\n  force: true\n});\ncy.url().should('eq', 'https://www.tm-robot.com/en/');\ncy.get(_userControl.default['zh_hant']).click({\n  force: true\n});\ncy.url().should('eq', 'https://www.tm-robot.com/zh-hant/');\ncy.get(_userControl.default['de']).click({\n  force: true\n});\ncy.url().should('eq', 'https://www.tm-robot.com/de/');\ncy.get(_userControl.default['ja']).click({\n  force: true\n});\ncy.url().should('eq', 'https://www.tm-robot.com/ja/');\ncy.get(_userControl.default['ko']).click({\n  force: true\n});\ncy.url().should('eq', 'https://www.tm-robot.com/ko/');\ncy.get(_userControl.default['zh_hans']).click({\n  force: true\n});\ncy.url().should('eq', 'https://www.tm-robot.com.cn/zh-hans/');",
                  "err": {},
                  "uuid": "d2c542b3-88cc-45b7-abda-5c6509a1e16d",
                  "parentUUID": "fb5b08f3-dfa4-4f0a-b60e-650fbd81f9e2",
                  "isHook": false,
                  "skipped": false
                }
              ],
              "suites": [],
              "passes": [
                "033292eb-bc09-4534-8aaa-b32993915237",
                "dff92336-feb0-4252-9f84-d673caf38a93",
                "d2c542b3-88cc-45b7-abda-5c6509a1e16d"
              ],
              "failures": [],
              "pending": [],
              "skipped": [],
              "duration": 36493,
              "root": false,
              "rootEmpty": false,
              "_timeout": 2000
            },
            {
              "uuid": "1733d5f1-9824-40b0-b94f-9012e2e307ec",
              "title": "Menu bar",
              "fullFile": "",
              "file": "",
              "beforeHooks": [],
              "afterHooks": [],
              "tests": [],
              "suites": [
                {
                  "uuid": "13cc6782-569c-49a4-8442-984594fe372a",
                  "title": "AI Cobot [TMRobot、TMvision、配件 & 軟體]",
                  "fullFile": "",
                  "file": "",
                  "beforeHooks": [],
                  "afterHooks": [],
                  "tests": [
                    {
                      "title": "TM5-700",
                      "fullTitle": "達明機器人官網 <語系:繁中> - 【首頁連結測試】 Menu bar AI Cobot [TMRobot、TMvision、配件 & 軟體] TM5-700",
                      "timedOut": null,
                      "duration": 6770,
                      "state": "passed",
                      "speed": "medium",
                      "pass": true,
                      "fail": false,
                      "pending": false,
                      "context": null,
                      "code": "cy.get(_userControl.default['700_zh']).click();\ncy.url().should('eq', 'https://www.tm-robot.com/zh-hant/tm5-700/');",
                      "err": {},
                      "uuid": "03d00bff-e7af-4b26-8028-4c655361a3e7",
                      "parentUUID": "13cc6782-569c-49a4-8442-984594fe372a",
                      "isHook": false,
                      "skipped": false
                    },
                    {
                      "title": "TM5-900",
                      "fullTitle": "達明機器人官網 <語系:繁中> - 【首頁連結測試】 Menu bar AI Cobot [TMRobot、TMvision、配件 & 軟體] TM5-900",
                      "timedOut": null,
                      "duration": 7811,
                      "state": "passed",
                      "speed": "medium",
                      "pass": true,
                      "fail": false,
                      "pending": false,
                      "context": null,
                      "code": "cy.get(_userControl.default['900_zh']).click();\ncy.url().should('eq', 'https://www.tm-robot.com/zh-hant/tm5-900/');",
                      "err": {},
                      "uuid": "b606723d-d013-4b1e-865b-58334346715d",
                      "parentUUID": "13cc6782-569c-49a4-8442-984594fe372a",
                      "isHook": false,
                      "skipped": false
                    },
                    {
                      "title": "TM12",
                      "fullTitle": "達明機器人官網 <語系:繁中> - 【首頁連結測試】 Menu bar AI Cobot [TMRobot、TMvision、配件 & 軟體] TM12",
                      "timedOut": null,
                      "duration": 8160,
                      "state": "passed",
                      "speed": "medium",
                      "pass": true,
                      "fail": false,
                      "pending": false,
                      "context": null,
                      "code": "cy.get(_userControl.default['12_zh']).click();\ncy.url().should('eq', 'https://www.tm-robot.com/zh-hant/tm12/');",
                      "err": {},
                      "uuid": "a452eadb-c4e5-44b3-a8a1-8ef2096c6a98",
                      "parentUUID": "13cc6782-569c-49a4-8442-984594fe372a",
                      "isHook": false,
                      "skipped": false
                    },
                    {
                      "title": "TM14",
                      "fullTitle": "達明機器人官網 <語系:繁中> - 【首頁連結測試】 Menu bar AI Cobot [TMRobot、TMvision、配件 & 軟體] TM14",
                      "timedOut": null,
                      "duration": 9699,
                      "state": "passed",
                      "speed": "medium",
                      "pass": true,
                      "fail": false,
                      "pending": false,
                      "context": null,
                      "code": "cy.get(_userControl.default['14_zh']).click();\ncy.url().should('eq', 'https://www.tm-robot.com/zh-hant/tm14/');",
                      "err": {},
                      "uuid": "fb755349-9675-4dd9-a438-9d73277c50ee",
                      "parentUUID": "13cc6782-569c-49a4-8442-984594fe372a",
                      "isHook": false,
                      "skipped": false
                    },
                    {
                      "title": "TM16",
                      "fullTitle": "達明機器人官網 <語系:繁中> - 【首頁連結測試】 Menu bar AI Cobot [TMRobot、TMvision、配件 & 軟體] TM16",
                      "timedOut": null,
                      "duration": 6640,
                      "state": "passed",
                      "speed": "medium",
                      "pass": true,
                      "fail": false,
                      "pending": false,
                      "context": null,
                      "code": "cy.get(_userControl.default['16_zh']).click();\ncy.url().should('eq', 'https://www.tm-robot.com/zh-hant/tm16/');",
                      "err": {},
                      "uuid": "6a719698-3c8e-404a-9920-f127b51ab0f1",
                      "parentUUID": "13cc6782-569c-49a4-8442-984594fe372a",
                      "isHook": false,
                      "skipped": false
                    },
                    {
                      "title": "TM20",
                      "fullTitle": "達明機器人官網 <語系:繁中> - 【首頁連結測試】 Menu bar AI Cobot [TMRobot、TMvision、配件 & 軟體] TM20",
                      "timedOut": null,
                      "duration": 6928,
                      "state": "passed",
                      "speed": "medium",
                      "pass": true,
                      "fail": false,
                      "pending": false,
                      "context": null,
                      "code": "cy.get(_userControl.default['20_zh']).click();\ncy.url().should('eq', 'https://www.tm-robot.com/zh-hant/tm20/');",
                      "err": {},
                      "uuid": "1be2d9e5-1a0d-420c-9626-3822006dec75",
                      "parentUUID": "13cc6782-569c-49a4-8442-984594fe372a",
                      "isHook": false,
                      "skipped": false
                    },
                    {
                      "title": "移動式機器人系列",
                      "fullTitle": "達明機器人官網 <語系:繁中> - 【首頁連結測試】 Menu bar AI Cobot [TMRobot、TMvision、配件 & 軟體] 移動式機器人系列",
                      "timedOut": null,
                      "duration": 8346,
                      "state": "passed",
                      "speed": "medium",
                      "pass": true,
                      "fail": false,
                      "pending": false,
                      "context": null,
                      "code": "cy.get(_userControl.default['Mobile_zh']).click();\ncy.url().should('eq', 'https://www.tm-robot.com/zh-hant/mobile-series/');",
                      "err": {},
                      "uuid": "c3787c3a-3a53-4ce5-9157-f48e57c0013e",
                      "parentUUID": "13cc6782-569c-49a4-8442-984594fe372a",
                      "isHook": false,
                      "skipped": false
                    },
                    {
                      "title": "TM AI+ AOI Edge",
                      "fullTitle": "達明機器人官網 <語系:繁中> - 【首頁連結測試】 Menu bar AI Cobot [TMRobot、TMvision、配件 & 軟體] TM AI+ AOI Edge",
                      "timedOut": null,
                      "duration": 8302,
                      "state": "passed",
                      "speed": "medium",
                      "pass": true,
                      "fail": false,
                      "pending": false,
                      "context": null,
                      "code": "cy.get(_userControl.default['vAOI_zh']).click();\ncy.url().should('eq', 'https://www.tm-robot.com/zh-hant/tm-ai-aoi-edge/');",
                      "err": {},
                      "uuid": "a0f84913-a98d-49ae-bdce-cb3812e5eee5",
                      "parentUUID": "13cc6782-569c-49a4-8442-984594fe372a",
                      "isHook": false,
                      "skipped": false
                    },
                    {
                      "title": "TM 3DVision",
                      "fullTitle": "達明機器人官網 <語系:繁中> - 【首頁連結測試】 Menu bar AI Cobot [TMRobot、TMvision、配件 & 軟體] TM 3DVision",
                      "timedOut": null,
                      "duration": 7079,
                      "state": "passed",
                      "speed": "medium",
                      "pass": true,
                      "fail": false,
                      "pending": false,
                      "context": null,
                      "code": "cy.get(_userControl.default['3D_zh']).click();\ncy.url().should('eq', 'https://www.tm-robot.com/zh-hant/tm-3dvision/');",
                      "err": {},
                      "uuid": "dc171984-48c3-4c40-bf0f-9d146f57329a",
                      "parentUUID": "13cc6782-569c-49a4-8442-984594fe372a",
                      "isHook": false,
                      "skipped": false
                    },
                    {
                      "title": "加值軟體",
                      "fullTitle": "達明機器人官網 <語系:繁中> - 【首頁連結測試】 Menu bar AI Cobot [TMRobot、TMvision、配件 & 軟體] 加值軟體",
                      "timedOut": null,
                      "duration": 7924,
                      "state": "passed",
                      "speed": "medium",
                      "pass": true,
                      "fail": false,
                      "pending": false,
                      "context": null,
                      "code": "cy.get(_userControl.default['Add-on_zh']).click();\ncy.url().should('eq', 'https://www.tm-robot.com/zh-hant/tm-add-on/');",
                      "err": {},
                      "uuid": "8a24b63d-b5cd-4a15-a23b-a71750ad40fc",
                      "parentUUID": "13cc6782-569c-49a4-8442-984594fe372a",
                      "isHook": false,
                      "skipped": false
                    },
                    {
                      "title": "擴充配件",
                      "fullTitle": "達明機器人官網 <語系:繁中> - 【首頁連結測試】 Menu bar AI Cobot [TMRobot、TMvision、配件 & 軟體] 擴充配件",
                      "timedOut": null,
                      "duration": 6413,
                      "state": "passed",
                      "speed": "medium",
                      "pass": true,
                      "fail": false,
                      "pending": false,
                      "context": null,
                      "code": "cy.get(_userControl.default['Accessories_zh']).click();\ncy.url().should('eq', 'https://www.tm-robot.com/zh-hant/accessories-category/accessory-device-zh-hant/');",
                      "err": {},
                      "uuid": "639e6dca-8e4a-46c1-bd65-d49e37ca01af",
                      "parentUUID": "13cc6782-569c-49a4-8442-984594fe372a",
                      "isHook": false,
                      "skipped": false
                    }
                  ],
                  "suites": [],
                  "passes": [
                    "03d00bff-e7af-4b26-8028-4c655361a3e7",
                    "b606723d-d013-4b1e-865b-58334346715d",
                    "a452eadb-c4e5-44b3-a8a1-8ef2096c6a98",
                    "fb755349-9675-4dd9-a438-9d73277c50ee",
                    "6a719698-3c8e-404a-9920-f127b51ab0f1",
                    "1be2d9e5-1a0d-420c-9626-3822006dec75",
                    "c3787c3a-3a53-4ce5-9157-f48e57c0013e",
                    "a0f84913-a98d-49ae-bdce-cb3812e5eee5",
                    "dc171984-48c3-4c40-bf0f-9d146f57329a",
                    "8a24b63d-b5cd-4a15-a23b-a71750ad40fc",
                    "639e6dca-8e4a-46c1-bd65-d49e37ca01af"
                  ],
                  "failures": [],
                  "pending": [],
                  "skipped": [],
                  "duration": 84072,
                  "root": false,
                  "rootEmpty": false,
                  "_timeout": 2000
                },
                {
                  "uuid": "83357298-5802-4244-9c40-f6ec33a32f47",
                  "title": "解决方案與自動化服務 [AI、整合服務、合作夥伴服務]",
                  "fullFile": "",
                  "file": "",
                  "beforeHooks": [],
                  "afterHooks": [],
                  "tests": [
                    {
                      "title": "TM AI+ 訓練伺服器",
                      "fullTitle": "達明機器人官網 <語系:繁中> - 【首頁連結測試】 Menu bar 解决方案與自動化服務 [AI、整合服務、合作夥伴服務] TM AI+ 訓練伺服器",
                      "timedOut": null,
                      "duration": 12368,
                      "state": "passed",
                      "speed": "slow",
                      "pass": true,
                      "fail": false,
                      "pending": false,
                      "context": null,
                      "code": "cy.get(_userControl.default['TrainingServer_zh']).click();\ncy.url().should('eq', 'https://www.tm-robot.com/zh-hant/tm-ai-%e8%a8%93%e7%b7%b4%e4%bc%ba%e6%9c%8d%e5%99%a8/');",
                      "err": {},
                      "uuid": "63f3011f-3a36-4872-8374-a6c876ed32dd",
                      "parentUUID": "83357298-5802-4244-9c40-f6ec33a32f47",
                      "isHook": false,
                      "skipped": false
                    },
                    {
                      "title": "TM AI+ AOI Edge",
                      "fullTitle": "達明機器人官網 <語系:繁中> - 【首頁連結測試】 Menu bar 解决方案與自動化服務 [AI、整合服務、合作夥伴服務] TM AI+ AOI Edge",
                      "timedOut": null,
                      "duration": 6564,
                      "state": "passed",
                      "speed": "medium",
                      "pass": true,
                      "fail": false,
                      "pending": false,
                      "context": null,
                      "code": "cy.get(_userControl.default['aAOI_zh']).click();\ncy.url().should('eq', 'https://www.tm-robot.com/zh-hant/tm-ai-aoi-edge/');",
                      "err": {},
                      "uuid": "db05c902-12b1-4168-83c8-b8a7ff54fc6d",
                      "parentUUID": "83357298-5802-4244-9c40-f6ec33a32f47",
                      "isHook": false,
                      "skipped": false
                    },
                    {
                      "title": "TM Image Manager",
                      "fullTitle": "達明機器人官網 <語系:繁中> - 【首頁連結測試】 Menu bar 解决方案與自動化服務 [AI、整合服務、合作夥伴服務] TM Image Manager",
                      "timedOut": null,
                      "duration": 6559,
                      "state": "passed",
                      "speed": "medium",
                      "pass": true,
                      "fail": false,
                      "pending": false,
                      "context": null,
                      "code": "cy.get(_userControl.default['Image_zh']).click();\ncy.url().should('eq', 'https://www.tm-robot.com/zh-hant/tm-image-manager/');",
                      "err": {},
                      "uuid": "6c7a0adb-9e6f-409a-8133-dfc9a31446fd",
                      "parentUUID": "83357298-5802-4244-9c40-f6ec33a32f47",
                      "isHook": false,
                      "skipped": false
                    },
                    {
                      "title": "TM Palletizing 解決方案",
                      "fullTitle": "達明機器人官網 <語系:繁中> - 【首頁連結測試】 Menu bar 解决方案與自動化服務 [AI、整合服務、合作夥伴服務] TM Palletizing 解決方案",
                      "timedOut": null,
                      "duration": 5577,
                      "state": "passed",
                      "speed": "medium",
                      "pass": true,
                      "fail": false,
                      "pending": false,
                      "context": null,
                      "code": "cy.get(_userControl.default['Palletizing_zh']).click();\ncy.url().should('eq', 'https://www.tm-robot.com/zh-hant/tm-palletizing-solutions/');",
                      "err": {},
                      "uuid": "7997b551-6d87-46b6-b6cb-5a4505cb0a84",
                      "parentUUID": "83357298-5802-4244-9c40-f6ec33a32f47",
                      "isHook": false,
                      "skipped": false
                    },
                    {
                      "title": "TM Automation",
                      "fullTitle": "達明機器人官網 <語系:繁中> - 【首頁連結測試】 Menu bar 解决方案與自動化服務 [AI、整合服務、合作夥伴服務] TM Automation",
                      "timedOut": null,
                      "duration": 6683,
                      "state": "passed",
                      "speed": "medium",
                      "pass": true,
                      "fail": false,
                      "pending": false,
                      "context": null,
                      "code": "cy.get(_userControl.default['Automation_zh']).click();\ncy.url().should('eq', 'https://www.tm-robot.com/zh-hant/automation/');",
                      "err": {},
                      "uuid": "03ad0e50-fad7-4dae-89bb-511d53f34056",
                      "parentUUID": "83357298-5802-4244-9c40-f6ec33a32f47",
                      "isHook": false,
                      "skipped": false
                    },
                    {
                      "title": "TM Plug&Play",
                      "fullTitle": "達明機器人官網 <語系:繁中> - 【首頁連結測試】 Menu bar 解决方案與自動化服務 [AI、整合服務、合作夥伴服務] TM Plug&Play",
                      "timedOut": null,
                      "duration": 7255,
                      "state": "passed",
                      "speed": "medium",
                      "pass": true,
                      "fail": false,
                      "pending": false,
                      "context": null,
                      "code": "cy.get(_userControl.default['Plug&Play_zh']).click();\ncy.url().should('eq', 'https://www.tm-robot.com/zh-hant/tm-plugandplay/');",
                      "err": {},
                      "uuid": "6b3af559-32c9-4cbb-b150-c899910e5d1c",
                      "parentUUID": "83357298-5802-4244-9c40-f6ec33a32f47",
                      "isHook": false,
                      "skipped": false
                    },
                    {
                      "title": "TM Partner 解決方案",
                      "fullTitle": "達明機器人官網 <語系:繁中> - 【首頁連結測試】 Menu bar 解决方案與自動化服務 [AI、整合服務、合作夥伴服務] TM Partner 解決方案",
                      "timedOut": null,
                      "duration": 6293,
                      "state": "passed",
                      "speed": "medium",
                      "pass": true,
                      "fail": false,
                      "pending": false,
                      "context": null,
                      "code": "cy.get(_userControl.default['Partner_zh']).click();\ncy.url().should('eq', 'https://www.tm-robot.com/zh-hant/tm-partner-solution/');",
                      "err": {},
                      "uuid": "3950966b-30df-4c11-9ae4-c7ee98eeb676",
                      "parentUUID": "83357298-5802-4244-9c40-f6ec33a32f47",
                      "isHook": false,
                      "skipped": false
                    }
                  ],
                  "suites": [],
                  "passes": [
                    "63f3011f-3a36-4872-8374-a6c876ed32dd",
                    "db05c902-12b1-4168-83c8-b8a7ff54fc6d",
                    "6c7a0adb-9e6f-409a-8133-dfc9a31446fd",
                    "7997b551-6d87-46b6-b6cb-5a4505cb0a84",
                    "03ad0e50-fad7-4dae-89bb-511d53f34056",
                    "6b3af559-32c9-4cbb-b150-c899910e5d1c",
                    "3950966b-30df-4c11-9ae4-c7ee98eeb676"
                  ],
                  "failures": [],
                  "pending": [],
                  "skipped": [],
                  "duration": 51299,
                  "root": false,
                  "rootEmpty": false,
                  "_timeout": 2000
                },
                {
                  "uuid": "af02a39b-a56a-483d-8b58-47832c900ff0",
                  "title": "實例應用",
                  "fullFile": "",
                  "file": "",
                  "beforeHooks": [],
                  "afterHooks": [],
                  "tests": [
                    {
                      "title": "應用影片",
                      "fullTitle": "達明機器人官網 <語系:繁中> - 【首頁連結測試】 Menu bar 實例應用 應用影片",
                      "timedOut": null,
                      "duration": 7430,
                      "state": "passed",
                      "speed": "medium",
                      "pass": true,
                      "fail": false,
                      "pending": false,
                      "context": null,
                      "code": "cy.get(_userControl.default['Application_zh']).click();\ncy.url().should('eq', 'https://www.tm-robot.com/zh-hant/video-application/');",
                      "err": {},
                      "uuid": "cbf90199-fa09-4631-82bf-ea452c0fae2a",
                      "parentUUID": "af02a39b-a56a-483d-8b58-47832c900ff0",
                      "isHook": false,
                      "skipped": false
                    },
                    {
                      "title": "產業影片",
                      "fullTitle": "達明機器人官網 <語系:繁中> - 【首頁連結測試】 Menu bar 實例應用 產業影片",
                      "timedOut": null,
                      "duration": 6444,
                      "state": "passed",
                      "speed": "medium",
                      "pass": true,
                      "fail": false,
                      "pending": false,
                      "context": null,
                      "code": "cy.get(_userControl.default['Industry_zh']).click();\ncy.url().should('eq', 'https://www.tm-robot.com/zh-hant/video-industry/');",
                      "err": {},
                      "uuid": "8066fc57-a185-4f73-a097-0efae2fe73e3",
                      "parentUUID": "af02a39b-a56a-483d-8b58-47832c900ff0",
                      "isHook": false,
                      "skipped": false
                    },
                    {
                      "title": "成功案例",
                      "fullTitle": "達明機器人官網 <語系:繁中> - 【首頁連結測試】 Menu bar 實例應用 成功案例",
                      "timedOut": null,
                      "duration": 7819,
                      "state": "passed",
                      "speed": "medium",
                      "pass": true,
                      "fail": false,
                      "pending": false,
                      "context": null,
                      "code": "cy.get(_userControl.default['Successful_zh']).click();\ncy.url().should('eq', 'https://www.tm-robot.com/zh-hant/view-case-study-look/');",
                      "err": {},
                      "uuid": "9c740a04-4e1e-4bf2-a206-05ebdab8e30a",
                      "parentUUID": "af02a39b-a56a-483d-8b58-47832c900ff0",
                      "isHook": false,
                      "skipped": false
                    }
                  ],
                  "suites": [],
                  "passes": [
                    "cbf90199-fa09-4631-82bf-ea452c0fae2a",
                    "8066fc57-a185-4f73-a097-0efae2fe73e3",
                    "9c740a04-4e1e-4bf2-a206-05ebdab8e30a"
                  ],
                  "failures": [],
                  "pending": [],
                  "skipped": [],
                  "duration": 21693,
                  "root": false,
                  "rootEmpty": false,
                  "_timeout": 2000
                },
                {
                  "uuid": "88ff91c6-abe2-4e1f-9c64-f2d303870232",
                  "title": "教學訓練與支援 [教育訓練、顧客支援]",
                  "fullFile": "",
                  "file": "",
                  "beforeHooks": [],
                  "afterHooks": [],
                  "tests": [
                    {
                      "title": "TM Academic",
                      "fullTitle": "達明機器人官網 <語系:繁中> - 【首頁連結測試】 Menu bar 教學訓練與支援 [教育訓練、顧客支援] TM Academic",
                      "timedOut": null,
                      "duration": 8821,
                      "state": "passed",
                      "speed": "medium",
                      "pass": true,
                      "fail": false,
                      "pending": false,
                      "context": null,
                      "code": "cy.get(_userControl.default['Academic_zh']).click();\ncy.url().should('eq', 'https://www.tm-robot.com/zh-hant/tm-academic/');",
                      "err": {},
                      "uuid": "fab3c975-6345-4fbe-8e91-ed299a8977ab",
                      "parentUUID": "88ff91c6-abe2-4e1f-9c64-f2d303870232",
                      "isHook": false,
                      "skipped": false
                    },
                    {
                      "title": "在線課程",
                      "fullTitle": "達明機器人官網 <語系:繁中> - 【首頁連結測試】 Menu bar 教學訓練與支援 [教育訓練、顧客支援] 在線課程",
                      "timedOut": null,
                      "duration": 7391,
                      "state": "passed",
                      "speed": "medium",
                      "pass": true,
                      "fail": false,
                      "pending": false,
                      "context": null,
                      "code": "cy.get(_userControl.default['OnlineTraining_zh']).click();\ncy.url().should('eq', 'https://academic.tm-robot.com/');",
                      "err": {},
                      "uuid": "8c05a61a-7f2a-471b-af22-0a971c50eef6",
                      "parentUUID": "88ff91c6-abe2-4e1f-9c64-f2d303870232",
                      "isHook": false,
                      "skipped": false
                    },
                    {
                      "title": "聯絡我們",
                      "fullTitle": "達明機器人官網 <語系:繁中> - 【首頁連結測試】 Menu bar 教學訓練與支援 [教育訓練、顧客支援] 聯絡我們",
                      "timedOut": null,
                      "duration": 7011,
                      "state": "passed",
                      "speed": "medium",
                      "pass": true,
                      "fail": false,
                      "pending": false,
                      "context": null,
                      "code": "cy.get(_userControl.default['Contact_zh']).click();\ncy.url().should('eq', 'https://www.tm-robot.com/zh-hant/contact-us/');",
                      "err": {},
                      "uuid": "e76015c6-7804-4e2b-aec3-fe001e0f0273",
                      "parentUUID": "88ff91c6-abe2-4e1f-9c64-f2d303870232",
                      "isHook": false,
                      "skipped": false
                    },
                    {
                      "title": "檔案下載中心",
                      "fullTitle": "達明機器人官網 <語系:繁中> - 【首頁連結測試】 Menu bar 教學訓練與支援 [教育訓練、顧客支援] 檔案下載中心",
                      "timedOut": null,
                      "duration": 8423,
                      "state": "passed",
                      "speed": "medium",
                      "pass": true,
                      "fail": false,
                      "pending": false,
                      "context": null,
                      "code": "cy.get(_userControl.default['DownloadCenter_zh']).click();\ncy.url().should('eq', 'https://www.tm-robot.com/zh-hant/download-center/');",
                      "err": {},
                      "uuid": "8a0499ac-7aae-43e8-aa9d-61c7392b860b",
                      "parentUUID": "88ff91c6-abe2-4e1f-9c64-f2d303870232",
                      "isHook": false,
                      "skipped": false
                    },
                    {
                      "title": "技術文件",
                      "fullTitle": "達明機器人官網 <語系:繁中> - 【首頁連結測試】 Menu bar 教學訓練與支援 [教育訓練、顧客支援] 技術文件",
                      "timedOut": null,
                      "duration": 6840,
                      "state": "passed",
                      "speed": "medium",
                      "pass": true,
                      "fail": false,
                      "pending": false,
                      "context": null,
                      "code": "cy.get(_userControl.default['TechnicalDocument_zh']).click();\ncy.url().should('eq', 'https://www.tm-robot.com/zh-hant/docs/');",
                      "err": {},
                      "uuid": "1923c363-7c83-4dda-8b61-7bc35c2d8790",
                      "parentUUID": "88ff91c6-abe2-4e1f-9c64-f2d303870232",
                      "isHook": false,
                      "skipped": false
                    },
                    {
                      "title": "Partner Area",
                      "fullTitle": "達明機器人官網 <語系:繁中> - 【首頁連結測試】 Menu bar 教學訓練與支援 [教育訓練、顧客支援] Partner Area",
                      "timedOut": null,
                      "duration": 7755,
                      "state": "passed",
                      "speed": "medium",
                      "pass": true,
                      "fail": false,
                      "pending": false,
                      "context": null,
                      "code": "cy.get(_userControl.default['PartnerArea_zh']).click();\ncy.url().should('eq', 'https://www.tm-robot.com/zh-hant/partner-login/');",
                      "err": {},
                      "uuid": "48eb424b-68a1-4357-ac98-59c1c12b097d",
                      "parentUUID": "88ff91c6-abe2-4e1f-9c64-f2d303870232",
                      "isHook": false,
                      "skipped": false
                    }
                  ],
                  "suites": [],
                  "passes": [
                    "fab3c975-6345-4fbe-8e91-ed299a8977ab",
                    "8c05a61a-7f2a-471b-af22-0a971c50eef6",
                    "e76015c6-7804-4e2b-aec3-fe001e0f0273",
                    "8a0499ac-7aae-43e8-aa9d-61c7392b860b",
                    "1923c363-7c83-4dda-8b61-7bc35c2d8790",
                    "48eb424b-68a1-4357-ac98-59c1c12b097d"
                  ],
                  "failures": [],
                  "pending": [],
                  "skipped": [],
                  "duration": 46241,
                  "root": false,
                  "rootEmpty": false,
                  "_timeout": 2000
                },
                {
                  "uuid": "42d1f304-3ebe-41d6-8866-dbe105accb86",
                  "title": "關於我們",
                  "fullFile": "",
                  "file": "",
                  "beforeHooks": [],
                  "afterHooks": [],
                  "tests": [
                    {
                      "title": "關於我們",
                      "fullTitle": "達明機器人官網 <語系:繁中> - 【首頁連結測試】 Menu bar 關於我們 關於我們",
                      "timedOut": null,
                      "duration": 5587,
                      "state": "passed",
                      "speed": "medium",
                      "pass": true,
                      "fail": false,
                      "pending": false,
                      "context": null,
                      "code": "cy.get(_userControl.default['AboutUs_zh']).click();\ncy.url().should('eq', 'https://www.tm-robot.com/zh-hant/about-us/');",
                      "err": {},
                      "uuid": "2943b2ad-dda0-4a04-8ab5-6f041663f342",
                      "parentUUID": "42d1f304-3ebe-41d6-8866-dbe105accb86",
                      "isHook": false,
                      "skipped": false
                    },
                    {
                      "title": "公司簡介",
                      "fullTitle": "達明機器人官網 <語系:繁中> - 【首頁連結測試】 Menu bar 關於我們 公司簡介",
                      "timedOut": null,
                      "duration": 6670,
                      "state": "passed",
                      "speed": "medium",
                      "pass": true,
                      "fail": false,
                      "pending": false,
                      "context": null,
                      "code": "cy.get(_userControl.default['CompanyProfile_zh']).click();\ncy.url().should('eq', 'https://www.tm-robot.com/zh-hant/company-profile/');",
                      "err": {},
                      "uuid": "5314c1cb-df07-4f22-af77-6fbe4f4e814f",
                      "parentUUID": "42d1f304-3ebe-41d6-8866-dbe105accb86",
                      "isHook": false,
                      "skipped": false
                    },
                    {
                      "title": "尋找代理商",
                      "fullTitle": "達明機器人官網 <語系:繁中> - 【首頁連結測試】 Menu bar 關於我們 尋找代理商",
                      "timedOut": null,
                      "duration": 6393,
                      "state": "passed",
                      "speed": "medium",
                      "pass": true,
                      "fail": false,
                      "pending": false,
                      "context": null,
                      "code": "cy.get(_userControl.default['SearchForDistributor_zh']).click();\ncy.url().should('eq', 'https://www.tm-robot.com/zh-hant/search-for-distributor/');",
                      "err": {},
                      "uuid": "c6d80a2c-624b-4cca-b086-7efc1c832ecf",
                      "parentUUID": "42d1f304-3ebe-41d6-8866-dbe105accb86",
                      "isHook": false,
                      "skipped": false
                    },
                    {
                      "title": "達明新聞",
                      "fullTitle": "達明機器人官網 <語系:繁中> - 【首頁連結測試】 Menu bar 關於我們 達明新聞",
                      "timedOut": null,
                      "duration": 6138,
                      "state": "passed",
                      "speed": "medium",
                      "pass": true,
                      "fail": false,
                      "pending": false,
                      "context": null,
                      "code": "cy.get(_userControl.default['News_zh']).click();\ncy.url().should('eq', 'https://www.tm-robot.com/zh-hant/tm-news/');",
                      "err": {},
                      "uuid": "4aae2a2e-4354-4e23-a659-6c7d7b3b429a",
                      "parentUUID": "42d1f304-3ebe-41d6-8866-dbe105accb86",
                      "isHook": false,
                      "skipped": false
                    },
                    {
                      "title": "全球活動",
                      "fullTitle": "達明機器人官網 <語系:繁中> - 【首頁連結測試】 Menu bar 關於我們 全球活動",
                      "timedOut": null,
                      "duration": 6520,
                      "state": "passed",
                      "speed": "medium",
                      "pass": true,
                      "fail": false,
                      "pending": false,
                      "context": null,
                      "code": "cy.get(_userControl.default['GlobalEvent_zh']).click();\ncy.url().should('eq', 'https://www.tm-robot.com/zh-hant/events-archive/');",
                      "err": {},
                      "uuid": "972b6468-ab3e-4413-9735-1fb52c2871fb",
                      "parentUUID": "42d1f304-3ebe-41d6-8866-dbe105accb86",
                      "isHook": false,
                      "skipped": false
                    },
                    {
                      "title": "人才招募",
                      "fullTitle": "達明機器人官網 <語系:繁中> - 【首頁連結測試】 Menu bar 關於我們 人才招募",
                      "timedOut": null,
                      "duration": 6631,
                      "state": "passed",
                      "speed": "medium",
                      "pass": true,
                      "fail": false,
                      "pending": false,
                      "context": null,
                      "code": "cy.get(_userControl.default['Recruitment_zh']).click();\ncy.url().should('eq', 'https://www.tm-robot.com/zh-hant/career/');",
                      "err": {},
                      "uuid": "50c841b2-49f4-4f57-93af-8e289c33260b",
                      "parentUUID": "42d1f304-3ebe-41d6-8866-dbe105accb86",
                      "isHook": false,
                      "skipped": false
                    },
                    {
                      "title": "OMRON Network",
                      "fullTitle": "達明機器人官網 <語系:繁中> - 【首頁連結測試】 Menu bar 關於我們 OMRON Network",
                      "timedOut": null,
                      "duration": 7949,
                      "state": "passed",
                      "speed": "medium",
                      "pass": true,
                      "fail": false,
                      "pending": false,
                      "context": null,
                      "code": "cy.get(_userControl.default['OmronNetwork_zh']).click();\ncy.url().should('eq', 'https://www.tm-robot.com/zh-hant/omron/');",
                      "err": {},
                      "uuid": "f787b804-1dec-4be2-a589-52f92266a1b2",
                      "parentUUID": "42d1f304-3ebe-41d6-8866-dbe105accb86",
                      "isHook": false,
                      "skipped": false
                    }
                  ],
                  "suites": [],
                  "passes": [
                    "2943b2ad-dda0-4a04-8ab5-6f041663f342",
                    "5314c1cb-df07-4f22-af77-6fbe4f4e814f",
                    "c6d80a2c-624b-4cca-b086-7efc1c832ecf",
                    "4aae2a2e-4354-4e23-a659-6c7d7b3b429a",
                    "972b6468-ab3e-4413-9735-1fb52c2871fb",
                    "50c841b2-49f4-4f57-93af-8e289c33260b",
                    "f787b804-1dec-4be2-a589-52f92266a1b2"
                  ],
                  "failures": [],
                  "pending": [],
                  "skipped": [],
                  "duration": 45888,
                  "root": false,
                  "rootEmpty": false,
                  "_timeout": 2000
                }
              ],
              "passes": [],
              "failures": [],
              "pending": [],
              "skipped": [],
              "duration": 0,
              "root": false,
              "rootEmpty": false,
              "_timeout": 2000
            },
            {
              "uuid": "7bfb94f1-41b6-4cc7-8ae2-3af910f00562",
              "title": "實例應用名稱",
              "fullFile": "",
              "file": "",
              "beforeHooks": [],
              "afterHooks": [],
              "tests": [
                {
                  "title": "起司工廠食物包裝與堆棧應用範例",
                  "fullTitle": "達明機器人官網 <語系:繁中> - 【首頁連結測試】 實例應用名稱 起司工廠食物包裝與堆棧應用範例",
                  "timedOut": null,
                  "duration": 6547,
                  "state": "passed",
                  "speed": "medium",
                  "pass": true,
                  "fail": false,
                  "pending": false,
                  "context": null,
                  "code": "cy.contains('起司工廠食物包裝與堆棧應用範例').click();\ncy.url().should('eq', 'https://www.tm-robot.com/zh-hant/application-videoapp/%e8%b5%b7%e5%8f%b8%e5%b7%a5%e5%bb%a0%e9%a3%9f%e7%89%a9%e5%8c%85%e8%a3%9d%e8%88%87%e5%a0%86%e6%a3%a7%e6%87%89%e7%94%a8%e7%af%84%e4%be%8b/');\nheader = \"Next\";",
                  "err": {},
                  "uuid": "5a29dd03-7f93-4f80-b39e-1c2590078094",
                  "parentUUID": "7bfb94f1-41b6-4cc7-8ae2-3af910f00562",
                  "isHook": false,
                  "skipped": false
                },
                {
                  "title": "TM Robot + AMR 應用範例",
                  "fullTitle": "達明機器人官網 <語系:繁中> - 【首頁連結測試】 實例應用名稱 TM Robot + AMR 應用範例",
                  "timedOut": null,
                  "duration": 6579,
                  "state": "passed",
                  "speed": "medium",
                  "pass": true,
                  "fail": false,
                  "pending": false,
                  "context": null,
                  "code": "cy.contains('TM Robot + AMR 應用範例').click();\ncy.url().should('eq', 'https://www.tm-robot.com/zh-hant/application-videoapp/tm-robot-amr-%e6%87%89%e7%94%a8%e7%af%84%e4%be%8b/');",
                  "err": {},
                  "uuid": "4efd65c8-5c6d-40ec-bf44-1550d3a1867b",
                  "parentUUID": "7bfb94f1-41b6-4cc7-8ae2-3af910f00562",
                  "isHook": false,
                  "skipped": false
                },
                {
                  "title": "工廠自動化: PCB組裝",
                  "fullTitle": "達明機器人官網 <語系:繁中> - 【首頁連結測試】 實例應用名稱 工廠自動化: PCB組裝",
                  "timedOut": null,
                  "duration": 8992,
                  "state": "passed",
                  "speed": "medium",
                  "pass": true,
                  "fail": false,
                  "pending": false,
                  "context": null,
                  "code": "cy.get(_userControl.default['IndexApplications_BNext']).click();\ncy.contains('工廠自動化: PCB組裝').click();\ncy.url().should('eq', 'https://www.tm-robot.com/zh-hant/application-videoapp/%e5%b7%a5%e5%bb%a0%e8%87%aa%e5%8b%95%e5%8c%96-pcb%e7%b5%84%e8%a3%9d/');",
                  "err": {},
                  "uuid": "506ab5b9-3245-4645-841b-efd15cd3ac5c",
                  "parentUUID": "7bfb94f1-41b6-4cc7-8ae2-3af910f00562",
                  "isHook": false,
                  "skipped": false
                },
                {
                  "title": "工廠自動化: 螺絲鎖附",
                  "fullTitle": "達明機器人官網 <語系:繁中> - 【首頁連結測試】 實例應用名稱 工廠自動化: 螺絲鎖附",
                  "timedOut": null,
                  "duration": 8702,
                  "state": "passed",
                  "speed": "medium",
                  "pass": true,
                  "fail": false,
                  "pending": false,
                  "context": null,
                  "code": "cy.get(_userControl.default['IndexApplications_BNext']).dblclick();\ncy.contains('工廠自動化: 螺絲鎖附').click({\n  force: true\n});\ncy.url().should('eq', 'https://www.tm-robot.com/zh-hant/application-videoapp/%e5%b7%a5%e5%bb%a0%e8%87%aa%e5%8b%95%e5%8c%96-%e8%9e%ba%e7%b5%b2%e9%8e%96%e9%99%84/');",
                  "err": {},
                  "uuid": "591d9f75-54dc-42fc-bf5c-097cc6966418",
                  "parentUUID": "7bfb94f1-41b6-4cc7-8ae2-3af910f00562",
                  "isHook": false,
                  "skipped": false
                },
                {
                  "title": "車用零件組裝",
                  "fullTitle": "達明機器人官網 <語系:繁中> - 【首頁連結測試】 實例應用名稱 車用零件組裝",
                  "timedOut": null,
                  "duration": 6941,
                  "state": "passed",
                  "speed": "medium",
                  "pass": true,
                  "fail": false,
                  "pending": false,
                  "context": null,
                  "code": "cy.get(_userControl.default['IndexApplications_BNext']).dblclick();\ncy.get(_userControl.default['IndexApplications_BNext']).click();\ncy.contains('車用零件組裝').click({\n  force: true\n});\ncy.url().should('eq', 'https://www.tm-robot.com/zh-hant/application-videoapp/%e8%bb%8a%e7%94%a8%e9%9b%b6%e4%bb%b6%e7%b5%84%e8%a3%9d/');",
                  "err": {},
                  "uuid": "51340d71-64d6-4e9d-94b6-beb058d26f5e",
                  "parentUUID": "7bfb94f1-41b6-4cc7-8ae2-3af910f00562",
                  "isHook": false,
                  "skipped": false
                },
                {
                  "title": "TM Robot Frying French Fries",
                  "fullTitle": "達明機器人官網 <語系:繁中> - 【首頁連結測試】 實例應用名稱 TM Robot Frying French Fries",
                  "timedOut": null,
                  "duration": 9847,
                  "state": "passed",
                  "speed": "medium",
                  "pass": true,
                  "fail": false,
                  "pending": false,
                  "context": null,
                  "code": "cy.get(_userControl.default['IndexApplications_BNext']).dblclick();\ncy.get(_userControl.default['IndexApplications_BNext']).dblclick();\ncy.contains('TM Robot Frying French Fries').click({\n  force: true\n});\ncy.url().should('eq', 'https://www.tm-robot.com/zh-hant/application-videoapp/tm-robot-frying-french-fries/');",
                  "err": {},
                  "uuid": "390eb074-1717-4f6d-a359-a14bc29b8682",
                  "parentUUID": "7bfb94f1-41b6-4cc7-8ae2-3af910f00562",
                  "isHook": false,
                  "skipped": false
                },
                {
                  "title": "Cooking Takoyaki with TM Robot",
                  "fullTitle": "達明機器人官網 <語系:繁中> - 【首頁連結測試】 實例應用名稱 Cooking Takoyaki with TM Robot",
                  "timedOut": null,
                  "duration": 8865,
                  "state": "passed",
                  "speed": "medium",
                  "pass": true,
                  "fail": false,
                  "pending": false,
                  "context": null,
                  "code": "cy.get(_userControl.default['IndexApplications_BNext']).dblclick();\ncy.get(_userControl.default['IndexApplications_BNext']).dblclick();\ncy.get(_userControl.default['IndexApplications_BNext']).click();\ncy.contains('Cooking Takoyaki with TM Robot').click({\n  force: true\n});\ncy.url().should('eq', 'https://www.tm-robot.com/zh-hant/application-videoapp/cooking-takoyaki-with-tm-robot/');",
                  "err": {},
                  "uuid": "09f385f4-537a-4931-8a00-aefc96203465",
                  "parentUUID": "7bfb94f1-41b6-4cc7-8ae2-3af910f00562",
                  "isHook": false,
                  "skipped": false
                },
                {
                  "title": "Food Service and Restaurant Industry Application with TM Robot",
                  "fullTitle": "達明機器人官網 <語系:繁中> - 【首頁連結測試】 實例應用名稱 Food Service and Restaurant Industry Application with TM Robot",
                  "timedOut": null,
                  "duration": 7974,
                  "state": "passed",
                  "speed": "medium",
                  "pass": true,
                  "fail": false,
                  "pending": false,
                  "context": null,
                  "code": "cy.get(_userControl.default['IndexApplications_BNext']).dblclick();\ncy.get(_userControl.default['IndexApplications_BNext']).dblclick();\ncy.get(_userControl.default['IndexApplications_BNext']).dblclick({\n  force: true\n});\ncy.contains('Food Service and Restaurant Industry Application with TM Robot').click({\n  force: true\n});\ncy.url().should('eq', 'https://www.tm-robot.com/zh-hant/application-videoapp/food-service-and-restaurant-industry-application-with-tm-robot/');",
                  "err": {},
                  "uuid": "c1aeb2ef-8d98-49f6-a602-c681a66ff816",
                  "parentUUID": "7bfb94f1-41b6-4cc7-8ae2-3af910f00562",
                  "isHook": false,
                  "skipped": false
                },
                {
                  "title": "金屬焊接應用",
                  "fullTitle": "達明機器人官網 <語系:繁中> - 【首頁連結測試】 實例應用名稱 金屬焊接應用",
                  "timedOut": null,
                  "duration": 8145,
                  "state": "passed",
                  "speed": "medium",
                  "pass": true,
                  "fail": false,
                  "pending": false,
                  "context": null,
                  "code": "cy.get(_userControl.default['IndexApplications_BNext']).dblclick();\ncy.get(_userControl.default['IndexApplications_BNext']).dblclick();\ncy.get(_userControl.default['IndexApplications_BNext']).dblclick({\n  force: true\n});\ncy.get(_userControl.default['IndexApplications_BNext']).click({\n  force: true\n});\ncy.contains('金屬焊接應用').click({\n  force: true\n});\ncy.url().should('eq', 'https://www.tm-robot.com/zh-hant/application-videoapp/%e9%87%91%e5%b1%ac%e7%84%8a%e6%8e%a5%e6%87%89%e7%94%a8/');",
                  "err": {},
                  "uuid": "579b0e4f-8f09-427c-9ef7-f1bad9489488",
                  "parentUUID": "7bfb94f1-41b6-4cc7-8ae2-3af910f00562",
                  "isHook": false,
                  "skipped": false
                },
                {
                  "title": "Screw Driving with Atlas Copco",
                  "fullTitle": "達明機器人官網 <語系:繁中> - 【首頁連結測試】 實例應用名稱 Screw Driving with Atlas Copco",
                  "timedOut": null,
                  "duration": 9315,
                  "state": "passed",
                  "speed": "medium",
                  "pass": true,
                  "fail": false,
                  "pending": false,
                  "context": null,
                  "code": "cy.get(_userControl.default['IndexApplications_BNext']).dblclick();\ncy.get(_userControl.default['IndexApplications_BNext']).dblclick();\ncy.get(_userControl.default['IndexApplications_BNext']).dblclick();\ncy.get(_userControl.default['IndexApplications_BNext']).dblclick({\n  force: true\n});\ncy.contains('Screw Driving with Atlas Copco').click({\n  force: true\n});\ncy.url().should('eq', 'https://www.tm-robot.com/zh-hant/application-videoapp/screw-driving-with-atlas-copco/');",
                  "err": {},
                  "uuid": "b7946cd6-429c-4e29-865f-a67f07542660",
                  "parentUUID": "7bfb94f1-41b6-4cc7-8ae2-3af910f00562",
                  "isHook": false,
                  "skipped": false
                }
              ],
              "suites": [],
              "passes": [
                "5a29dd03-7f93-4f80-b39e-1c2590078094",
                "4efd65c8-5c6d-40ec-bf44-1550d3a1867b",
                "506ab5b9-3245-4645-841b-efd15cd3ac5c",
                "591d9f75-54dc-42fc-bf5c-097cc6966418",
                "51340d71-64d6-4e9d-94b6-beb058d26f5e",
                "390eb074-1717-4f6d-a359-a14bc29b8682",
                "09f385f4-537a-4931-8a00-aefc96203465",
                "c1aeb2ef-8d98-49f6-a602-c681a66ff816",
                "579b0e4f-8f09-427c-9ef7-f1bad9489488",
                "b7946cd6-429c-4e29-865f-a67f07542660"
              ],
              "failures": [],
              "pending": [],
              "skipped": [],
              "duration": 81907,
              "root": false,
              "rootEmpty": false,
              "_timeout": 2000
            },
            {
              "uuid": "ee80cc7d-7f52-4972-b544-2a93bb8fe2f3",
              "title": "AI Cobot Series picture",
              "fullFile": "",
              "file": "",
              "beforeHooks": [],
              "afterHooks": [],
              "tests": [
                {
                  "title": "TM5-700",
                  "fullTitle": "達明機器人官網 <語系:繁中> - 【首頁連結測試】 AI Cobot Series picture TM5-700",
                  "timedOut": null,
                  "duration": 5871,
                  "state": "passed",
                  "speed": "medium",
                  "pass": true,
                  "fail": false,
                  "pending": false,
                  "context": null,
                  "code": "cy.get('.elementor-element-86c41ae > .elementor-column-wrap > .elementor-widget-wrap > .elementor-element > .elementor-widget-container > .elementor-image > a > .attachment-full').click();\ncy.url().should('eq', 'https://www.tm-robot.com/zh-hant/tm5-700/');",
                  "err": {},
                  "uuid": "8ae07308-24c0-4100-b753-2ebae37e5b56",
                  "parentUUID": "ee80cc7d-7f52-4972-b544-2a93bb8fe2f3",
                  "isHook": false,
                  "skipped": false
                },
                {
                  "title": "TM5-900",
                  "fullTitle": "達明機器人官網 <語系:繁中> - 【首頁連結測試】 AI Cobot Series picture TM5-900",
                  "timedOut": null,
                  "duration": 4940,
                  "state": "passed",
                  "speed": "fast",
                  "pass": true,
                  "fail": false,
                  "pending": false,
                  "context": null,
                  "code": "cy.get('.elementor-element-5b3c02c > .elementor-column-wrap > .elementor-widget-wrap > .elementor-element > .elementor-widget-container > .elementor-image > a > .attachment-full').click();\ncy.url().should('eq', 'https://www.tm-robot.com/zh-hant/tm5-900/');",
                  "err": {},
                  "uuid": "a1db7d80-6f9b-472f-bbe1-cb13aabd7ebe",
                  "parentUUID": "ee80cc7d-7f52-4972-b544-2a93bb8fe2f3",
                  "isHook": false,
                  "skipped": false
                },
                {
                  "title": "TM12",
                  "fullTitle": "達明機器人官網 <語系:繁中> - 【首頁連結測試】 AI Cobot Series picture TM12",
                  "timedOut": null,
                  "duration": 4754,
                  "state": "passed",
                  "speed": "fast",
                  "pass": true,
                  "fail": false,
                  "pending": false,
                  "context": null,
                  "code": "cy.get('.elementor-element-00ecd04 > .elementor-column-wrap > .elementor-widget-wrap > .elementor-element > .elementor-widget-container > .elementor-image > a > .attachment-full').click();\ncy.url().should('eq', 'https://www.tm-robot.com/zh-hant/tm12/');",
                  "err": {},
                  "uuid": "8c6c3770-be00-42c1-a890-08c816b97eeb",
                  "parentUUID": "ee80cc7d-7f52-4972-b544-2a93bb8fe2f3",
                  "isHook": false,
                  "skipped": false
                },
                {
                  "title": "TM14",
                  "fullTitle": "達明機器人官網 <語系:繁中> - 【首頁連結測試】 AI Cobot Series picture TM14",
                  "timedOut": null,
                  "duration": 4623,
                  "state": "passed",
                  "speed": "fast",
                  "pass": true,
                  "fail": false,
                  "pending": false,
                  "context": null,
                  "code": "cy.get('.elementor-element-70d69ed > .elementor-column-wrap > .elementor-widget-wrap > .elementor-element > .elementor-widget-container > .elementor-image > a > .attachment-large').click();\ncy.url().should('eq', 'https://www.tm-robot.com/zh-hant/tm14/');",
                  "err": {},
                  "uuid": "a35c2440-46fe-45c8-9a02-7e72166b394a",
                  "parentUUID": "ee80cc7d-7f52-4972-b544-2a93bb8fe2f3",
                  "isHook": false,
                  "skipped": false
                },
                {
                  "title": "TM16",
                  "fullTitle": "達明機器人官網 <語系:繁中> - 【首頁連結測試】 AI Cobot Series picture TM16",
                  "timedOut": null,
                  "duration": 5197,
                  "state": "passed",
                  "speed": "medium",
                  "pass": true,
                  "fail": false,
                  "pending": false,
                  "context": null,
                  "code": "cy.get('.elementor-element-b0cb1b2 > .elementor-column-wrap > .elementor-widget-wrap > .elementor-element > .elementor-widget-container > .elementor-image > a > .attachment-large').click();\ncy.url().should('eq', 'https://www.tm-robot.com/zh-hant/tm16/');",
                  "err": {},
                  "uuid": "bb49c968-1c2b-445c-a838-3e19b4067004",
                  "parentUUID": "ee80cc7d-7f52-4972-b544-2a93bb8fe2f3",
                  "isHook": false,
                  "skipped": false
                },
                {
                  "title": "TM20",
                  "fullTitle": "達明機器人官網 <語系:繁中> - 【首頁連結測試】 AI Cobot Series picture TM20",
                  "timedOut": null,
                  "duration": 4795,
                  "state": "passed",
                  "speed": "fast",
                  "pass": true,
                  "fail": false,
                  "pending": false,
                  "context": null,
                  "code": "cy.get('.elementor-element-dafcbec > .elementor-column-wrap > .elementor-widget-wrap > .elementor-element > .elementor-widget-container > .elementor-image > a > .attachment-large').click();\ncy.url().should('eq', 'https://www.tm-robot.com/zh-hant/tm20/');",
                  "err": {},
                  "uuid": "046d6411-0d00-46a3-9dc1-4abf029a1ec3",
                  "parentUUID": "ee80cc7d-7f52-4972-b544-2a93bb8fe2f3",
                  "isHook": false,
                  "skipped": false
                }
              ],
              "suites": [],
              "passes": [
                "8ae07308-24c0-4100-b753-2ebae37e5b56",
                "a1db7d80-6f9b-472f-bbe1-cb13aabd7ebe",
                "8c6c3770-be00-42c1-a890-08c816b97eeb",
                "a35c2440-46fe-45c8-9a02-7e72166b394a",
                "bb49c968-1c2b-445c-a838-3e19b4067004",
                "046d6411-0d00-46a3-9dc1-4abf029a1ec3"
              ],
              "failures": [],
              "pending": [],
              "skipped": [],
              "duration": 30180,
              "root": false,
              "rootEmpty": false,
              "_timeout": 2000
            },
            {
              "uuid": "df7e1306-b2c3-4c97-a0be-c1ec4299bf3b",
              "title": "Embrace the Future of Automation",
              "fullFile": "",
              "file": "",
              "beforeHooks": [],
              "afterHooks": [],
              "tests": [
                {
                  "title": "Contact Us",
                  "fullTitle": "達明機器人官網 <語系:繁中> - 【首頁連結測試】 Embrace the Future of Automation Contact Us",
                  "timedOut": null,
                  "duration": 4649,
                  "state": "passed",
                  "speed": "fast",
                  "pass": true,
                  "fail": false,
                  "pending": false,
                  "context": null,
                  "code": "cy.get('.elementor-button-link').click();\ncy.url().should('eq', 'https://www.tm-robot.com/zh-hant/contact-us/');",
                  "err": {},
                  "uuid": "01b6987f-1f2a-4aec-a061-03bf61952d58",
                  "parentUUID": "df7e1306-b2c3-4c97-a0be-c1ec4299bf3b",
                  "isHook": false,
                  "skipped": false
                }
              ],
              "suites": [],
              "passes": [
                "01b6987f-1f2a-4aec-a061-03bf61952d58"
              ],
              "failures": [],
              "pending": [],
              "skipped": [],
              "duration": 4649,
              "root": false,
              "rootEmpty": false,
              "_timeout": 2000
            },
            {
              "uuid": "733228d1-9a17-4b21-807f-f343775100eb",
              "title": "Footer",
              "fullFile": "",
              "file": "",
              "beforeHooks": [],
              "afterHooks": [],
              "tests": [],
              "suites": [
                {
                  "uuid": "2bcb47be-fe7a-41c9-bac7-548ef8279b31",
                  "title": "AI Cobot",
                  "fullFile": "",
                  "file": "",
                  "beforeHooks": [],
                  "afterHooks": [],
                  "tests": [
                    {
                      "title": "TM5-700",
                      "fullTitle": "達明機器人官網 <語系:繁中> - 【首頁連結測試】 Footer AI Cobot TM5-700",
                      "timedOut": null,
                      "duration": 9304,
                      "state": "passed",
                      "speed": "medium",
                      "pass": true,
                      "fail": false,
                      "pending": false,
                      "context": null,
                      "code": "cy.get('#elementor-tab-title-1731 > .elementor-toggle-icon > .elementor-toggle-icon-closed > .fas').click();\ncy.get('#elementor-tab-content-1731 > ul > :nth-child(1) > a').click();\ncy.url().should('eq', 'https://www.tm-robot.com/zh-hant/tm5-700/');",
                      "err": {},
                      "uuid": "d470d918-a561-434d-a6e6-608c75acf719",
                      "parentUUID": "2bcb47be-fe7a-41c9-bac7-548ef8279b31",
                      "isHook": false,
                      "skipped": false
                    },
                    {
                      "title": "TM5-900",
                      "fullTitle": "達明機器人官網 <語系:繁中> - 【首頁連結測試】 Footer AI Cobot TM5-900",
                      "timedOut": null,
                      "duration": 6887,
                      "state": "passed",
                      "speed": "medium",
                      "pass": true,
                      "fail": false,
                      "pending": false,
                      "context": null,
                      "code": "cy.get('#elementor-tab-title-1731 > .elementor-toggle-icon > .elementor-toggle-icon-closed > .fas').click();\ncy.get('#elementor-tab-content-1731 > ul > :nth-child(2) > a').click();\ncy.url().should('eq', 'https://www.tm-robot.com/zh-hant/tm5-900/');",
                      "err": {},
                      "uuid": "eb46df72-452d-4dab-aeab-f467173af858",
                      "parentUUID": "2bcb47be-fe7a-41c9-bac7-548ef8279b31",
                      "isHook": false,
                      "skipped": false
                    },
                    {
                      "title": "TM12",
                      "fullTitle": "達明機器人官網 <語系:繁中> - 【首頁連結測試】 Footer AI Cobot TM12",
                      "timedOut": null,
                      "duration": 8812,
                      "state": "passed",
                      "speed": "medium",
                      "pass": true,
                      "fail": false,
                      "pending": false,
                      "context": null,
                      "code": "cy.get('#elementor-tab-title-1731 > .elementor-toggle-icon > .elementor-toggle-icon-closed > .fas').click();\ncy.get('#elementor-tab-content-1731 > ul > :nth-child(3) > a').click();\ncy.url().should('eq', 'https://www.tm-robot.com/zh-hant/tm12/');",
                      "err": {},
                      "uuid": "75432725-fcd9-47e6-ae53-fe690830d527",
                      "parentUUID": "2bcb47be-fe7a-41c9-bac7-548ef8279b31",
                      "isHook": false,
                      "skipped": false
                    },
                    {
                      "title": "TM14",
                      "fullTitle": "達明機器人官網 <語系:繁中> - 【首頁連結測試】 Footer AI Cobot TM14",
                      "timedOut": null,
                      "duration": 6288,
                      "state": "passed",
                      "speed": "medium",
                      "pass": true,
                      "fail": false,
                      "pending": false,
                      "context": null,
                      "code": "cy.get('#elementor-tab-title-1731 > .elementor-toggle-icon > .elementor-toggle-icon-closed > .fas').click();\ncy.get('#elementor-tab-content-1731 > ul > :nth-child(4) > a').click();\ncy.url().should('eq', 'https://www.tm-robot.com/zh-hant/tm14/');",
                      "err": {},
                      "uuid": "7ec22905-1011-4f36-b586-2df69efd1bc1",
                      "parentUUID": "2bcb47be-fe7a-41c9-bac7-548ef8279b31",
                      "isHook": false,
                      "skipped": false
                    },
                    {
                      "title": "TM16",
                      "fullTitle": "達明機器人官網 <語系:繁中> - 【首頁連結測試】 Footer AI Cobot TM16",
                      "timedOut": null,
                      "duration": 7383,
                      "state": "passed",
                      "speed": "medium",
                      "pass": true,
                      "fail": false,
                      "pending": false,
                      "context": null,
                      "code": "cy.get('#elementor-tab-title-1731 > .elementor-toggle-icon > .elementor-toggle-icon-closed > .fas').click();\ncy.get('#elementor-tab-content-1731 > ul > :nth-child(5) > a').click();\ncy.url().should('eq', 'https://www.tm-robot.com/zh-hant/tm16/');",
                      "err": {},
                      "uuid": "a24696ed-ff62-4c5a-9a67-a3fc7c8b9dbb",
                      "parentUUID": "2bcb47be-fe7a-41c9-bac7-548ef8279b31",
                      "isHook": false,
                      "skipped": false
                    },
                    {
                      "title": "TM20",
                      "fullTitle": "達明機器人官網 <語系:繁中> - 【首頁連結測試】 Footer AI Cobot TM20",
                      "timedOut": null,
                      "duration": 5893,
                      "state": "passed",
                      "speed": "medium",
                      "pass": true,
                      "fail": false,
                      "pending": false,
                      "context": null,
                      "code": "cy.get('#elementor-tab-title-1731 > .elementor-toggle-icon > .elementor-toggle-icon-closed > .fas').click();\ncy.get('#elementor-tab-content-1731 > ul > :nth-child(6) > a').click();\ncy.url().should('eq', 'https://www.tm-robot.com/zh-hant/tm20/');",
                      "err": {},
                      "uuid": "3b8fbc05-eb00-4276-a2d4-0c590a7194c3",
                      "parentUUID": "2bcb47be-fe7a-41c9-bac7-548ef8279b31",
                      "isHook": false,
                      "skipped": false
                    },
                    {
                      "title": "mobile series",
                      "fullTitle": "達明機器人官網 <語系:繁中> - 【首頁連結測試】 Footer AI Cobot mobile series",
                      "timedOut": null,
                      "duration": 5361,
                      "state": "passed",
                      "speed": "medium",
                      "pass": true,
                      "fail": false,
                      "pending": false,
                      "context": null,
                      "code": "cy.get('#elementor-tab-title-1731 > .elementor-toggle-icon > .elementor-toggle-icon-closed > .fas').click();\ncy.get('#elementor-tab-content-1731 > ul > :nth-child(7) > a').click();\ncy.url().should('eq', 'https://www.tm-robot.com/zh-hant/mobile-series/');",
                      "err": {},
                      "uuid": "530c850a-3068-447b-903c-606819b196f5",
                      "parentUUID": "2bcb47be-fe7a-41c9-bac7-548ef8279b31",
                      "isHook": false,
                      "skipped": false
                    },
                    {
                      "title": "TM AI+ AOI Edge",
                      "fullTitle": "達明機器人官網 <語系:繁中> - 【首頁連結測試】 Footer AI Cobot TM AI+ AOI Edge",
                      "timedOut": null,
                      "duration": 5695,
                      "state": "passed",
                      "speed": "medium",
                      "pass": true,
                      "fail": false,
                      "pending": false,
                      "context": null,
                      "code": "cy.get('#elementor-tab-title-1732 > .elementor-toggle-icon > .elementor-toggle-icon-closed > .fas').click();\ncy.get('#elementor-tab-content-1732 > ul > :nth-child(1) > a').click();\ncy.url().should('eq', 'https://www.tm-robot.com/zh-hant/tm-ai-aoi-edge/');",
                      "err": {},
                      "uuid": "5abec17f-c7ff-49ae-a58d-502916d29bc3",
                      "parentUUID": "2bcb47be-fe7a-41c9-bac7-548ef8279b31",
                      "isHook": false,
                      "skipped": false
                    },
                    {
                      "title": "TM 3DVision",
                      "fullTitle": "達明機器人官網 <語系:繁中> - 【首頁連結測試】 Footer AI Cobot TM 3DVision",
                      "timedOut": null,
                      "duration": 5375,
                      "state": "passed",
                      "speed": "medium",
                      "pass": true,
                      "fail": false,
                      "pending": false,
                      "context": null,
                      "code": "cy.get('#elementor-tab-title-1732 > .elementor-toggle-icon > .elementor-toggle-icon-closed > .fas').click();\ncy.get('#elementor-tab-content-1732 > ul > :nth-child(2) > a').click();\ncy.url().should('eq', 'https://www.tm-robot.com/zh-hant/tm-3dvision/');",
                      "err": {},
                      "uuid": "39dfea61-e0b4-4974-9f19-c53f1f5d668d",
                      "parentUUID": "2bcb47be-fe7a-41c9-bac7-548ef8279b31",
                      "isHook": false,
                      "skipped": false
                    }
                  ],
                  "suites": [],
                  "passes": [
                    "d470d918-a561-434d-a6e6-608c75acf719",
                    "eb46df72-452d-4dab-aeab-f467173af858",
                    "75432725-fcd9-47e6-ae53-fe690830d527",
                    "7ec22905-1011-4f36-b586-2df69efd1bc1",
                    "a24696ed-ff62-4c5a-9a67-a3fc7c8b9dbb",
                    "3b8fbc05-eb00-4276-a2d4-0c590a7194c3",
                    "530c850a-3068-447b-903c-606819b196f5",
                    "5abec17f-c7ff-49ae-a58d-502916d29bc3",
                    "39dfea61-e0b4-4974-9f19-c53f1f5d668d"
                  ],
                  "failures": [],
                  "pending": [],
                  "skipped": [],
                  "duration": 60998,
                  "root": false,
                  "rootEmpty": false,
                  "_timeout": 2000
                },
                {
                  "uuid": "614ec4fc-d7df-4783-8298-7139c2d7b526",
                  "title": "Solution & Services",
                  "fullFile": "",
                  "file": "",
                  "beforeHooks": [],
                  "afterHooks": [],
                  "tests": [
                    {
                      "title": "TM AI+ Training Server",
                      "fullTitle": "達明機器人官網 <語系:繁中> - 【首頁連結測試】 Footer Solution & Services TM AI+ Training Server",
                      "timedOut": null,
                      "duration": 5385,
                      "state": "passed",
                      "speed": "medium",
                      "pass": true,
                      "fail": false,
                      "pending": false,
                      "context": null,
                      "code": "cy.get('#elementor-tab-title-7271 > .elementor-toggle-icon > .elementor-toggle-icon-closed > .fas').click();\ncy.get('#elementor-tab-content-7271 > ul > :nth-child(1) > a').click();\ncy.url().should('eq', 'https://www.tm-robot.com/zh-hant/tm-ai-%e8%a8%93%e7%b7%b4%e4%bc%ba%e6%9c%8d%e5%99%a8/');",
                      "err": {},
                      "uuid": "c148dad4-3452-4d8b-ba1a-eba53166bbb9",
                      "parentUUID": "614ec4fc-d7df-4783-8298-7139c2d7b526",
                      "isHook": false,
                      "skipped": false
                    },
                    {
                      "title": "TM AI+ AOI Edge",
                      "fullTitle": "達明機器人官網 <語系:繁中> - 【首頁連結測試】 Footer Solution & Services TM AI+ AOI Edge",
                      "timedOut": null,
                      "duration": 3348,
                      "state": "passed",
                      "speed": "fast",
                      "pass": true,
                      "fail": false,
                      "pending": false,
                      "context": null,
                      "code": "cy.get('#elementor-tab-title-7271 > .elementor-toggle-icon > .elementor-toggle-icon-closed > .fas').click();\ncy.get('#elementor-tab-content-7271 > ul > :nth-child(2) > a').click();\ncy.url().should('eq', 'https://www.tm-robot.com/zh-hant/tm-ai-aoi-edge/');",
                      "err": {},
                      "uuid": "a2464cdd-9327-4636-9613-de4bda48d2a1",
                      "parentUUID": "614ec4fc-d7df-4783-8298-7139c2d7b526",
                      "isHook": false,
                      "skipped": false
                    },
                    {
                      "title": "TM Image Manger",
                      "fullTitle": "達明機器人官網 <語系:繁中> - 【首頁連結測試】 Footer Solution & Services TM Image Manger",
                      "timedOut": null,
                      "duration": 3615,
                      "state": "passed",
                      "speed": "fast",
                      "pass": true,
                      "fail": false,
                      "pending": false,
                      "context": null,
                      "code": "cy.get('#elementor-tab-title-7271 > .elementor-toggle-icon > .elementor-toggle-icon-closed > .fas').click();\ncy.get('#elementor-tab-content-7271 > ul > :nth-child(3) > a').click();\ncy.url().should('eq', 'https://www.tm-robot.com/zh-hant/tm-image-manager/');",
                      "err": {},
                      "uuid": "9803926c-79b6-4e57-bbed-1eb215ae45d4",
                      "parentUUID": "614ec4fc-d7df-4783-8298-7139c2d7b526",
                      "isHook": false,
                      "skipped": false
                    },
                    {
                      "title": "TM Palletzing Solutions",
                      "fullTitle": "達明機器人官網 <語系:繁中> - 【首頁連結測試】 Footer Solution & Services TM Palletzing Solutions",
                      "timedOut": null,
                      "duration": 3916,
                      "state": "passed",
                      "speed": "fast",
                      "pass": true,
                      "fail": false,
                      "pending": false,
                      "context": null,
                      "code": "cy.get('#elementor-tab-title-7272 > .elementor-toggle-icon > .elementor-toggle-icon-closed > .fas').click();\ncy.get('#elementor-tab-content-7272 > ul > :nth-child(1) > a').click();\ncy.url().should('eq', 'https://www.tm-robot.com/zh-hant/tm-palletizing-solutions/');",
                      "err": {},
                      "uuid": "3d1e3349-7e19-4db1-a495-4b167578018a",
                      "parentUUID": "614ec4fc-d7df-4783-8298-7139c2d7b526",
                      "isHook": false,
                      "skipped": false
                    },
                    {
                      "title": "TM Automation",
                      "fullTitle": "達明機器人官網 <語系:繁中> - 【首頁連結測試】 Footer Solution & Services TM Automation",
                      "timedOut": null,
                      "duration": 4302,
                      "state": "passed",
                      "speed": "fast",
                      "pass": true,
                      "fail": false,
                      "pending": false,
                      "context": null,
                      "code": "cy.get('#elementor-tab-title-7272 > .elementor-toggle-icon > .elementor-toggle-icon-closed > .fas').click();\ncy.get('#elementor-tab-content-7272 > ul > :nth-child(2) > a').click();\ncy.url().should('eq', 'https://www.tm-robot.com/zh-hant/automation/');",
                      "err": {},
                      "uuid": "0a13ac57-82f1-4215-94b5-54585c327d14",
                      "parentUUID": "614ec4fc-d7df-4783-8298-7139c2d7b526",
                      "isHook": false,
                      "skipped": false
                    },
                    {
                      "title": "TM Plus&play",
                      "fullTitle": "達明機器人官網 <語系:繁中> - 【首頁連結測試】 Footer Solution & Services TM Plus&play",
                      "timedOut": null,
                      "duration": 1986,
                      "state": "passed",
                      "speed": "fast",
                      "pass": true,
                      "fail": false,
                      "pending": false,
                      "context": null,
                      "code": "cy.get('#elementor-tab-title-7273 > .elementor-toggle-icon > .elementor-toggle-icon-closed > .fas').click();\ncy.get('#elementor-tab-content-7273 > ul > :nth-child(1) > a').click();\ncy.url().should('eq', 'https://www.tm-robot.com/zh-hant/tm-plugandplay/');",
                      "err": {},
                      "uuid": "431af1c7-d00c-442f-a466-a5954f0bd61c",
                      "parentUUID": "614ec4fc-d7df-4783-8298-7139c2d7b526",
                      "isHook": false,
                      "skipped": false
                    },
                    {
                      "title": "TM Partner 解決方案",
                      "fullTitle": "達明機器人官網 <語系:繁中> - 【首頁連結測試】 Footer Solution & Services TM Partner 解決方案",
                      "timedOut": null,
[...]
                      "pass": true,
                      "fail": false,
                      "pending": false,
                      "context": null,
                      "code": "cy.get('.elementor-element-23905acc > .elementor-widget-container > .elementor-icon-list-items > :nth-child(3) > a > .elementor-icon-list-text').click();\ncy.url().should('eq', 'https://www.tm-robot.com/zh-hant/view-case-study-look/');",
                      "err": {},
                      "uuid": "68cc49f5-9de3-4b8f-b854-00be13460ab6",
                      "parentUUID": "db99b188-8e1f-4577-9d41-e3e2b54bb17d",
                      "isHook": false,
                      "skipped": false
                    }
                  ],
                  "suites": [],
                  "passes": [
                    "3984c2da-c09f-49bf-b400-61e54b8bc099",
                    "27585f66-3591-4f87-ae37-c39a97550c5d",
                    "68cc49f5-9de3-4b8f-b854-00be13460ab6"
                  ],
                  "failures": [],
                  "pending": [],
                  "skipped": [],
                  "duration": 13904,
                  "root": false,
                  "rootEmpty": false,
                  "_timeout": 2000
                },
                {
                  "uuid": "58d540af-feee-4422-b86a-d2a7aaa69c74",
                  "title": "Traing Support",
                  "fullFile": "",
                  "file": "",
                  "beforeHooks": [],
                  "afterHooks": [],
                  "tests": [
                    {
                      "title": "Contant Us",
                      "fullTitle": "達明機器人官網 <語系:繁中> - 【首頁連結測試】 Footer Traing Support Contant Us",
                      "timedOut": null,
                      "duration": 4731,
                      "state": "passed",
                      "speed": "fast",
                      "pass": true,
                      "fail": false,
                      "pending": false,
                      "context": null,
                      "code": "cy.get('.elementor-element-280e338 > .elementor-widget-container > .elementor-icon-list-items > :nth-child(1) > a > .elementor-icon-list-text').click();\ncy.url().should('eq', 'https://www.tm-robot.com/zh-hant/contact-us/');",
                      "err": {},
                      "uuid": "6b2c98a4-d1e4-4b69-8e65-b8da06014222",
                      "parentUUID": "58d540af-feee-4422-b86a-d2a7aaa69c74",
                      "isHook": false,
                      "skipped": false
                    },
                    {
                      "title": "Download Center",
                      "fullTitle": "達明機器人官網 <語系:繁中> - 【首頁連結測試】 Footer Traing Support Download Center",
                      "timedOut": null,
                      "duration": 6295,
                      "state": "passed",
                      "speed": "medium",
                      "pass": true,
                      "fail": false,
                      "pending": false,
                      "context": null,
                      "code": "cy.get('.elementor-element-280e338 > .elementor-widget-container > .elementor-icon-list-items > :nth-child(2) > a > .elementor-icon-list-text').click();\ncy.url().should('eq', 'https://www.tm-robot.com/zh-hant/download-center/');",
                      "err": {},
                      "uuid": "f17440c1-3ad5-4a66-9676-33a15b166473",
                      "parentUUID": "58d540af-feee-4422-b86a-d2a7aaa69c74",
                      "isHook": false,
                      "skipped": false
                    },
                    {
                      "title": "Technical Documet",
                      "fullTitle": "達明機器人官網 <語系:繁中> - 【首頁連結測試】 Footer Traing Support Technical Documet",
                      "timedOut": null,
                      "duration": 4746,
                      "state": "passed",
                      "speed": "fast",
                      "pass": true,
                      "fail": false,
                      "pending": false,
                      "context": null,
                      "code": "//簡體沒有\ncy.get('.elementor-element-280e338 > .elementor-widget-container > .elementor-icon-list-items > :nth-child(3) > a > .elementor-icon-list-text').click();\ncy.url().should('eq', 'https://www.tm-robot.com/zh-hant/docs/');",
                      "err": {},
                      "uuid": "b30704b5-75e4-4ffd-9b6e-76be74b40387",
                      "parentUUID": "58d540af-feee-4422-b86a-d2a7aaa69c74",
                      "isHook": false,
                      "skipped": false
                    },
                    {
                      "title": "Online Training",
                      "fullTitle": "達明機器人官網 <語系:繁中> - 【首頁連結測試】 Footer Traing Support Online Training",
                      "timedOut": null,
                      "duration": 7163,
                      "state": "passed",
                      "speed": "medium",
                      "pass": true,
                      "fail": false,
                      "pending": false,
                      "context": null,
                      "code": "cy.get('.elementor-element-280e338 > .elementor-widget-container > .elementor-icon-list-items > :nth-child(4) > a > .elementor-icon-list-text').click();\ncy.wait(2000);\ncy.url().should('eq', 'https://academic.tm-robot.com/');",
                      "err": {},
                      "uuid": "47172927-0f95-4328-8dbf-3ee3c877ca75",
                      "parentUUID": "58d540af-feee-4422-b86a-d2a7aaa69c74",
                      "isHook": false,
                      "skipped": false
                    },
                    {
                      "title": "TM Academic",
                      "fullTitle": "達明機器人官網 <語系:繁中> - 【首頁連結測試】 Footer Traing Support TM Academic",
                      "timedOut": null,
                      "duration": 6917,
                      "state": "passed",
                      "speed": "medium",
                      "pass": true,
                      "fail": false,
                      "pending": false,
                      "context": null,
                      "code": "//簡體沒有\ncy.get('.elementor-element-280e338 > .elementor-widget-container > .elementor-icon-list-items > :nth-child(5) > a > .elementor-icon-list-text').click();\ncy.url().should('eq', 'https://www.tm-robot.com/zh-hant/tm-academic/');",
                      "err": {},
                      "uuid": "e725a3a8-3d1a-47af-8e96-d6b70e353782",
                      "parentUUID": "58d540af-feee-4422-b86a-d2a7aaa69c74",
                      "isHook": false,
                      "skipped": false
                    },
                    {
                      "title": "Partner Area",
                      "fullTitle": "達明機器人官網 <語系:繁中> - 【首頁連結測試】 Footer Traing Support Partner Area",
                      "timedOut": null,
                      "duration": 4592,
                      "state": "passed",
                      "speed": "fast",
                      "pass": true,
                      "fail": false,
                      "pending": false,
                      "context": null,
                      "code": "cy.get('.elementor-element-280e338 > .elementor-widget-container > .elementor-icon-list-items > :nth-child(6) > a > .elementor-icon-list-text').click();\ncy.url().should('eq', 'https://www.tm-robot.com/zh-hant/partner-area/');",
                      "err": {},
                      "uuid": "9a75710e-bedf-4c93-95c4-5f8a963622ca",
                      "parentUUID": "58d540af-feee-4422-b86a-d2a7aaa69c74",
                      "isHook": false,
                      "skipped": false
                    }
                  ],
                  "suites": [],
                  "passes": [
                    "6b2c98a4-d1e4-4b69-8e65-b8da06014222",
                    "f17440c1-3ad5-4a66-9676-33a15b166473",
                    "b30704b5-75e4-4ffd-9b6e-76be74b40387",
                    "47172927-0f95-4328-8dbf-3ee3c877ca75",
                    "e725a3a8-3d1a-47af-8e96-d6b70e353782",
                    "9a75710e-bedf-4c93-95c4-5f8a963622ca"
                  ],
                  "failures": [],
                  "pending": [],
                  "skipped": [],
                  "duration": 34444,
                  "root": false,
                  "rootEmpty": false,
                  "_timeout": 2000
                },
                {
                  "uuid": "afe5afea-c25e-4c10-b04a-a2c1b7870a01",
                  "title": "About Us",
                  "fullFile": "",
                  "file": "",
                  "beforeHooks": [],
                  "afterHooks": [],
                  "tests": [
                    {
                      "title": "About Techmen Robot",
                      "fullTitle": "達明機器人官網 <語系:繁中> - 【首頁連結測試】 Footer About Us About Techmen Robot",
                      "timedOut": null,
                      "duration": 4539,
                      "state": "passed",
                      "speed": "fast",
                      "pass": true,
                      "fail": false,
                      "pending": false,
                      "context": null,
                      "code": "cy.get('.elementor-element-51bbb9f > .elementor-widget-container > .elementor-icon-list-items > :nth-child(1) > a > .elementor-icon-list-text').click();\ncy.url().should('eq', 'https://www.tm-robot.com/zh-hant/about-us/');",
                      "err": {},
                      "uuid": "be218372-7501-4339-bf22-f6b1911f6760",
                      "parentUUID": "afe5afea-c25e-4c10-b04a-a2c1b7870a01",
                      "isHook": false,
                      "skipped": false
                    },
                    {
                      "title": "Company Proflie",
                      "fullTitle": "達明機器人官網 <語系:繁中> - 【首頁連結測試】 Footer About Us Company Proflie",
                      "timedOut": null,
                      "duration": 4627,
                      "state": "passed",
                      "speed": "fast",
                      "pass": true,
                      "fail": false,
                      "pending": false,
                      "context": null,
                      "code": "cy.get('.elementor-element-51bbb9f > .elementor-widget-container > .elementor-icon-list-items > :nth-child(2) > a > .elementor-icon-list-text').click();\ncy.url().should('eq', 'https://www.tm-robot.com/zh-hant/company-profile/');",
                      "err": {},
                      "uuid": "a41c349c-f743-4249-b0af-19721c30aa8d",
                      "parentUUID": "afe5afea-c25e-4c10-b04a-a2c1b7870a01",
                      "isHook": false,
                      "skipped": false
                    },
                    {
                      "title": "Search for Distributor",
                      "fullTitle": "達明機器人官網 <語系:繁中> - 【首頁連結測試】 Footer About Us Search for Distributor",
                      "timedOut": null,
                      "duration": 4613,
                      "state": "passed",
                      "speed": "fast",
                      "pass": true,
                      "fail": false,
                      "pending": false,
                      "context": null,
                      "code": "cy.get('.elementor-element-51bbb9f > .elementor-widget-container > .elementor-icon-list-items > :nth-child(3) > a > .elementor-icon-list-text').click();\ncy.url().should('eq', 'https://www.tm-robot.com/zh-hant/search-for-distributor/');",
                      "err": {},
                      "uuid": "583a310c-7bc5-47a9-8a46-fda2bb3d1eba",
                      "parentUUID": "afe5afea-c25e-4c10-b04a-a2c1b7870a01",
                      "isHook": false,
                      "skipped": false
                    },
                    {
                      "title": "TM News",
                      "fullTitle": "達明機器人官網 <語系:繁中> - 【首頁連結測試】 Footer About Us TM News",
                      "timedOut": null,
                      "duration": 4003,
                      "state": "passed",
                      "speed": "fast",
                      "pass": true,
                      "fail": false,
                      "pending": false,
                      "context": null,
                      "code": "cy.get('.elementor-element-51bbb9f > .elementor-widget-container > .elementor-icon-list-items > :nth-child(4) > a > .elementor-icon-list-text').click();\ncy.url().should('eq', 'https://www.tm-robot.com/zh-hant/tm-news/');",
                      "err": {},
                      "uuid": "3469bf2e-1e32-42bb-9f1e-69c18f3e8ecb",
                      "parentUUID": "afe5afea-c25e-4c10-b04a-a2c1b7870a01",
                      "isHook": false,
                      "skipped": false
                    },
                    {
                      "title": "Global Event",
                      "fullTitle": "達明機器人官網 <語系:繁中> - 【首頁連結測試】 Footer About Us Global Event",
                      "timedOut": null,
                      "duration": 4120,
                      "state": "passed",
                      "speed": "fast",
                      "pass": true,
                      "fail": false,
                      "pending": false,
                      "context": null,
                      "code": "cy.get('.elementor-element-51bbb9f > .elementor-widget-container > .elementor-icon-list-items > :nth-child(5) > a > .elementor-icon-list-text').click();\ncy.url().should('eq', 'https://www.tm-robot.com/zh-hant/events-archive/');",
                      "err": {},
                      "uuid": "36cabf3b-0f47-4a10-a2bd-9d7b32fe44bc",
                      "parentUUID": "afe5afea-c25e-4c10-b04a-a2c1b7870a01",
                      "isHook": false,
                      "skipped": false
                    },
                    {
                      "title": "recruiting",
                      "fullTitle": "達明機器人官網 <語系:繁中> - 【首頁連結測試】 Footer About Us recruiting",
                      "timedOut": null,
                      "duration": 4725,
                      "state": "passed",
                      "speed": "fast",
                      "pass": true,
                      "fail": false,
                      "pending": false,
                      "context": null,
                      "code": "//人才招募 繁體中文才有\ncy.get('.elementor-element-51bbb9f > .elementor-widget-container > .elementor-icon-list-items > :nth-child(6) > a > .elementor-icon-list-text').click();\ncy.url().should('eq', 'https://www.tm-robot.com/zh-hant/career/');",
                      "err": {},
                      "uuid": "d32ef4d8-f39e-41b7-9248-3a74c709f52e",
                      "parentUUID": "afe5afea-c25e-4c10-b04a-a2c1b7870a01",
                      "isHook": false,
                      "skipped": false
                    },
                    {
                      "title": "investor area",
                      "fullTitle": "達明機器人官網 <語系:繁中> - 【首頁連結測試】 Footer About Us investor area",
                      "timedOut": null,
                      "duration": 4174,
                      "state": "passed",
                      "speed": "fast",
                      "pass": true,
                      "fail": false,
                      "pending": false,
                      "context": null,
                      "code": "//投資人專區 繁體中文才有\ncy.get('.elementor-element-51bbb9f > .elementor-widget-container > .elementor-icon-list-items > :nth-child(7) > a > .elementor-icon-list-text').click();\ncy.url().should('eq', 'https://www.tm-robot.com/zh-hant/investor-area/');",
                      "err": {},
                      "uuid": "b98fcd7a-28fc-4063-aca2-572f2838c9cf",
                      "parentUUID": "afe5afea-c25e-4c10-b04a-a2c1b7870a01",
                      "isHook": false,
                      "skipped": false
                    },
                    {
                      "title": "Omron Network",
                      "fullTitle": "達明機器人官網 <語系:繁中> - 【首頁連結測試】 Footer About Us Omron Network",
                      "timedOut": null,
                      "duration": 4161,
                      "state": "passed",
                      "speed": "fast",
                      "pass": true,
                      "fail": false,
                      "pending": false,
                      "context": null,
                      "code": "cy.get('.elementor-element-51bbb9f > .elementor-widget-container > .elementor-icon-list-items > :nth-child(8) > a > .elementor-icon-list-text').click();\ncy.url().should('eq', 'https://www.tm-robot.com/zh-hant/omron/');",
                      "err": {},
                      "uuid": "ae988055-d452-4775-a9cf-d9f2eb46124b",
                      "parentUUID": "afe5afea-c25e-4c10-b04a-a2c1b7870a01",
                      "isHook": false,
                      "skipped": false
                    },
                    {
                      "title": "Media Library",
                      "fullTitle": "達明機器人官網 <語系:繁中> - 【首頁連結測試】 Footer About Us Media Library",
                      "timedOut": null,
                      "duration": 5384,
                      "state": "passed",
                      "speed": "medium",
                      "pass": true,
                      "fail": false,
                      "pending": false,
                      "context": null,
                      "code": "cy.get(':nth-child(7) > a > .elementor-icon-list-text').click();\ncy.url().should('eq', 'https://www.tm-robot.com/zh-hant/investor-area/');",
                      "err": {},
                      "uuid": "2e1c1f4c-e9ee-43ec-abea-76368952e816",
                      "parentUUID": "afe5afea-c25e-4c10-b04a-a2c1b7870a01",
                      "isHook": false,
                      "skipped": false
                    }
                  ],
                  "suites": [],
                  "passes": [
                    "be218372-7501-4339-bf22-f6b1911f6760",
                    "a41c349c-f743-4249-b0af-19721c30aa8d",
                    "583a310c-7bc5-47a9-8a46-fda2bb3d1eba",
                    "3469bf2e-1e32-42bb-9f1e-69c18f3e8ecb",
                    "36cabf3b-0f47-4a10-a2bd-9d7b32fe44bc",
                    "d32ef4d8-f39e-41b7-9248-3a74c709f52e",
                    "b98fcd7a-28fc-4063-aca2-572f2838c9cf",
                    "ae988055-d452-4775-a9cf-d9f2eb46124b",
                    "2e1c1f4c-e9ee-43ec-abea-76368952e816"
                  ],
                  "failures": [],
                  "pending": [],
                  "skipped": [],
                  "duration": 40346,
                  "root": false,
                  "rootEmpty": false,
                  "_timeout": 2000
                }
              ],
              "passes": [],
              "failures": [],
              "pending": [],
              "skipped": [],
              "duration": 0,
              "root": false,
              "rootEmpty": false,
              "_timeout": 2000
            }
          ],
          "passes": [],
          "failures": [],
          "pending": [],
          "skipped": [],
          "duration": 0,
          "root": false,
          "rootEmpty": false,
          "_timeout": 2000
        }
      ],
      "passes": [],
      "failures": [],
      "pending": [],
      "skipped": [],
      "duration": 0,
      "root": true,
      "rootEmpty": true,
      "_timeout": 2000
    }
  ],
  "meta": {
    "mocha": {
      "version": "7.0.1"
    },
    "mochawesome": {
      "options": {
        "quiet": false,
        "reportFilename": "mochawesome",
        "saveHtml": true,
        "saveJson": true,
        "consoleReporter": "spec",
        "useInlineDiffs": false,
        "code": true
      },
      "version": "7.1.3"
    },
    "marge": {
      "options": {
        "reportDir": "cypress/results",
        "overwrite": false,
        "html": true,
        "json": true,
        "xml": true
      },
      "version": "6.2.0"
    }
  }
}