{
  "stats": {
    "suites": 2,
    "tests": 1,
    "passes": 1,
    "pending": 0,
    "failures": 0,
    "start": "2022-10-20T03:23:47.304Z",
    "end": "2022-10-20T03:23:53.007Z",
    "duration": 5703,
    "testsRegistered": 1,
    "passPercent": 100,
    "pendingPercent": 0,
    "other": 0,
    "hasOther": false,
    "skipped": 0,
    "hasSkipped": false
  },
  "results": [
    {
      "uuid": "ba9cca3e-ef0a-4117-b4e1-005bbbd5cd4e",
      "title": "",
      "fullFile": "cypress\\e2e\\Index.cy.js",
      "file": "cypress\\e2e\\Index.cy.js",
      "beforeHooks": [],
      "afterHooks": [],
      "tests": [],
      "suites": [
        {
          "uuid": "2df5a557-aadf-4a4f-b07e-305de247c6cc",
          "title": "TM AI+ 測試",
          "fullFile": "",
          "file": "",
          "beforeHooks": [],
          "afterHooks": [],
          "tests": [],
          "suites": [
            {
              "uuid": "d66638fd-b803-4c40-a710-42ec299b0e8f",
              "title": "登入頁面測試",
              "fullFile": "",
              "file": "",
              "beforeHooks": [],
              "afterHooks": [],
              "tests": [
                {
                  "title": "當輸入正確帳號密碼,應登入成功",
                  "fullTitle": "TM AI+ 測試 登入頁面測試 當輸入正確帳號密碼,應登入成功",
                  "timedOut": null,
                  "duration": 4070,
                  "state": "passed",
                  "speed": "fast",
                  "pass": true,
                  "fail": false,
                  "pending": false,
                  "context": null,
                  "code": "cy.visit('https://172.25.50.51:8080/#/login');\ncy.fixture('userLogin').then(({\n  Email,\n  Password\n}) => {\n  cy.get('input[type=email]').clear();\n  cy.get('input[type=email]').type(Email);\n  cy.get('input[type=password').clear();\n  cy.get('input[type=password').type(Password);\n  cy.get('.btn').contains('提交').click({\n    force: true\n  });\n  cy.get('.dropdown > .nav-link').click();\n});",
                  "err": {},
                  "uuid": "2159d556-57a8-4ca1-b663-a4269020d7ed",
                  "parentUUID": "d66638fd-b803-4c40-a710-42ec299b0e8f",
                  "isHook": false,
                  "skipped": false
                }
              ],
              "suites": [],
              "passes": [
                "2159d556-57a8-4ca1-b663-a4269020d7ed"
              ],
              "failures": [],
              "pending": [],
              "skipped": [],
              "duration": 4070,
              "root": false,
              "rootEmpty": false,
              "_timeout": 2000
            }
          ],
          "passes": [],
          "failures": [],
          "pending": [],
          "skipped": [],
          "duration": 0,
          "root": false,
          "rootEmpty": false,
          "_timeout": 2000
        }
      ],
      "passes": [],
      "failures": [],
      "pending": [],
      "skipped": [],
      "duration": 0,
      "root": true,
      "rootEmpty": true,
      "_timeout": 2000
    }
  ],
  "meta": {
    "mocha": {
      "version": "7.0.1"
    },
    "mochawesome": {
      "options": {
        "quiet": false,
        "reportFilename": "mochawesome",
        "saveHtml": true,
        "saveJson": true,
        "consoleReporter": "spec",
        "useInlineDiffs": false,
        "code": true
      },
      "version": "7.1.3"
    },
    "marge": {
      "options": {
        "reportDir": "cypress/results",
        "overwrite": false,
        "html": true,
        "json": true,
        "xml": true
      },
      "version": "6.2.0"
    }
  }
}