{
  "stats": {
    "suites": 12,
    "tests": 53,
    "passes": 53,
    "pending": 0,
    "failures": 0,
    "start": "2022-11-21T02:23:08.267Z",
    "end": "2022-11-21T02:29:39.879Z",
    "duration": 391612,
    "testsRegistered": 53,
    "passPercent": 100,
    "pendingPercent": 0,
    "other": 0,
    "hasOther": false,
    "skipped": 0,
    "hasSkipped": false
  },
  "results": [
    {
      "uuid": "5cd2ac07-9181-40a1-9add-3f2c45fa4039",
      "title": "",
      "fullFile": "cypress\\e2e\\index_en.cy.js",
      "file": "cypress\\e2e\\index_en.cy.js",
      "beforeHooks": [],
      "afterHooks": [],
      "tests": [],
      "suites": [
        {
          "uuid": "004f8ccd-4ca6-4d6f-85e9-9e9c5edf70d1",
          "title": "達明機器人官網 <語系:英文> - 【首頁連結測試】",
          "fullFile": "",
          "file": "",
          "beforeHooks": [],
          "afterHooks": [],
          "tests": [],
          "suites": [
            {
              "uuid": "e779fb88-e011-4ae6-9b27-279083c4ceb7",
              "title": "Top bar",
              "fullFile": "",
              "file": "",
              "beforeHooks": [],
              "afterHooks": [],
              "tests": [
                {
                  "title": "TM Icon",
                  "fullTitle": "達明機器人官網 <語系:英文> - 【首頁連結測試】 Top bar TM Icon",
                  "timedOut": null,
                  "duration": 11011,
                  "state": "passed",
                  "speed": "slow",
                  "pass": true,
                  "fail": false,
                  "pending": false,
                  "context": null,
                  "code": "cy.get(_userControl.default['TM_icon_header_en']).click({\n  force: true\n});\ncy.url().should('eq', 'https://www.tm-robot.com/en/');",
                  "err": {},
                  "uuid": "94104997-4763-476e-b2d2-8e21f80069e6",
                  "parentUUID": "e779fb88-e011-4ae6-9b27-279083c4ceb7",
                  "isHook": false,
                  "skipped": false
                },
                {
                  "title": "Login",
                  "fullTitle": "達明機器人官網 <語系:英文> - 【首頁連結測試】 Top bar Login",
                  "timedOut": null,
                  "duration": 10249,
                  "state": "passed",
                  "speed": "slow",
                  "pass": true,
                  "fail": false,
                  "pending": false,
                  "context": null,
                  "code": "cy.get(_userControl.default['Login']).click({\n  force: true\n});\ncy.url().should('eq', 'https://www.tm-robot.com/en/login/');",
                  "err": {},
                  "uuid": "6d7c9ee0-7ec3-4d08-b8c3-b5cbd1ab14bd",
                  "parentUUID": "e779fb88-e011-4ae6-9b27-279083c4ceb7",
                  "isHook": false,
                  "skipped": false
                },
                {
                  "title": "Language changes",
                  "fullTitle": "達明機器人官網 <語系:英文> - 【首頁連結測試】 Top bar Language changes",
                  "timedOut": null,
                  "duration": 21638,
                  "state": "passed",
                  "speed": "slow",
                  "pass": true,
                  "fail": false,
                  "pending": false,
                  "context": null,
                  "code": "cy.get(_userControl.default['zh_hant']).click({\n  force: true\n});\ncy.url().should('eq', 'https://www.tm-robot.com/zh-hant/');\ncy.get(_userControl.default['de']).click({\n  force: true\n});\ncy.url().should('eq', 'https://www.tm-robot.com/de/');\ncy.get(_userControl.default['ja']).click({\n  force: true\n});\ncy.url().should('eq', 'https://www.tm-robot.com/ja/');\ncy.get(_userControl.default['ko']).click({\n  force: true\n});\ncy.url().should('eq', 'https://www.tm-robot.com/ko/');\ncy.get(_userControl.default['en']).click({\n  force: true\n});\ncy.url().should('eq', 'https://www.tm-robot.com/en/'); // 簡中網址單獨測試\ncy.get(_userControl.default['zh_hans_en']).click({\n  force: true\n});\ncy.url().should('eq', 'https://www.tm-robot.com.cn/zh-hans/');",
                  "err": {},
                  "uuid": "f9578eee-bab2-4a6a-bc39-f2173b26e9e6",
                  "parentUUID": "e779fb88-e011-4ae6-9b27-279083c4ceb7",
                  "isHook": false,
                  "skipped": false
                }
              ],
              "suites": [],
              "passes": [
                "94104997-4763-476e-b2d2-8e21f80069e6",
                "6d7c9ee0-7ec3-4d08-b8c3-b5cbd1ab14bd",
                "f9578eee-bab2-4a6a-bc39-f2173b26e9e6"
              ],
              "failures": [],
              "pending": [],
              "skipped": [],
              "duration": 42898,
              "root": false,
              "rootEmpty": false,
              "_timeout": 2000
            },
            {
              "uuid": "48206ac4-1ca5-45b7-a8f7-7a926d32b088",
              "title": "Menu bar",
              "fullFile": "",
              "file": "",
              "beforeHooks": [],
              "afterHooks": [],
              "tests": [],
              "suites": [
                {
                  "uuid": "16a05cb3-d92f-4d33-8dfd-9659d3016df5",
                  "title": "AI Cobot [TMRobot、TMvision、Accessories & Software]",
                  "fullFile": "",
                  "file": "",
                  "beforeHooks": [],
                  "afterHooks": [],
                  "tests": [
                    {
                      "title": "TM5-700",
                      "fullTitle": "達明機器人官網 <語系:英文> - 【首頁連結測試】 Menu bar AI Cobot [TMRobot、TMvision、Accessories & Software] TM5-700",
                      "timedOut": null,
                      "duration": 4770,
                      "state": "passed",
                      "speed": "fast",
                      "pass": true,
                      "fail": false,
                      "pending": false,
                      "context": null,
                      "code": "cy.get(_userControl.default['700_en']).click({\n  force: true\n});\ncy.url().should('eq', 'https://www.tm-robot.com/en/tm5-700/');",
                      "err": {},
                      "uuid": "c3a83ed9-afa2-40b1-a9b4-4630d18a5a19",
                      "parentUUID": "16a05cb3-d92f-4d33-8dfd-9659d3016df5",
                      "isHook": false,
                      "skipped": false
                    },
                    {
                      "title": "TM5-900",
                      "fullTitle": "達明機器人官網 <語系:英文> - 【首頁連結測試】 Menu bar AI Cobot [TMRobot、TMvision、Accessories & Software] TM5-900",
                      "timedOut": null,
                      "duration": 3986,
                      "state": "passed",
                      "speed": "fast",
                      "pass": true,
                      "fail": false,
                      "pending": false,
                      "context": null,
                      "code": "cy.get(_userControl.default['900_en']).click({\n  force: true\n});\ncy.url().should('eq', 'https://www.tm-robot.com/en/tm5-900/');",
                      "err": {},
                      "uuid": "5d8dbb35-7c51-463f-83fb-634bc7fed059",
                      "parentUUID": "16a05cb3-d92f-4d33-8dfd-9659d3016df5",
                      "isHook": false,
                      "skipped": false
                    },
                    {
                      "title": "TM12",
                      "fullTitle": "達明機器人官網 <語系:英文> - 【首頁連結測試】 Menu bar AI Cobot [TMRobot、TMvision、Accessories & Software] TM12",
                      "timedOut": null,
                      "duration": 3647,
                      "state": "passed",
                      "speed": "fast",
                      "pass": true,
                      "fail": false,
                      "pending": false,
                      "context": null,
                      "code": "cy.get(_userControl.default['12_en']).click({\n  force: true\n});\ncy.url().should('eq', 'https://www.tm-robot.com/en/tm12/');",
                      "err": {},
                      "uuid": "3ef0dd50-98dd-445b-b23f-94196f1ab328",
                      "parentUUID": "16a05cb3-d92f-4d33-8dfd-9659d3016df5",
                      "isHook": false,
                      "skipped": false
                    },
                    {
                      "title": "TM14",
                      "fullTitle": "達明機器人官網 <語系:英文> - 【首頁連結測試】 Menu bar AI Cobot [TMRobot、TMvision、Accessories & Software] TM14",
                      "timedOut": null,
                      "duration": 3974,
                      "state": "passed",
                      "speed": "fast",
                      "pass": true,
                      "fail": false,
                      "pending": false,
                      "context": null,
                      "code": "cy.get(_userControl.default['14_en']).click({\n  force: true\n});\ncy.url().should('eq', 'https://www.tm-robot.com/en/tm14/');",
                      "err": {},
                      "uuid": "68b99736-d20e-464f-ba0d-f7b94693b69d",
                      "parentUUID": "16a05cb3-d92f-4d33-8dfd-9659d3016df5",
                      "isHook": false,
                      "skipped": false
                    },
                    {
                      "title": "TM16",
                      "fullTitle": "達明機器人官網 <語系:英文> - 【首頁連結測試】 Menu bar AI Cobot [TMRobot、TMvision、Accessories & Software] TM16",
                      "timedOut": null,
                      "duration": 4075,
                      "state": "passed",
                      "speed": "fast",
                      "pass": true,
                      "fail": false,
                      "pending": false,
                      "context": null,
                      "code": "cy.get(_userControl.default['16_en']).click({\n  force: true\n});\ncy.url().should('eq', 'https://www.tm-robot.com/en/tm16/');",
                      "err": {},
                      "uuid": "b4e5af19-5b73-49de-bb4d-c5a7931a1582",
                      "parentUUID": "16a05cb3-d92f-4d33-8dfd-9659d3016df5",
                      "isHook": false,
                      "skipped": false
                    },
                    {
                      "title": "TM20",
                      "fullTitle": "達明機器人官網 <語系:英文> - 【首頁連結測試】 Menu bar AI Cobot [TMRobot、TMvision、Accessories & Software] TM20",
                      "timedOut": null,
                      "duration": 3650,
                      "state": "passed",
                      "speed": "fast",
                      "pass": true,
                      "fail": false,
                      "pending": false,
                      "context": null,
                      "code": "cy.get(_userControl.default['20_en']).click({\n  force: true\n});\ncy.url().should('eq', 'https://www.tm-robot.com/en/tm20/');",
                      "err": {},
                      "uuid": "fb5b1367-614d-4b7b-9ba2-b89981d7365c",
                      "parentUUID": "16a05cb3-d92f-4d33-8dfd-9659d3016df5",
                      "isHook": false,
                      "skipped": false
                    },
                    {
                      "title": "Mobile Series",
                      "fullTitle": "達明機器人官網 <語系:英文> - 【首頁連結測試】 Menu bar AI Cobot [TMRobot、TMvision、Accessories & Software] Mobile Series",
                      "timedOut": null,
                      "duration": 3760,
                      "state": "passed",
                      "speed": "fast",
                      "pass": true,
                      "fail": false,
                      "pending": false,
                      "context": null,
                      "code": "cy.get(_userControl.default['Mobile_en']).click({\n  force: true\n});\ncy.url().should('eq', 'https://www.tm-robot.com/en/mobile-series/');",
                      "err": {},
                      "uuid": "f46ae1c0-d4dc-4489-b332-e39db3e397c6",
                      "parentUUID": "16a05cb3-d92f-4d33-8dfd-9659d3016df5",
                      "isHook": false,
                      "skipped": false
                    },
                    {
                      "title": "TM AI+ AOI Edge",
                      "fullTitle": "達明機器人官網 <語系:英文> - 【首頁連結測試】 Menu bar AI Cobot [TMRobot、TMvision、Accessories & Software] TM AI+ AOI Edge",
                      "timedOut": null,
                      "duration": 3459,
                      "state": "passed",
                      "speed": "fast",
                      "pass": true,
                      "fail": false,
                      "pending": false,
                      "context": null,
                      "code": "cy.get(_userControl.default['vAOI_en']).click({\n  force: true\n});\ncy.url().should('eq', 'https://www.tm-robot.com/en/tm-ai-aoi-edge/');",
                      "err": {},
                      "uuid": "4fffe82a-5709-49ea-9bb6-53ecd410b715",
                      "parentUUID": "16a05cb3-d92f-4d33-8dfd-9659d3016df5",
                      "isHook": false,
                      "skipped": false
                    },
                    {
                      "title": "TM 3DVision",
                      "fullTitle": "達明機器人官網 <語系:英文> - 【首頁連結測試】 Menu bar AI Cobot [TMRobot、TMvision、Accessories & Software] TM 3DVision",
                      "timedOut": null,
                      "duration": 3735,
                      "state": "passed",
                      "speed": "fast",
                      "pass": true,
                      "fail": false,
                      "pending": false,
                      "context": null,
                      "code": "cy.get(_userControl.default['3D_en']).click({\n  force: true\n});\ncy.url().should('eq', 'https://www.tm-robot.com/en/tm-3dvision/');",
                      "err": {},
                      "uuid": "4c9eab15-ad3c-422b-8961-2d7b5fd19832",
                      "parentUUID": "16a05cb3-d92f-4d33-8dfd-9659d3016df5",
                      "isHook": false,
                      "skipped": false
                    },
                    {
                      "title": "TM Add-on",
                      "fullTitle": "達明機器人官網 <語系:英文> - 【首頁連結測試】 Menu bar AI Cobot [TMRobot、TMvision、Accessories & Software] TM Add-on",
                      "timedOut": null,
                      "duration": 5768,
                      "state": "passed",
                      "speed": "medium",
                      "pass": true,
                      "fail": false,
                      "pending": false,
                      "context": null,
                      "code": "cy.get(_userControl.default['Add-on_en']).click({\n  force: true\n});\ncy.url().should('eq', 'https://www.tm-robot.com/en/tm-add-on/');",
                      "err": {},
                      "uuid": "00af3160-74fa-46f2-a40e-bcf4f930a04a",
                      "parentUUID": "16a05cb3-d92f-4d33-8dfd-9659d3016df5",
                      "isHook": false,
                      "skipped": false
                    },
                    {
                      "title": "Accessories",
                      "fullTitle": "達明機器人官網 <語系:英文> - 【首頁連結測試】 Menu bar AI Cobot [TMRobot、TMvision、Accessories & Software] Accessories",
                      "timedOut": null,
                      "duration": 3970,
                      "state": "passed",
                      "speed": "fast",
                      "pass": true,
                      "fail": false,
                      "pending": false,
                      "context": null,
                      "code": "cy.get(_userControl.default['Accessories_en']).click({\n  force: true\n});\ncy.url().should('eq', 'https://www.tm-robot.com/en/accessories-category/accessory-device/');",
                      "err": {},
                      "uuid": "e93902ac-eb55-4e4d-900c-259b682aeb93",
                      "parentUUID": "16a05cb3-d92f-4d33-8dfd-9659d3016df5",
                      "isHook": false,
                      "skipped": false
                    }
                  ],
                  "suites": [],
                  "passes": [
                    "c3a83ed9-afa2-40b1-a9b4-4630d18a5a19",
                    "5d8dbb35-7c51-463f-83fb-634bc7fed059",
                    "3ef0dd50-98dd-445b-b23f-94196f1ab328",
                    "68b99736-d20e-464f-ba0d-f7b94693b69d",
                    "b4e5af19-5b73-49de-bb4d-c5a7931a1582",
                    "fb5b1367-614d-4b7b-9ba2-b89981d7365c",
                    "f46ae1c0-d4dc-4489-b332-e39db3e397c6",
                    "4fffe82a-5709-49ea-9bb6-53ecd410b715",
                    "4c9eab15-ad3c-422b-8961-2d7b5fd19832",
                    "00af3160-74fa-46f2-a40e-bcf4f930a04a",
                    "e93902ac-eb55-4e4d-900c-259b682aeb93"
                  ],
                  "failures": [],
                  "pending": [],
                  "skipped": [],
                  "duration": 44794,
                  "root": false,
                  "rootEmpty": false,
                  "_timeout": 2000
                },
                {
                  "uuid": "9bfd8ade-b39a-4784-a54d-aa09e079885f",
                  "title": "Solution & Services [AI、Integration Service、Partner Service]",
                  "fullFile": "",
                  "file": "",
                  "beforeHooks": [],
                  "afterHooks": [],
                  "tests": [
                    {
                      "title": "TM AI+ Training Server",
                      "fullTitle": "達明機器人官網 <語系:英文> - 【首頁連結測試】 Menu bar Solution & Services [AI、Integration Service、Partner Service] TM AI+ Training Server",
                      "timedOut": null,
                      "duration": 4117,
                      "state": "passed",
                      "speed": "fast",
                      "pass": true,
                      "fail": false,
                      "pending": false,
                      "context": null,
                      "code": "cy.get(_userControl.default['TrainingServer_en']).click({\n  force: true\n});\ncy.url().should('eq', 'https://www.tm-robot.com/en/tm-ai-training-server/');",
                      "err": {},
                      "uuid": "9724f9f4-012c-45f6-8f02-b037d711c8b4",
                      "parentUUID": "9bfd8ade-b39a-4784-a54d-aa09e079885f",
                      "isHook": false,
                      "skipped": false
                    },
                    {
                      "title": "TM AI+ AOI Edge",
                      "fullTitle": "達明機器人官網 <語系:英文> - 【首頁連結測試】 Menu bar Solution & Services [AI、Integration Service、Partner Service] TM AI+ AOI Edge",
                      "timedOut": null,
                      "duration": 3907,
                      "state": "passed",
                      "speed": "fast",
                      "pass": true,
                      "fail": false,
                      "pending": false,
                      "context": null,
                      "code": "cy.get(_userControl.default['aAOI_en']).click({\n  force: true\n});\ncy.url().should('eq', 'https://www.tm-robot.com/en/tm-ai-aoi-edge/');",
                      "err": {},
                      "uuid": "56acf58c-ef6e-4792-94fb-451c2bf58a9d",
                      "parentUUID": "9bfd8ade-b39a-4784-a54d-aa09e079885f",
                      "isHook": false,
                      "skipped": false
                    },
                    {
                      "title": "TM Image Manager",
                      "fullTitle": "達明機器人官網 <語系:英文> - 【首頁連結測試】 Menu bar Solution & Services [AI、Integration Service、Partner Service] TM Image Manager",
                      "timedOut": null,
                      "duration": 3284,
                      "state": "passed",
                      "speed": "fast",
                      "pass": true,
                      "fail": false,
                      "pending": false,
                      "context": null,
                      "code": "cy.get(_userControl.default['Image_en']).click({\n  force: true\n});\ncy.url().should('eq', 'https://www.tm-robot.com/en/tm-image-manager/');",
                      "err": {},
                      "uuid": "89e8aea0-bb4f-4e9d-b752-b61d31580d5c",
                      "parentUUID": "9bfd8ade-b39a-4784-a54d-aa09e079885f",
                      "isHook": false,
                      "skipped": false
                    },
                    {
                      "title": "TM Palletizing Solutions",
                      "fullTitle": "達明機器人官網 <語系:英文> - 【首頁連結測試】 Menu bar Solution & Services [AI、Integration Service、Partner Service] TM Palletizing Solutions",
                      "timedOut": null,
                      "duration": 4552,
                      "state": "passed",
                      "speed": "fast",
                      "pass": true,
                      "fail": false,
                      "pending": false,
                      "context": null,
                      "code": "cy.get(_userControl.default['Palletizing_en']).click({\n  force: true\n});\ncy.url().should('eq', 'https://www.tm-robot.com/en/tm-palletizing-solutions/');",
                      "err": {},
                      "uuid": "0a9def35-d664-4978-a927-de5e850d929b",
                      "parentUUID": "9bfd8ade-b39a-4784-a54d-aa09e079885f",
                      "isHook": false,
                      "skipped": false
                    },
                    {
                      "title": "TM Plug&Play",
                      "fullTitle": "達明機器人官網 <語系:英文> - 【首頁連結測試】 Menu bar Solution & Services [AI、Integration Service、Partner Service] TM Plug&Play",
                      "timedOut": null,
                      "duration": 4581,
                      "state": "passed",
                      "speed": "fast",
                      "pass": true,
                      "fail": false,
                      "pending": false,
                      "context": null,
                      "code": "cy.get(_userControl.default['Plug&Play_en']).click({\n  force: true\n});\ncy.url().should('eq', 'https://www.tm-robot.com/en/tm-plugandplay/');",
                      "err": {},
                      "uuid": "d4bf3b29-4ef5-4e20-a2db-03390b1ff3f6",
                      "parentUUID": "9bfd8ade-b39a-4784-a54d-aa09e079885f",
                      "isHook": false,
                      "skipped": false
                    }
                  ],
                  "suites": [],
                  "passes": [
                    "9724f9f4-012c-45f6-8f02-b037d711c8b4",
                    "56acf58c-ef6e-4792-94fb-451c2bf58a9d",
                    "89e8aea0-bb4f-4e9d-b752-b61d31580d5c",
                    "0a9def35-d664-4978-a927-de5e850d929b",
                    "d4bf3b29-4ef5-4e20-a2db-03390b1ff3f6"
                  ],
                  "failures": [],
                  "pending": [],
                  "skipped": [],
                  "duration": 20441,
                  "root": false,
                  "rootEmpty": false,
                  "_timeout": 2000
                },
                {
                  "uuid": "23d25270-4096-43f7-9719-10da054c0fba",
                  "title": "Case Sharing",
                  "fullFile": "",
                  "file": "",
                  "beforeHooks": [],
                  "afterHooks": [],
                  "tests": [
                    {
                      "title": "Application",
                      "fullTitle": "達明機器人官網 <語系:英文> - 【首頁連結測試】 Menu bar Case Sharing Application",
                      "timedOut": null,
                      "duration": 4460,
                      "state": "passed",
                      "speed": "fast",
                      "pass": true,
                      "fail": false,
                      "pending": false,
                      "context": null,
                      "code": "cy.get(_userControl.default['Application_en']).click({\n  force: true\n});\ncy.url().should('eq', 'https://www.tm-robot.com/en/video-application/');",
                      "err": {},
                      "uuid": "13f08f14-92e7-401c-bf1d-cf9abf81982c",
                      "parentUUID": "23d25270-4096-43f7-9719-10da054c0fba",
                      "isHook": false,
                      "skipped": false
                    },
                    {
                      "title": "Industry",
                      "fullTitle": "達明機器人官網 <語系:英文> - 【首頁連結測試】 Menu bar Case Sharing Industry",
                      "timedOut": null,
                      "duration": 3753,
                      "state": "passed",
                      "speed": "fast",
                      "pass": true,
                      "fail": false,
                      "pending": false,
                      "context": null,
                      "code": "cy.get(_userControl.default['Industry_en']).click({\n  force: true\n});\ncy.url().should('eq', 'https://www.tm-robot.com/en/industry/');",
                      "err": {},
                      "uuid": "c6e74add-62ac-4b87-8cf6-ec870b8a4957",
                      "parentUUID": "23d25270-4096-43f7-9719-10da054c0fba",
                      "isHook": false,
                      "skipped": false
                    },
                    {
                      "title": "Successful Stories",
                      "fullTitle": "達明機器人官網 <語系:英文> - 【首頁連結測試】 Menu bar Case Sharing Successful Stories",
                      "timedOut": null,
                      "duration": 3322,
                      "state": "passed",
                      "speed": "fast",
                      "pass": true,
                      "fail": false,
                      "pending": false,
                      "context": null,
                      "code": "cy.get(_userControl.default['Successful_en']).click({\n  force: true\n});\ncy.url().should('eq', 'https://www.tm-robot.com/en/view-case-study-look/');",
                      "err": {},
                      "uuid": "151d2e57-1869-402d-93b8-e8cba63a6b1a",
                      "parentUUID": "23d25270-4096-43f7-9719-10da054c0fba",
                      "isHook": false,
                      "skipped": false
                    }
                  ],
                  "suites": [],
                  "passes": [
                    "13f08f14-92e7-401c-bf1d-cf9abf81982c",
                    "c6e74add-62ac-4b87-8cf6-ec870b8a4957",
                    "151d2e57-1869-402d-93b8-e8cba63a6b1a"
                  ],
                  "failures": [],
                  "pending": [],
                  "skipped": [],
                  "duration": 11535,
                  "root": false,
                  "rootEmpty": false,
                  "_timeout": 2000
                },
                {
                  "uuid": "99e4db56-2ecb-4be2-9593-5870371cc957",
                  "title": "Training & Support",
                  "fullFile": "",
                  "file": "",
                  "beforeHooks": [],
                  "afterHooks": [],
                  "tests": [
                    {
                      "title": "TM Academic",
                      "fullTitle": "達明機器人官網 <語系:英文> - 【首頁連結測試】 Menu bar Training & Support TM Academic",
                      "timedOut": null,
                      "duration": 5848,
                      "state": "passed",
                      "speed": "medium",
                      "pass": true,
                      "fail": false,
                      "pending": false,
                      "context": null,
                      "code": "cy.get(_userControl.default['Academic_en']).click({\n  force: true\n});\ncy.url().should('eq', 'https://www.tm-robot.com/en/tm-academic/');",
                      "err": {},
                      "uuid": "c0387c5c-c89a-4c92-9210-081973aad782",
                      "parentUUID": "99e4db56-2ecb-4be2-9593-5870371cc957",
                      "isHook": false,
                      "skipped": false
                    },
                    {
                      "title": "Online Training",
                      "fullTitle": "達明機器人官網 <語系:英文> - 【首頁連結測試】 Menu bar Training & Support Online Training",
                      "timedOut": null,
                      "duration": 5061,
                      "state": "passed",
                      "speed": "medium",
                      "pass": true,
                      "fail": false,
                      "pending": false,
                      "context": null,
                      "code": "cy.get(_userControl.default['OnlineTraining_en']).click({\n  force: true\n});\ncy.url().should('eq', 'https://academic.tm-robot.com/');",
                      "err": {},
                      "uuid": "b5db2325-cd82-47c8-9a58-a8e0834cd48b",
                      "parentUUID": "99e4db56-2ecb-4be2-9593-5870371cc957",
                      "isHook": false,
                      "skipped": false
                    },
                    {
                      "title": "Contact Us",
                      "fullTitle": "達明機器人官網 <語系:英文> - 【首頁連結測試】 Menu bar Training & Support Contact Us",
                      "timedOut": null,
                      "duration": 3621,
                      "state": "passed",
                      "speed": "fast",
                      "pass": true,
                      "fail": false,
                      "pending": false,
                      "context": null,
                      "code": "cy.get(_userControl.default['Contact_en']).click({\n  force: true\n});\ncy.url().should('eq', 'https://www.tm-robot.com/en/contact-us/');",
                      "err": {},
                      "uuid": "6794cd70-9abe-47d7-8d8d-e3c36fac4f56",
                      "parentUUID": "99e4db56-2ecb-4be2-9593-5870371cc957",
                      "isHook": false,
                      "skipped": false
                    },
                    {
                      "title": "Download Center",
                      "fullTitle": "達明機器人官網 <語系:英文> - 【首頁連結測試】 Menu bar Training & Support Download Center",
                      "timedOut": null,
                      "duration": 4808,
                      "state": "passed",
                      "speed": "fast",
                      "pass": true,
                      "fail": false,
                      "pending": false,
                      "context": null,
                      "code": "cy.get(_userControl.default['DownloadCenter_en']).click({\n  force: true\n});\ncy.url().should('eq', 'https://www.tm-robot.com/en/download-center/');",
                      "err": {},
                      "uuid": "f5331f48-0fc3-483b-90bb-cff398f51381",
                      "parentUUID": "99e4db56-2ecb-4be2-9593-5870371cc957",
                      "isHook": false,
                      "skipped": false
                    },
                    {
                      "title": "Technical Document",
                      "fullTitle": "達明機器人官網 <語系:英文> - 【首頁連結測試】 Menu bar Training & Support Technical Document",
                      "timedOut": null,
                      "duration": 3487,
                      "state": "passed",
                      "speed": "fast",
                      "pass": true,
                      "fail": false,
                      "pending": false,
                      "context": null,
                      "code": "cy.get(_userControl.default['TechnicalDocument_en']).click({\n  force: true\n});\ncy.url().should('eq', 'https://www.tm-robot.com/en/docs/');",
                      "err": {},
                      "uuid": "b6c62b2d-7a44-4370-9ca6-ecfca9307039",
                      "parentUUID": "99e4db56-2ecb-4be2-9593-5870371cc957",
                      "isHook": false,
                      "skipped": false
                    },
                    {
                      "title": "Partner Area",
                      "fullTitle": "達明機器人官網 <語系:英文> - 【首頁連結測試】 Menu bar Training & Support Partner Area",
                      "timedOut": null,
                      "duration": 3668,
                      "state": "passed",
                      "speed": "fast",
                      "pass": true,
                      "fail": false,
                      "pending": false,
                      "context": null,
                      "code": "cy.get(_userControl.default['PartnerArea_en']).click({\n  force: true\n});\ncy.url().should('eq', 'https://www.tm-robot.com/en/partner-login/');",
                      "err": {},
                      "uuid": "d0476f59-912e-4460-b3e1-333a9a90e710",
                      "parentUUID": "99e4db56-2ecb-4be2-9593-5870371cc957",
                      "isHook": false,
                      "skipped": false
                    }
                  ],
                  "suites": [],
                  "passes": [
                    "c0387c5c-c89a-4c92-9210-081973aad782",
                    "b5db2325-cd82-47c8-9a58-a8e0834cd48b",
                    "6794cd70-9abe-47d7-8d8d-e3c36fac4f56",
                    "f5331f48-0fc3-483b-90bb-cff398f51381",
                    "b6c62b2d-7a44-4370-9ca6-ecfca9307039",
                    "d0476f59-912e-4460-b3e1-333a9a90e710"
                  ],
                  "failures": [],
                  "pending": [],
                  "skipped": [],
                  "duration": 26493,
                  "root": false,
                  "rootEmpty": false,
                  "_timeout": 2000
                },
                {
                  "uuid": "f4418dba-a599-442c-9018-47616366f8c3",
                  "title": "About Us",
                  "fullFile": "",
                  "file": "",
                  "beforeHooks": [],
                  "afterHooks": [],
                  "tests": [
                    {
                      "title": "About Us",
                      "fullTitle": "達明機器人官網 <語系:英文> - 【首頁連結測試】 Menu bar About Us About Us",
                      "timedOut": null,
                      "duration": 3223,
                      "state": "passed",
                      "speed": "fast",
                      "pass": true,
                      "fail": false,
                      "pending": false,
                      "context": null,
                      "code": "cy.get(_userControl.default['AboutUs_en']).click({\n  force: true\n});\ncy.url().should('eq', 'https://www.tm-robot.com/en/about-us/');",
                      "err": {},
                      "uuid": "614c5a7a-88fb-4cd3-b58e-4102269dad82",
                      "parentUUID": "f4418dba-a599-442c-9018-47616366f8c3",
                      "isHook": false,
                      "skipped": false
                    },
                    {
                      "title": "Company Profile",
                      "fullTitle": "達明機器人官網 <語系:英文> - 【首頁連結測試】 Menu bar About Us Company Profile",
                      "timedOut": null,
                      "duration": 3377,
                      "state": "passed",
                      "speed": "fast",
                      "pass": true,
                      "fail": false,
                      "pending": false,
                      "context": null,
                      "code": "cy.get(_userControl.default['CompanyProfile_en']).click({\n  force: true\n});\ncy.url().should('eq', 'https://www.tm-robot.com/en/company-profile/');",
                      "err": {},
                      "uuid": "720df1ec-f23a-4c08-b70a-0906dd792c98",
                      "parentUUID": "f4418dba-a599-442c-9018-47616366f8c3",
                      "isHook": false,
                      "skipped": false
                    },
                    {
                      "title": "Search for Distributor",
                      "fullTitle": "達明機器人官網 <語系:英文> - 【首頁連結測試】 Menu bar About Us Search for Distributor",
                      "timedOut": null,
                      "duration": 11520,
                      "state": "passed",
                      "speed": "slow",
                      "pass": true,
                      "fail": false,
                      "pending": false,
                      "context": null,
                      "code": "cy.get(_userControl.default['SearchForDistributor_en']).click({\n  force: true\n});\ncy.url().should('eq', 'https://www.tm-robot.com/en/search-for-distributor/');",
                      "err": {},
                      "uuid": "78fab29e-3c8b-4150-bcc7-eee2a5913abd",
                      "parentUUID": "f4418dba-a599-442c-9018-47616366f8c3",
                      "isHook": false,
                      "skipped": false
                    },
                    {
                      "title": "TM News",
                      "fullTitle": "達明機器人官網 <語系:英文> - 【首頁連結測試】 Menu bar About Us TM News",
                      "timedOut": null,
                      "duration": 4038,
                      "state": "passed",
                      "speed": "fast",
                      "pass": true,
                      "fail": false,
                      "pending": false,
                      "context": null,
                      "code": "cy.get(_userControl.default['News_en']).click({\n  force: true\n});\ncy.url().should('eq', 'https://www.tm-robot.com/en/tm-news/');",
                      "err": {},
                      "uuid": "ece8e95f-d008-4638-80df-7d585c87347e",
                      "parentUUID": "f4418dba-a599-442c-9018-47616366f8c3",
                      "isHook": false,
                      "skipped": false
                    },
                    {
                      "title": "Global Event",
                      "fullTitle": "達明機器人官網 <語系:英文> - 【首頁連結測試】 Menu bar About Us Global Event",
                      "timedOut": null,
                      "duration": 5049,
                      "state": "passed",
                      "speed": "medium",
                      "pass": true,
                      "fail": false,
                      "pending": false,
                      "context": null,
                      "code": "cy.get(_userControl.default['GlobalEvent_en']).click({\n  force: true\n});\ncy.url().should('eq', 'https://www.tm-robot.com/events-archive/');",
                      "err": {},
                      "uuid": "897ba743-190f-4974-b311-54ec15e92008",
                      "parentUUID": "f4418dba-a599-442c-9018-47616366f8c3",
                      "isHook": false,
                      "skipped": false
                    },
                    {
                      "title": "OMRON Network",
                      "fullTitle": "達明機器人官網 <語系:英文> - 【首頁連結測試】 Menu bar About Us OMRON Network",
                      "timedOut": null,
                      "duration": 3619,
                      "state": "passed",
                      "speed": "fast",
                      "pass": true,
                      "fail": false,
                      "pending": false,
                      "context": null,
                      "code": "cy.get(_userControl.default['OmronNetwork_en']).click({\n  force: true\n});\ncy.url().should('eq', 'https://www.tm-robot.com/en/techman-x-omron/');",
                      "err": {},
                      "uuid": "3eacd7d9-619c-4441-bcee-bd3f3dbe758b",
                      "parentUUID": "f4418dba-a599-442c-9018-47616366f8c3",
                      "isHook": false,
                      "skipped": false
                    }
                  ],
                  "suites": [],
                  "passes": [
                    "614c5a7a-88fb-4cd3-b58e-4102269dad82",
                    "720df1ec-f23a-4c08-b70a-0906dd792c98",
                    "78fab29e-3c8b-4150-bcc7-eee2a5913abd",
                    "ece8e95f-d008-4638-80df-7d585c87347e",
                    "897ba743-190f-4974-b311-54ec15e92008",
                    "3eacd7d9-619c-4441-bcee-bd3f3dbe758b"
                  ],
                  "failures": [],
                  "pending": [],
                  "skipped": [],
                  "duration": 30826,
                  "root": false,
                  "rootEmpty": false,
                  "_timeout": 2000
                }
              ],
              "passes": [],
              "failures": [],
              "pending": [],
              "skipped": [],
              "duration": 0,
              "root": false,
              "rootEmpty": false,
              "_timeout": 2000
            },
            {
              "uuid": "9ef6bd25-3c17-4f1d-a7a3-f8b12b5177e9",
              "title": "Applications name",
              "fullFile": "",
              "file": "",
              "beforeHooks": [],
              "afterHooks": [],
              "tests": [
                {
                  "title": "Food Packaging and Palletizing at Cheese Factory",
                  "fullTitle": "達明機器人官網 <語系:英文> - 【首頁連結測試】 Applications name Food Packaging and Palletizing at Cheese Factory",
                  "timedOut": null,
                  "duration": 5780,
                  "state": "passed",
                  "speed": "medium",
                  "pass": true,
                  "fail": false,
                  "pending": false,
                  "context": null,
                  "code": "cy.contains('Food Packaging and Palletizing at Cheese Factory').click();\ncy.url().should('eq', 'https://www.tm-robot.com/en/application-videoapp/food-packaging-and-palletizing-at-cheese-factory/');\nheader = \"Next\";",
                  "err": {},
                  "uuid": "94de767e-58cd-45d0-b1b9-5c28973ed2e8",
                  "parentUUID": "9ef6bd25-3c17-4f1d-a7a3-f8b12b5177e9",
                  "isHook": false,
                  "skipped": false
                },
                {
                  "title": "TM Robot + AMR Application Example",
                  "fullTitle": "達明機器人官網 <語系:英文> - 【首頁連結測試】 Applications name TM Robot + AMR Application Example",
                  "timedOut": null,
                  "duration": 3265,
                  "state": "passed",
                  "speed": "fast",
                  "pass": true,
                  "fail": false,
                  "pending": false,
                  "context": null,
                  "code": "cy.contains('TM Robot + AMR Application Example').click();\ncy.url().should('eq', 'https://www.tm-robot.com/en/application-videoapp/tm-robot-amr-application-example/');",
                  "err": {},
                  "uuid": "2963214c-114a-4580-bf18-cc9fd330592e",
                  "parentUUID": "9ef6bd25-3c17-4f1d-a7a3-f8b12b5177e9",
                  "isHook": false,
                  "skipped": false
                },
                {
                  "title": "Factory Automation: PCB Assembly",
                  "fullTitle": "達明機器人官網 <語系:英文> - 【首頁連結測試】 Applications name Factory Automation: PCB Assembly",
                  "timedOut": null,
                  "duration": 7153,
                  "state": "passed",
                  "speed": "medium",
                  "pass": true,
                  "fail": false,
                  "pending": false,
                  "context": null,
                  "code": "cy.get(_userControl.default['IndexApplications_BNext']).click();\ncy.contains('Factory Automation: PCB Assembly').click();\ncy.url().should('eq', 'https://www.tm-robot.com/en/application-videoapp/factory-automation-pcb-assembly/');",
                  "err": {},
                  "uuid": "9280528b-ddf3-414a-acb1-ec5eaae76eec",
                  "parentUUID": "9ef6bd25-3c17-4f1d-a7a3-f8b12b5177e9",
                  "isHook": false,
                  "skipped": false
                },
                {
                  "title": "Factory Automation: Automatic Screwing",
                  "fullTitle": "達明機器人官網 <語系:英文> - 【首頁連結測試】 Applications name Factory Automation: Automatic Screwing",
                  "timedOut": null,
                  "duration": 9003,
                  "state": "passed",
                  "speed": "medium",
                  "pass": true,
                  "fail": false,
                  "pending": false,
                  "context": null,
                  "code": "cy.get(_userControl.default['IndexApplications_BNext']).dblclick();\ncy.contains('Factory Automation: Automatic Screwing').click({\n  force: true\n});\ncy.url().should('eq', 'https://www.tm-robot.com/en/application-videoapp/factory-automation-automatic-screwing/');",
                  "err": {},
                  "uuid": "02c5b8e5-33ce-40dc-b589-ae1de67cae80",
                  "parentUUID": "9ef6bd25-3c17-4f1d-a7a3-f8b12b5177e9",
                  "isHook": false,
                  "skipped": false
                },
                {
                  "title": "Automotive Component Assembly",
                  "fullTitle": "達明機器人官網 <語系:英文> - 【首頁連結測試】 Applications name Automotive Component Assembly",
                  "timedOut": null,
                  "duration": 6872,
                  "state": "passed",
                  "speed": "medium",
                  "pass": true,
                  "fail": false,
                  "pending": false,
                  "context": null,
                  "code": "cy.get(_userControl.default['IndexApplications_BNext']).dblclick();\ncy.get(_userControl.default['IndexApplications_BNext']).click();\ncy.contains('Automotive Component Assembly').click({\n  force: true\n});\ncy.url().should('eq', 'https://www.tm-robot.com/en/application-videoapp/automotive-component-assembly/');",
                  "err": {},
                  "uuid": "ae71907e-3ec0-4b9e-a7b1-46980688de83",
                  "parentUUID": "9ef6bd25-3c17-4f1d-a7a3-f8b12b5177e9",
                  "isHook": false,
                  "skipped": false
                },
                {
                  "title": "TM Robot Frying French Fries",
                  "fullTitle": "達明機器人官網 <語系:英文> - 【首頁連結測試】 Applications name TM Robot Frying French Fries",
                  "timedOut": null,
                  "duration": 6630,
                  "state": "passed",
                  "speed": "medium",
                  "pass": true,
                  "fail": false,
                  "pending": false,
                  "context": null,
                  "code": "cy.get(_userControl.default['IndexApplications_BNext']).dblclick();\ncy.get(_userControl.default['IndexApplications_BNext']).dblclick();\ncy.contains('TM Robot Frying French Fries').click({\n  force: true\n});\ncy.url().should('eq', 'https://www.tm-robot.com/en/application-videoapp/tm-robot-frying-french-fries/');",
                  "err": {},
                  "uuid": "7662e9ed-261a-4edf-933a-76e4a8bcaaf6",
                  "parentUUID": "9ef6bd25-3c17-4f1d-a7a3-f8b12b5177e9",
                  "isHook": false,
                  "skipped": false
                },
                {
                  "title": "Cooking Takoyaki with TM Robot",
                  "fullTitle": "達明機器人官網 <語系:英文> - 【首頁連結測試】 Applications name Cooking Takoyaki with TM Robot",
                  "timedOut": null,
                  "duration": 7471,
                  "state": "passed",
                  "speed": "medium",
                  "pass": true,
                  "fail": false,
                  "pending": false,
                  "context": null,
                  "code": "cy.get(_userControl.default['IndexApplications_BNext']).dblclick();\ncy.get(_userControl.default['IndexApplications_BNext']).dblclick();\ncy.get(_userControl.default['IndexApplications_BNext']).click({\n  force: true\n});\ncy.contains('Cooking Takoyaki with TM Robot').click({\n  force: true\n});\ncy.url().should('eq', 'https://www.tm-robot.com/en/application-videoapp/cooking-takoyaki-with-tm-robot/');",
                  "err": {},
                  "uuid": "d92a3879-674a-47d6-b498-4db917d2f001",
                  "parentUUID": "9ef6bd25-3c17-4f1d-a7a3-f8b12b5177e9",
                  "isHook": false,
                  "skipped": false
                },
                {
                  "title": "Food Service and Restaurant Industry Application with TM Robot",
                  "fullTitle": "達明機器人官網 <語系:英文> - 【首頁連結測試】 Applications name Food Service and Restaurant Industry Application with TM Robot",
                  "timedOut": null,
                  "duration": 6374,
                  "state": "passed",
                  "speed": "medium",
                  "pass": true,
                  "fail": false,
                  "pending": false,
                  "context": null,
                  "code": "cy.get(_userControl.default['IndexApplications_BNext']).dblclick();\ncy.get(_userControl.default['IndexApplications_BNext']).dblclick();\ncy.get(_userControl.default['IndexApplications_BNext']).dblclick({\n  force: true\n});\ncy.contains('Food Service and Restaurant Industry Application with TM Robot').click({\n  force: true\n});\ncy.url().should('eq', 'https://www.tm-robot.com/en/application-videoapp/food-service-and-restaurant-industry-application-with-tm-robot/');",
                  "err": {},
                  "uuid": "e2c9e434-e8cd-4479-a694-ffefbc66fc17",
                  "parentUUID": "9ef6bd25-3c17-4f1d-a7a3-f8b12b5177e9",
                  "isHook": false,
                  "skipped": false
                },
                {
                  "title": "Metal Welding",
                  "fullTitle": "達明機器人官網 <語系:英文> - 【首頁連結測試】 Applications name Metal Welding",
                  "timedOut": null,
                  "duration": 9114,
                  "state": "passed",
                  "speed": "medium",
                  "pass": true,
                  "fail": false,
                  "pending": false,
                  "context": null,
                  "code": "cy.get(_userControl.default['IndexApplications_BNext']).dblclick();\ncy.get(_userControl.default['IndexApplications_BNext']).dblclick();\ncy.get(_userControl.default['IndexApplications_BNext']).dblclick({\n  force: true\n});\ncy.get(_userControl.default['IndexApplications_BNext']).click({\n  force: true\n});\ncy.contains('Metal Welding').click({\n  force: true\n});\ncy.url().should('eq', 'https://www.tm-robot.com/en/application-videoapp/metal-welding/');",
                  "err": {},
                  "uuid": "0a6b826a-f8c1-40dd-81fd-74caa57c76e1",
                  "parentUUID": "9ef6bd25-3c17-4f1d-a7a3-f8b12b5177e9",
                  "isHook": false,
                  "skipped": false
                },
                {
                  "title": "Screw Driving with Atlas Copco",
                  "fullTitle": "達明機器人官網 <語系:英文> - 【首頁連結測試】 Applications name Screw Driving with Atlas Copco",
                  "timedOut": null,
                  "duration": 7551,
                  "state": "passed",
                  "speed": "medium",
                  "pass": true,
                  "fail": false,
                  "pending": false,
                  "context": null,
                  "code": "cy.get(_userControl.default['IndexApplications_BNext']).dblclick();\ncy.get(_userControl.default['IndexApplications_BNext']).dblclick();\ncy.get(_userControl.default['IndexApplications_BNext']).dblclick({\n  force: true\n});\ncy.get(_userControl.default['IndexApplications_BNext']).dblclick({\n  force: true\n});\ncy.contains('Screw Driving with Atlas Copco').click({\n  force: true\n});\ncy.url().should('eq', 'https://www.tm-robot.com/en/application-videoapp/screw-driving-with-atlas-copco/');",
                  "err": {},
                  "uuid": "73cb2cc6-5ae4-4641-bdd6-5943a443e7bd",
                  "parentUUID": "9ef6bd25-3c17-4f1d-a7a3-f8b12b5177e9",
                  "isHook": false,
                  "skipped": false
                }
              ],
              "suites": [],
              "passes": [
                "94de767e-58cd-45d0-b1b9-5c28973ed2e8",
                "2963214c-114a-4580-bf18-cc9fd330592e",
                "9280528b-ddf3-414a-acb1-ec5eaae76eec",
                "02c5b8e5-33ce-40dc-b589-ae1de67cae80",
                "ae71907e-3ec0-4b9e-a7b1-46980688de83",
                "7662e9ed-261a-4edf-933a-76e4a8bcaaf6",
                "d92a3879-674a-47d6-b498-4db917d2f001",
                "e2c9e434-e8cd-4479-a694-ffefbc66fc17",
                "0a6b826a-f8c1-40dd-81fd-74caa57c76e1",
                "73cb2cc6-5ae4-4641-bdd6-5943a443e7bd"
              ],
              "failures": [],
              "pending": [],
              "skipped": [],
              "duration": 69213,
              "root": false,
              "rootEmpty": false,
              "_timeout": 2000
            },
            {
              "uuid": "c05d78d1-d316-4d38-a659-3998e8bd68d3",
              "title": "AI Cobot Series picture",
              "fullFile": "",
              "file": "",
              "beforeHooks": [],
              "afterHooks": [],
              "tests": [
                {
                  "title": "Models",
                  "fullTitle": "達明機器人官網 <語系:英文> - 【首頁連結測試】 AI Cobot Series picture Models",
                  "timedOut": null,
                  "duration": 27353,
                  "state": "passed",
                  "speed": "slow",
                  "pass": true,
                  "fail": false,
                  "pending": false,
                  "context": null,
                  "code": "cy.visit('https://www.tm-robot.com/en/');\ncy.get('.elementor-element-86c41ae > .elementor-widget-wrap > .elementor-element > .elementor-widget-container > a > .attachment-full').click();\ncy.url().should('eq', 'https://www.tm-robot.com/en/tm5-700/');\ncy.visit('https://www.tm-robot.com/en/');\ncy.get('.elementor-element-5b3c02c > .elementor-widget-wrap > .elementor-element > .elementor-widget-container > a > .attachment-full').click();\ncy.url().should('eq', 'https://www.tm-robot.com/en/tm5-900/');\ncy.visit('https://www.tm-robot.com/en/');\ncy.get('.elementor-element-00ecd04 > .elementor-widget-wrap > .elementor-element > .elementor-widget-container > a > .attachment-full').click();\ncy.url().should('eq', 'https://www.tm-robot.com/en/tm12/');\ncy.visit('https://www.tm-robot.com/en/');\ncy.get('.elementor-element-70d69ed > .elementor-widget-wrap > .elementor-element > .elementor-widget-container > a > .attachment-large').click();\ncy.url().should('eq', 'https://www.tm-robot.com/en/tm14/');\ncy.visit('https://www.tm-robot.com/en/');\ncy.get('.elementor-element-b0cb1b2 > .elementor-widget-wrap > .elementor-element > .elementor-widget-container > a > .attachment-large').click();\ncy.url().should('eq', 'https://www.tm-robot.com/en/tm16/');\ncy.visit('https://www.tm-robot.com/en/');\ncy.get('.elementor-element-dafcbec > .elementor-widget-wrap > .elementor-element > .elementor-widget-container > a > .attachment-large').click();\ncy.url().should('eq', 'https://www.tm-robot.com/en/tm20/');",
                  "err": {},
                  "uuid": "fa118176-6db9-411e-b113-6d62d67296cd",
                  "parentUUID": "c05d78d1-d316-4d38-a659-3998e8bd68d3",
                  "isHook": false,
                  "skipped": false
                }
              ],
              "suites": [],
              "passes": [
                "fa118176-6db9-411e-b113-6d62d67296cd"
              ],
              "failures": [],
              "pending": [],
              "skipped": [],
              "duration": 27353,
              "root": false,
              "rootEmpty": false,
              "_timeout": 2000
            },
            {
              "uuid": "1fe7fc62-2b27-407b-8494-22c6ea7edff0",
              "title": "Embrace the Future of Automation",
              "fullFile": "",
              "file": "",
              "beforeHooks": [],
              "afterHooks": [],
              "tests": [
                {
                  "title": "Contact Us",
                  "fullTitle": "達明機器人官網 <語系:英文> - 【首頁連結測試】 Embrace the Future of Automation Contact Us",
                  "timedOut": null,
                  "duration": 3604,
                  "state": "passed",
                  "speed": "fast",
                  "pass": true,
                  "fail": false,
                  "pending": false,
                  "context": null,
                  "code": "cy.visit('https://www.tm-robot.com/en/');\ncy.get('.elementor-button-link').click({\n  force: true\n});\ncy.url().should('eq', 'https://www.tm-robot.com/en/contact-us/');",
                  "err": {},
                  "uuid": "d9661689-6747-4215-a78a-396c46799180",
                  "parentUUID": "1fe7fc62-2b27-407b-8494-22c6ea7edff0",
                  "isHook": false,
                  "skipped": false
                }
              ],
              "suites": [],
              "passes": [
                "d9661689-6747-4215-a78a-396c46799180"
              ],
              "failures": [],
              "pending": [],
              "skipped": [],
              "duration": 3604,
              "root": false,
              "rootEmpty": false,
              "_timeout": 2000
            },
            {
              "uuid": "51bcba23-3182-4901-8ac2-418039ced697",
              "title": "Footer",
              "fullFile": "",
              "file": "",
              "beforeHooks": [],
              "afterHooks": [],
              "tests": [
                {
                  "title": "AI Cobot [TMRobot、TMvision、Accessories & Software]",
                  "fullTitle": "達明機器人官網 <語系:英文> - 【首頁連結測試】 Footer AI Cobot [TMRobot、TMvision、Accessories & Software]",
                  "timedOut": null,
                  "duration": 20998,
                  "state": "passed",
                  "speed": "slow",
                  "pass": true,
                  "fail": false,
                  "pending": false,
                  "context": null,
                  "code": "cy.visit('https://www.tm-robot.com/en/');\ncy.get('#elementor-tab-title-1731 > .elementor-toggle-icon > .elementor-toggle-icon-closed > .fas').click({\n  force: true\n});\ncy.get('#elementor-tab-content-1731 > ul > :nth-child(1) > a').click({\n  force: true\n});\ncy.url().should('eq', 'https://www.tm-robot.com/en/tm5-700/');\ncy.get('#elementor-tab-title-1731 > .elementor-toggle-icon > .elementor-toggle-icon-closed > .fas').click({\n  force: true\n});\ncy.get('#elementor-tab-content-1731 > ul > :nth-child(2) > a').click({\n  force: true\n});\ncy.url().should('eq', 'https://www.tm-robot.com/en/tm5-900/');\ncy.get('#elementor-tab-title-1731 > .elementor-toggle-icon > .elementor-toggle-icon-closed > .fas').click({\n  force: true\n});\ncy.get('#elementor-tab-content-1731 > ul > :nth-child(3) > a').click({\n  force: true\n});\ncy.url().should('eq', 'https://www.tm-robot.com/en/tm12/');\ncy.get('#elementor-tab-title-1731 > .elementor-toggle-icon > .elementor-toggle-icon-closed > .fas').click({\n  force: true\n});\ncy.get('#elementor-tab-content-1731 > ul > :nth-child(4) > a').click({\n  force: true\n});\ncy.url().should('eq', 'https://www.tm-robot.com/en/tm14/');\ncy.get('#elementor-tab-title-1731 > .elementor-toggle-icon > .elementor-toggle-icon-closed > .fas').click({\n  force: true\n});\ncy.get('#elementor-tab-content-1731 > ul > :nth-child(5) > a').click({\n  force: true\n});\ncy.url().should('eq', 'https://www.tm-robot.com/en/tm16/');\ncy.get('#elementor-tab-title-1731 > .elementor-toggle-icon > .elementor-toggle-icon-closed > .fas').click({\n  force: true\n});\ncy.get('#elementor-tab-content-1731 > ul > :nth-child(6) > a').click({\n  force: true\n});\ncy.url().should('eq', 'https://www.tm-robot.com/en/tm20/');\ncy.get('#elementor-tab-title-1731 > .elementor-toggle-icon > .elementor-toggle-icon-closed > .fas').click({\n  force: true\n});\ncy.get('#elementor-tab-content-1731 > ul > :nth-child(7) > a').click({\n  force: true\n});\ncy.url().should('eq', 'https://www.tm-robot.com/en/mobile-series/');\ncy.get('#elementor-tab-title-1732 > .elementor-toggle-icon > .elementor-toggle-icon-closed > .fas').click({\n  force: true\n});\ncy.get('#elementor-tab-content-1732 > ul > :nth-child(1) > a').click({\n  force: true\n});\ncy.url().should('eq', 'https://www.tm-robot.com/en/tm-ai-aoi-edge/');\ncy.get('#elementor-tab-title-1732 > .elementor-toggle-icon > .elementor-toggle-icon-closed > .fas').click({\n  force: true\n});\ncy.get('#elementor-tab-content-1732 > ul > :nth-child(2) > a').click({\n  force: true\n});\ncy.url().should('eq', 'https://www.tm-robot.com/en/tm-3dvision/');",
                  "err": {},
                  "uuid": "8b80a9c8-443f-4021-8e40-672547726a67",
                  "parentUUID": "51bcba23-3182-4901-8ac2-418039ced697",
                  "isHook": false,
                  "skipped": false
                },
                {
                  "title": "Solution & Services [AI、Integration Service、Partner Service]",
                  "fullTitle": "達明機器人官網 <語系:英文> - 【首頁連結測試】 Footer Solution & Services [AI、Integration Service、Partner Service]",
                  "timedOut": null,
                  "duration": 11650,
                  "state": "passed",
                  "speed": "slow",
                  "pass": true,
                  "fail": false,
                  "pending": false,
                  "context": null,
                  "code": "cy.get('#elementor-tab-title-7271 > .elementor-toggle-icon > .elementor-toggle-icon-closed > .fas').click({\n  force: true\n});\ncy.get('#elementor-tab-content-7271 > ul > :nth-child(1) > a').click({\n  force: true\n});\ncy.url().should('eq', 'https://www.tm-robot.com/en/tm-ai-training-server/');\ncy.get('#elementor-tab-title-7271 > .elementor-toggle-icon > .elementor-toggle-icon-closed > .fas').click({\n  force: true\n});\ncy.get('#elementor-tab-content-7271 > ul > :nth-child(2) > a').click({\n  force: true\n});\ncy.url().should('eq', 'https://www.tm-robot.com/en/tm-ai-aoi-edge/');\ncy.get('#elementor-tab-title-7271 > .elementor-toggle-icon > .elementor-toggle-icon-closed > .fas').click({\n  force: true\n});\ncy.get('#elementor-tab-content-7271 > ul > :nth-child(3) > a').click({\n  force: true\n});\ncy.url().should('eq', 'https://www.tm-robot.com/en/tm-image-manager/');\ncy.get('#elementor-tab-title-7272 > .elementor-toggle-icon > .elementor-toggle-icon-closed > .fas').click({\n  force: true\n});\ncy.get('#elementor-tab-content-7272 > ul > li > a').click({\n  force: true\n});\ncy.url().should('eq', 'https://www.tm-robot.com/en/tm-palletizing-solutions/');\ncy.get('#elementor-tab-title-7273 > .elementor-toggle-icon > .elementor-toggle-icon-closed > .fas').click({\n  force: true\n});\ncy.get('#elementor-tab-content-7273 > ul > li > a').click({\n  force: true\n});\ncy.url().should('eq', 'https://www.tm-robot.com/en/tm-plugandplay/');",
                  "err": {},
                  "uuid": "fd347725-bf29-4539-af50-274e510b66c8",
                  "parentUUID": "51bcba23-3182-4901-8ac2-418039ced697",
                  "isHook": false,
                  "skipped": false
                },
                {
                  "title": "Case Sharing",
                  "fullTitle": "達明機器人官網 <語系:英文> - 【首頁連結測試】 Footer Case Sharing",
                  "timedOut": null,
                  "duration": 5458,
                  "state": "passed",
                  "speed": "medium",
                  "pass": true,
                  "fail": false,
                  "pending": false,
                  "context": null,
                  "code": "// cy.visit('https://www.tm-robot.com/en/')\ncy.get('.elementor-element-23905acc > .elementor-widget-container > .elementor-icon-list-items > :nth-child(1) > a > .elementor-icon-list-text').click({\n  force: true\n});\ncy.url().should('eq', 'https://www.tm-robot.com/en/video-application/');\ncy.get('.elementor-element-23905acc > .elementor-widget-container > .elementor-icon-list-items > :nth-child(2) > a > .elementor-icon-list-text').click({\n  force: true\n});\ncy.url().should('eq', 'https://www.tm-robot.com/en/industry/');\ncy.get('.elementor-element-23905acc > .elementor-widget-container > .elementor-icon-list-items > :nth-child(3) > a > .elementor-icon-list-text').click({\n  force: true\n});\ncy.url().should('eq', 'https://www.tm-robot.com/en/view-case-study-look/');",
                  "err": {},
                  "uuid": "9d9415e1-ce00-4adc-9652-f5dc3c2ed7c5",
                  "parentUUID": "51bcba23-3182-4901-8ac2-418039ced697",
                  "isHook": false,
                  "skipped": false
                },
                {
                  "title": "Traing Support",
                  "fullTitle": "達明機器人官網 <語系:英文> - 【首頁連結測試】 Footer Traing Support",
                  "timedOut": null,
                  "duration": 37224,
                  "state": "passed",
                  "speed": "slow",
                  "pass": true,
                  "fail": false,
                  "pending": false,
                  "context": null,
                  "code": "cy.get('.elementor-element-280e338 > .elementor-widget-container > .elementor-icon-list-items > :nth-child(1) > a > .elementor-icon-list-text').click({\n  force: true\n});\ncy.url().should('eq', 'https://www.tm-robot.com/en/contact-us/');\ncy.get('.elementor-element-280e338 > .elementor-widget-container > .elementor-icon-list-items > :nth-child(2) > a > .elementor-icon-list-text').click({\n  force: true\n});\ncy.url().should('eq', 'https://www.tm-robot.com/en/download-center/');\ncy.get('.elementor-element-280e338 > .elementor-widget-container > .elementor-icon-list-items > :nth-child(3) > a > .elementor-icon-list-text').click({\n  force: true\n});\ncy.url().should('eq', 'https://www.tm-robot.com/en/docs/');\ncy.visit('https://www.tm-robot.com/en/');\ncy.get('.elementor-element-280e338 > .elementor-widget-container > .elementor-icon-list-items > :nth-child(4) > a > .elementor-icon-list-text').click({\n  force: true\n});\ncy.url().should('eq', 'https://academic.tm-robot.com/');\ncy.visit('https://www.tm-robot.com/en/');\ncy.get('.elementor-element-280e338 > .elementor-widget-container > .elementor-icon-list-items > :nth-child(5) > a > .elementor-icon-list-text').click({\n  force: true\n});\ncy.url().should('eq', 'https://www.tm-robot.com/en/tm-academic/');\ncy.get('.elementor-element-280e338 > .elementor-widget-container > .elementor-icon-list-items > :nth-child(6) > a > .elementor-icon-list-text').click({\n  force: true\n});\ncy.url().should('eq', 'https://www.tm-robot.com/en/partner-area/');",
                  "err": {},
                  "uuid": "2fbf6845-95f7-48ca-9583-83ecf1ad1c85",
                  "parentUUID": "51bcba23-3182-4901-8ac2-418039ced697",
                  "isHook": false,
                  "skipped": false
                },
                {
                  "title": "About Us",
                  "fullTitle": "達明機器人官網 <語系:英文> - 【首頁連結測試】 Footer About Us",
                  "timedOut": null,
                  "duration": 22939,
                  "state": "passed",
                  "speed": "slow",
                  "pass": true,
                  "fail": false,
                  "pending": false,
                  "context": null,
                  "code": "cy.visit('https://www.tm-robot.com/en/');\ncy.get('.elementor-element-51bbb9f > .elementor-widget-container > .elementor-icon-list-items > :nth-child(1) > a > .elementor-icon-list-text').click({\n  force: true\n});\ncy.url().should('eq', 'https://www.tm-robot.com/en/about-us/');\ncy.get('.elementor-element-51bbb9f > .elementor-widget-container > .elementor-icon-list-items > :nth-child(2) > a > .elementor-icon-list-text').click({\n  force: true\n});\ncy.url().should('eq', 'https://www.tm-robot.com/en/company-profile/');\ncy.get('.elementor-element-51bbb9f > .elementor-widget-container > .elementor-icon-list-items > :nth-child(3) > a > .elementor-icon-list-text').click({\n  force: true\n});\ncy.url().should('eq', 'https://www.tm-robot.com/en/search-for-distributor/');\ncy.get('.elementor-element-51bbb9f > .elementor-widget-container > .elementor-icon-list-items > :nth-child(4) > a > .elementor-icon-list-text').click({\n  force: true\n});\ncy.url().should('eq', 'https://www.tm-robot.com/en/tm-news/');\ncy.get('.elementor-element-51bbb9f > .elementor-widget-container > .elementor-icon-list-items > :nth-child(5) > a > .elementor-icon-list-text').click({\n  force: true\n});\ncy.url().should('eq', 'https://www.tm-robot.com/events-archive/'); //No en\ncy.get('.elementor-element-51bbb9f > .elementor-widget-container > .elementor-icon-list-items > :nth-child(6) > a > .elementor-icon-list-text').click({\n  force: true\n});\ncy.url().should('eq', 'https://www.tm-robot.com/en/techman-x-omron/');\ncy.get(':nth-child(7) > a > .elementor-icon-list-text').click({\n  force: true\n});\ncy.url().should('eq', 'https://www.tm-robot.com/en/media-library/');",
                  "err": {},
                  "uuid": "a7efb700-6004-477d-906c-5e855b24d1dc",
                  "parentUUID": "51bcba23-3182-4901-8ac2-418039ced697",
                  "isHook": false,
                  "skipped": false
                },
                {
                  "title": "TM Icon",
                  "fullTitle": "達明機器人官網 <語系:英文> - 【首頁連結測試】 Footer TM Icon",
                  "timedOut": null,
                  "duration": 4529,
                  "state": "passed",
                  "speed": "fast",
                  "pass": true,
                  "fail": false,
                  "pending": false,
                  "context": null,
                  "code": "cy.visit('https://www.tm-robot.com/en/');\ncy.wait(500);\ncy.get(_userControl.default['TM_icon_footer']).click({\n  multiple: true\n});\ncy.url().should('eq', 'https://www.tm-robot.com/en/');",
                  "err": {},
                  "uuid": "0243b93d-6e66-46f0-a129-57ba09763eea",
                  "parentUUID": "51bcba23-3182-4901-8ac2-418039ced697",
                  "isHook": false,
                  "skipped": false
                },
                {
                  "title": "Privacy & Cookies Policy",
                  "fullTitle": "達明機器人官網 <語系:英文> - 【首頁連結測試】 Footer Privacy & Cookies Policy",
                  "timedOut": null,
                  "duration": 4286,
                  "state": "passed",
                  "speed": "fast",
                  "pass": true,
                  "fail": false,
                  "pending": false,
                  "context": null,
                  "code": "cy.visit('https://www.tm-robot.com/en/');\ncy.get(_userControl.default['PrivacyCookiesPolicy']).click();\ncy.url().should('eq', 'https://www.tm-robot.com/en/privacy-cookie-policy/');",
                  "err": {},
                  "uuid": "79e0ac5b-80db-431b-ae8a-30699e9f4405",
                  "parentUUID": "51bcba23-3182-4901-8ac2-418039ced697",
                  "isHook": false,
                  "skipped": false
                }
              ],
              "suites": [],
              "passes": [
                "8b80a9c8-443f-4021-8e40-672547726a67",
                "fd347725-bf29-4539-af50-274e510b66c8",
                "9d9415e1-ce00-4adc-9652-f5dc3c2ed7c5",
                "2fbf6845-95f7-48ca-9583-83ecf1ad1c85",
                "a7efb700-6004-477d-906c-5e855b24d1dc",
                "0243b93d-6e66-46f0-a129-57ba09763eea",
                "79e0ac5b-80db-431b-ae8a-30699e9f4405"
              ],
              "failures": [],
              "pending": [],
              "skipped": [],
              "duration": 107084,
              "root": false,
              "rootEmpty": false,
              "_timeout": 2000
            }
          ],
          "passes": [],
          "failures": [],
          "pending": [],
          "skipped": [],
          "duration": 0,
          "root": false,
          "rootEmpty": false,
          "_timeout": 2000
        }
      ],
      "passes": [],
      "failures": [],
      "pending": [],
      "skipped": [],
      "duration": 0,
      "root": true,
      "rootEmpty": true,
      "_timeout": 2000
    }
  ],
  "meta": {
    "mocha": {
      "version": "7.0.1"
    },
    "mochawesome": {
      "options": {
        "quiet": false,
        "reportFilename": "mochawesome",
        "saveHtml": true,
        "saveJson": true,
        "consoleReporter": "spec",
        "useInlineDiffs": false,
        "code": true
      },
      "version": "7.1.3"
    },
    "marge": {
      "options": {
        "reportDir": "cypress/results",
        "overwrite": false,
        "html": true,
        "json": true,
        "xml": true
      },
      "version": "6.2.0"
    }
  }
}