{
  "stats": {
    "suites": 7,
    "tests": 27,
    "passes": 27,
    "pending": 0,
    "failures": 0,
    "start": "2022-11-11T02:13:35.103Z",
    "end": "2022-11-11T02:20:57.863Z",
    "duration": 442760,
    "testsRegistered": 27,
    "passPercent": 100,
    "pendingPercent": 0,
    "other": 0,
    "hasOther": false,
    "skipped": 0,
    "hasSkipped": false
  },
  "results": [
    {
      "uuid": "7c20fc9e-e9c6-4833-a5d0-efe771a3db80",
      "title": "",
      "fullFile": "cypress\\e2e\\index.cy.js",
      "file": "cypress\\e2e\\index.cy.js",
      "beforeHooks": [],
      "afterHooks": [],
      "tests": [],
      "suites": [
        {
          "uuid": "eb3c5352-cf18-4b67-a03a-426211416afc",
          "title": "達明機器人官網 <語系:英文> - 【首頁連結測試】",
          "fullFile": "",
          "file": "",
          "beforeHooks": [],
          "afterHooks": [],
          "tests": [],
          "suites": [
            {
              "uuid": "3b3d8d1d-4b2a-47dc-92a7-ff11ad6d93a9",
              "title": "Top bar",
              "fullFile": "",
              "file": "",
              "beforeHooks": [],
              "afterHooks": [],
              "tests": [
                {
                  "title": "TM Icon",
                  "fullTitle": "達明機器人官網 <語系:英文> - 【首頁連結測試】 Top bar TM Icon",
                  "timedOut": null,
                  "duration": 11324,
                  "state": "passed",
                  "speed": "slow",
                  "pass": true,
                  "fail": false,
                  "pending": false,
                  "context": null,
                  "code": "cy.get(_userControl.default['TM_icon_header']).click();\ncy.url().should('eq', 'https://www.tm-robot.com/en/');",
                  "err": {},
                  "uuid": "d03faa1a-9305-45e1-8401-6d39ff2d096d",
                  "parentUUID": "3b3d8d1d-4b2a-47dc-92a7-ff11ad6d93a9",
                  "isHook": false,
                  "skipped": false
                },
                {
                  "title": "Login",
                  "fullTitle": "達明機器人官網 <語系:英文> - 【首頁連結測試】 Top bar Login",
                  "timedOut": null,
                  "duration": 4181,
                  "state": "passed",
                  "speed": "fast",
                  "pass": true,
                  "fail": false,
                  "pending": false,
                  "context": null,
                  "code": "cy.get(_userControl.default['Login']).click();\ncy.url().should('eq', 'https://www.tm-robot.com/en/login/');",
                  "err": {},
                  "uuid": "43968dab-2bb0-443e-9c49-3acde1819574",
                  "parentUUID": "3b3d8d1d-4b2a-47dc-92a7-ff11ad6d93a9",
                  "isHook": false,
                  "skipped": false
                },
                {
                  "title": "Language changes",
                  "fullTitle": "達明機器人官網 <語系:英文> - 【首頁連結測試】 Top bar Language changes",
                  "timedOut": null,
                  "duration": 27631,
                  "state": "passed",
                  "speed": "slow",
                  "pass": true,
                  "fail": false,
                  "pending": false,
                  "context": null,
                  "code": "cy.get(_userControl.default['zh_hant']).click({\n  force: true\n});\ncy.url().should('eq', 'https://www.tm-robot.com/zh-hant/');\ncy.get(_userControl.default['de']).click({\n  force: true\n});\ncy.url().should('eq', 'https://www.tm-robot.com/de/');\ncy.get(_userControl.default['ja']).click({\n  force: true\n});\ncy.url().should('eq', 'https://www.tm-robot.com/ja/');\ncy.get(_userControl.default['ko']).click({\n  force: true\n});\ncy.url().should('eq', 'https://www.tm-robot.com/ko/');\ncy.get(_userControl.default['en']).click({\n  force: true\n});\ncy.url().should('eq', 'https://www.tm-robot.com/en/'); // 簡中網址單獨測試\ncy.get(_userControl.default['zh_hans']).click({\n  force: true\n});\ncy.url().should('eq', 'https://www.tm-robot.com.cn/zh-hans/');",
                  "err": {},
                  "uuid": "bda5a739-2fe2-4a75-a86f-c4299f01d6bc",
                  "parentUUID": "3b3d8d1d-4b2a-47dc-92a7-ff11ad6d93a9",
                  "isHook": false,
                  "skipped": false
                }
              ],
              "suites": [],
              "passes": [
                "d03faa1a-9305-45e1-8401-6d39ff2d096d",
                "43968dab-2bb0-443e-9c49-3acde1819574",
                "bda5a739-2fe2-4a75-a86f-c4299f01d6bc"
              ],
              "failures": [],
              "pending": [],
              "skipped": [],
              "duration": 43136,
              "root": false,
              "rootEmpty": false,
              "_timeout": 2000
            },
            {
              "uuid": "db4d443d-57d0-436f-8490-8db1cfe1a22b",
              "title": "Menu bar",
              "fullFile": "",
              "file": "",
              "beforeHooks": [],
              "afterHooks": [],
              "tests": [
                {
                  "title": "AI Cobot [TMRobot、TMvision、Accessories & Software]",
                  "fullTitle": "達明機器人官網 <語系:英文> - 【首頁連結測試】 Menu bar AI Cobot [TMRobot、TMvision、Accessories & Software]",
                  "timedOut": null,
                  "duration": 56773,
                  "state": "passed",
                  "speed": "slow",
                  "pass": true,
                  "fail": false,
                  "pending": false,
                  "context": null,
                  "code": "cy.get(_userControl.default['AI_cobot']).click();\ncy.get(_userControl.default['700']).click();\ncy.url().should('eq', 'https://www.tm-robot.com/en/tm5-700/');\ncy.get(_userControl.default['AI_cobot']).click();\ncy.get(_userControl.default['900']).click();\ncy.url().should('eq', 'https://www.tm-robot.com/en/tm5-900/');\ncy.get(_userControl.default['AI_cobot']).click();\ncy.get(_userControl.default['12']).click();\ncy.url().should('eq', 'https://www.tm-robot.com/en/tm12/');\ncy.get(_userControl.default['AI_cobot']).click();\ncy.get(_userControl.default['14']).click();\ncy.url().should('eq', 'https://www.tm-robot.com/en/tm14/');\ncy.get(_userControl.default['AI_cobot']).click();\ncy.get(_userControl.default['16']).click();\ncy.url().should('eq', 'https://www.tm-robot.com/en/tm16/');\ncy.get(_userControl.default['AI_cobot']).click();\ncy.get(_userControl.default['20']).click();\ncy.url().should('eq', 'https://www.tm-robot.com/en/tm20/');\ncy.get(_userControl.default['AI_cobot']).click();\ncy.get(_userControl.default['Mobile']).click();\ncy.url().should('eq', 'https://www.tm-robot.com/en/mobile-series/');\ncy.get(_userControl.default['AI_cobot']).click();\ncy.get(_userControl.default['vAOI']).click();\ncy.url().should('eq', 'https://www.tm-robot.com/en/tm-ai-aoi-edge/');\ncy.get(_userControl.default['AI_cobot']).click();\ncy.get(_userControl.default['3D']).click();\ncy.url().should('eq', 'https://www.tm-robot.com/en/tm-3dvision/');\ncy.get(_userControl.default['AI_cobot']).click();\ncy.get(_userControl.default['Add-on']).click();\ncy.url().should('eq', 'https://www.tm-robot.com/en/tm-add-on/');\ncy.get(_userControl.default['AI_cobot']).click();\ncy.get(_userControl.default['Accessories']).click();\ncy.url().should('eq', 'https://www.tm-robot.com/en/accessories-category/accessory-device/');",
                  "err": {},
                  "uuid": "a63b178f-99e3-4166-8217-ad4b660dbedf",
                  "parentUUID": "db4d443d-57d0-436f-8490-8db1cfe1a22b",
                  "isHook": false,
                  "skipped": false
                },
                {
                  "title": "Solution & Services [AI、Integration Service、Partner Service]",
                  "fullTitle": "達明機器人官網 <語系:英文> - 【首頁連結測試】 Menu bar Solution & Services [AI、Integration Service、Partner Service]",
                  "timedOut": null,
                  "duration": 23257,
                  "state": "passed",
                  "speed": "slow",
                  "pass": true,
                  "fail": false,
                  "pending": false,
                  "context": null,
                  "code": "cy.get(_userControl.default['Solution-Serices']).click();\ncy.get(_userControl.default['TrainingServer']).click();\ncy.url().should('eq', 'https://www.tm-robot.com/en/tm-ai-training-server/');\ncy.get(_userControl.default['Solution-Serices']).click();\ncy.get(_userControl.default['aAOI']).click();\ncy.url().should('eq', 'https://www.tm-robot.com/en/tm-ai-aoi-edge/');\ncy.get(_userControl.default['Solution-Serices']).click();\ncy.get(_userControl.default['Image']).click();\ncy.url().should('eq', 'https://www.tm-robot.com/en/tm-image-manager/');\ncy.get(_userControl.default['Solution-Serices']).click();\ncy.get(_userControl.default['Palletizing']).click();\ncy.url().should('eq', 'https://www.tm-robot.com/en/tm-palletizing-solutions/');\ncy.get(_userControl.default['Solution-Serices']).click();\ncy.get(_userControl.default['Plug&Play']).click();\ncy.url().should('eq', 'https://www.tm-robot.com/en/tm-plugandplay/');",
                  "err": {},
                  "uuid": "d799ccea-48b9-4fe3-a13b-0e6dc6911c11",
                  "parentUUID": "db4d443d-57d0-436f-8490-8db1cfe1a22b",
                  "isHook": false,
                  "skipped": false
                },
                {
                  "title": "Case Sharing",
                  "fullTitle": "達明機器人官網 <語系:英文> - 【首頁連結測試】 Menu bar Case Sharing",
                  "timedOut": null,
                  "duration": 14077,
                  "state": "passed",
                  "speed": "slow",
                  "pass": true,
                  "fail": false,
                  "pending": false,
                  "context": null,
                  "code": "cy.get(_userControl.default['Case-Sharing']).click();\ncy.get(_userControl.default['Application']).click();\ncy.url().should('eq', 'https://www.tm-robot.com/en/video-application/');\ncy.get(_userControl.default['Case-Sharing']).click();\ncy.get(_userControl.default['Industry']).click();\ncy.url().should('eq', 'https://www.tm-robot.com/en/industry/');\ncy.get(_userControl.default['Case-Sharing']).click();\ncy.get(_userControl.default['Successful']).click();\ncy.url().should('eq', 'https://www.tm-robot.com/en/view-case-study-look/');",
                  "err": {},
                  "uuid": "62f45946-a0cf-4281-a254-60eb3d031098",
                  "parentUUID": "db4d443d-57d0-436f-8490-8db1cfe1a22b",
                  "isHook": false,
                  "skipped": false
                },
                {
                  "title": "Training & Support",
                  "fullTitle": "達明機器人官網 <語系:英文> - 【首頁連結測試】 Menu bar Training & Support",
                  "timedOut": null,
                  "duration": 32027,
                  "state": "passed",
                  "speed": "slow",
                  "pass": true,
                  "fail": false,
                  "pending": false,
                  "context": null,
                  "code": "cy.get(_userControl.default['Training-Support']).click();\ncy.get(_userControl.default['Academic']).click();\ncy.url().should('eq', 'https://www.tm-robot.com/en/tm-academic/');\ncy.get(_userControl.default['Training-Support']).click();\ncy.get(_userControl.default['OnlineTraining']).click();\ncy.url().should('eq', 'https://academic.tm-robot.com/');\ncy.visit('https://www.tm-robot.com/en/');\ncy.get(_userControl.default['Training-Support']).click();\ncy.get(_userControl.default['Contact']).click();\ncy.url().should('eq', 'https://www.tm-robot.com/en/contact-us/');\ncy.get(_userControl.default['Training-Support']).click();\ncy.get(_userControl.default['DownloadCenter']).click();\ncy.url().should('eq', 'https://www.tm-robot.com/en/download-center/');\ncy.get(_userControl.default['Training-Support']).click();\ncy.get(_userControl.default['TechnicalDocument']).click();\ncy.url().should('eq', 'https://www.tm-robot.com/en/docs/');\ncy.get(_userControl.default['Training-Support']).click();\ncy.get(_userControl.default['PartnerArea']).click();\ncy.url().should('eq', 'https://www.tm-robot.com/en/partner-login/');",
                  "err": {},
                  "uuid": "12e60933-a4c4-4977-9f6c-763abbfe6720",
                  "parentUUID": "db4d443d-57d0-436f-8490-8db1cfe1a22b",
                  "isHook": false,
                  "skipped": false
                },
                {
                  "title": "About Us",
                  "fullTitle": "達明機器人官網 <語系:英文> - 【首頁連結測試】 Menu bar About Us",
                  "timedOut": null,
                  "duration": 28343,
                  "state": "passed",
                  "speed": "slow",
                  "pass": true,
                  "fail": false,
                  "pending": false,
                  "context": null,
                  "code": "cy.get(_userControl.default['About-Us']).click();\ncy.get(_userControl.default['AboutUs']).click();\ncy.url().should('eq', 'https://www.tm-robot.com/en/about-us/');\ncy.get(_userControl.default['About-Us']).click();\ncy.get(_userControl.default['CompanyProfile']).click();\ncy.url().should('eq', 'https://www.tm-robot.com/en/company-profile/');\ncy.get(_userControl.default['About-Us']).click();\ncy.get(_userControl.default['SearchForDistributor']).click();\ncy.url().should('eq', 'https://www.tm-robot.com/en/search-for-distributor/');\ncy.get(_userControl.default['About-Us']).click();\ncy.get(_userControl.default['News']).click();\ncy.url().should('eq', 'https://www.tm-robot.com/en/tm-news/');\ncy.get(_userControl.default['About-Us']).click();\ncy.get(_userControl.default['GlobalEvent']).click();\ncy.url().should('eq', 'https://www.tm-robot.com/events-archive/');\ncy.get(_userControl.default['About-Us']).click();\ncy.get(_userControl.default['OmronNetwork']).click();\ncy.url().should('eq', 'https://www.tm-robot.com/en/techman-x-omron/');",
                  "err": {},
                  "uuid": "50137e28-746a-4a36-91fa-1d1402dd5aa4",
                  "parentUUID": "db4d443d-57d0-436f-8490-8db1cfe1a22b",
                  "isHook": false,
                  "skipped": false
                }
              ],
              "suites": [],
              "passes": [
                "a63b178f-99e3-4166-8217-ad4b660dbedf",
                "d799ccea-48b9-4fe3-a13b-0e6dc6911c11",
                "62f45946-a0cf-4281-a254-60eb3d031098",
                "12e60933-a4c4-4977-9f6c-763abbfe6720",
                "50137e28-746a-4a36-91fa-1d1402dd5aa4"
              ],
              "failures": [],
              "pending": [],
              "skipped": [],
              "duration": 154477,
              "root": false,
              "rootEmpty": false,
              "_timeout": 2000
            },
            {
              "uuid": "dc1631e2-c33e-4fdb-9b14-f39d39f7ca72",
              "title": "Applications picture",
              "fullFile": "",
              "file": "",
              "beforeHooks": [],
              "afterHooks": [],
              "tests": [
                {
                  "title": "Food Packaging and Palletizing at Cheese Factory",
                  "fullTitle": "達明機器人官網 <語系:英文> - 【首頁連結測試】 Applications picture Food Packaging and Palletizing at Cheese Factory",
                  "timedOut": null,
                  "duration": 6939,
                  "state": "passed",
                  "speed": "medium",
                  "pass": true,
                  "fail": false,
                  "pending": false,
                  "context": null,
                  "code": "cy.get(_userControl.default['AppTag1']).click();\ncy.url().should('eq', 'https://www.tm-robot.com/en/application-videoapp/food-packaging-and-palletizing-at-cheese-factory/');\nheader = \"Next\";",
                  "err": {},
                  "uuid": "8f1c651f-77af-4a07-bb93-70c37990ecf3",
                  "parentUUID": "dc1631e2-c33e-4fdb-9b14-f39d39f7ca72",
                  "isHook": false,
                  "skipped": false
                },
                {
                  "title": "TM Robot + AMR Application Example",
                  "fullTitle": "達明機器人官網 <語系:英文> - 【首頁連結測試】 Applications picture TM Robot + AMR Application Example",
                  "timedOut": null,
                  "duration": 5561,
                  "state": "passed",
                  "speed": "medium",
                  "pass": true,
                  "fail": false,
                  "pending": false,
                  "context": null,
                  "code": "cy.get(_userControl.default['AppTag2']).click();\ncy.url().should('eq', 'https://www.tm-robot.com/en/application-videoapp/tm-robot-amr-application-example/');",
                  "err": {},
                  "uuid": "c2ec43ec-d0ee-4a7a-938f-1adda382050f",
                  "parentUUID": "dc1631e2-c33e-4fdb-9b14-f39d39f7ca72",
                  "isHook": false,
                  "skipped": false
                },
                {
                  "title": "Factory Automation: PCB Assembly",
                  "fullTitle": "達明機器人官網 <語系:英文> - 【首頁連結測試】 Applications picture Factory Automation: PCB Assembly",
                  "timedOut": null,
                  "duration": 5693,
                  "state": "passed",
                  "speed": "medium",
                  "pass": true,
                  "fail": false,
                  "pending": false,
                  "context": null,
                  "code": "cy.get(_userControl.default['IndexApplications_BNext']).click();\ncy.get(_userControl.default['AppTag2']).click();\ncy.url().should('eq', 'https://www.tm-robot.com/en/application-videoapp/factory-automation-pcb-assembly/');",
                  "err": {},
                  "uuid": "c0937a5f-4c6a-4e45-a504-aca5a96132ef",
                  "parentUUID": "dc1631e2-c33e-4fdb-9b14-f39d39f7ca72",
                  "isHook": false,
                  "skipped": false
                },
                {
                  "title": "Factory Automation: Automatic Screwing",
                  "fullTitle": "達明機器人官網 <語系:英文> - 【首頁連結測試】 Applications picture Factory Automation: Automatic Screwing",
                  "timedOut": null,
                  "duration": 6693,
                  "state": "passed",
                  "speed": "medium",
                  "pass": true,
                  "fail": false,
                  "pending": false,
                  "context": null,
                  "code": "cy.get(_userControl.default['IndexApplications_BNext']).dblclick();\ncy.get(_userControl.default['AppTag2']).click();\ncy.url().should('eq', 'https://www.tm-robot.com/en/application-videoapp/factory-automation-automatic-screwing/');",
                  "err": {},
                  "uuid": "a9bab352-6c61-4265-8798-63cc49638360",
                  "parentUUID": "dc1631e2-c33e-4fdb-9b14-f39d39f7ca72",
                  "isHook": false,
                  "skipped": false
                },
                {
                  "title": "Automotive Component Assembly",
                  "fullTitle": "達明機器人官網 <語系:英文> - 【首頁連結測試】 Applications picture Automotive Component Assembly",
                  "timedOut": null,
                  "duration": 6678,
                  "state": "passed",
                  "speed": "medium",
                  "pass": true,
                  "fail": false,
                  "pending": false,
                  "context": null,
                  "code": "cy.get(_userControl.default['IndexApplications_BNext']).dblclick();\ncy.get(_userControl.default['IndexApplications_BNext']).click();\ncy.get(_userControl.default['AppTag2']).click();\ncy.url().should('eq', 'https://www.tm-robot.com/en/application-videoapp/automotive-component-assembly/');",
                  "err": {},
                  "uuid": "eccf6f2e-dde2-421c-8c5c-c06baf19a160",
                  "parentUUID": "dc1631e2-c33e-4fdb-9b14-f39d39f7ca72",
                  "isHook": false,
                  "skipped": false
                },
                {
                  "title": "TM Robot Frying French Fries",
                  "fullTitle": "達明機器人官網 <語系:英文> - 【首頁連結測試】 Applications picture TM Robot Frying French Fries",
                  "timedOut": null,
                  "duration": 6988,
                  "state": "passed",
                  "speed": "medium",
                  "pass": true,
                  "fail": false,
                  "pending": false,
                  "context": null,
                  "code": "cy.get(_userControl.default['IndexApplications_BNext']).dblclick();\ncy.get(_userControl.default['IndexApplications_BNext']).dblclick();\ncy.get(_userControl.default['AppTag2']).click();\ncy.url().should('eq', 'https://www.tm-robot.com/en/application-videoapp/tm-robot-frying-french-fries/');",
                  "err": {},
                  "uuid": "93fee772-4c49-4d7c-b35c-7472c1627e4a",
                  "parentUUID": "dc1631e2-c33e-4fdb-9b14-f39d39f7ca72",
                  "isHook": false,
                  "skipped": false
                },
                {
                  "title": "Cooking Takoyaki with TM Robot",
                  "fullTitle": "達明機器人官網 <語系:英文> - 【首頁連結測試】 Applications picture Cooking Takoyaki with TM Robot",
                  "timedOut": null,
                  "duration": 7096,
                  "state": "passed",
                  "speed": "medium",
                  "pass": true,
                  "fail": false,
                  "pending": false,
                  "context": null,
                  "code": "cy.get(_userControl.default['IndexApplications_BNext']).dblclick();\ncy.get(_userControl.default['IndexApplications_BNext']).dblclick();\ncy.get(_userControl.default['IndexApplications_BNext']).click();\ncy.get(_userControl.default['AppTag2']).click();\ncy.url().should('eq', 'https://www.tm-robot.com/en/application-videoapp/cooking-takoyaki-with-tm-robot/');",
                  "err": {},
                  "uuid": "f20a4c48-a4bc-438d-8a68-77fd0db7d93a",
                  "parentUUID": "dc1631e2-c33e-4fdb-9b14-f39d39f7ca72",
                  "isHook": false,
                  "skipped": false
                },
                {
                  "title": "Food Service and Restaurant Industry Application with TM Robot",
                  "fullTitle": "達明機器人官網 <語系:英文> - 【首頁連結測試】 Applications picture Food Service and Restaurant Industry Application with TM Robot",
                  "timedOut": null,
                  "duration": 7773,
                  "state": "passed",
                  "speed": "medium",
                  "pass": true,
                  "fail": false,
                  "pending": false,
                  "context": null,
                  "code": "cy.get(_userControl.default['IndexApplications_BNext']).dblclick();\ncy.get(_userControl.default['IndexApplications_BNext']).dblclick();\ncy.get(_userControl.default['IndexApplications_BNext']).dblclick();\ncy.get(_userControl.default['AppTag2']).click();\ncy.url().should('eq', 'https://www.tm-robot.com/en/application-videoapp/food-service-and-restaurant-industry-application-with-tm-robot/');",
                  "err": {},
                  "uuid": "c178cdd2-02af-4cd9-acf6-151818a284b7",
                  "parentUUID": "dc1631e2-c33e-4fdb-9b14-f39d39f7ca72",
                  "isHook": false,
                  "skipped": false
                },
                {
                  "title": "Metal Welding",
                  "fullTitle": "達明機器人官網 <語系:英文> - 【首頁連結測試】 Applications picture Metal Welding",
                  "timedOut": null,
                  "duration": 7524,
                  "state": "passed",
                  "speed": "medium",
                  "pass": true,
                  "fail": false,
                  "pending": false,
                  "context": null,
                  "code": "cy.get(_userControl.default['IndexApplications_BNext']).dblclick();\ncy.get(_userControl.default['IndexApplications_BNext']).dblclick();\ncy.get(_userControl.default['IndexApplications_BNext']).dblclick();\ncy.get(_userControl.default['IndexApplications_BNext']).click();\ncy.get(_userControl.default['AppTag2']).click();\ncy.url().should('eq', 'https://www.tm-robot.com/en/application-videoapp/metal-welding/');",
                  "err": {},
                  "uuid": "86adbc07-04ed-42c1-94f9-813abfc1a242",
                  "parentUUID": "dc1631e2-c33e-4fdb-9b14-f39d39f7ca72",
                  "isHook": false,
                  "skipped": false
                },
                {
                  "title": "Screw Driving with Atlas Copco",
                  "fullTitle": "達明機器人官網 <語系:英文> - 【首頁連結測試】 Applications picture Screw Driving with Atlas Copco",
                  "timedOut": null,
                  "duration": 8948,
                  "state": "passed",
                  "speed": "medium",
                  "pass": true,
                  "fail": false,
                  "pending": false,
                  "context": null,
                  "code": "cy.get(_userControl.default['IndexApplications_BNext']).dblclick();\ncy.get(_userControl.default['IndexApplications_BNext']).dblclick();\ncy.get(_userControl.default['IndexApplications_BNext']).dblclick();\ncy.get(_userControl.default['IndexApplications_BNext']).dblclick();\ncy.get(_userControl.default['AppTag2']).click();\ncy.url().should('eq', 'https://www.tm-robot.com/en/application-videoapp/screw-driving-with-atlas-copco/');",
                  "err": {},
                  "uuid": "fbb7c9f4-48ae-4c3b-bdcd-d565e8f85ec3",
                  "parentUUID": "dc1631e2-c33e-4fdb-9b14-f39d39f7ca72",
                  "isHook": false,
                  "skipped": false
                }
              ],
              "suites": [],
              "passes": [
                "8f1c651f-77af-4a07-bb93-70c37990ecf3",
                "c2ec43ec-d0ee-4a7a-938f-1adda382050f",
                "c0937a5f-4c6a-4e45-a504-aca5a96132ef",
                "a9bab352-6c61-4265-8798-63cc49638360",
                "eccf6f2e-dde2-421c-8c5c-c06baf19a160",
                "93fee772-4c49-4d7c-b35c-7472c1627e4a",
                "f20a4c48-a4bc-438d-8a68-77fd0db7d93a",
                "c178cdd2-02af-4cd9-acf6-151818a284b7",
                "86adbc07-04ed-42c1-94f9-813abfc1a242",
                "fbb7c9f4-48ae-4c3b-bdcd-d565e8f85ec3"
              ],
              "failures": [],
              "pending": [],
              "skipped": [],
              "duration": 69893,
              "root": false,
              "rootEmpty": false,
              "_timeout": 2000
            },
            {
              "uuid": "1c334d62-1116-4ace-8c8c-f3ac1a2a0c7e",
              "title": "AI Cobot Series picture",
              "fullFile": "",
              "file": "",
              "beforeHooks": [],
              "afterHooks": [],
              "tests": [
                {
                  "title": "Models",
                  "fullTitle": "達明機器人官網 <語系:英文> - 【首頁連結測試】 AI Cobot Series picture Models",
                  "timedOut": null,
                  "duration": 30346,
                  "state": "passed",
                  "speed": "slow",
                  "pass": true,
                  "fail": false,
                  "pending": false,
                  "context": null,
                  "code": "cy.visit('https://www.tm-robot.com/en/');\ncy.get('.elementor-element-86c41ae > .elementor-column-wrap > .elementor-widget-wrap > .elementor-element > .elementor-widget-container > .elementor-image > a > .attachment-full').click();\ncy.url().should('eq', 'https://www.tm-robot.com/en/tm5-700/');\ncy.visit('https://www.tm-robot.com/en/');\ncy.get('.elementor-element-5b3c02c > .elementor-column-wrap > .elementor-widget-wrap > .elementor-element > .elementor-widget-container > .elementor-image > a > .attachment-full').click();\ncy.url().should('eq', 'https://www.tm-robot.com/en/tm5-900/');\ncy.visit('https://www.tm-robot.com/en/');\ncy.get('.elementor-element-00ecd04 > .elementor-column-wrap > .elementor-widget-wrap > .elementor-element > .elementor-widget-container > .elementor-image > a > .attachment-full').click();\ncy.url().should('eq', 'https://www.tm-robot.com/en/tm12/');\ncy.visit('https://www.tm-robot.com/en/');\ncy.get('.elementor-element-70d69ed > .elementor-column-wrap > .elementor-widget-wrap > .elementor-element > .elementor-widget-container > .elementor-image > a > .attachment-large').click();\ncy.url().should('eq', 'https://www.tm-robot.com/en/tm14/');\ncy.visit('https://www.tm-robot.com/en/');\ncy.get('.elementor-element-b0cb1b2 > .elementor-column-wrap > .elementor-widget-wrap > .elementor-element > .elementor-widget-container > .elementor-image > a > .attachment-large').click();\ncy.url().should('eq', 'https://www.tm-robot.com/en/tm16/');\ncy.visit('https://www.tm-robot.com/en/');\ncy.get('.elementor-element-dafcbec > .elementor-column-wrap > .elementor-widget-wrap > .elementor-element > .elementor-widget-container > .elementor-image > a > .attachment-large').click();\ncy.url().should('eq', 'https://www.tm-robot.com/en/tm20/');",
                  "err": {},
                  "uuid": "0948cb0f-1a83-4e35-b153-0a125d2b69b4",
                  "parentUUID": "1c334d62-1116-4ace-8c8c-f3ac1a2a0c7e",
                  "isHook": false,
                  "skipped": false
                }
              ],
              "suites": [],
              "passes": [
                "0948cb0f-1a83-4e35-b153-0a125d2b69b4"
              ],
              "failures": [],
              "pending": [],
              "skipped": [],
              "duration": 30346,
              "root": false,
              "rootEmpty": false,
              "_timeout": 2000
            },
            {
              "uuid": "4f021a09-c3d5-4a59-ac7d-01547483ac4a",
              "title": "Embrace the Future of Automation",
              "fullFile": "",
              "file": "",
              "beforeHooks": [],
              "afterHooks": [],
              "tests": [
                {
                  "title": "Contact Us",
                  "fullTitle": "達明機器人官網 <語系:英文> - 【首頁連結測試】 Embrace the Future of Automation Contact Us",
                  "timedOut": null,
                  "duration": 5169,
                  "state": "passed",
                  "speed": "medium",
                  "pass": true,
                  "fail": false,
                  "pending": false,
                  "context": null,
                  "code": "cy.visit('https://www.tm-robot.com/en/');\ncy.get('.elementor-button-link').click();\ncy.url().should('eq', 'https://www.tm-robot.com/en/contact-us/');",
                  "err": {},
                  "uuid": "6e42fe77-0956-4c90-9a7b-a8cb378d71a5",
                  "parentUUID": "4f021a09-c3d5-4a59-ac7d-01547483ac4a",
                  "isHook": false,
                  "skipped": false
                }
              ],
              "suites": [],
              "passes": [
                "6e42fe77-0956-4c90-9a7b-a8cb378d71a5"
              ],
              "failures": [],
              "pending": [],
              "skipped": [],
              "duration": 5169,
              "root": false,
              "rootEmpty": false,
              "_timeout": 2000
            },
            {
              "uuid": "b7e9f900-abdc-4160-86c7-161d767510c7",
              "title": "Footer",
              "fullFile": "",
              "file": "",
              "beforeHooks": [],
              "afterHooks": [],
              "tests": [
                {
                  "title": "AI Cobot [TMRobot、TMvision、Accessories & Software]",
                  "fullTitle": "達明機器人官網 <語系:英文> - 【首頁連結測試】 Footer AI Cobot [TMRobot、TMvision、Accessories & Software]",
                  "timedOut": null,
                  "duration": 36964,
                  "state": "passed",
                  "speed": "slow",
                  "pass": true,
                  "fail": false,
                  "pending": false,
                  "context": null,
                  "code": "cy.visit('https://www.tm-robot.com/en/');\ncy.get('#elementor-tab-title-1731 > .elementor-toggle-icon > .elementor-toggle-icon-closed > .fas').click();\ncy.get('#elementor-tab-content-1731 > ul > :nth-child(1) > a').click();\ncy.url().should('eq', 'https://www.tm-robot.com/en/tm5-700/');\ncy.get('#elementor-tab-title-1731 > .elementor-toggle-icon > .elementor-toggle-icon-closed > .fas').click();\ncy.get('#elementor-tab-content-1731 > ul > :nth-child(2) > a').click();\ncy.url().should('eq', 'https://www.tm-robot.com/en/tm5-900/');\ncy.get('#elementor-tab-title-1731 > .elementor-toggle-icon > .elementor-toggle-icon-closed > .fas').click();\ncy.get('#elementor-tab-content-1731 > ul > :nth-child(3) > a').click();\ncy.url().should('eq', 'https://www.tm-robot.com/en/tm12/');\ncy.get('#elementor-tab-title-1731 > .elementor-toggle-icon > .elementor-toggle-icon-closed > .fas').click();\ncy.get('#elementor-tab-content-1731 > ul > :nth-child(4) > a').click();\ncy.url().should('eq', 'https://www.tm-robot.com/en/tm14/');\ncy.get('#elementor-tab-title-1731 > .elementor-toggle-icon > .elementor-toggle-icon-closed > .fas').click();\ncy.get('#elementor-tab-content-1731 > ul > :nth-child(5) > a').click();\ncy.url().should('eq', 'https://www.tm-robot.com/en/tm16/');\ncy.get('#elementor-tab-title-1731 > .elementor-toggle-icon > .elementor-toggle-icon-closed > .fas').click();\ncy.get('#elementor-tab-content-1731 > ul > :nth-child(6) > a').click();\ncy.url().should('eq', 'https://www.tm-robot.com/en/tm20/');\ncy.get('#elementor-tab-title-1731 > .elementor-toggle-icon > .elementor-toggle-icon-closed > .fas').click();\ncy.get('#elementor-tab-content-1731 > ul > :nth-child(7) > a').click();\ncy.url().should('eq', 'https://www.tm-robot.com/en/mobile-series/');\ncy.get('#elementor-tab-title-1732 > .elementor-toggle-icon > .elementor-toggle-icon-closed > .fas').click();\ncy.get('#elementor-tab-content-1732 > ul > :nth-child(1) > a').click();\ncy.url().should('eq', 'https://www.tm-robot.com/en/tm-ai-aoi-edge/');\ncy.get('#elementor-tab-title-1732 > .elementor-toggle-icon > .elementor-toggle-icon-closed > .fas').click();\ncy.get('#elementor-tab-content-1732 > ul > :nth-child(2) > a').click();\ncy.url().should('eq', 'https://www.tm-robot.com/en/tm-3dvision/');",
                  "err": {},
                  "uuid": "658c9009-a097-4210-8220-5f60c880cc34",
                  "parentUUID": "b7e9f900-abdc-4160-86c7-161d767510c7",
                  "isHook": false,
                  "skipped": false
                },
                {
                  "title": "Solution & Services [AI、Integration Service、Partner Service]",
                  "fullTitle": "達明機器人官網 <語系:英文> - 【首頁連結測試】 Footer Solution & Services [AI、Integration Service、Partner Service]",
                  "timedOut": null,
                  "duration": 17929,
                  "state": "passed",
                  "speed": "slow",
                  "pass": true,
                  "fail": false,
                  "pending": false,
                  "context": null,
                  "code": "cy.get('#elementor-tab-title-7271 > .elementor-toggle-icon > .elementor-toggle-icon-closed > .fas').click();\ncy.get('#elementor-tab-content-7271 > ul > :nth-child(1) > a').click();\ncy.url().should('eq', 'https://www.tm-robot.com/en/tm-ai-training-server/');\ncy.get('#elementor-tab-title-7271 > .elementor-toggle-icon > .elementor-toggle-icon-closed > .fas').click();\ncy.get('#elementor-tab-content-7271 > ul > :nth-child(2) > a').click();\ncy.url().should('eq', 'https://www.tm-robot.com/en/tm-ai-aoi-edge/');\ncy.get('#elementor-tab-title-7271 > .elementor-toggle-icon > .elementor-toggle-icon-closed > .fas').click();\ncy.get('#elementor-tab-content-7271 > ul > :nth-child(3) > a').click();\ncy.url().should('eq', 'https://www.tm-robot.com/en/tm-image-manager/');\ncy.get('#elementor-tab-title-7272 > .elementor-toggle-icon > .elementor-toggle-icon-closed > .fas').click();\ncy.get('#elementor-tab-content-7272 > ul > li > a').click();\ncy.url().should('eq', 'https://www.tm-robot.com/en/tm-palletizing-solutions/');\ncy.get('#elementor-tab-title-7273 > .elementor-toggle-icon > .elementor-toggle-icon-closed > .fas').click();\ncy.get('#elementor-tab-content-7273 > ul > li > a').click();\ncy.url().should('eq', 'https://www.tm-robot.com/en/tm-plugandplay/');",
                  "err": {},
                  "uuid": "22b53a80-4d47-41f9-b20e-2f64e5e01041",
                  "parentUUID": "b7e9f900-abdc-4160-86c7-161d767510c7",
                  "isHook": false,
                  "skipped": false
                },
                {
                  "title": "Case Sharing",
                  "fullTitle": "達明機器人官網 <語系:英文> - 【首頁連結測試】 Footer Case Sharing",
                  "timedOut": null,
                  "duration": 8470,
                  "state": "passed",
                  "speed": "medium",
                  "pass": true,
                  "fail": false,
                  "pending": false,
                  "context": null,
                  "code": "// cy.visit('https://www.tm-robot.com/en/')\ncy.get('.elementor-element-23905acc > .elementor-widget-container > .elementor-icon-list-items > :nth-child(1) > a > .elementor-icon-list-text').click();\ncy.url().should('eq', 'https://www.tm-robot.com/en/video-application/');\ncy.get('.elementor-element-23905acc > .elementor-widget-container > .elementor-icon-list-items > :nth-child(2) > a > .elementor-icon-list-text').click();\ncy.url().should('eq', 'https://www.tm-robot.com/en/industry/');\ncy.get('.elementor-element-23905acc > .elementor-widget-container > .elementor-icon-list-items > :nth-child(3) > a > .elementor-icon-list-text').click();\ncy.url().should('eq', 'https://www.tm-robot.com/en/view-case-study-look/');",
                  "err": {},
                  "uuid": "966c52ec-c6cb-4c9b-abd3-549a557722b1",
                  "parentUUID": "b7e9f900-abdc-4160-86c7-161d767510c7",
                  "isHook": false,
                  "skipped": false
                },
                {
                  "title": "Traing Support",
                  "fullTitle": "達明機器人官網 <語系:英文> - 【首頁連結測試】 Footer Traing Support",
                  "timedOut": null,
                  "duration": 33344,
                  "state": "passed",
                  "speed": "slow",
                  "pass": true,
                  "fail": false,
                  "pending": false,
                  "context": null,
                  "code": "cy.get('.elementor-element-280e338 > .elementor-widget-container > .elementor-icon-list-items > :nth-child(1) > a > .elementor-icon-list-text').click();\ncy.url().should('eq', 'https://www.tm-robot.com/en/contact-us/');\ncy.get('.elementor-element-280e338 > .elementor-widget-container > .elementor-icon-list-items > :nth-child(2) > a > .elementor-icon-list-text').click();\ncy.url().should('eq', 'https://www.tm-robot.com/en/download-center/');\ncy.get('.elementor-element-280e338 > .elementor-widget-container > .elementor-icon-list-items > :nth-child(3) > a > .elementor-icon-list-text').click();\ncy.url().should('eq', 'https://www.tm-robot.com/en/docs/');\ncy.visit('https://www.tm-robot.com/en/');\ncy.get('.elementor-element-280e338 > .elementor-widget-container > .elementor-icon-list-items > :nth-child(4) > a > .elementor-icon-list-text').click();\ncy.url().should('eq', 'https://academic.tm-robot.com/');\ncy.visit('https://www.tm-robot.com/en/');\ncy.get('.elementor-element-280e338 > .elementor-widget-container > .elementor-icon-list-items > :nth-child(5) > a > .elementor-icon-list-text').click();\ncy.url().should('eq', 'https://www.tm-robot.com/en/tm-academic/');\ncy.get('.elementor-element-280e338 > .elementor-widget-container > .elementor-icon-list-items > :nth-child(6) > a > .elementor-icon-list-text').click();\ncy.url().should('eq', 'https://www.tm-robot.com/en/partner-area/');",
                  "err": {},
                  "uuid": "02d68322-1328-4292-83c1-d4d3257d2481",
                  "parentUUID": "b7e9f900-abdc-4160-86c7-161d767510c7",
                  "isHook": false,
                  "skipped": false
                },
                {
                  "title": "About Us",
                  "fullTitle": "達明機器人官網 <語系:英文> - 【首頁連結測試】 Footer About Us",
                  "timedOut": null,
                  "duration": 24791,
                  "state": "passed",
                  "speed": "slow",
                  "pass": true,
                  "fail": false,
                  "pending": false,
                  "context": null,
                  "code": "cy.visit('https://www.tm-robot.com/en/');\ncy.get('.elementor-element-51bbb9f > .elementor-widget-container > .elementor-icon-list-items > :nth-child(1) > a > .elementor-icon-list-text').click();\ncy.url().should('eq', 'https://www.tm-robot.com/en/about-us/');\ncy.get('.elementor-element-51bbb9f > .elementor-widget-container > .elementor-icon-list-items > :nth-child(2) > a > .elementor-icon-list-text').click();\ncy.url().should('eq', 'https://www.tm-robot.com/en/company-profile/');\ncy.get('.elementor-element-51bbb9f > .elementor-widget-container > .elementor-icon-list-items > :nth-child(3) > a > .elementor-icon-list-text').click();\ncy.url().should('eq', 'https://www.tm-robot.com/en/search-for-distributor/');\ncy.get('.elementor-element-51bbb9f > .elementor-widget-container > .elementor-icon-list-items > :nth-child(4) > a > .elementor-icon-list-text').click();\ncy.url().should('eq', 'https://www.tm-robot.com/en/tm-news/');\ncy.get('.elementor-element-51bbb9f > .elementor-widget-container > .elementor-icon-list-items > :nth-child(5) > a > .elementor-icon-list-text').click();\ncy.url().should('eq', 'https://www.tm-robot.com/events-archive/'); //No en\ncy.get('.elementor-element-51bbb9f > .elementor-widget-container > .elementor-icon-list-items > :nth-child(6) > a > .elementor-icon-list-text').click();\ncy.url().should('eq', 'https://www.tm-robot.com/en/techman-x-omron/');\ncy.get(':nth-child(7) > a > .elementor-icon-list-text').click();\ncy.url().should('eq', 'https://www.tm-robot.com/en/media-library/');",
                  "err": {},
                  "uuid": "e6105411-e98c-4979-b48e-5e99c76d62fb",
                  "parentUUID": "b7e9f900-abdc-4160-86c7-161d767510c7",
                  "isHook": false,
                  "skipped": false
                },
                {
                  "title": "TM Icon",
                  "fullTitle": "達明機器人官網 <語系:英文> - 【首頁連結測試】 Footer TM Icon",
                  "timedOut": null,
                  "duration": 5411,
                  "state": "passed",
                  "speed": "medium",
                  "pass": true,
                  "fail": false,
                  "pending": false,
                  "context": null,
                  "code": "cy.visit('https://www.tm-robot.com/en/');\ncy.get(_userControl.default['TM_icon_footer']).click();\ncy.url().should('eq', 'https://www.tm-robot.com/en/');",
                  "err": {},
                  "uuid": "77adfb6c-ac48-429e-8db0-ea11f919c3d6",
                  "parentUUID": "b7e9f900-abdc-4160-86c7-161d767510c7",
                  "isHook": false,
                  "skipped": false
                },
                {
                  "title": "Privacy & Cookies Policy",
                  "fullTitle": "達明機器人官網 <語系:英文> - 【首頁連結測試】 Footer Privacy & Cookies Policy",
                  "timedOut": null,
                  "duration": 7916,
                  "state": "passed",
                  "speed": "medium",
                  "pass": true,
                  "fail": false,
                  "pending": false,
                  "context": null,
                  "code": "cy.visit('https://www.tm-robot.com/en/');\ncy.get(_userControl.default['PrivacyCookiesPolicy']).click();\ncy.url().should('eq', 'https://www.tm-robot.com/en/privacy-cookie-policy/');\ncy.get(_userControl.default['TM_icon_footer']).click();",
                  "err": {},
                  "uuid": "9fafd4cc-cd91-4abc-8e1c-9005b81d9941",
                  "parentUUID": "b7e9f900-abdc-4160-86c7-161d767510c7",
                  "isHook": false,
                  "skipped": false
                }
              ],
              "suites": [],
              "passes": [
                "658c9009-a097-4210-8220-5f60c880cc34",
                "22b53a80-4d47-41f9-b20e-2f64e5e01041",
                "966c52ec-c6cb-4c9b-abd3-549a557722b1",
                "02d68322-1328-4292-83c1-d4d3257d2481",
                "e6105411-e98c-4979-b48e-5e99c76d62fb",
                "77adfb6c-ac48-429e-8db0-ea11f919c3d6",
                "9fafd4cc-cd91-4abc-8e1c-9005b81d9941"
              ],
              "failures": [],
              "pending": [],
              "skipped": [],
              "duration": 134825,
              "root": false,
              "rootEmpty": false,
              "_timeout": 2000
            }
          ],
          "passes": [],
          "failures": [],
          "pending": [],
          "skipped": [],
          "duration": 0,
          "root": false,
          "rootEmpty": false,
          "_timeout": 2000
        }
      ],
      "passes": [],
      "failures": [],
      "pending": [],
      "skipped": [],
      "duration": 0,
      "root": true,
      "rootEmpty": true,
      "_timeout": 2000
    }
  ],
  "meta": {
    "mocha": {
      "version": "7.0.1"
    },
    "mochawesome": {
      "options": {
        "quiet": false,
        "reportFilename": "mochawesome",
        "saveHtml": true,
        "saveJson": true,
        "consoleReporter": "spec",
        "useInlineDiffs": false,
        "code": true
      },
      "version": "7.1.3"
    },
    "marge": {
      "options": {
        "reportDir": "cypress/results",
        "overwrite": false,
        "html": true,
        "json": true,
        "xml": true
      },
      "version": "6.2.0"
    }
  }
}